[0.024s] Invoking command in '/home/user/cartographer_ws/build/cartographer': CMAKE_PREFIX_PATH=${CMAKE_PREFIX_PATH}:/home/user/slam_ws/install/turtlebot3_teleop:/home/user/slam_ws/install/turtlebot3_example:/opt/ros/humble /usr/bin/cmake /home/user/cartographer_ws/src/cartographer -DCMAKE_INSTALL_PREFIX=/home/user/cartographer_ws/install/cartographer
[0.317s] -- The C compiler identification is GNU 11.4.0
[0.493s] -- The CXX compiler identification is GNU 11.4.0
[0.507s] -- Detecting C compiler ABI info
[0.675s] -- Detecting C compiler ABI info - done
[0.686s] -- Check for working C compiler: /usr/bin/cc - skipped
[0.689s] -- Detecting C compile features
[0.691s] -- Detecting C compile features - done
[0.695s] -- Detecting CXX compiler ABI info
[0.826s] -- Detecting CXX compiler ABI info - done
[0.837s] -- Check for working CXX compiler: /usr/bin/c++ - skipped
[0.838s] -- Detecting CXX compile features
[0.838s] -- Detecting CXX compile features - done
[0.840s] -- Build type: Release
[0.857s] ãƒ•ã‚¡ã‚¤ãƒ« /home/user/cartographer_ws/build/cartographer/AllFiles.cmake ã¨ - ã¯ç•°ãªã‚Šã¾ã™
[1.169s] -- Found Python: /usr/bin/python3.10 (found version "3.10.12") found components: Interpreter 
[1.173s] -- Looking for pthread.h
[1.295s] -- Looking for pthread.h - found
[1.296s] -- Performing Test CMAKE_HAVE_LIBC_PTHREAD
[1.410s] -- Performing Test CMAKE_HAVE_LIBC_PTHREAD - Success
[1.412s] -- Found Threads: TRUE  
[1.419s] -- Found GMock: gmock_main  
[1.469s] -- Found Boost: /usr/lib/x86_64-linux-gnu/cmake/Boost-1.74.0/BoostConfig.cmake (found version "1.74.0") found components: iostreams 
[1.490s] -- Found required Ceres dependency: Eigen version 3.4.0 in /usr/include/eigen3
[1.503s] -- Found required Ceres dependency: glog
[1.504s] -- Found required Ceres dependency: gflags
[1.504s] -- Found Ceres version: 2.0.0 installed in: /usr with components: [EigenSparse, SparseLinearAlgebraLibrary, LAPACK, SuiteSparse, CXSparse, SchurSpecializations, Multithreading]
[1.526s] -- Found Lua: /usr/lib/x86_64-linux-gnu/liblua5.2.so;/usr/lib/x86_64-linux-gnu/libm.so (found version "5.2.4") 
[1.550s] -- Found Protobuf: /usr/lib/x86_64-linux-gnu/libprotobuf.so (found suitable version "3.12.4", minimum required is "3.0.0") 
[1.560s] -- Found PkgConfig: /usr/bin/pkg-config (found version "0.29.2") 
[1.561s] -- Checking for one of the modules 'cairo>=1.12.16'
[1.668s] -- Found Sphinx: /usr/bin/sphinx-build  
[1.745s] -- Configuring done
[2.188s] -- Generating done
[2.199s] -- Build files have been written to: /home/user/cartographer_ws/build/cartographer
[2.216s] Invoked command in '/home/user/cartographer_ws/build/cartographer' returned '0': CMAKE_PREFIX_PATH=${CMAKE_PREFIX_PATH}:/home/user/slam_ws/install/turtlebot3_teleop:/home/user/slam_ws/install/turtlebot3_example:/opt/ros/humble /usr/bin/cmake /home/user/cartographer_ws/src/cartographer -DCMAKE_INSTALL_PREFIX=/home/user/cartographer_ws/install/cartographer
[2.220s] Invoking command in '/home/user/cartographer_ws/build/cartographer': CMAKE_PREFIX_PATH=${CMAKE_PREFIX_PATH}:/home/user/slam_ws/install/turtlebot3_teleop:/home/user/slam_ws/install/turtlebot3_example:/opt/ros/humble /usr/bin/cmake --build /home/user/cartographer_ws/build/cartographer -- -j8 -l8
[2.318s] [  0%] [34m[1mRunning C++ protocol buffer compiler on /home/user/cartographer_ws/src/cartographer/cartographer/transform/proto/transform.proto[0m
[2.321s] [  0%] [34m[1mRunning C++ protocol buffer compiler on /home/user/cartographer_ws/src/cartographer/cartographer/ground_truth/proto/relations.proto[0m
[2.322s] [  0%] [34m[1mRunning C++ protocol buffer compiler on /home/user/cartographer_ws/src/cartographer/cartographer/common/proto/ceres_solver_options.proto[0m
[2.335s] [  1%] [34m[1mRunning C++ protocol buffer compiler on /home/user/cartographer_ws/src/cartographer/cartographer/mapping/proto/cell_limits_2d.proto[0m
[2.342s] [  1%] [34m[1mRunning C++ protocol buffer compiler on /home/user/cartographer_ws/src/cartographer/cartographer/mapping/proto/connected_components.proto[0m
[2.345s] [  2%] [32mBuilding CXX object googletest/CMakeFiles/gtest.dir/src/gtest-all.cc.o[0m
[2.355s] [  2%] [34m[1mBuilding documentation.[0m
[2.363s] [  2%] [34m[1mRunning C++ protocol buffer compiler on /home/user/cartographer_ws/src/cartographer/cartographer/mapping/proto/grid_2d.proto[0m
[2.369s] [  2%] [34m[1mRunning C++ protocol buffer compiler on /home/user/cartographer_ws/src/cartographer/cartographer/mapping/proto/grid_2d_options.proto[0m
[2.374s] [  3%] [34m[1mRunning C++ protocol buffer compiler on /home/user/cartographer_ws/src/cartographer/cartographer/mapping/proto/hybrid_grid.proto[0m
[2.384s] [  3%] [34m[1mRunning C++ protocol buffer compiler on /home/user/cartographer_ws/src/cartographer/cartographer/mapping/proto/local_trajectory_builder_options_2d.proto[0m
[2.389s] [  3%] [34m[1mRunning C++ protocol buffer compiler on /home/user/cartographer_ws/src/cartographer/cartographer/mapping/proto/local_trajectory_builder_options_3d.proto[0m
[2.392s] [  3%] Built target cartographer_detect_changes
[2.414s] [  3%] [34m[1mRunning C++ protocol buffer compiler on /home/user/cartographer_ws/src/cartographer/cartographer/mapping/proto/map_builder_options.proto[0m
[2.416s] [  4%] [34m[1mRunning C++ protocol buffer compiler on /home/user/cartographer_ws/src/cartographer/cartographer/mapping/proto/map_limits.proto[0m
[2.419s] [  4%] [34m[1mRunning C++ protocol buffer compiler on /home/user/cartographer_ws/src/cartographer/cartographer/mapping/proto/motion_filter_options.proto[0m
[2.425s] [  4%] [34m[1mRunning C++ protocol buffer compiler on /home/user/cartographer_ws/src/cartographer/cartographer/mapping/proto/normal_estimation_options_2d.proto[0m
[2.438s] [  4%] [34m[1mRunning C++ protocol buffer compiler on /home/user/cartographer_ws/src/cartographer/cartographer/mapping/proto/pose_extrapolator_options.proto[0m
[2.455s] [  5%] [34m[1mRunning C++ protocol buffer compiler on /home/user/cartographer_ws/src/cartographer/cartographer/mapping/proto/pose_graph.proto[0m
[2.460s] [  5%] [34m[1mRunning C++ protocol buffer compiler on /home/user/cartographer_ws/src/cartographer/cartographer/mapping/proto/pose_graph/constraint_builder_options.proto[0m
[2.461s] [  5%] [34m[1mRunning C++ protocol buffer compiler on /home/user/cartographer_ws/src/cartographer/cartographer/mapping/proto/pose_graph/optimization_problem_options.proto[0m
[2.466s] [  5%] [34m[1mRunning C++ protocol buffer compiler on /home/user/cartographer_ws/src/cartographer/cartographer/mapping/proto/pose_graph_options.proto[0m
[2.466s] [  6%] [34m[1mRunning C++ protocol buffer compiler on /home/user/cartographer_ws/src/cartographer/cartographer/mapping/proto/probability_grid.proto[0m
[2.490s] [  6%] [34m[1mRunning C++ protocol buffer compiler on /home/user/cartographer_ws/src/cartographer/cartographer/mapping/proto/probability_grid_range_data_inserter_options_2d.proto[0m
[2.500s] [  6%] [34m[1mRunning C++ protocol buffer compiler on /home/user/cartographer_ws/src/cartographer/cartographer/mapping/proto/range_data_inserter_options.proto[0m
[2.505s] [  7%] [34m[1mRunning C++ protocol buffer compiler on /home/user/cartographer_ws/src/cartographer/cartographer/mapping/proto/scan_matching/ceres_scan_matcher_options_2d.proto[0m
[2.506s] [  7%] [34m[1mRunning C++ protocol buffer compiler on /home/user/cartographer_ws/src/cartographer/cartographer/mapping/proto/range_data_inserter_options_3d.proto[0m
[2.513s] [  7%] [34m[1mRunning C++ protocol buffer compiler on /home/user/cartographer_ws/src/cartographer/cartographer/mapping/proto/scan_matching/ceres_scan_matcher_options_3d.proto[0m
[2.525s] [  7%] [34m[1mRunning C++ protocol buffer compiler on /home/user/cartographer_ws/src/cartographer/cartographer/mapping/proto/scan_matching/fast_correlative_scan_matcher_options_2d.proto[0m
[2.535s] [  7%] [34m[1mRunning C++ protocol buffer compiler on /home/user/cartographer_ws/src/cartographer/cartographer/mapping/proto/scan_matching/fast_correlative_scan_matcher_options_3d.proto[0m
[2.542s] [  7%] [34m[1mRunning C++ protocol buffer compiler on /home/user/cartographer_ws/src/cartographer/cartographer/mapping/proto/serialization.proto[0m
[2.545s] [  7%] [34m[1mRunning C++ protocol buffer compiler on /home/user/cartographer_ws/src/cartographer/cartographer/mapping/proto/submap.proto[0m
[2.546s] [  8%] [34m[1mRunning C++ protocol buffer compiler on /home/user/cartographer_ws/src/cartographer/cartographer/mapping/proto/scan_matching/real_time_correlative_scan_matcher_options.proto[0m
[2.559s] [  8%] [34m[1mRunning C++ protocol buffer compiler on /home/user/cartographer_ws/src/cartographer/cartographer/mapping/proto/submap_visualization.proto[0m
[2.576s] [  9%] [34m[1mRunning C++ protocol buffer compiler on /home/user/cartographer_ws/src/cartographer/cartographer/mapping/proto/submaps_options_2d.proto[0m
[2.582s] [  9%] [34m[1mRunning C++ protocol buffer compiler on /home/user/cartographer_ws/src/cartographer/cartographer/mapping/proto/submaps_options_3d.proto[0m
[2.589s] [  9%] [34m[1mRunning C++ protocol buffer compiler on /home/user/cartographer_ws/src/cartographer/cartographer/mapping/proto/trajectory.proto[0m
[2.599s] [  9%] [34m[1mRunning C++ protocol buffer compiler on /home/user/cartographer_ws/src/cartographer/cartographer/mapping/proto/trajectory_builder_options.proto[0m
[2.605s] [ 10%] [34m[1mRunning C++ protocol buffer compiler on /home/user/cartographer_ws/src/cartographer/cartographer/mapping/proto/trajectory_node_data.proto[0m
[2.616s] [ 10%] [34m[1mRunning C++ protocol buffer compiler on /home/user/cartographer_ws/src/cartographer/cartographer/mapping/proto/tsdf_2d.proto[0m
[2.619s] [ 10%] [34m[1mRunning C++ protocol buffer compiler on /home/user/cartographer_ws/src/cartographer/cartographer/mapping/proto/tsdf_range_data_inserter_options_2d.proto[0m
[2.638s] [ 11%] [34m[1mRunning C++ protocol buffer compiler on /home/user/cartographer_ws/src/cartographer/cartographer/sensor/proto/adaptive_voxel_filter_options.proto[0m
[2.639s] [ 11%] [34m[1mRunning C++ protocol buffer compiler on /home/user/cartographer_ws/src/cartographer/cartographer/sensor/proto/sensor.proto[0m
[2.651s] [ 11%] [34m[1mRunning C++ protocol buffer compiler on /home/user/cartographer_ws/src/cartographer/cartographer/transform/proto/timestamped_transform.proto[0m
[2.885s] [ 12%] [32mBuilding CXX object CMakeFiles/cartographer.dir/cartographer/common/fixed_ratio_sampler.cc.o[0m
[2.885s] [ 12%] [32mBuilding CXX object CMakeFiles/cartographer.dir/cartographer/common/histogram.cc.o[0m
[2.886s] [ 12%] [32mBuilding CXX object CMakeFiles/cartographer.dir/cartographer/common/configuration_file_resolver.cc.o[0m
[2.886s] [ 11%] [32mBuilding CXX object CMakeFiles/cartographer.dir/cartographer/common/internal/ceres_solver_options.cc.o[0m
[2.887s] [ 13%] [32mBuilding CXX object CMakeFiles/cartographer.dir/cartographer/common/internal/testing/thread_pool_for_testing.cc.o[0m
[2.902s] [ 13%] [32mBuilding CXX object CMakeFiles/cartographer.dir/cartographer/common/lua_parameter_dictionary.cc.o[0m
[3.407s] [01mRunning Sphinx v4.3.2[39;49;00m
[3.831s] [01mmaking output directory... [39;49;00mdone
[3.846s] [01mbuilding [mo]: [39;49;00mtargets for 0 po files that are out of date
[3.848s] [01mbuilding [html]: [39;49;00mtargets for 6 source files that are out of date
[3.850s] [01mupdating environment: [39;49;00m[new config] 6 added, 0 changed, 0 removed
[4.207s] [01mreading sources... [39;49;00m[ 16%] [35mconfiguration[39;49;00m                                        
[4.246s] [01mreading sources... [39;49;00m[ 33%] [35mcost_functions[39;49;00m                                       
[4.298s] [01mreading sources... [39;49;00m[ 50%] [35mevaluation[39;49;00m                                           
[4.398s] [01mreading sources... [39;49;00m[ 66%] [35mindex[39;49;00m                                                
[4.418s] [01mreading sources... [39;49;00m[ 83%] [35mpbstream_migration[39;49;00m                                   
[4.454s] [01mreading sources... [39;49;00m[100%] [35mterminology[39;49;00m                                          
[4.454s] 
[4.455s] [01mlooking for now-outdated files... [39;49;00mnone found
[4.458s] [01mpickling environment... [39;49;00mdone
[4.459s] [01mchecking consistency... [39;49;00mdone
[4.464s] [01mpreparing documents... [39;49;00mdone
[4.845s] [01mwriting output... [39;49;00m[ 16%] [32mconfiguration[39;49;00m                                         
[4.893s] [01mwriting output... [39;49;00m[ 33%] [32mcost_functions[39;49;00m                                        
[5.072s] [01mwriting output... [39;49;00m[ 50%] [32mevaluation[39;49;00m                                            
[5.168s] [01mwriting output... [39;49;00m[ 66%] [32mindex[39;49;00m                                                 
[5.320s] [01mwriting output... [39;49;00m[ 83%] [32mpbstream_migration[39;49;00m                                    
[5.357s] [01mwriting output... [39;49;00m[100%] [32mterminology[39;49;00m                                           
[5.357s] 
[5.423s] [01mgenerating indices... [39;49;00mgenindex done
[5.448s] [01mwriting additional pages... [39;49;00msearch done
[5.449s] [01mcopying images... [39;49;00m[ 50%] [33mautogenerate_groundtruth.png[39;49;00m                          
[5.450s] [01mcopying images... [39;49;00m[100%] [33mhigh_level_system_overview.png[39;49;00m                        
[5.450s] 
[5.592s] [01mcopying static files... [39;49;00mdone
[5.595s] [01mcopying extra files... [39;49;00mdone
[5.619s] [01mdumping search index in English (code: en)... [39;49;00mdone
[5.620s] [01mdumping object inventory... [39;49;00mdone
[5.620s] [01mbuild succeeded.[39;49;00m
[5.621s] 
[5.621s] The HTML pages are in html.
[5.942s] [ 13%] Built target build_doc
[6.028s] [ 13%] [32mBuilding CXX object CMakeFiles/cartographer.dir/cartographer/common/task.cc.o[0m
[7.879s] [ 13%] [32mBuilding CXX object CMakeFiles/cartographer.dir/cartographer/common/thread_pool.cc.o[0m
[8.043s] [ 14%] [32mBuilding CXX object CMakeFiles/cartographer.dir/cartographer/common/time.cc.o[0m
[8.536s] [ 14%] [32mBuilding CXX object CMakeFiles/cartographer.dir/cartographer/ground_truth/autogenerate_ground_truth.cc.o[0m
[9.751s] [ 14%] [32mBuilding CXX object CMakeFiles/cartographer.dir/cartographer/ground_truth/relations_text_file.cc.o[0m
[10.635s] [ 14%] [32mBuilding CXX object CMakeFiles/cartographer.dir/cartographer/io/color.cc.o[0m
[10.984s] [ 15%] [32mBuilding CXX object CMakeFiles/cartographer.dir/cartographer/io/coloring_points_processor.cc.o[0m
[11.846s] [ 15%] [32mBuilding CXX object CMakeFiles/cartographer.dir/cartographer/io/counting_points_processor.cc.o[0m
[12.919s] [ 15%] [32mBuilding CXX object CMakeFiles/cartographer.dir/cartographer/io/draw_trajectories.cc.o[0m
[13.680s] [ 15%] [32mBuilding CXX object CMakeFiles/cartographer.dir/cartographer/io/file_writer.cc.o[0m
[18.869s] [ 16%] [32mBuilding CXX object CMakeFiles/cartographer.dir/cartographer/io/fixed_ratio_sampling_points_processor.cc.o[0m
[19.872s] [ 16%] [32mBuilding CXX object CMakeFiles/cartographer.dir/cartographer/io/frame_id_filtering_points_processor.cc.o[0m
[21.667s] [ 16%] [32mBuilding CXX object CMakeFiles/cartographer.dir/cartographer/io/hybrid_grid_points_processor.cc.o[0m
[22.313s] [ 16%] [32mBuilding CXX object CMakeFiles/cartographer.dir/cartographer/io/image.cc.o[0m
[25.565s] [ 17%] [32mBuilding CXX object CMakeFiles/cartographer.dir/cartographer/io/intensity_to_color_points_processor.cc.o[0m
[27.292s] [ 17%] [32mBuilding CXX object CMakeFiles/cartographer.dir/cartographer/io/internal/in_memory_proto_stream.cc.o[0m
[27.346s] [ 17%] [32mBuilding CXX object CMakeFiles/cartographer.dir/cartographer/io/internal/mapping_state_serialization.cc.o[0m
[33.504s] [ 17%] [32mBuilding CXX object CMakeFiles/cartographer.dir/cartographer/io/internal/pbstream_info.cc.o[0m
[38.540s] [ 17%] [32m[1mLinking CXX static library ../lib/libgtest.a[0m
[38.584s] [ 18%] [32mBuilding CXX object CMakeFiles/cartographer.dir/cartographer/io/internal/pbstream_migrate.cc.o[0m
[38.839s] [ 18%] Built target gtest
[39.090s] [ 19%] [32mBuilding CXX object gmock/CMakeFiles/gmock.dir/src/gmock-all.cc.o[0m
[39.862s] [ 19%] [32mBuilding CXX object CMakeFiles/cartographer.dir/cartographer/io/min_max_range_filtering_points_processor.cc.o[0m
[41.147s] [ 19%] [32mBuilding CXX object CMakeFiles/cartographer.dir/cartographer/io/outlier_removing_points_processor.cc.o[0m
[43.652s] [ 19%] [32mBuilding CXX object CMakeFiles/cartographer.dir/cartographer/io/pcd_writing_points_processor.cc.o[0m
[44.561s] [ 20%] [32mBuilding CXX object CMakeFiles/cartographer.dir/cartographer/io/ply_writing_points_processor.cc.o[0m
[44.719s] [ 20%] [32mBuilding CXX object CMakeFiles/cartographer.dir/cartographer/io/points_batch.cc.o[0m
[53.025s] [ 20%] [32m[1mLinking CXX static library ../lib/libgmock.a[0m
[53.121s] [ 20%] Built target gmock
[55.513s] [ 21%] [32mBuilding CXX object CMakeFiles/cartographer.dir/cartographer/io/submap_painter.cc.o[0m
[60.536s] [ 21%] [32mBuilding CXX object CMakeFiles/cartographer.dir/cartographer/io/vertical_range_filtering_points_processor.cc.o[0m
[60.537s] [ 21%] [32mBuilding CXX object CMakeFiles/cartographer.dir/cartographer/io/serialization_format_migration.cc.o[0m
[61.561s] [ 22%] [32mBuilding CXX object CMakeFiles/cartographer.dir/cartographer/io/proto_stream.cc.o[0m
[61.561s] [ 22%] [32mBuilding CXX object CMakeFiles/cartographer.dir/cartographer/io/proto_stream_deserializer.cc.o[0m
[62.606s] [ 22%] [32mBuilding CXX object CMakeFiles/cartographer.dir/cartographer/io/probability_grid_points_processor.cc.o[0m
[62.612s] [ 22%] [32mBuilding CXX object CMakeFiles/cartographer.dir/cartographer/io/points_processor_pipeline_builder.cc.o[0m
[74.256s] [ 22%] [32mBuilding CXX object CMakeFiles/cartographer.dir/cartographer/mapping/2d/submap_2d.cc.o[0m
[76.275s] [ 22%] [32mBuilding CXX object CMakeFiles/cartographer.dir/cartographer/mapping/2d/probability_grid_range_data_inserter_2d.cc.o[0m
[76.276s] [ 23%] [32mBuilding CXX object CMakeFiles/cartographer.dir/cartographer/mapping/3d/range_data_inserter_3d.cc.o[0m
[77.296s] [ 24%] [32mBuilding CXX object CMakeFiles/cartographer.dir/cartographer/mapping/2d/grid_2d.cc.o[0m
[77.300s] [ 24%] [32mBuilding CXX object CMakeFiles/cartographer.dir/cartographer/mapping/2d/probability_grid.cc.o[0m
[78.326s] [ 24%] [32mBuilding CXX object CMakeFiles/cartographer.dir/cartographer/io/xyz_writing_points_processor.cc.o[0m
[78.327s] [ 24%] [32mBuilding CXX object CMakeFiles/cartographer.dir/cartographer/io/xray_points_processor.cc.o[0m
[80.626s] [ 24%] [32mBuilding CXX object CMakeFiles/cartographer.dir/cartographer/mapping/3d/submap_3d.cc.o[0m
[84.028s] [ 24%] [32mBuilding CXX object CMakeFiles/cartographer.dir/cartographer/mapping/detect_floors.cc.o[0m
[84.318s] [ 24%] [32mBuilding CXX object CMakeFiles/cartographer.dir/cartographer/mapping/imu_tracker.cc.o[0m
[86.141s] [ 25%] [32mBuilding CXX object CMakeFiles/cartographer.dir/cartographer/mapping/internal/2d/local_slam_result_2d.cc.o[0m
[86.906s] [ 25%] [32mBuilding CXX object CMakeFiles/cartographer.dir/cartographer/mapping/internal/2d/local_trajectory_builder_2d.cc.o[0m
[89.326s] [ 25%] [32mBuilding CXX object CMakeFiles/cartographer.dir/cartographer/mapping/internal/2d/local_trajectory_builder_options_2d.cc.o[0m
[91.867s] [ 25%] [32mBuilding CXX object CMakeFiles/cartographer.dir/cartographer/mapping/internal/2d/normal_estimation_2d.cc.o[0m
[92.012s] [ 26%] [32mBuilding CXX object CMakeFiles/cartographer.dir/cartographer/mapping/internal/2d/overlapping_submaps_trimmer_2d.cc.o[0m
[93.356s] [ 26%] [32mBuilding CXX object CMakeFiles/cartographer.dir/cartographer/mapping/internal/2d/pose_graph_2d.cc.o[0m
[97.524s] [ 26%] [32mBuilding CXX object CMakeFiles/cartographer.dir/cartographer/mapping/internal/2d/ray_to_pixel_mask.cc.o[0m
[97.681s] [ 26%] [32mBuilding CXX object CMakeFiles/cartographer.dir/cartographer/mapping/internal/2d/scan_matching/ceres_scan_matcher_2d.cc.o[0m
[98.994s] [ 27%] [32mBuilding CXX object CMakeFiles/cartographer.dir/cartographer/mapping/internal/2d/scan_matching/correlative_scan_matcher_2d.cc.o[0m
[99.548s] [ 27%] [32mBuilding CXX object CMakeFiles/cartographer.dir/cartographer/mapping/internal/2d/scan_matching/fast_correlative_scan_matcher_2d.cc.o[0m
[101.965s] [ 27%] [32mBuilding CXX object CMakeFiles/cartographer.dir/cartographer/mapping/internal/2d/scan_matching/occupied_space_cost_function_2d.cc.o[0m
[103.375s] [ 27%] [32mBuilding CXX object CMakeFiles/cartographer.dir/cartographer/mapping/internal/2d/scan_matching/real_time_correlative_scan_matcher_2d.cc.o[0m
[104.027s] [ 28%] [32mBuilding CXX object CMakeFiles/cartographer.dir/cartographer/mapping/internal/2d/scan_matching/tsdf_match_cost_function_2d.cc.o[0m
[106.837s] [ 28%] [32mBuilding CXX object CMakeFiles/cartographer.dir/cartographer/mapping/internal/2d/tsd_value_converter.cc.o[0m
[109.154s] [ 28%] [32mBuilding CXX object CMakeFiles/cartographer.dir/cartographer/mapping/internal/2d/tsdf_2d.cc.o[0m
[110.275s] [ 28%] [32mBuilding CXX object CMakeFiles/cartographer.dir/cartographer/mapping/internal/2d/tsdf_range_data_inserter_2d.cc.o[0m
[111.591s] [ 29%] [32mBuilding CXX object CMakeFiles/cartographer.dir/cartographer/mapping/internal/3d/local_slam_result_3d.cc.o[0m
[112.979s] [ 29%] [32mBuilding CXX object CMakeFiles/cartographer.dir/cartographer/mapping/internal/3d/local_trajectory_builder_3d.cc.o[0m
[114.951s] [ 29%] [32mBuilding CXX object CMakeFiles/cartographer.dir/cartographer/mapping/internal/3d/local_trajectory_builder_options_3d.cc.o[0m
[115.523s] [ 29%] [32mBuilding CXX object CMakeFiles/cartographer.dir/cartographer/mapping/internal/3d/pose_graph_3d.cc.o[0m
[119.781s] [ 30%] [32mBuilding CXX object CMakeFiles/cartographer.dir/cartographer/mapping/internal/3d/scan_matching/ceres_scan_matcher_3d.cc.o[0m
[120.311s] [ 30%] [32mBuilding CXX object CMakeFiles/cartographer.dir/cartographer/mapping/internal/3d/scan_matching/fast_correlative_scan_matcher_3d.cc.o[0m
[122.048s] [ 30%] [32mBuilding CXX object CMakeFiles/cartographer.dir/cartographer/mapping/internal/3d/scan_matching/intensity_cost_function_3d.cc.o[0m
[123.452s] [ 30%] [32mBuilding CXX object CMakeFiles/cartographer.dir/cartographer/mapping/internal/3d/scan_matching/low_resolution_matcher.cc.o[0m
[124.658s] [ 31%] [32mBuilding CXX object CMakeFiles/cartographer.dir/cartographer/mapping/internal/3d/scan_matching/precomputation_grid_3d.cc.o[0m
[127.439s] [ 31%] [32mBuilding CXX object CMakeFiles/cartographer.dir/cartographer/mapping/internal/3d/scan_matching/real_time_correlative_scan_matcher_3d.cc.o[0m
[131.337s] [ 31%] [32mBuilding CXX object CMakeFiles/cartographer.dir/cartographer/mapping/internal/3d/scan_matching/rotational_scan_matcher.cc.o[0m
[131.801s] [ 32%] [32mBuilding CXX object CMakeFiles/cartographer.dir/cartographer/mapping/internal/collated_trajectory_builder.cc.o[0m
[134.643s] [ 32%] [32mBuilding CXX object CMakeFiles/cartographer.dir/cartographer/mapping/internal/connected_components.cc.o[0m
[135.438s] [ 32%] [32mBuilding CXX object CMakeFiles/cartographer.dir/cartographer/mapping/internal/constraints/constraint_builder.cc.o[0m
[135.891s] [ 32%] [32mBuilding CXX object CMakeFiles/cartographer.dir/cartographer/mapping/internal/constraints/constraint_builder_2d.cc.o[0m
[136.481s] [ 33%] [32mBuilding CXX object CMakeFiles/cartographer.dir/cartographer/mapping/internal/constraints/constraint_builder_3d.cc.o[0m
[140.164s] [ 33%] [32mBuilding CXX object CMakeFiles/cartographer.dir/cartographer/mapping/internal/eigen_quaterniond_from_two_vectors.cc.o[0m
[141.426s] [ 33%] [32mBuilding CXX object CMakeFiles/cartographer.dir/cartographer/mapping/internal/global_trajectory_builder.cc.o[0m
[144.299s] [ 33%] [32mBuilding CXX object CMakeFiles/cartographer.dir/cartographer/mapping/internal/imu_based_pose_extrapolator.cc.o[0m
[145.235s] [ 34%] [32mBuilding CXX object CMakeFiles/cartographer.dir/cartographer/mapping/internal/motion_filter.cc.o[0m
[145.499s] [ 34%] [32mBuilding CXX object CMakeFiles/cartographer.dir/cartographer/mapping/internal/optimization/ceres_pose.cc.o[0m
[150.254s] [ 34%] [32mBuilding CXX object CMakeFiles/cartographer.dir/cartographer/mapping/internal/optimization/cost_functions/spa_cost_function_2d.cc.o[0m
[151.846s] [ 34%] [32mBuilding CXX object CMakeFiles/cartographer.dir/cartographer/mapping/internal/optimization/optimization_problem_2d.cc.o[0m
[151.920s] [ 35%] [32mBuilding CXX object CMakeFiles/cartographer.dir/cartographer/mapping/internal/optimization/optimization_problem_3d.cc.o[0m
[153.421s] [ 35%] [32mBuilding CXX object CMakeFiles/cartographer.dir/cartographer/mapping/internal/optimization/optimization_problem_options.cc.o[0m
[155.478s] [ 35%] [32mBuilding CXX object CMakeFiles/cartographer.dir/cartographer/mapping/internal/range_data_collator.cc.o[0m
[155.923s] [ 35%] [32mBuilding CXX object CMakeFiles/cartographer.dir/cartographer/mapping/internal/scan_matching/real_time_correlative_scan_matcher.cc.o[0m
[159.788s] [ 36%] [32mBuilding CXX object CMakeFiles/cartographer.dir/cartographer/mapping/internal/submap_controller.cc.o[0m
[160.217s] [ 36%] [32mBuilding CXX object CMakeFiles/cartographer.dir/cartographer/mapping/internal/trajectory_connectivity_state.cc.o[0m
[160.624s] [ 36%] [32mBuilding CXX object CMakeFiles/cartographer.dir/cartographer/mapping/map_builder.cc.o[0m
[165.976s] [ 36%] [32mBuilding CXX object CMakeFiles/cartographer.dir/cartographer/mapping/map_builder_interface.cc.o[0m
[168.136s] [ 37%] [32mBuilding CXX object CMakeFiles/cartographer.dir/cartographer/mapping/pose_extrapolator.cc.o[0m
[168.449s] [ 37%] [32mBuilding CXX object CMakeFiles/cartographer.dir/cartographer/mapping/pose_extrapolator_interface.cc.o[0m
[169.933s] [ 37%] [32mBuilding CXX object CMakeFiles/cartographer.dir/cartographer/mapping/pose_graph.cc.o[0m
[172.287s] [ 37%] [32mBuilding CXX object CMakeFiles/cartographer.dir/cartographer/mapping/pose_graph_trimmer.cc.o[0m
[175.409s] [ 38%] [32mBuilding CXX object CMakeFiles/cartographer.dir/cartographer/mapping/probability_values.cc.o[0m
[176.463s] [ 38%] [32mBuilding CXX object CMakeFiles/cartographer.dir/cartographer/mapping/range_data_inserter_interface.cc.o[0m
[178.077s] [ 38%] [32mBuilding CXX object CMakeFiles/cartographer.dir/cartographer/mapping/trajectory_builder_interface.cc.o[0m
[179.022s] [ 38%] [32mBuilding CXX object CMakeFiles/cartographer.dir/cartographer/mapping/trajectory_node.cc.o[0m
[179.369s] [ 39%] [32mBuilding CXX object CMakeFiles/cartographer.dir/cartographer/mapping/value_conversion_tables.cc.o[0m
[179.930s] [ 39%] [32mBuilding CXX object CMakeFiles/cartographer.dir/cartographer/metrics/counter.cc.o[0m
[180.328s] [ 39%] [32mBuilding CXX object CMakeFiles/cartographer.dir/cartographer/metrics/gauge.cc.o[0m
[180.704s] [ 39%] [32mBuilding CXX object CMakeFiles/cartographer.dir/cartographer/metrics/histogram.cc.o[0m
[181.787s] [ 40%] [32mBuilding CXX object CMakeFiles/cartographer.dir/cartographer/metrics/register.cc.o[0m
[181.880s] [ 40%] [32mBuilding CXX object CMakeFiles/cartographer.dir/cartographer/sensor/compressed_point_cloud.cc.o[0m
[183.223s] [ 40%] [32mBuilding CXX object CMakeFiles/cartographer.dir/cartographer/sensor/fixed_frame_pose_data.cc.o[0m
[184.673s] [ 40%] [32mBuilding CXX object CMakeFiles/cartographer.dir/cartographer/sensor/imu_data.cc.o[0m
[186.379s] [ 41%] [32mBuilding CXX object CMakeFiles/cartographer.dir/cartographer/sensor/internal/collator.cc.o[0m
[186.702s] [ 41%] [32mBuilding CXX object CMakeFiles/cartographer.dir/cartographer/sensor/internal/ordered_multi_queue.cc.o[0m
[190.027s] [ 41%] [32mBuilding CXX object CMakeFiles/cartographer.dir/cartographer/sensor/internal/trajectory_collator.cc.o[0m
[190.782s] [ 42%] [32mBuilding CXX object CMakeFiles/cartographer.dir/cartographer/sensor/internal/voxel_filter.cc.o[0m
[191.777s] [ 42%] [32mBuilding CXX object CMakeFiles/cartographer.dir/cartographer/sensor/landmark_data.cc.o[0m
[192.162s] [ 42%] [32mBuilding CXX object CMakeFiles/cartographer.dir/cartographer/sensor/odometry_data.cc.o[0m
[192.689s] [ 42%] [32mBuilding CXX object CMakeFiles/cartographer.dir/cartographer/sensor/point_cloud.cc.o[0m
[194.402s] [ 43%] [32mBuilding CXX object CMakeFiles/cartographer.dir/cartographer/sensor/range_data.cc.o[0m
[196.907s] [ 43%] [32mBuilding CXX object CMakeFiles/cartographer.dir/cartographer/sensor/timed_point_cloud_data.cc.o[0m
[199.517s] [ 43%] [32mBuilding CXX object CMakeFiles/cartographer.dir/cartographer/transform/rigid_transform.cc.o[0m
[199.583s] [ 43%] [32mBuilding CXX object CMakeFiles/cartographer.dir/cartographer/transform/timestamped_transform.cc.o[0m
[200.483s] [ 44%] [32mBuilding CXX object CMakeFiles/cartographer.dir/cartographer/transform/transform.cc.o[0m
[200.930s] [ 44%] [32mBuilding CXX object CMakeFiles/cartographer.dir/cartographer/transform/transform_interpolation_buffer.cc.o[0m
[201.532s] [ 44%] [32mBuilding CXX object CMakeFiles/cartographer.dir/cartographer/common/proto/ceres_solver_options.pb.cc.o[0m
[201.616s] [ 44%] [32mBuilding CXX object CMakeFiles/cartographer.dir/cartographer/ground_truth/proto/relations.pb.cc.o[0m
[204.184s] [ 45%] [32mBuilding CXX object CMakeFiles/cartographer.dir/cartographer/mapping/proto/cell_limits_2d.pb.cc.o[0m
[204.785s] [ 45%] [32mBuilding CXX object CMakeFiles/cartographer.dir/cartographer/mapping/proto/connected_components.pb.cc.o[0m
[204.807s] [ 45%] [32mBuilding CXX object CMakeFiles/cartographer.dir/cartographer/mapping/proto/grid_2d.pb.cc.o[0m
[205.694s] [ 45%] [32mBuilding CXX object CMakeFiles/cartographer.dir/cartographer/mapping/proto/grid_2d_options.pb.cc.o[0m
[206.531s] [ 46%] [32mBuilding CXX object CMakeFiles/cartographer.dir/cartographer/mapping/proto/hybrid_grid.pb.cc.o[0m
[206.809s] [ 46%] [32mBuilding CXX object CMakeFiles/cartographer.dir/cartographer/mapping/proto/local_trajectory_builder_options_2d.pb.cc.o[0m
[207.711s] [ 46%] [32mBuilding CXX object CMakeFiles/cartographer.dir/cartographer/mapping/proto/local_trajectory_builder_options_3d.pb.cc.o[0m
[207.782s] [ 46%] [32mBuilding CXX object CMakeFiles/cartographer.dir/cartographer/mapping/proto/map_builder_options.pb.cc.o[0m
[207.969s] [ 47%] [32mBuilding CXX object CMakeFiles/cartographer.dir/cartographer/mapping/proto/map_limits.pb.cc.o[0m
[207.998s] [ 47%] [32mBuilding CXX object CMakeFiles/cartographer.dir/cartographer/mapping/proto/motion_filter_options.pb.cc.o[0m
[208.747s] [ 47%] [32mBuilding CXX object CMakeFiles/cartographer.dir/cartographer/mapping/proto/normal_estimation_options_2d.pb.cc.o[0m
[209.430s] [ 47%] [32mBuilding CXX object CMakeFiles/cartographer.dir/cartographer/mapping/proto/pose_extrapolator_options.pb.cc.o[0m
[210.212s] [ 48%] [32mBuilding CXX object CMakeFiles/cartographer.dir/cartographer/mapping/proto/pose_graph.pb.cc.o[0m
[210.261s] [ 48%] [32mBuilding CXX object CMakeFiles/cartographer.dir/cartographer/mapping/proto/pose_graph/constraint_builder_options.pb.cc.o[0m
[210.676s] [ 48%] [32mBuilding CXX object CMakeFiles/cartographer.dir/cartographer/mapping/proto/pose_graph/optimization_problem_options.pb.cc.o[0m
[210.716s] [ 48%] [32mBuilding CXX object CMakeFiles/cartographer.dir/cartographer/mapping/proto/pose_graph_options.pb.cc.o[0m
[211.150s] [ 49%] [32mBuilding CXX object CMakeFiles/cartographer.dir/cartographer/mapping/proto/probability_grid.pb.cc.o[0m
[211.353s] [ 49%] [32mBuilding CXX object CMakeFiles/cartographer.dir/cartographer/mapping/proto/probability_grid_range_data_inserter_options_2d.pb.cc.o[0m
[212.874s] [ 49%] [32mBuilding CXX object CMakeFiles/cartographer.dir/cartographer/mapping/proto/range_data_inserter_options.pb.cc.o[0m
[213.108s] [ 49%] [32mBuilding CXX object CMakeFiles/cartographer.dir/cartographer/mapping/proto/range_data_inserter_options_3d.pb.cc.o[0m
[213.212s] [ 50%] [32mBuilding CXX object CMakeFiles/cartographer.dir/cartographer/mapping/proto/scan_matching/ceres_scan_matcher_options_2d.pb.cc.o[0m
[213.322s] [ 50%] [32mBuilding CXX object CMakeFiles/cartographer.dir/cartographer/mapping/proto/scan_matching/ceres_scan_matcher_options_3d.pb.cc.o[0m
[214.006s] [ 50%] [32mBuilding CXX object CMakeFiles/cartographer.dir/cartographer/mapping/proto/scan_matching/fast_correlative_scan_matcher_options_2d.pb.cc.o[0m
[214.007s] [ 50%] [32mBuilding CXX object CMakeFiles/cartographer.dir/cartographer/mapping/proto/scan_matching/fast_correlative_scan_matcher_options_3d.pb.cc.o[0m
[214.747s] [ 51%] [32mBuilding CXX object CMakeFiles/cartographer.dir/cartographer/mapping/proto/scan_matching/real_time_correlative_scan_matcher_options.pb.cc.o[0m
[215.317s] [ 51%] [32mBuilding CXX object CMakeFiles/cartographer.dir/cartographer/mapping/proto/serialization.pb.cc.o[0m
[215.542s] [ 51%] [32mBuilding CXX object CMakeFiles/cartographer.dir/cartographer/mapping/proto/submap.pb.cc.o[0m
[215.695s] [ 52%] [32mBuilding CXX object CMakeFiles/cartographer.dir/cartographer/mapping/proto/submap_visualization.pb.cc.o[0m
[216.567s] [ 52%] [32mBuilding CXX object CMakeFiles/cartographer.dir/cartographer/mapping/proto/submaps_options_2d.pb.cc.o[0m
[216.681s] [ 52%] [32mBuilding CXX object CMakeFiles/cartographer.dir/cartographer/mapping/proto/submaps_options_3d.pb.cc.o[0m
[216.682s] [ 52%] [32mBuilding CXX object CMakeFiles/cartographer.dir/cartographer/mapping/proto/trajectory.pb.cc.o[0m
[217.440s] [ 53%] [32mBuilding CXX object CMakeFiles/cartographer.dir/cartographer/mapping/proto/trajectory_builder_options.pb.cc.o[0m
[218.729s] [ 53%] [32mBuilding CXX object CMakeFiles/cartographer.dir/cartographer/mapping/proto/trajectory_node_data.pb.cc.o[0m
[219.446s] [ 53%] [32mBuilding CXX object CMakeFiles/cartographer.dir/cartographer/mapping/proto/tsdf_2d.pb.cc.o[0m
[219.520s] [ 53%] [32mBuilding CXX object CMakeFiles/cartographer.dir/cartographer/mapping/proto/tsdf_range_data_inserter_options_2d.pb.cc.o[0m
[220.177s] [ 54%] [32mBuilding CXX object CMakeFiles/cartographer.dir/cartographer/sensor/proto/adaptive_voxel_filter_options.pb.cc.o[0m
[220.324s] [ 54%] [32mBuilding CXX object CMakeFiles/cartographer.dir/cartographer/sensor/proto/sensor.pb.cc.o[0m
[221.539s] [ 54%] [32mBuilding CXX object CMakeFiles/cartographer.dir/cartographer/transform/proto/timestamped_transform.pb.cc.o[0m
[221.893s] [ 54%] [32mBuilding CXX object CMakeFiles/cartographer.dir/cartographer/transform/proto/transform.pb.cc.o[0m
[224.821s] [ 55%] [32m[1mLinking CXX static library libcartographer.a[0m
[225.043s] [ 55%] Built target cartographer
[225.081s] [ 55%] [32mBuilding CXX object gmock/CMakeFiles/gmock_main.dir/src/gmock_main.cc.o[0m
[225.081s] [ 55%] [32mBuilding CXX object CMakeFiles/cartographer_compute_relations_metrics.dir/cartographer/ground_truth/compute_relations_metrics_main.cc.o[0m
[225.083s] [ 55%] [32mBuilding CXX object CMakeFiles/cartographer_autogenerate_ground_truth.dir/cartographer/ground_truth/autogenerate_ground_truth_main.cc.o[0m
[226.855s] [ 55%] [32m[1mLinking CXX static library ../lib/libgmock_main.a[0m
[226.914s] [ 55%] Built target gmock_main
[226.960s] [ 55%] [32mBuilding CXX object CMakeFiles/cartographer_print_configuration.dir/cartographer/common/print_configuration_main.cc.o[0m
[226.965s] [ 55%] [32mBuilding CXX object CMakeFiles/cartographer_pbstream.dir/cartographer/io/pbstream_main.cc.o[0m
[226.975s] [ 56%] [32mBuilding CXX object CMakeFiles/cartographer_test_library.dir/cartographer/io/fake_file_writer_test.cc.o[0m
[226.976s] [ 56%] [32mBuilding CXX object CMakeFiles/cartographer_test_library.dir/cartographer/io/internal/testing/test_helpers.cc.o[0m
[226.980s] [ 56%] [32mBuilding CXX object CMakeFiles/cartographer_test_library.dir/cartographer/mapping/internal/testing/test_helpers.cc.o[0m
[226.992s] [ 56%] [32mBuilding CXX object CMakeFiles/cartographer_test_library.dir/cartographer/io/fake_file_writer.cc.o[0m
[229.884s] [ 57%] [32m[1mLinking CXX executable cartographer_pbstream[0m
[230.686s] [ 57%] Built target cartographer_pbstream
[231.929s] [ 58%] [32m[1mLinking CXX executable cartographer_autogenerate_ground_truth[0m
[231.936s] [ 58%] [32m[1mLinking CXX executable cartographer_print_configuration[0m
[232.241s] [ 58%] Built target cartographer_print_configuration
[232.442s] [ 58%] Built target cartographer_autogenerate_ground_truth
[233.302s] [ 58%] [32m[1mLinking CXX executable cartographer_compute_relations_metrics[0m
[233.576s] [ 58%] Built target cartographer_compute_relations_metrics
[235.255s] [ 58%] [32m[1mLinking CXX static library libcartographer_test_library.a[0m
[235.307s] [ 58%] Built target cartographer_test_library
[235.348s] [ 58%] [32mBuilding CXX object CMakeFiles/cartographer.common.internal.blocking_queue_test.dir/cartographer/common/internal/blocking_queue_test.cc.o[0m
[235.348s] [ 58%] [32mBuilding CXX object CMakeFiles/cartographer.common.fixed_ratio_sampler_test.dir/cartographer/common/fixed_ratio_sampler_test.cc.o[0m
[235.349s] [ 58%] [32mBuilding CXX object CMakeFiles/cartographer.common.configuration_files_test.dir/cartographer/common/configuration_files_test.cc.o[0m
[235.349s] [ 58%] [32mBuilding CXX object CMakeFiles/cartographer.common.internal.rate_timer_test.dir/cartographer/common/internal/rate_timer_test.cc.o[0m
[236.386s] [ 58%] [32mBuilding CXX object CMakeFiles/cartographer.common.task_test.dir/cartographer/common/task_test.cc.o[0m
[236.386s] [ 58%] [32mBuilding CXX object CMakeFiles/cartographer.common.thread_pool_test.dir/cartographer/common/thread_pool_test.cc.o[0m
[236.386s] [ 58%] [32mBuilding CXX object CMakeFiles/cartographer.common.math_test.dir/cartographer/common/math_test.cc.o[0m
[237.426s] [ 58%] [32mBuilding CXX object CMakeFiles/cartographer.common.lua_parameter_dictionary_test.dir/cartographer/common/lua_parameter_dictionary_test.cc.o[0m
[240.587s] [ 59%] [32m[1mLinking CXX executable cartographer.common.fixed_ratio_sampler_test[0m
[240.936s] [ 59%] Built target cartographer.common.fixed_ratio_sampler_test
[241.008s] [ 59%] [32mBuilding CXX object CMakeFiles/cartographer.io.fake_file_writer_test.dir/cartographer/io/fake_file_writer_test.cc.o[0m
[242.670s] [ 60%] [32m[1mLinking CXX executable cartographer.common.internal.rate_timer_test[0m
[243.009s] [ 61%] [32m[1mLinking CXX executable cartographer.common.thread_pool_test[0m
[243.016s] [ 61%] Built target cartographer.common.internal.rate_timer_test
[243.075s] [ 61%] [32mBuilding CXX object CMakeFiles/cartographer.io.internal.in_memory_proto_stream_test.dir/cartographer/io/internal/in_memory_proto_stream_test.cc.o[0m
[243.376s] [ 61%] Built target cartographer.common.thread_pool_test
[243.436s] [ 61%] [32mBuilding CXX object CMakeFiles/cartographer.io.points_processor_pipeline_builder_test.dir/cartographer/io/points_processor_pipeline_builder_test.cc.o[0m
[243.853s] [ 61%] [32m[1mLinking CXX executable cartographer.common.internal.blocking_queue_test[0m
[244.201s] [ 61%] Built target cartographer.common.internal.blocking_queue_test
[244.259s] [ 61%] [32mBuilding CXX object CMakeFiles/cartographer.io.probability_grid_points_processor_test.dir/cartographer/io/probability_grid_points_processor_test.cc.o[0m
[244.645s] [ 62%] [32m[1mLinking CXX executable cartographer.common.math_test[0m
[244.974s] [ 62%] Built target cartographer.common.math_test
[245.033s] [ 62%] [32mBuilding CXX object CMakeFiles/cartographer.io.proto_stream_deserializer_test.dir/cartographer/io/proto_stream_deserializer_test.cc.o[0m
[245.252s] [ 62%] [32m[1mLinking CXX executable cartographer.common.configuration_files_test[0m
[245.767s] [ 62%] [32m[1mLinking CXX executable cartographer.common.task_test[0m
[246.130s] [ 62%] Built target cartographer.common.configuration_files_test
[246.145s] [ 62%] Built target cartographer.common.task_test
[246.203s] [ 63%] [32mBuilding CXX object CMakeFiles/cartographer.io.proto_stream_test.dir/cartographer/io/proto_stream_test.cc.o[0m
[246.207s] [ 63%] [32mBuilding CXX object CMakeFiles/cartographer.io.serialization_format_migration_test.dir/cartographer/io/serialization_format_migration_test.cc.o[0m
[248.274s] [ 63%] [32m[1mLinking CXX executable cartographer.common.lua_parameter_dictionary_test[0m
[248.634s] [ 63%] Built target cartographer.common.lua_parameter_dictionary_test
[248.693s] [ 64%] [32mBuilding CXX object CMakeFiles/cartographer.mapping.2d.map_limits_test.dir/cartographer/mapping/2d/map_limits_test.cc.o[0m
[248.733s] [ 64%] [32m[1mLinking CXX executable cartographer.io.fake_file_writer_test[0m
[249.083s] [ 64%] Built target cartographer.io.fake_file_writer_test
[249.142s] [ 64%] [32mBuilding CXX object CMakeFiles/cartographer.mapping.2d.probability_grid_test.dir/cartographer/mapping/2d/probability_grid_test.cc.o[0m
[251.751s] [ 65%] [32m[1mLinking CXX executable cartographer.io.internal.in_memory_proto_stream_test[0m
[252.272s] [ 65%] Built target cartographer.io.internal.in_memory_proto_stream_test
[252.333s] [ 66%] [32mBuilding CXX object CMakeFiles/cartographer.mapping.2d.range_data_inserter_2d_test.dir/cartographer/mapping/2d/range_data_inserter_2d_test.cc.o[0m
[252.982s] [ 66%] [32m[1mLinking CXX executable cartographer.io.proto_stream_test[0m
[253.479s] [ 66%] Built target cartographer.io.proto_stream_test
[253.611s] [ 66%] [32mBuilding CXX object CMakeFiles/cartographer.mapping.2d.submap_2d_test.dir/cartographer/mapping/2d/submap_2d_test.cc.o[0m
[253.681s] [ 66%] [32m[1mLinking CXX executable cartographer.io.points_processor_pipeline_builder_test[0m
[254.266s] [ 66%] Built target cartographer.io.points_processor_pipeline_builder_test
[254.332s] [ 67%] [32mBuilding CXX object CMakeFiles/cartographer.mapping.2d.xy_index_test.dir/cartographer/mapping/2d/xy_index_test.cc.o[0m
[254.999s] [ 67%] [32m[1mLinking CXX executable cartographer.io.proto_stream_deserializer_test[0m
[255.594s] [ 67%] Built target cartographer.io.proto_stream_deserializer_test
[255.656s] [ 67%] [32mBuilding CXX object CMakeFiles/cartographer.mapping.3d.hybrid_grid_test.dir/cartographer/mapping/3d/hybrid_grid_test.cc.o[0m
[258.771s] [ 68%] [32m[1mLinking CXX executable cartographer.io.probability_grid_points_processor_test[0m
[258.849s] [ 68%] [32m[1mLinking CXX executable cartographer.mapping.2d.map_limits_test[0m
[259.315s] [ 68%] Built target cartographer.mapping.2d.map_limits_test
[259.403s] [ 69%] [32mBuilding CXX object CMakeFiles/cartographer.mapping.3d.range_data_inserter_3d_test.dir/cartographer/mapping/3d/range_data_inserter_3d_test.cc.o[0m
[259.409s] [ 69%] Built target cartographer.io.probability_grid_points_processor_test
[259.468s] [ 69%] [32mBuilding CXX object CMakeFiles/cartographer.mapping.3d.submap_3d_test.dir/cartographer/mapping/3d/submap_3d_test.cc.o[0m
[259.705s] [ 69%] [32m[1mLinking CXX executable cartographer.io.serialization_format_migration_test[0m
[260.540s] [ 69%] Built target cartographer.io.serialization_format_migration_test
[260.598s] [ 70%] [32mBuilding CXX object CMakeFiles/cartographer.mapping.id_test.dir/cartographer/mapping/id_test.cc.o[0m
[263.019s] [ 70%] [32m[1mLinking CXX executable cartographer.mapping.2d.probability_grid_test[0m
[263.475s] [ 70%] [32m[1mLinking CXX executable cartographer.mapping.2d.xy_index_test[0m
[263.489s] [ 70%] Built target cartographer.mapping.2d.probability_grid_test
[263.565s] [ 70%] [32mBuilding CXX object CMakeFiles/cartographer.mapping.imu_tracker_test.dir/cartographer/mapping/imu_tracker_test.cc.o[0m
[263.800s] [ 70%] [32m[1mLinking CXX executable cartographer.mapping.2d.range_data_inserter_2d_test[0m
[263.872s] [ 70%] Built target cartographer.mapping.2d.xy_index_test
[263.933s] [ 71%] [32mBuilding CXX object CMakeFiles/cartographer.mapping.internal.2d.normal_estimation_2d_test.dir/cartographer/mapping/internal/2d/normal_estimation_2d_test.cc.o[0m
[264.277s] [ 71%] Built target cartographer.mapping.2d.range_data_inserter_2d_test
[264.335s] [ 71%] [32mBuilding CXX object CMakeFiles/cartographer.mapping.internal.2d.overlapping_submaps_trimmer_2d_test.dir/cartographer/mapping/internal/2d/overlapping_submaps_trimmer_2d_test.cc.o[0m
[268.070s] [ 71%] [32m[1mLinking CXX executable cartographer.mapping.2d.submap_2d_test[0m
[268.703s] [ 71%] Built target cartographer.mapping.2d.submap_2d_test
[268.767s] [ 72%] [32mBuilding CXX object CMakeFiles/cartographer.mapping.internal.2d.pose_graph_2d_test.dir/cartographer/mapping/internal/2d/pose_graph_2d_test.cc.o[0m
[271.955s] [ 72%] [32m[1mLinking CXX executable cartographer.mapping.imu_tracker_test[0m
[272.309s] [ 72%] Built target cartographer.mapping.imu_tracker_test
[272.368s] [ 72%] [32mBuilding CXX object CMakeFiles/cartographer.mapping.internal.2d.ray_to_pixel_mask_test.dir/cartographer/mapping/internal/2d/ray_to_pixel_mask_test.cc.o[0m
[273.308s] [ 72%] [32m[1mLinking CXX executable cartographer.mapping.3d.submap_3d_test[0m
[273.339s] [ 72%] [32m[1mLinking CXX executable cartographer.mapping.3d.range_data_inserter_3d_test[0m
[273.796s] [ 72%] Built target cartographer.mapping.3d.range_data_inserter_3d_test
[273.856s] [ 73%] [32mBuilding CXX object CMakeFiles/cartographer.mapping.internal.2d.scan_matching.ceres_scan_matcher_2d_test.dir/cartographer/mapping/internal/2d/scan_matching/ceres_scan_matcher_2d_test.cc.o[0m
[273.865s] [ 73%] [32m[1mLinking CXX executable cartographer.mapping.3d.hybrid_grid_test[0m
[273.912s] [ 73%] Built target cartographer.mapping.3d.submap_3d_test
[274.010s] [ 73%] [32mBuilding CXX object CMakeFiles/cartographer.mapping.internal.2d.scan_matching.correlative_scan_matcher_test.dir/cartographer/mapping/internal/2d/scan_matching/correlative_scan_matcher_test.cc.o[0m
[274.279s] [ 73%] Built target cartographer.mapping.3d.hybrid_grid_test
[274.345s] [ 73%] [32m[1mLinking CXX executable cartographer.mapping.id_test[0m
[274.348s] [ 74%] [32mBuilding CXX object CMakeFiles/cartographer.mapping.internal.2d.scan_matching.fast_correlative_scan_matcher_2d_test.dir/cartographer/mapping/internal/2d/scan_matching/fast_correlative_scan_matcher_2d_test.cc.o[0m
[274.678s] [ 74%] Built target cartographer.mapping.id_test
[274.744s] [ 74%] [32mBuilding CXX object CMakeFiles/cartographer.mapping.internal.2d.scan_matching.interpolated_tsdf_2d_test.dir/cartographer/mapping/internal/2d/scan_matching/interpolated_tsdf_2d_test.cc.o[0m
[276.913s] [ 74%] [32m[1mLinking CXX executable cartographer.mapping.internal.2d.normal_estimation_2d_test[0m
[277.364s] [ 74%] Built target cartographer.mapping.internal.2d.normal_estimation_2d_test
[277.436s] [ 74%] [32mBuilding CXX object CMakeFiles/cartographer.mapping.internal.2d.scan_matching.occupied_space_cost_function_2d_test.dir/cartographer/mapping/internal/2d/scan_matching/occupied_space_cost_function_2d_test.cc.o[0m
[282.365s] [ 74%] [32m[1mLinking CXX executable cartographer.mapping.internal.2d.overlapping_submaps_trimmer_2d_test[0m
[282.984s] [ 74%] Built target cartographer.mapping.internal.2d.overlapping_submaps_trimmer_2d_test
[283.043s] [ 74%] [32mBuilding CXX object CMakeFiles/cartographer.mapping.internal.2d.scan_matching.real_time_correlative_scan_matcher_2d_test.dir/cartographer/mapping/internal/2d/scan_matching/real_time_correlative_scan_matcher_2d_test.cc.o[0m
[285.052s] [ 74%] [32m[1mLinking CXX executable cartographer.mapping.internal.2d.scan_matching.correlative_scan_matcher_test[0m
[285.415s] [ 74%] Built target cartographer.mapping.internal.2d.scan_matching.correlative_scan_matcher_test
[285.475s] [ 74%] [32mBuilding CXX object CMakeFiles/cartographer.mapping.internal.2d.scan_matching.tsdf_match_cost_function_2d_test.dir/cartographer/mapping/internal/2d/scan_matching/tsdf_match_cost_function_2d_test.cc.o[0m
[286.145s] [ 75%] [32m[1mLinking CXX executable cartographer.mapping.internal.2d.scan_matching.interpolated_tsdf_2d_test[0m
[286.615s] [ 75%] Built target cartographer.mapping.internal.2d.scan_matching.interpolated_tsdf_2d_test
[286.675s] [ 75%] [32mBuilding CXX object CMakeFiles/cartographer.mapping.internal.2d.tsd_value_converter_test.dir/cartographer/mapping/internal/2d/tsd_value_converter_test.cc.o[0m
[287.791s] [ 75%] [32m[1mLinking CXX executable cartographer.mapping.internal.2d.ray_to_pixel_mask_test[0m
[287.976s] [ 75%] [32m[1mLinking CXX executable cartographer.mapping.internal.2d.scan_matching.ceres_scan_matcher_2d_test[0m
[288.150s] [ 75%] Built target cartographer.mapping.internal.2d.ray_to_pixel_mask_test
[288.210s] [ 75%] [32mBuilding CXX object CMakeFiles/cartographer.mapping.internal.2d.tsdf_2d_test.dir/cartographer/mapping/internal/2d/tsdf_2d_test.cc.o[0m
[288.552s] [ 75%] Built target cartographer.mapping.internal.2d.scan_matching.ceres_scan_matcher_2d_test
[288.612s] [ 75%] [32mBuilding CXX object CMakeFiles/cartographer.mapping.internal.2d.tsdf_range_data_inserter_2d_test.dir/cartographer/mapping/internal/2d/tsdf_range_data_inserter_2d_test.cc.o[0m
[289.872s] [ 75%] [32m[1mLinking CXX executable cartographer.mapping.internal.2d.scan_matching.occupied_space_cost_function_2d_test[0m
[290.424s] [ 75%] Built target cartographer.mapping.internal.2d.scan_matching.occupied_space_cost_function_2d_test
[290.488s] [ 75%] [32mBuilding CXX object CMakeFiles/cartographer.mapping.internal.3d.local_trajectory_builder_3d_test.dir/cartographer/mapping/internal/3d/local_trajectory_builder_3d_test.cc.o[0m
[291.193s] [ 75%] [32m[1mLinking CXX executable cartographer.mapping.internal.2d.scan_matching.fast_correlative_scan_matcher_2d_test[0m
[291.683s] [ 75%] Built target cartographer.mapping.internal.2d.scan_matching.fast_correlative_scan_matcher_2d_test
[291.743s] [ 75%] [32mBuilding CXX object CMakeFiles/cartographer.mapping.internal.3d.pose_graph_3d_test.dir/cartographer/mapping/internal/3d/pose_graph_3d_test.cc.o[0m
[293.128s] [ 75%] [32m[1mLinking CXX executable cartographer.mapping.internal.2d.pose_graph_2d_test[0m
[293.924s] [ 75%] Built target cartographer.mapping.internal.2d.pose_graph_2d_test
[293.981s] [ 75%] [32mBuilding CXX object CMakeFiles/cartographer.mapping.internal.3d.rotation_parameterization_test.dir/cartographer/mapping/internal/3d/rotation_parameterization_test.cc.o[0m
[294.044s] [ 75%] [32m[1mLinking CXX executable cartographer.mapping.internal.3d.rotation_parameterization_test[0m
[294.381s] [ 75%] Built target cartographer.mapping.internal.3d.rotation_parameterization_test
[294.443s] [ 75%] [32mBuilding CXX object CMakeFiles/cartographer.mapping.internal.3d.scan_matching.ceres_scan_matcher_3d_test.dir/cartographer/mapping/internal/3d/scan_matching/ceres_scan_matcher_3d_test.cc.o[0m
[295.483s] [ 76%] [32m[1mLinking CXX executable cartographer.mapping.internal.2d.scan_matching.real_time_correlative_scan_matcher_2d_test[0m
[295.837s] [ 77%] [32m[1mLinking CXX executable cartographer.mapping.internal.2d.tsd_value_converter_test[0m
[295.975s] [ 77%] Built target cartographer.mapping.internal.2d.scan_matching.real_time_correlative_scan_matcher_2d_test
[296.034s] [ 77%] [32mBuilding CXX object CMakeFiles/cartographer.mapping.internal.3d.scan_matching.fast_correlative_scan_matcher_3d_test.dir/cartographer/mapping/internal/3d/scan_matching/fast_correlative_scan_matcher_3d_test.cc.o[0m
[296.186s] [ 77%] Built target cartographer.mapping.internal.2d.tsd_value_converter_test
[296.247s] [ 77%] [32mBuilding CXX object CMakeFiles/cartographer.mapping.internal.3d.scan_matching.intensity_cost_function_3d_test.dir/cartographer/mapping/internal/3d/scan_matching/intensity_cost_function_3d_test.cc.o[0m
[301.149s] [ 77%] [32m[1mLinking CXX executable cartographer.mapping.internal.2d.scan_matching.tsdf_match_cost_function_2d_test[0m
[301.279s] [ 77%] [32m[1mLinking CXX executable cartographer.mapping.internal.2d.tsdf_2d_test[0m
[301.714s] [ 77%] Built target cartographer.mapping.internal.2d.scan_matching.tsdf_match_cost_function_2d_test
[301.947s] [ 77%] Built target cartographer.mapping.internal.2d.tsdf_2d_test
[304.521s] [ 78%] [32m[1mLinking CXX executable cartographer.mapping.internal.2d.tsdf_range_data_inserter_2d_test[0m
[304.870s] [ 78%] Built target cartographer.mapping.internal.2d.tsdf_range_data_inserter_2d_test
[305.930s] [ 78%] [32mBuilding CXX object CMakeFiles/cartographer.mapping.internal.3d.scan_matching.real_time_correlative_scan_matcher_3d_test.dir/cartographer/mapping/internal/3d/scan_matching/real_time_correlative_scan_matcher_3d_test.cc.o[0m
[306.963s] [ 78%] [32mBuilding CXX object CMakeFiles/cartographer.mapping.internal.3d.scan_matching.precomputation_grid_3d_test.dir/cartographer/mapping/internal/3d/scan_matching/precomputation_grid_3d_test.cc.o[0m
[308.011s] [ 78%] [32mBuilding CXX object CMakeFiles/cartographer.mapping.internal.3d.scan_matching.interpolated_grid_test.dir/cartographer/mapping/internal/3d/scan_matching/interpolated_grid_test.cc.o[0m
[310.083s] [ 78%] [32m[1mLinking CXX executable cartographer.mapping.internal.3d.local_trajectory_builder_3d_test[0m
[310.291s] [ 79%] [32m[1mLinking CXX executable cartographer.mapping.internal.3d.scan_matching.intensity_cost_function_3d_test[0m
[310.655s] [ 79%] Built target cartographer.mapping.internal.3d.scan_matching.intensity_cost_function_3d_test
[310.811s] [ 79%] Built target cartographer.mapping.internal.3d.local_trajectory_builder_3d_test
[311.176s] [ 80%] [32m[1mLinking CXX executable cartographer.mapping.internal.3d.pose_graph_3d_test[0m
[311.338s] [ 81%] [32m[1mLinking CXX executable cartographer.mapping.internal.3d.scan_matching.ceres_scan_matcher_3d_test[0m
[311.789s] [ 81%] Built target cartographer.mapping.internal.3d.scan_matching.ceres_scan_matcher_3d_test
[311.878s] [ 81%] Built target cartographer.mapping.internal.3d.pose_graph_3d_test
[314.054s] [ 81%] [32m[1mLinking CXX executable cartographer.mapping.internal.3d.scan_matching.fast_correlative_scan_matcher_3d_test[0m
[314.337s] [ 81%] Built target cartographer.mapping.internal.3d.scan_matching.fast_correlative_scan_matcher_3d_test
[315.645s] [ 82%] [32m[1mLinking CXX executable cartographer.mapping.internal.3d.scan_matching.precomputation_grid_3d_test[0m
[315.843s] [ 82%] Built target cartographer.mapping.internal.3d.scan_matching.precomputation_grid_3d_test
[315.882s] [ 82%] [32mBuilding CXX object CMakeFiles/cartographer.mapping.internal.connected_components_test.dir/cartographer/mapping/internal/connected_components_test.cc.o[0m
[315.883s] [ 83%] [32mBuilding CXX object CMakeFiles/cartographer.mapping.internal.constraints.constraint_builder_2d_test.dir/cartographer/mapping/internal/constraints/constraint_builder_2d_test.cc.o[0m
[315.883s] [ 83%] [32mBuilding CXX object CMakeFiles/cartographer.mapping.internal.constraints.constraint_builder_3d_test.dir/cartographer/mapping/internal/constraints/constraint_builder_3d_test.cc.o[0m
[316.297s] [ 83%] [32m[1mLinking CXX executable cartographer.mapping.internal.3d.scan_matching.interpolated_grid_test[0m
[316.518s] [ 83%] Built target cartographer.mapping.internal.3d.scan_matching.interpolated_grid_test
[316.552s] [ 83%] [32mBuilding CXX object CMakeFiles/cartographer.mapping.internal.motion_filter_test.dir/cartographer/mapping/internal/motion_filter_test.cc.o[0m
[316.566s] [ 83%] [32mBuilding CXX object CMakeFiles/cartographer.mapping.internal.3d.scan_matching.rotational_scan_matcher_test.dir/cartographer/mapping/internal/3d/scan_matching/rotational_scan_matcher_test.cc.o[0m
[317.597s] [ 83%] [32mBuilding CXX object CMakeFiles/cartographer.mapping.internal.3d.scan_matching.rotation_delta_cost_functor_3d_test.dir/cartographer/mapping/internal/3d/scan_matching/rotation_delta_cost_functor_3d_test.cc.o[0m
[317.611s] [ 84%] [32mBuilding CXX object CMakeFiles/cartographer.mapping.internal.optimization.cost_functions.landmark_cost_function_2d_test.dir/cartographer/mapping/internal/optimization/cost_functions/landmark_cost_function_2d_test.cc.o[0m
[318.811s] [ 84%] [32m[1mLinking CXX executable cartographer.mapping.internal.3d.scan_matching.real_time_correlative_scan_matcher_3d_test[0m
[319.226s] [ 84%] Built target cartographer.mapping.internal.3d.scan_matching.real_time_correlative_scan_matcher_3d_test
[319.283s] [ 84%] [32mBuilding CXX object CMakeFiles/cartographer.mapping.internal.optimization.cost_functions.landmark_cost_function_3d_test.dir/cartographer/mapping/internal/optimization/cost_functions/landmark_cost_function_3d_test.cc.o[0m
[326.255s] [ 84%] [32m[1mLinking CXX executable cartographer.mapping.internal.motion_filter_test[0m
[326.535s] [ 85%] [32m[1mLinking CXX executable cartographer.mapping.internal.3d.scan_matching.rotation_delta_cost_functor_3d_test[0m
[326.702s] [ 85%] Built target cartographer.mapping.internal.motion_filter_test
[326.761s] [ 86%] [32mBuilding CXX object CMakeFiles/cartographer.mapping.internal.optimization.cost_functions.spa_cost_function_2d_test.dir/cartographer/mapping/internal/optimization/cost_functions/spa_cost_function_2d_test.cc.o[0m
[326.904s] [ 86%] [32m[1mLinking CXX executable cartographer.mapping.internal.3d.scan_matching.rotational_scan_matcher_test[0m
[327.012s] [ 86%] Built target cartographer.mapping.internal.3d.scan_matching.rotation_delta_cost_functor_3d_test
[327.160s] [ 86%] [32mBuilding CXX object CMakeFiles/cartographer.mapping.internal.optimization.optimization_problem_3d_test.dir/cartographer/mapping/internal/optimization/optimization_problem_3d_test.cc.o[0m
[327.512s] [ 86%] Built target cartographer.mapping.internal.3d.scan_matching.rotational_scan_matcher_test
[327.723s] [ 87%] [32mBuilding CXX object CMakeFiles/cartographer.mapping.internal.range_data_collator_test.dir/cartographer/mapping/internal/range_data_collator_test.cc.o[0m
[327.838s] [ 88%] [32m[1mLinking CXX executable cartographer.mapping.internal.connected_components_test[0m
[328.692s] [ 88%] Built target cartographer.mapping.internal.connected_components_test
[328.880s] [ 88%] [32mBuilding CXX object CMakeFiles/cartographer.mapping.internal.trajectory_connectivity_state_test.dir/cartographer/mapping/internal/trajectory_connectivity_state_test.cc.o[0m
[333.781s] [ 88%] [32m[1mLinking CXX executable cartographer.mapping.internal.constraints.constraint_builder_2d_test[0m
[334.563s] [ 88%] Built target cartographer.mapping.internal.constraints.constraint_builder_2d_test
[334.625s] [ 89%] [32mBuilding CXX object CMakeFiles/cartographer.mapping.map_builder_test.dir/cartographer/mapping/map_builder_test.cc.o[0m
[335.988s] [ 89%] [32m[1mLinking CXX executable cartographer.mapping.internal.constraints.constraint_builder_3d_test[0m
[336.765s] [ 89%] Built target cartographer.mapping.internal.constraints.constraint_builder_3d_test
[336.825s] [ 89%] [32mBuilding CXX object CMakeFiles/cartographer.mapping.pose_extrapolator_test.dir/cartographer/mapping/pose_extrapolator_test.cc.o[0m
[339.135s] [ 89%] [32m[1mLinking CXX executable cartographer.mapping.internal.optimization.cost_functions.landmark_cost_function_2d_test[0m
[339.499s] [ 89%] Built target cartographer.mapping.internal.optimization.cost_functions.landmark_cost_function_2d_test
[339.560s] [ 90%] [32mBuilding CXX object CMakeFiles/cartographer.mapping.pose_graph_test.dir/cartographer/mapping/pose_graph_test.cc.o[0m
[339.982s] [ 90%] [32m[1mLinking CXX executable cartographer.mapping.internal.optimization.cost_functions.landmark_cost_function_3d_test[0m
[340.336s] [ 90%] Built target cartographer.mapping.internal.optimization.cost_functions.landmark_cost_function_3d_test
[340.396s] [ 90%] [32mBuilding CXX object CMakeFiles/cartographer.mapping.pose_graph_trimmer_test.dir/cartographer/mapping/pose_graph_trimmer_test.cc.o[0m
[341.231s] [ 90%] [32m[1mLinking CXX executable cartographer.mapping.internal.trajectory_connectivity_state_test[0m
[341.685s] [ 90%] Built target cartographer.mapping.internal.trajectory_connectivity_state_test
[341.756s] [ 91%] [32mBuilding CXX object CMakeFiles/cartographer.mapping.probability_values_test.dir/cartographer/mapping/probability_values_test.cc.o[0m
[341.771s] [ 91%] [32m[1mLinking CXX executable cartographer.mapping.internal.range_data_collator_test[0m
[342.132s] [ 91%] Built target cartographer.mapping.internal.range_data_collator_test
[342.192s] [ 91%] [32mBuilding CXX object CMakeFiles/cartographer.mapping.submaps_test.dir/cartographer/mapping/submaps_test.cc.o[0m
[343.587s] [ 91%] [32m[1mLinking CXX executable cartographer.mapping.internal.optimization.optimization_problem_3d_test[0m
[344.283s] [ 91%] Built target cartographer.mapping.internal.optimization.optimization_problem_3d_test
[344.348s] [ 92%] [32mBuilding CXX object CMakeFiles/cartographer.mapping.trajectory_node_test.dir/cartographer/mapping/trajectory_node_test.cc.o[0m
[344.446s] [ 92%] [32m[1mLinking CXX executable cartographer.mapping.internal.optimization.cost_functions.spa_cost_function_2d_test[0m
[344.842s] [ 92%] Built target cartographer.mapping.internal.optimization.cost_functions.spa_cost_function_2d_test
[344.908s] [ 92%] [32mBuilding CXX object CMakeFiles/cartographer.mapping.value_conversion_tables_test.dir/cartographer/mapping/value_conversion_tables_test.cc.o[0m
[351.333s] [ 92%] [32m[1mLinking CXX executable cartographer.mapping.probability_values_test[0m
[351.480s] [ 92%] [32m[1mLinking CXX executable cartographer.mapping.value_conversion_tables_test[0m
[351.695s] [ 92%] Built target cartographer.mapping.probability_values_test
[351.757s] [ 93%] [32mBuilding CXX object CMakeFiles/cartographer.sensor.compressed_point_cloud_test.dir/cartographer/sensor/compressed_point_cloud_test.cc.o[0m
[351.829s] [ 93%] Built target cartographer.mapping.value_conversion_tables_test
[351.888s] [ 93%] [32mBuilding CXX object CMakeFiles/cartographer.sensor.internal.collator_test.dir/cartographer/sensor/internal/collator_test.cc.o[0m
[352.262s] [ 93%] [32m[1mLinking CXX executable cartographer.mapping.pose_graph_test[0m
[352.342s] [ 93%] [32m[1mLinking CXX executable cartographer.mapping.pose_graph_trimmer_test[0m
[352.725s] [ 93%] Built target cartographer.mapping.pose_graph_trimmer_test
[352.784s] [ 94%] [32mBuilding CXX object CMakeFiles/cartographer.sensor.internal.ordered_multi_queue_test.dir/cartographer/sensor/internal/ordered_multi_queue_test.cc.o[0m
[352.924s] [ 94%] [32m[1mLinking CXX executable cartographer.mapping.submaps_test[0m
[352.948s] [ 94%] Built target cartographer.mapping.pose_graph_test
[353.024s] [ 94%] [32mBuilding CXX object CMakeFiles/cartographer.sensor.internal.trajectory_collator_test.dir/cartographer/sensor/internal/trajectory_collator_test.cc.o[0m
[353.267s] [ 94%] Built target cartographer.mapping.submaps_test
[353.331s] [ 94%] [32mBuilding CXX object CMakeFiles/cartographer.sensor.internal.voxel_filter_test.dir/cartographer/sensor/internal/voxel_filter_test.cc.o[0m
[354.685s] [ 94%] [32m[1mLinking CXX executable cartographer.mapping.pose_extrapolator_test[0m
[355.047s] [ 94%] Built target cartographer.mapping.pose_extrapolator_test
[355.107s] [ 94%] [32mBuilding CXX object CMakeFiles/cartographer.sensor.landmark_data_test.dir/cartographer/sensor/landmark_data_test.cc.o[0m
[358.703s] [ 94%] [32m[1mLinking CXX executable cartographer.mapping.trajectory_node_test[0m
[359.145s] [ 94%] Built target cartographer.mapping.trajectory_node_test
[359.204s] [ 94%] [32mBuilding CXX object CMakeFiles/cartographer.sensor.map_by_time_test.dir/cartographer/sensor/map_by_time_test.cc.o[0m
[359.802s] [ 94%] [32m[1mLinking CXX executable cartographer.mapping.map_builder_test[0m
[360.880s] [ 94%] Built target cartographer.mapping.map_builder_test
[364.468s] [ 94%] [32m[1mLinking CXX executable cartographer.sensor.compressed_point_cloud_test[0m
[364.954s] [ 94%] Built target cartographer.sensor.compressed_point_cloud_test
[365.620s] [ 94%] [32m[1mLinking CXX executable cartographer.sensor.internal.ordered_multi_queue_test[0m
[365.774s] [ 94%] [32m[1mLinking CXX executable cartographer.sensor.internal.voxel_filter_test[0m
[365.978s] [ 94%] Built target cartographer.sensor.internal.ordered_multi_queue_test
[366.088s] [ 94%] Built target cartographer.sensor.internal.voxel_filter_test
[366.844s] [ 94%] [32m[1mLinking CXX executable cartographer.sensor.internal.collator_test[0m
[367.092s] [ 94%] Built target cartographer.sensor.internal.collator_test
[367.469s] [ 95%] [32m[1mLinking CXX executable cartographer.sensor.internal.trajectory_collator_test[0m
[367.484s] [ 95%] [32m[1mLinking CXX executable cartographer.sensor.map_by_time_test[0m
[367.701s] [ 95%] Built target cartographer.sensor.internal.trajectory_collator_test
[367.705s] [ 95%] Built target cartographer.sensor.map_by_time_test
[369.530s] [ 96%] [32m[1mLinking CXX executable cartographer.sensor.landmark_data_test[0m
[369.754s] [ 96%] Built target cartographer.sensor.landmark_data_test
[369.790s] [ 96%] [32mBuilding CXX object CMakeFiles/cartographer.transform.transform_test.dir/cartographer/transform/transform_test.cc.o[0m
[369.790s] [ 96%] [32mBuilding CXX object CMakeFiles/cartographer.transform.transform_interpolation_buffer_test.dir/cartographer/transform/transform_interpolation_buffer_test.cc.o[0m
[376.841s] [ 97%] [32m[1mLinking CXX executable cartographer.transform.transform_interpolation_buffer_test[0m
[376.861s] [ 97%] [32m[1mLinking CXX executable cartographer.transform.transform_test[0m
[377.071s] [ 97%] Built target cartographer.transform.transform_test
[377.091s] [ 97%] Built target cartographer.transform.transform_interpolation_buffer_test
[377.112s] [ 97%] [32mBuilding CXX object CMakeFiles/cartographer.sensor.point_cloud_test.dir/cartographer/sensor/point_cloud_test.cc.o[0m
[377.112s] [ 97%] [32mBuilding CXX object CMakeFiles/cartographer.transform.rigid_transform_test.dir/cartographer/transform/rigid_transform_test.cc.o[0m
[377.117s] [ 97%] [32mBuilding CXX object CMakeFiles/cartographer.transform.timestamped_transform_test.dir/cartographer/transform/timestamped_transform_test.cc.o[0m
[377.117s] [ 97%] [32mBuilding CXX object CMakeFiles/cartographer.sensor.range_data_test.dir/cartographer/sensor/range_data_test.cc.o[0m
[384.533s] [ 97%] [32m[1mLinking CXX executable cartographer.sensor.range_data_test[0m
[384.748s] [ 97%] [32m[1mLinking CXX executable cartographer.transform.timestamped_transform_test[0m
[384.754s] [ 97%] Built target cartographer.sensor.range_data_test
[385.006s] [ 97%] Built target cartographer.transform.timestamped_transform_test
[386.095s] [ 98%] [32m[1mLinking CXX executable cartographer.sensor.point_cloud_test[0m
[386.289s] [ 98%] Built target cartographer.sensor.point_cloud_test
[389.325s] [100%] [32m[1mLinking CXX executable cartographer.transform.rigid_transform_test[0m
[389.512s] [100%] Built target cartographer.transform.rigid_transform_test
[389.532s] Invoked command in '/home/user/cartographer_ws/build/cartographer' returned '0': CMAKE_PREFIX_PATH=${CMAKE_PREFIX_PATH}:/home/user/slam_ws/install/turtlebot3_teleop:/home/user/slam_ws/install/turtlebot3_example:/opt/ros/humble /usr/bin/cmake --build /home/user/cartographer_ws/build/cartographer -- -j8 -l8
[391.005s] Invoking command in '/home/user/cartographer_ws/build/cartographer': CMAKE_PREFIX_PATH=${CMAKE_PREFIX_PATH}:/home/user/slam_ws/install/turtlebot3_teleop:/home/user/slam_ws/install/turtlebot3_example:/opt/ros/humble /usr/bin/cmake --install /home/user/cartographer_ws/build/cartographer
[391.019s] -- Install configuration: "Release"
[391.019s] -- Installing: /home/user/cartographer_ws/install/cartographer/share/cartographer/package.xml
[391.020s] -- Installing: /home/user/cartographer_ws/install/cartographer/share/cartographer//configuration_files
[391.020s] -- Installing: /home/user/cartographer_ws/install/cartographer/share/cartographer//configuration_files/trajectory_builder_2d.lua
[391.021s] -- Installing: /home/user/cartographer_ws/install/cartographer/share/cartographer//configuration_files/trajectory_builder.lua
[391.021s] -- Installing: /home/user/cartographer_ws/install/cartographer/share/cartographer//configuration_files/map_builder_server.lua
[391.022s] -- Installing: /home/user/cartographer_ws/install/cartographer/share/cartographer//configuration_files/trajectory_builder_3d.lua
[391.022s] -- Installing: /home/user/cartographer_ws/install/cartographer/share/cartographer//configuration_files/map_builder.lua
[391.022s] -- Installing: /home/user/cartographer_ws/install/cartographer/share/cartographer//configuration_files/pose_graph.lua
[391.022s] -- Installing: /home/user/cartographer_ws/install/cartographer/share/cartographer//cmake
[391.023s] -- Installing: /home/user/cartographer_ws/install/cartographer/share/cartographer//cmake/functions.cmake
[391.023s] -- Installing: /home/user/cartographer_ws/install/cartographer/share/cartographer//cmake/modules
[391.023s] -- Installing: /home/user/cartographer_ws/install/cartographer/share/cartographer//cmake/modules/FindEigen3.cmake
[391.023s] -- Installing: /home/user/cartographer_ws/install/cartographer/share/cartographer//cmake/modules/FindLuaGoogle.cmake
[391.023s] -- Installing: /home/user/cartographer_ws/install/cartographer/share/cartographer//cmake/modules/FindSphinx.cmake
[391.024s] -- Installing: /home/user/cartographer_ws/install/cartographer/share/cartographer//cmake/modules/FindGMock.cmake
[391.024s] -- Installing: /home/user/cartographer_ws/install/cartographer/bin/cartographer_autogenerate_ground_truth
[391.026s] -- Installing: /home/user/cartographer_ws/install/cartographer/bin/cartographer_compute_relations_metrics
[391.029s] -- Installing: /home/user/cartographer_ws/install/cartographer/bin/cartographer_pbstream
[391.035s] -- Installing: /home/user/cartographer_ws/install/cartographer/bin/cartographer_print_configuration
[391.035s] -- Installing: /home/user/cartographer_ws/install/cartographer/lib/libcartographer.a
[391.047s] -- Installing: /home/user/cartographer_ws/install/cartographer/include/cartographer/common/configuration_file_resolver.h
[391.048s] -- Installing: /home/user/cartographer_ws/install/cartographer/include/cartographer/common/fixed_ratio_sampler.h
[391.048s] -- Installing: /home/user/cartographer_ws/install/cartographer/include/cartographer/common/histogram.h
[391.048s] -- Installing: /home/user/cartographer_ws/install/cartographer/include/cartographer/common/lua.h
[391.048s] -- Installing: /home/user/cartographer_ws/install/cartographer/include/cartographer/common/lua_parameter_dictionary.h
[391.048s] -- Installing: /home/user/cartographer_ws/install/cartographer/include/cartographer/common/math.h
[391.049s] -- Installing: /home/user/cartographer_ws/install/cartographer/include/cartographer/common/port.h
[391.049s] -- Installing: /home/user/cartographer_ws/install/cartographer/include/cartographer/common/task.h
[391.049s] -- Installing: /home/user/cartographer_ws/install/cartographer/include/cartographer/common/thread_pool.h
[391.049s] -- Installing: /home/user/cartographer_ws/install/cartographer/include/cartographer/common/time.h
[391.050s] -- Installing: /home/user/cartographer_ws/install/cartographer/include/cartographer/ground_truth/autogenerate_ground_truth.h
[391.050s] -- Installing: /home/user/cartographer_ws/install/cartographer/include/cartographer/ground_truth/relations_text_file.h
[391.051s] -- Installing: /home/user/cartographer_ws/install/cartographer/include/cartographer/io/color.h
[391.051s] -- Installing: /home/user/cartographer_ws/install/cartographer/include/cartographer/io/coloring_points_processor.h
[391.051s] -- Installing: /home/user/cartographer_ws/install/cartographer/include/cartographer/io/counting_points_processor.h
[391.052s] -- Installing: /home/user/cartographer_ws/install/cartographer/include/cartographer/io/draw_trajectories.h
[391.052s] -- Installing: /home/user/cartographer_ws/install/cartographer/include/cartographer/io/file_writer.h
[391.052s] -- Installing: /home/user/cartographer_ws/install/cartographer/include/cartographer/io/fixed_ratio_sampling_points_processor.h
[391.052s] -- Installing: /home/user/cartographer_ws/install/cartographer/include/cartographer/io/frame_id_filtering_points_processor.h
[391.053s] -- Installing: /home/user/cartographer_ws/install/cartographer/include/cartographer/io/hybrid_grid_points_processor.h
[391.053s] -- Installing: /home/user/cartographer_ws/install/cartographer/include/cartographer/io/image.h
[391.053s] -- Installing: /home/user/cartographer_ws/install/cartographer/include/cartographer/io/intensity_to_color_points_processor.h
[391.053s] -- Installing: /home/user/cartographer_ws/install/cartographer/include/cartographer/io/min_max_range_filtering_points_processor.h
[391.054s] -- Installing: /home/user/cartographer_ws/install/cartographer/include/cartographer/io/null_points_processor.h
[391.054s] -- Installing: /home/user/cartographer_ws/install/cartographer/include/cartographer/io/outlier_removing_points_processor.h
[391.054s] -- Installing: /home/user/cartographer_ws/install/cartographer/include/cartographer/io/pcd_writing_points_processor.h
[391.054s] -- Installing: /home/user/cartographer_ws/install/cartographer/include/cartographer/io/ply_writing_points_processor.h
[391.054s] -- Installing: /home/user/cartographer_ws/install/cartographer/include/cartographer/io/points_batch.h
[391.055s] -- Installing: /home/user/cartographer_ws/install/cartographer/include/cartographer/io/points_processor.h
[391.055s] -- Installing: /home/user/cartographer_ws/install/cartographer/include/cartographer/io/points_processor_pipeline_builder.h
[391.055s] -- Installing: /home/user/cartographer_ws/install/cartographer/include/cartographer/io/probability_grid_points_processor.h
[391.055s] -- Installing: /home/user/cartographer_ws/install/cartographer/include/cartographer/io/proto_stream.h
[391.056s] -- Installing: /home/user/cartographer_ws/install/cartographer/include/cartographer/io/proto_stream_deserializer.h
[391.056s] -- Installing: /home/user/cartographer_ws/install/cartographer/include/cartographer/io/proto_stream_interface.h
[391.056s] -- Installing: /home/user/cartographer_ws/install/cartographer/include/cartographer/io/serialization_format_migration.h
[391.056s] -- Installing: /home/user/cartographer_ws/install/cartographer/include/cartographer/io/submap_painter.h
[391.057s] -- Installing: /home/user/cartographer_ws/install/cartographer/include/cartographer/io/vertical_range_filtering_points_processor.h
[391.057s] -- Installing: /home/user/cartographer_ws/install/cartographer/include/cartographer/io/xray_points_processor.h
[391.057s] -- Installing: /home/user/cartographer_ws/install/cartographer/include/cartographer/io/xyz_writing_points_processor.h
[391.058s] -- Installing: /home/user/cartographer_ws/install/cartographer/include/cartographer/mapping/2d/grid_2d.h
[391.058s] -- Installing: /home/user/cartographer_ws/install/cartographer/include/cartographer/mapping/2d/map_limits.h
[391.058s] -- Installing: /home/user/cartographer_ws/install/cartographer/include/cartographer/mapping/2d/probability_grid.h
[391.058s] -- Installing: /home/user/cartographer_ws/install/cartographer/include/cartographer/mapping/2d/probability_grid_range_data_inserter_2d.h
[391.058s] -- Installing: /home/user/cartographer_ws/install/cartographer/include/cartographer/mapping/2d/submap_2d.h
[391.059s] -- Installing: /home/user/cartographer_ws/install/cartographer/include/cartographer/mapping/2d/xy_index.h
[391.059s] -- Installing: /home/user/cartographer_ws/install/cartographer/include/cartographer/mapping/3d/hybrid_grid.h
[391.059s] -- Installing: /home/user/cartographer_ws/install/cartographer/include/cartographer/mapping/3d/range_data_inserter_3d.h
[391.060s] -- Installing: /home/user/cartographer_ws/install/cartographer/include/cartographer/mapping/3d/submap_3d.h
[391.060s] -- Installing: /home/user/cartographer_ws/install/cartographer/include/cartographer/mapping/detect_floors.h
[391.060s] -- Installing: /home/user/cartographer_ws/install/cartographer/include/cartographer/mapping/grid_interface.h
[391.060s] -- Installing: /home/user/cartographer_ws/install/cartographer/include/cartographer/mapping/id.h
[391.061s] -- Installing: /home/user/cartographer_ws/install/cartographer/include/cartographer/mapping/imu_tracker.h
[391.061s] -- Installing: /home/user/cartographer_ws/install/cartographer/include/cartographer/mapping/map_builder.h
[391.061s] -- Installing: /home/user/cartographer_ws/install/cartographer/include/cartographer/mapping/map_builder_interface.h
[391.061s] -- Installing: /home/user/cartographer_ws/install/cartographer/include/cartographer/mapping/pose_extrapolator.h
[391.062s] -- Installing: /home/user/cartographer_ws/install/cartographer/include/cartographer/mapping/pose_extrapolator_interface.h
[391.062s] -- Installing: /home/user/cartographer_ws/install/cartographer/include/cartographer/mapping/pose_graph.h
[391.062s] -- Installing: /home/user/cartographer_ws/install/cartographer/include/cartographer/mapping/pose_graph_interface.h
[391.062s] -- Installing: /home/user/cartographer_ws/install/cartographer/include/cartographer/mapping/pose_graph_trimmer.h
[391.063s] -- Installing: /home/user/cartographer_ws/install/cartographer/include/cartographer/mapping/probability_values.h
[391.063s] -- Installing: /home/user/cartographer_ws/install/cartographer/include/cartographer/mapping/range_data_inserter_interface.h
[391.063s] -- Installing: /home/user/cartographer_ws/install/cartographer/include/cartographer/mapping/submaps.h
[391.064s] -- Installing: /home/user/cartographer_ws/install/cartographer/include/cartographer/mapping/trajectory_builder_interface.h
[391.064s] -- Installing: /home/user/cartographer_ws/install/cartographer/include/cartographer/mapping/trajectory_node.h
[391.064s] -- Installing: /home/user/cartographer_ws/install/cartographer/include/cartographer/mapping/value_conversion_tables.h
[391.064s] -- Installing: /home/user/cartographer_ws/install/cartographer/include/cartographer/metrics/counter.h
[391.065s] -- Installing: /home/user/cartographer_ws/install/cartographer/include/cartographer/metrics/family_factory.h
[391.065s] -- Installing: /home/user/cartographer_ws/install/cartographer/include/cartographer/metrics/gauge.h
[391.065s] -- Installing: /home/user/cartographer_ws/install/cartographer/include/cartographer/metrics/histogram.h
[391.066s] -- Installing: /home/user/cartographer_ws/install/cartographer/include/cartographer/metrics/register.h
[391.066s] -- Installing: /home/user/cartographer_ws/install/cartographer/include/cartographer/sensor/collator_interface.h
[391.066s] -- Installing: /home/user/cartographer_ws/install/cartographer/include/cartographer/sensor/compressed_point_cloud.h
[391.067s] -- Installing: /home/user/cartographer_ws/install/cartographer/include/cartographer/sensor/data.h
[391.067s] -- Installing: /home/user/cartographer_ws/install/cartographer/include/cartographer/sensor/fixed_frame_pose_data.h
[391.067s] -- Installing: /home/user/cartographer_ws/install/cartographer/include/cartographer/sensor/imu_data.h
[391.067s] -- Installing: /home/user/cartographer_ws/install/cartographer/include/cartographer/sensor/landmark_data.h
[391.068s] -- Installing: /home/user/cartographer_ws/install/cartographer/include/cartographer/sensor/map_by_time.h
[391.068s] -- Installing: /home/user/cartographer_ws/install/cartographer/include/cartographer/sensor/odometry_data.h
[391.068s] -- Installing: /home/user/cartographer_ws/install/cartographer/include/cartographer/sensor/point_cloud.h
[391.068s] -- Installing: /home/user/cartographer_ws/install/cartographer/include/cartographer/sensor/range_data.h
[391.068s] -- Installing: /home/user/cartographer_ws/install/cartographer/include/cartographer/sensor/rangefinder_point.h
[391.069s] -- Installing: /home/user/cartographer_ws/install/cartographer/include/cartographer/sensor/timed_point_cloud_data.h
[391.069s] -- Installing: /home/user/cartographer_ws/install/cartographer/include/cartographer/transform/rigid_transform.h
[391.069s] -- Installing: /home/user/cartographer_ws/install/cartographer/include/cartographer/transform/timestamped_transform.h
[391.069s] -- Installing: /home/user/cartographer_ws/install/cartographer/include/cartographer/transform/transform.h
[391.070s] -- Installing: /home/user/cartographer_ws/install/cartographer/include/cartographer/transform/transform_interpolation_buffer.h
[391.070s] -- Installing: /home/user/cartographer_ws/install/cartographer/include/cartographer/io/fake_file_writer.h
[391.070s] -- Installing: /home/user/cartographer_ws/install/cartographer/include/cartographer/transform/rigid_transform_test_helpers.h
[391.070s] -- Installing: /home/user/cartographer_ws/install/cartographer/include/cartographer/common/proto/ceres_solver_options.pb.h
[391.070s] -- Installing: /home/user/cartographer_ws/install/cartographer/include/cartographer/ground_truth/proto/relations.pb.h
[391.071s] -- Installing: /home/user/cartographer_ws/install/cartographer/include/cartographer/mapping/proto/cell_limits_2d.pb.h
[391.071s] -- Installing: /home/user/cartographer_ws/install/cartographer/include/cartographer/mapping/proto/connected_components.pb.h
[391.071s] -- Installing: /home/user/cartographer_ws/install/cartographer/include/cartographer/mapping/proto/grid_2d.pb.h
[391.072s] -- Installing: /home/user/cartographer_ws/install/cartographer/include/cartographer/mapping/proto/grid_2d_options.pb.h
[391.072s] -- Installing: /home/user/cartographer_ws/install/cartographer/include/cartographer/mapping/proto/hybrid_grid.pb.h
[391.072s] -- Installing: /home/user/cartographer_ws/install/cartographer/include/cartographer/mapping/proto/local_trajectory_builder_options_2d.pb.h
[391.073s] -- Installing: /home/user/cartographer_ws/install/cartographer/include/cartographer/mapping/proto/local_trajectory_builder_options_3d.pb.h
[391.073s] -- Installing: /home/user/cartographer_ws/install/cartographer/include/cartographer/mapping/proto/map_builder_options.pb.h
[391.073s] -- Installing: /home/user/cartographer_ws/install/cartographer/include/cartographer/mapping/proto/map_limits.pb.h
[391.073s] -- Installing: /home/user/cartographer_ws/install/cartographer/include/cartographer/mapping/proto/motion_filter_options.pb.h
[391.074s] -- Installing: /home/user/cartographer_ws/install/cartographer/include/cartographer/mapping/proto/normal_estimation_options_2d.pb.h
[391.074s] -- Installing: /home/user/cartographer_ws/install/cartographer/include/cartographer/mapping/proto/pose_extrapolator_options.pb.h
[391.074s] -- Installing: /home/user/cartographer_ws/install/cartographer/include/cartographer/mapping/proto/pose_graph.pb.h
[391.075s] -- Installing: /home/user/cartographer_ws/install/cartographer/include/cartographer/mapping/proto/pose_graph/constraint_builder_options.pb.h
[391.075s] -- Installing: /home/user/cartographer_ws/install/cartographer/include/cartographer/mapping/proto/pose_graph/optimization_problem_options.pb.h
[391.075s] -- Installing: /home/user/cartographer_ws/install/cartographer/include/cartographer/mapping/proto/pose_graph_options.pb.h
[391.076s] -- Installing: /home/user/cartographer_ws/install/cartographer/include/cartographer/mapping/proto/probability_grid.pb.h
[391.076s] -- Installing: /home/user/cartographer_ws/install/cartographer/include/cartographer/mapping/proto/probability_grid_range_data_inserter_options_2d.pb.h
[391.076s] -- Installing: /home/user/cartographer_ws/install/cartographer/include/cartographer/mapping/proto/range_data_inserter_options.pb.h
[391.076s] -- Installing: /home/user/cartographer_ws/install/cartographer/include/cartographer/mapping/proto/range_data_inserter_options_3d.pb.h
[391.077s] -- Installing: /home/user/cartographer_ws/install/cartographer/include/cartographer/mapping/proto/scan_matching/ceres_scan_matcher_options_2d.pb.h
[391.077s] -- Installing: /home/user/cartographer_ws/install/cartographer/include/cartographer/mapping/proto/scan_matching/ceres_scan_matcher_options_3d.pb.h
[391.077s] -- Installing: /home/user/cartographer_ws/install/cartographer/include/cartographer/mapping/proto/scan_matching/fast_correlative_scan_matcher_options_2d.pb.h
[391.077s] -- Installing: /home/user/cartographer_ws/install/cartographer/include/cartographer/mapping/proto/scan_matching/fast_correlative_scan_matcher_options_3d.pb.h
[391.078s] -- Installing: /home/user/cartographer_ws/install/cartographer/include/cartographer/mapping/proto/scan_matching/real_time_correlative_scan_matcher_options.pb.h
[391.078s] -- Installing: /home/user/cartographer_ws/install/cartographer/include/cartographer/mapping/proto/serialization.pb.h
[391.078s] -- Installing: /home/user/cartographer_ws/install/cartographer/include/cartographer/mapping/proto/submap.pb.h
[391.079s] -- Installing: /home/user/cartographer_ws/install/cartographer/include/cartographer/mapping/proto/submap_visualization.pb.h
[391.079s] -- Installing: /home/user/cartographer_ws/install/cartographer/include/cartographer/mapping/proto/submaps_options_2d.pb.h
[391.079s] -- Installing: /home/user/cartographer_ws/install/cartographer/include/cartographer/mapping/proto/submaps_options_3d.pb.h
[391.080s] -- Installing: /home/user/cartographer_ws/install/cartographer/include/cartographer/mapping/proto/trajectory.pb.h
[391.080s] -- Installing: /home/user/cartographer_ws/install/cartographer/include/cartographer/mapping/proto/trajectory_builder_options.pb.h
[391.080s] -- Installing: /home/user/cartographer_ws/install/cartographer/include/cartographer/mapping/proto/trajectory_node_data.pb.h
[391.080s] -- Installing: /home/user/cartographer_ws/install/cartographer/include/cartographer/mapping/proto/tsdf_2d.pb.h
[391.081s] -- Installing: /home/user/cartographer_ws/install/cartographer/include/cartographer/mapping/proto/tsdf_range_data_inserter_options_2d.pb.h
[391.081s] -- Installing: /home/user/cartographer_ws/install/cartographer/include/cartographer/sensor/proto/adaptive_voxel_filter_options.pb.h
[391.082s] -- Installing: /home/user/cartographer_ws/install/cartographer/include/cartographer/sensor/proto/sensor.pb.h
[391.082s] -- Installing: /home/user/cartographer_ws/install/cartographer/include/cartographer/transform/proto/timestamped_transform.pb.h
[391.082s] -- Installing: /home/user/cartographer_ws/install/cartographer/include/cartographer/transform/proto/transform.pb.h
[391.083s] -- Installing: /home/user/cartographer_ws/install/cartographer/share/cartographer/cmake/CartographerTargets.cmake
[391.083s] -- Installing: /home/user/cartographer_ws/install/cartographer/share/cartographer/cmake/CartographerTargets-release.cmake
[391.083s] -- Installing: /home/user/cartographer_ws/install/cartographer/share/cartographer/cartographer-config.cmake
[391.086s] Invoked command in '/home/user/cartographer_ws/build/cartographer' returned '0': CMAKE_PREFIX_PATH=${CMAKE_PREFIX_PATH}:/home/user/slam_ws/install/turtlebot3_teleop:/home/user/slam_ws/install/turtlebot3_example:/opt/ros/humble /usr/bin/cmake --install /home/user/cartographer_ws/build/cartographer
