[0.022s] Invoking command in '/home/user/cartographer_ws/build/cartographer': CMAKE_PREFIX_PATH=${CMAKE_PREFIX_PATH}:/opt/ros/humble /usr/bin/cmake --build /home/user/cartographer_ws/build/cartographer -- -j8 -l8
[0.142s] [  0%] [34m[1mBuilding documentation.[0m
[0.154s] [  1%] Built target gtest
[0.194s] [  1%] Built target cartographer_detect_changes
[0.224s] [  2%] Built target gmock
[0.314s] [  2%] Built target gmock_main
[0.699s] [ 55%] Built target cartographer
[0.765s] [ 56%] Built target cartographer_pbstream
[0.772s] [ 56%] Built target cartographer_print_configuration
[0.774s] [ 56%] Built target cartographer_compute_relations_metrics
[0.774s] [ 57%] Built target cartographer_autogenerate_ground_truth
[0.788s] [ 58%] Built target cartographer_test_library
[0.861s] [ 59%] Built target cartographer.common.internal.blocking_queue_test
[0.864s] [ 60%] Built target cartographer.common.internal.rate_timer_test
[0.866s] [ 60%] Built target cartographer.common.fixed_ratio_sampler_test
[0.876s] [ 60%] Built target cartographer.common.task_test
[0.876s] [ 60%] Built target cartographer.common.lua_parameter_dictionary_test
[0.877s] [ 60%] Built target cartographer.common.configuration_files_test
[0.878s] [ 61%] Built target cartographer.common.math_test
[0.932s] [ 62%] Built target cartographer.common.thread_pool_test
[0.944s] [ 62%] Built target cartographer.io.fake_file_writer_test
[0.962s] [01mRunning Sphinx v4.3.2[39;49;00m
[0.965s] [ 63%] Built target cartographer.io.internal.in_memory_proto_stream_test
[0.977s] [ 63%] Built target cartographer.io.proto_stream_deserializer_test
[0.987s] [ 64%] Built target cartographer.io.proto_stream_test
[0.991s] [ 65%] Built target cartographer.io.probability_grid_points_processor_test
[0.996s] [ 65%] Built target cartographer.io.points_processor_pipeline_builder_test
[1.031s] [ 65%] Built target cartographer.io.serialization_format_migration_test
[1.039s] [ 66%] Built target cartographer.mapping.2d.map_limits_test
[1.063s] [ 66%] Built target cartographer.mapping.2d.probability_grid_test
[1.082s] [ 67%] Built target cartographer.mapping.2d.range_data_inserter_2d_test
[1.083s] [ 67%] Built target cartographer.mapping.2d.submap_2d_test
[1.094s] [ 67%] Built target cartographer.mapping.3d.hybrid_grid_test
[1.118s] [ 68%] Built target cartographer.mapping.3d.range_data_inserter_3d_test
[1.124s] [ 69%] Built target cartographer.mapping.2d.xy_index_test
[1.155s] [ 70%] Built target cartographer.mapping.id_test
[1.169s] [ 70%] Built target cartographer.mapping.3d.submap_3d_test
[1.184s] [ 71%] Built target cartographer.mapping.internal.2d.normal_estimation_2d_test
[1.194s] [ 71%] Built target cartographer.mapping.imu_tracker_test
[1.222s] [ 72%] Built target cartographer.mapping.internal.2d.pose_graph_2d_test
[1.228s] [ 72%] Built target cartographer.mapping.internal.2d.overlapping_submaps_trimmer_2d_test
[1.235s] [ 72%] Built target cartographer.mapping.internal.2d.ray_to_pixel_mask_test
[1.254s] [ 73%] Built target cartographer.mapping.internal.2d.scan_matching.ceres_scan_matcher_2d_test
[1.286s] [ 73%] Built target cartographer.mapping.internal.2d.scan_matching.correlative_scan_matcher_test
[1.324s] [ 74%] Built target cartographer.mapping.internal.2d.scan_matching.fast_correlative_scan_matcher_2d_test
[1.336s] [ 75%] Built target cartographer.mapping.internal.2d.scan_matching.interpolated_tsdf_2d_test
[1.347s] [ 75%] Built target cartographer.mapping.internal.2d.scan_matching.occupied_space_cost_function_2d_test
[1.351s] [ 76%] Built target cartographer.mapping.internal.2d.tsd_value_converter_test
[1.363s] [ 76%] Built target cartographer.mapping.internal.2d.scan_matching.tsdf_match_cost_function_2d_test
[1.367s] [ 77%] Built target cartographer.mapping.internal.2d.scan_matching.real_time_correlative_scan_matcher_2d_test
[1.380s] [01mloading pickled environment... [39;49;00mdone
[1.391s] [01mbuilding [mo]: [39;49;00mtargets for 0 po files that are out of date
[1.393s] [ 77%] Built target cartographer.mapping.internal.2d.tsdf_2d_test
[1.395s] [01mbuilding [html]: [39;49;00mtargets for 0 source files that are out of date
[1.398s] [01mupdating environment: [39;49;00m0 added, 0 changed, 0 removed
[1.400s] [01mlooking for now-outdated files... [39;49;00mnone found
[1.400s] [01mno targets are out of date.[39;49;00m
[1.401s] [01mbuild succeeded.[39;49;00m
[1.401s] 
[1.401s] The HTML pages are in html.
[1.431s] [ 77%] Built target cartographer.mapping.internal.3d.local_trajectory_builder_3d_test
[1.462s] [ 77%] Built target cartographer.mapping.internal.3d.rotation_parameterization_test
[1.465s] [ 78%] Built target cartographer.mapping.internal.2d.tsdf_range_data_inserter_2d_test
[1.465s] [ 79%] Built target cartographer.mapping.internal.3d.pose_graph_3d_test
[1.483s] [ 80%] Built target cartographer.mapping.internal.3d.scan_matching.ceres_scan_matcher_3d_test
[1.487s] [ 81%] Built target cartographer.mapping.internal.3d.scan_matching.intensity_cost_function_3d_test
[1.489s] [ 81%] Built target cartographer.mapping.internal.3d.scan_matching.fast_correlative_scan_matcher_3d_test
[1.568s] [ 81%] Built target cartographer.mapping.internal.3d.scan_matching.interpolated_grid_test
[1.571s] [ 82%] Built target cartographer.mapping.internal.3d.scan_matching.precomputation_grid_3d_test
[1.578s] [ 83%] Built target cartographer.mapping.internal.3d.scan_matching.rotation_delta_cost_functor_3d_test
[1.585s] [ 83%] Built target cartographer.mapping.internal.3d.scan_matching.real_time_correlative_scan_matcher_3d_test
[1.592s] [ 83%] Built target cartographer.mapping.internal.3d.scan_matching.rotational_scan_matcher_test
[1.593s] [ 84%] Built target cartographer.mapping.internal.connected_components_test
[1.600s] [ 84%] Built target build_doc
[1.614s] [ 84%] Built target cartographer.mapping.internal.constraints.constraint_builder_2d_test
[1.682s] [ 85%] Built target cartographer.mapping.internal.constraints.constraint_builder_3d_test
[1.684s] [ 86%] Built target cartographer.mapping.internal.optimization.cost_functions.landmark_cost_function_2d_test
[1.690s] [ 86%] Built target cartographer.mapping.internal.motion_filter_test
[1.702s] [ 86%] Built target cartographer.mapping.internal.optimization.cost_functions.landmark_cost_function_3d_test
[1.703s] [ 87%] Built target cartographer.mapping.internal.range_data_collator_test
[1.703s] [ 88%] Built target cartographer.mapping.internal.optimization.cost_functions.spa_cost_function_2d_test
[1.725s] [ 88%] Built target cartographer.mapping.internal.optimization.optimization_problem_3d_test
[1.740s] [ 88%] Built target cartographer.mapping.internal.trajectory_connectivity_state_test
[1.774s] [ 89%] Built target cartographer.mapping.map_builder_test
[1.792s] [ 90%] Built target cartographer.mapping.pose_graph_test
[1.804s] [ 90%] Built target cartographer.mapping.pose_extrapolator_test
[1.809s] [ 90%] Built target cartographer.mapping.pose_graph_trimmer_test
[1.814s] [ 90%] Built target cartographer.mapping.submaps_test
[1.818s] [ 91%] Built target cartographer.mapping.trajectory_node_test
[1.843s] [ 92%] Built target cartographer.mapping.probability_values_test
[1.855s] [ 92%] Built target cartographer.mapping.value_conversion_tables_test
[1.916s] [ 93%] Built target cartographer.sensor.compressed_point_cloud_test
[1.926s] [ 93%] Built target cartographer.sensor.internal.collator_test
[1.928s] [ 94%] Built target cartographer.sensor.internal.trajectory_collator_test
[1.930s] [ 95%] Built target cartographer.sensor.internal.ordered_multi_queue_test
[1.935s] [ 96%] Built target cartographer.sensor.landmark_data_test
[1.944s] [ 96%] Built target cartographer.sensor.internal.voxel_filter_test
[1.947s] [ 96%] Built target cartographer.sensor.map_by_time_test
[1.958s] [ 97%] Built target cartographer.sensor.point_cloud_test
[2.023s] [ 97%] Built target cartographer.sensor.range_data_test
[2.028s] [ 98%] Built target cartographer.transform.rigid_transform_test
[2.029s] [ 98%] Built target cartographer.transform.timestamped_transform_test
[2.031s] [100%] Built target cartographer.transform.transform_interpolation_buffer_test
[2.042s] [100%] Built target cartographer.transform.transform_test
[2.068s] Invoked command in '/home/user/cartographer_ws/build/cartographer' returned '0': CMAKE_PREFIX_PATH=${CMAKE_PREFIX_PATH}:/opt/ros/humble /usr/bin/cmake --build /home/user/cartographer_ws/build/cartographer -- -j8 -l8
[3.632s] Invoking command in '/home/user/cartographer_ws/build/cartographer': CMAKE_PREFIX_PATH=${CMAKE_PREFIX_PATH}:/opt/ros/humble /usr/bin/cmake --install /home/user/cartographer_ws/build/cartographer
[3.646s] -- Install configuration: "Release"
[3.646s] -- Up-to-date: /home/user/cartographer_ws/install/cartographer/share/cartographer/package.xml
[3.646s] -- Up-to-date: /home/user/cartographer_ws/install/cartographer/share/cartographer//configuration_files
[3.646s] -- Up-to-date: /home/user/cartographer_ws/install/cartographer/share/cartographer//configuration_files/trajectory_builder_2d.lua
[3.647s] -- Up-to-date: /home/user/cartographer_ws/install/cartographer/share/cartographer//configuration_files/trajectory_builder.lua
[3.647s] -- Up-to-date: /home/user/cartographer_ws/install/cartographer/share/cartographer//configuration_files/map_builder_server.lua
[3.647s] -- Up-to-date: /home/user/cartographer_ws/install/cartographer/share/cartographer//configuration_files/trajectory_builder_3d.lua
[3.647s] -- Up-to-date: /home/user/cartographer_ws/install/cartographer/share/cartographer//configuration_files/map_builder.lua
[3.647s] -- Up-to-date: /home/user/cartographer_ws/install/cartographer/share/cartographer//configuration_files/pose_graph.lua
[3.647s] -- Up-to-date: /home/user/cartographer_ws/install/cartographer/share/cartographer//cmake
[3.647s] -- Up-to-date: /home/user/cartographer_ws/install/cartographer/share/cartographer//cmake/functions.cmake
[3.648s] -- Up-to-date: /home/user/cartographer_ws/install/cartographer/share/cartographer//cmake/modules
[3.648s] -- Up-to-date: /home/user/cartographer_ws/install/cartographer/share/cartographer//cmake/modules/FindEigen3.cmake
[3.648s] -- Up-to-date: /home/user/cartographer_ws/install/cartographer/share/cartographer//cmake/modules/FindLuaGoogle.cmake
[3.648s] -- Up-to-date: /home/user/cartographer_ws/install/cartographer/share/cartographer//cmake/modules/FindSphinx.cmake
[3.648s] -- Up-to-date: /home/user/cartographer_ws/install/cartographer/share/cartographer//cmake/modules/FindGMock.cmake
[3.648s] -- Up-to-date: /home/user/cartographer_ws/install/cartographer/bin/cartographer_autogenerate_ground_truth
[3.649s] -- Up-to-date: /home/user/cartographer_ws/install/cartographer/bin/cartographer_compute_relations_metrics
[3.649s] -- Up-to-date: /home/user/cartographer_ws/install/cartographer/bin/cartographer_pbstream
[3.649s] -- Up-to-date: /home/user/cartographer_ws/install/cartographer/bin/cartographer_print_configuration
[3.649s] -- Up-to-date: /home/user/cartographer_ws/install/cartographer/lib/libcartographer.a
[3.649s] -- Up-to-date: /home/user/cartographer_ws/install/cartographer/include/cartographer/common/configuration_file_resolver.h
[3.649s] -- Up-to-date: /home/user/cartographer_ws/install/cartographer/include/cartographer/common/fixed_ratio_sampler.h
[3.650s] -- Up-to-date: /home/user/cartographer_ws/install/cartographer/include/cartographer/common/histogram.h
[3.650s] -- Up-to-date: /home/user/cartographer_ws/install/cartographer/include/cartographer/common/lua.h
[3.650s] -- Up-to-date: /home/user/cartographer_ws/install/cartographer/include/cartographer/common/lua_parameter_dictionary.h
[3.650s] -- Up-to-date: /home/user/cartographer_ws/install/cartographer/include/cartographer/common/math.h
[3.650s] -- Up-to-date: /home/user/cartographer_ws/install/cartographer/include/cartographer/common/port.h
[3.650s] -- Up-to-date: /home/user/cartographer_ws/install/cartographer/include/cartographer/common/task.h
[3.651s] -- Up-to-date: /home/user/cartographer_ws/install/cartographer/include/cartographer/common/thread_pool.h
[3.651s] -- Up-to-date: /home/user/cartographer_ws/install/cartographer/include/cartographer/common/time.h
[3.651s] -- Up-to-date: /home/user/cartographer_ws/install/cartographer/include/cartographer/ground_truth/autogenerate_ground_truth.h
[3.651s] -- Up-to-date: /home/user/cartographer_ws/install/cartographer/include/cartographer/ground_truth/relations_text_file.h
[3.651s] -- Up-to-date: /home/user/cartographer_ws/install/cartographer/include/cartographer/io/color.h
[3.651s] -- Up-to-date: /home/user/cartographer_ws/install/cartographer/include/cartographer/io/coloring_points_processor.h
[3.651s] -- Up-to-date: /home/user/cartographer_ws/install/cartographer/include/cartographer/io/counting_points_processor.h
[3.651s] -- Up-to-date: /home/user/cartographer_ws/install/cartographer/include/cartographer/io/draw_trajectories.h
[3.652s] -- Up-to-date: /home/user/cartographer_ws/install/cartographer/include/cartographer/io/file_writer.h
[3.652s] -- Up-to-date: /home/user/cartographer_ws/install/cartographer/include/cartographer/io/fixed_ratio_sampling_points_processor.h
[3.652s] -- Up-to-date: /home/user/cartographer_ws/install/cartographer/include/cartographer/io/frame_id_filtering_points_processor.h
[3.652s] -- Up-to-date: /home/user/cartographer_ws/install/cartographer/include/cartographer/io/hybrid_grid_points_processor.h
[3.652s] -- Up-to-date: /home/user/cartographer_ws/install/cartographer/include/cartographer/io/image.h
[3.652s] -- Up-to-date: /home/user/cartographer_ws/install/cartographer/include/cartographer/io/intensity_to_color_points_processor.h
[3.652s] -- Up-to-date: /home/user/cartographer_ws/install/cartographer/include/cartographer/io/min_max_range_filtering_points_processor.h
[3.653s] -- Up-to-date: /home/user/cartographer_ws/install/cartographer/include/cartographer/io/null_points_processor.h
[3.653s] -- Up-to-date: /home/user/cartographer_ws/install/cartographer/include/cartographer/io/outlier_removing_points_processor.h
[3.653s] -- Up-to-date: /home/user/cartographer_ws/install/cartographer/include/cartographer/io/pcd_writing_points_processor.h
[3.653s] -- Up-to-date: /home/user/cartographer_ws/install/cartographer/include/cartographer/io/ply_writing_points_processor.h
[3.653s] -- Up-to-date: /home/user/cartographer_ws/install/cartographer/include/cartographer/io/points_batch.h
[3.653s] -- Up-to-date: /home/user/cartographer_ws/install/cartographer/include/cartographer/io/points_processor.h
[3.654s] -- Up-to-date: /home/user/cartographer_ws/install/cartographer/include/cartographer/io/points_processor_pipeline_builder.h
[3.654s] -- Up-to-date: /home/user/cartographer_ws/install/cartographer/include/cartographer/io/probability_grid_points_processor.h
[3.654s] -- Up-to-date: /home/user/cartographer_ws/install/cartographer/include/cartographer/io/proto_stream.h
[3.654s] -- Up-to-date: /home/user/cartographer_ws/install/cartographer/include/cartographer/io/proto_stream_deserializer.h
[3.654s] -- Up-to-date: /home/user/cartographer_ws/install/cartographer/include/cartographer/io/proto_stream_interface.h
[3.654s] -- Up-to-date: /home/user/cartographer_ws/install/cartographer/include/cartographer/io/serialization_format_migration.h
[3.654s] -- Up-to-date: /home/user/cartographer_ws/install/cartographer/include/cartographer/io/submap_painter.h
[3.655s] -- Up-to-date: /home/user/cartographer_ws/install/cartographer/include/cartographer/io/vertical_range_filtering_points_processor.h
[3.655s] -- Up-to-date: /home/user/cartographer_ws/install/cartographer/include/cartographer/io/xray_points_processor.h
[3.655s] -- Up-to-date: /home/user/cartographer_ws/install/cartographer/include/cartographer/io/xyz_writing_points_processor.h
[3.655s] -- Up-to-date: /home/user/cartographer_ws/install/cartographer/include/cartographer/mapping/2d/grid_2d.h
[3.656s] -- Up-to-date: /home/user/cartographer_ws/install/cartographer/include/cartographer/mapping/2d/map_limits.h
[3.656s] -- Up-to-date: /home/user/cartographer_ws/install/cartographer/include/cartographer/mapping/2d/probability_grid.h
[3.656s] -- Up-to-date: /home/user/cartographer_ws/install/cartographer/include/cartographer/mapping/2d/probability_grid_range_data_inserter_2d.h
[3.656s] -- Up-to-date: /home/user/cartographer_ws/install/cartographer/include/cartographer/mapping/2d/submap_2d.h
[3.656s] -- Up-to-date: /home/user/cartographer_ws/install/cartographer/include/cartographer/mapping/2d/xy_index.h
[3.656s] -- Up-to-date: /home/user/cartographer_ws/install/cartographer/include/cartographer/mapping/3d/hybrid_grid.h
[3.657s] -- Up-to-date: /home/user/cartographer_ws/install/cartographer/include/cartographer/mapping/3d/range_data_inserter_3d.h
[3.657s] -- Up-to-date: /home/user/cartographer_ws/install/cartographer/include/cartographer/mapping/3d/submap_3d.h
[3.657s] -- Up-to-date: /home/user/cartographer_ws/install/cartographer/include/cartographer/mapping/detect_floors.h
[3.657s] -- Up-to-date: /home/user/cartographer_ws/install/cartographer/include/cartographer/mapping/grid_interface.h
[3.657s] -- Up-to-date: /home/user/cartographer_ws/install/cartographer/include/cartographer/mapping/id.h
[3.657s] -- Up-to-date: /home/user/cartographer_ws/install/cartographer/include/cartographer/mapping/imu_tracker.h
[3.658s] -- Up-to-date: /home/user/cartographer_ws/install/cartographer/include/cartographer/mapping/map_builder.h
[3.658s] -- Up-to-date: /home/user/cartographer_ws/install/cartographer/include/cartographer/mapping/map_builder_interface.h
[3.658s] -- Up-to-date: /home/user/cartographer_ws/install/cartographer/include/cartographer/mapping/pose_extrapolator.h
[3.658s] -- Up-to-date: /home/user/cartographer_ws/install/cartographer/include/cartographer/mapping/pose_extrapolator_interface.h
[3.658s] -- Up-to-date: /home/user/cartographer_ws/install/cartographer/include/cartographer/mapping/pose_graph.h
[3.658s] -- Up-to-date: /home/user/cartographer_ws/install/cartographer/include/cartographer/mapping/pose_graph_interface.h
[3.658s] -- Up-to-date: /home/user/cartographer_ws/install/cartographer/include/cartographer/mapping/pose_graph_trimmer.h
[3.659s] -- Up-to-date: /home/user/cartographer_ws/install/cartographer/include/cartographer/mapping/probability_values.h
[3.659s] -- Up-to-date: /home/user/cartographer_ws/install/cartographer/include/cartographer/mapping/range_data_inserter_interface.h
[3.659s] -- Up-to-date: /home/user/cartographer_ws/install/cartographer/include/cartographer/mapping/submaps.h
[3.659s] -- Up-to-date: /home/user/cartographer_ws/install/cartographer/include/cartographer/mapping/trajectory_builder_interface.h
[3.659s] -- Up-to-date: /home/user/cartographer_ws/install/cartographer/include/cartographer/mapping/trajectory_node.h
[3.660s] -- Up-to-date: /home/user/cartographer_ws/install/cartographer/include/cartographer/mapping/value_conversion_tables.h
[3.660s] -- Up-to-date: /home/user/cartographer_ws/install/cartographer/include/cartographer/metrics/counter.h
[3.660s] -- Up-to-date: /home/user/cartographer_ws/install/cartographer/include/cartographer/metrics/family_factory.h
[3.660s] -- Up-to-date: /home/user/cartographer_ws/install/cartographer/include/cartographer/metrics/gauge.h
[3.660s] -- Up-to-date: /home/user/cartographer_ws/install/cartographer/include/cartographer/metrics/histogram.h
[3.660s] -- Up-to-date: /home/user/cartographer_ws/install/cartographer/include/cartographer/metrics/register.h
[3.661s] -- Up-to-date: /home/user/cartographer_ws/install/cartographer/include/cartographer/sensor/collator_interface.h
[3.661s] -- Up-to-date: /home/user/cartographer_ws/install/cartographer/include/cartographer/sensor/compressed_point_cloud.h
[3.661s] -- Up-to-date: /home/user/cartographer_ws/install/cartographer/include/cartographer/sensor/data.h
[3.661s] -- Up-to-date: /home/user/cartographer_ws/install/cartographer/include/cartographer/sensor/fixed_frame_pose_data.h
[3.661s] -- Up-to-date: /home/user/cartographer_ws/install/cartographer/include/cartographer/sensor/imu_data.h
[3.661s] -- Up-to-date: /home/user/cartographer_ws/install/cartographer/include/cartographer/sensor/landmark_data.h
[3.661s] -- Up-to-date: /home/user/cartographer_ws/install/cartographer/include/cartographer/sensor/map_by_time.h
[3.662s] -- Up-to-date: /home/user/cartographer_ws/install/cartographer/include/cartographer/sensor/odometry_data.h
[3.662s] -- Up-to-date: /home/user/cartographer_ws/install/cartographer/include/cartographer/sensor/point_cloud.h
[3.662s] -- Up-to-date: /home/user/cartographer_ws/install/cartographer/include/cartographer/sensor/range_data.h
[3.662s] -- Up-to-date: /home/user/cartographer_ws/install/cartographer/include/cartographer/sensor/rangefinder_point.h
[3.662s] -- Up-to-date: /home/user/cartographer_ws/install/cartographer/include/cartographer/sensor/timed_point_cloud_data.h
[3.662s] -- Up-to-date: /home/user/cartographer_ws/install/cartographer/include/cartographer/transform/rigid_transform.h
[3.662s] -- Up-to-date: /home/user/cartographer_ws/install/cartographer/include/cartographer/transform/timestamped_transform.h
[3.662s] -- Up-to-date: /home/user/cartographer_ws/install/cartographer/include/cartographer/transform/transform.h
[3.663s] -- Up-to-date: /home/user/cartographer_ws/install/cartographer/include/cartographer/transform/transform_interpolation_buffer.h
[3.663s] -- Up-to-date: /home/user/cartographer_ws/install/cartographer/include/cartographer/io/fake_file_writer.h
[3.663s] -- Up-to-date: /home/user/cartographer_ws/install/cartographer/include/cartographer/transform/rigid_transform_test_helpers.h
[3.663s] -- Up-to-date: /home/user/cartographer_ws/install/cartographer/include/cartographer/common/proto/ceres_solver_options.pb.h
[3.663s] -- Up-to-date: /home/user/cartographer_ws/install/cartographer/include/cartographer/ground_truth/proto/relations.pb.h
[3.663s] -- Up-to-date: /home/user/cartographer_ws/install/cartographer/include/cartographer/mapping/proto/cell_limits_2d.pb.h
[3.663s] -- Up-to-date: /home/user/cartographer_ws/install/cartographer/include/cartographer/mapping/proto/connected_components.pb.h
[3.663s] -- Up-to-date: /home/user/cartographer_ws/install/cartographer/include/cartographer/mapping/proto/grid_2d.pb.h
[3.663s] -- Up-to-date: /home/user/cartographer_ws/install/cartographer/include/cartographer/mapping/proto/grid_2d_options.pb.h
[3.664s] -- Up-to-date: /home/user/cartographer_ws/install/cartographer/include/cartographer/mapping/proto/hybrid_grid.pb.h
[3.664s] -- Up-to-date: /home/user/cartographer_ws/install/cartographer/include/cartographer/mapping/proto/local_trajectory_builder_options_2d.pb.h
[3.664s] -- Up-to-date: /home/user/cartographer_ws/install/cartographer/include/cartographer/mapping/proto/local_trajectory_builder_options_3d.pb.h
[3.664s] -- Up-to-date: /home/user/cartographer_ws/install/cartographer/include/cartographer/mapping/proto/map_builder_options.pb.h
[3.664s] -- Up-to-date: /home/user/cartographer_ws/install/cartographer/include/cartographer/mapping/proto/map_limits.pb.h
[3.664s] -- Up-to-date: /home/user/cartographer_ws/install/cartographer/include/cartographer/mapping/proto/motion_filter_options.pb.h
[3.664s] -- Up-to-date: /home/user/cartographer_ws/install/cartographer/include/cartographer/mapping/proto/normal_estimation_options_2d.pb.h
[3.665s] -- Up-to-date: /home/user/cartographer_ws/install/cartographer/include/cartographer/mapping/proto/pose_extrapolator_options.pb.h
[3.665s] -- Up-to-date: /home/user/cartographer_ws/install/cartographer/include/cartographer/mapping/proto/pose_graph.pb.h
[3.665s] -- Up-to-date: /home/user/cartographer_ws/install/cartographer/include/cartographer/mapping/proto/pose_graph/constraint_builder_options.pb.h
[3.665s] -- Up-to-date: /home/user/cartographer_ws/install/cartographer/include/cartographer/mapping/proto/pose_graph/optimization_problem_options.pb.h
[3.666s] -- Up-to-date: /home/user/cartographer_ws/install/cartographer/include/cartographer/mapping/proto/pose_graph_options.pb.h
[3.666s] -- Up-to-date: /home/user/cartographer_ws/install/cartographer/include/cartographer/mapping/proto/probability_grid.pb.h
[3.666s] -- Up-to-date: /home/user/cartographer_ws/install/cartographer/include/cartographer/mapping/proto/probability_grid_range_data_inserter_options_2d.pb.h
[3.667s] -- Up-to-date: /home/user/cartographer_ws/install/cartographer/include/cartographer/mapping/proto/range_data_inserter_options.pb.h
[3.667s] -- Up-to-date: /home/user/cartographer_ws/install/cartographer/include/cartographer/mapping/proto/range_data_inserter_options_3d.pb.h
[3.668s] -- Up-to-date: /home/user/cartographer_ws/install/cartographer/include/cartographer/mapping/proto/scan_matching/ceres_scan_matcher_options_2d.pb.h
[3.669s] -- Up-to-date: /home/user/cartographer_ws/install/cartographer/include/cartographer/mapping/proto/scan_matching/ceres_scan_matcher_options_3d.pb.h
[3.669s] -- Up-to-date: /home/user/cartographer_ws/install/cartographer/include/cartographer/mapping/proto/scan_matching/fast_correlative_scan_matcher_options_2d.pb.h
[3.669s] -- Up-to-date: /home/user/cartographer_ws/install/cartographer/include/cartographer/mapping/proto/scan_matching/fast_correlative_scan_matcher_options_3d.pb.h
[3.669s] -- Up-to-date: /home/user/cartographer_ws/install/cartographer/include/cartographer/mapping/proto/scan_matching/real_time_correlative_scan_matcher_options.pb.h
[3.669s] -- Up-to-date: /home/user/cartographer_ws/install/cartographer/include/cartographer/mapping/proto/serialization.pb.h
[3.670s] -- Up-to-date: /home/user/cartographer_ws/install/cartographer/include/cartographer/mapping/proto/submap.pb.h
[3.670s] -- Up-to-date: /home/user/cartographer_ws/install/cartographer/include/cartographer/mapping/proto/submap_visualization.pb.h
[3.670s] -- Up-to-date: /home/user/cartographer_ws/install/cartographer/include/cartographer/mapping/proto/submaps_options_2d.pb.h
[3.670s] -- Up-to-date: /home/user/cartographer_ws/install/cartographer/include/cartographer/mapping/proto/submaps_options_3d.pb.h
[3.670s] -- Up-to-date: /home/user/cartographer_ws/install/cartographer/include/cartographer/mapping/proto/trajectory.pb.h
[3.670s] -- Up-to-date: /home/user/cartographer_ws/install/cartographer/include/cartographer/mapping/proto/trajectory_builder_options.pb.h
[3.670s] -- Up-to-date: /home/user/cartographer_ws/install/cartographer/include/cartographer/mapping/proto/trajectory_node_data.pb.h
[3.670s] -- Up-to-date: /home/user/cartographer_ws/install/cartographer/include/cartographer/mapping/proto/tsdf_2d.pb.h
[3.670s] -- Up-to-date: /home/user/cartographer_ws/install/cartographer/include/cartographer/mapping/proto/tsdf_range_data_inserter_options_2d.pb.h
[3.671s] -- Up-to-date: /home/user/cartographer_ws/install/cartographer/include/cartographer/sensor/proto/adaptive_voxel_filter_options.pb.h
[3.671s] -- Up-to-date: /home/user/cartographer_ws/install/cartographer/include/cartographer/sensor/proto/sensor.pb.h
[3.671s] -- Up-to-date: /home/user/cartographer_ws/install/cartographer/include/cartographer/transform/proto/timestamped_transform.pb.h
[3.671s] -- Up-to-date: /home/user/cartographer_ws/install/cartographer/include/cartographer/transform/proto/transform.pb.h
[3.671s] -- Up-to-date: /home/user/cartographer_ws/install/cartographer/share/cartographer/cmake/CartographerTargets.cmake
[3.671s] -- Up-to-date: /home/user/cartographer_ws/install/cartographer/share/cartographer/cmake/CartographerTargets-release.cmake
[3.671s] -- Up-to-date: /home/user/cartographer_ws/install/cartographer/share/cartographer/cartographer-config.cmake
[3.672s] Invoked command in '/home/user/cartographer_ws/build/cartographer' returned '0': CMAKE_PREFIX_PATH=${CMAKE_PREFIX_PATH}:/opt/ros/humble /usr/bin/cmake --install /home/user/cartographer_ws/build/cartographer
