[0.017s] Invoking command in '/home/user/cartographer_ws/build/cartographer': CMAKE_PREFIX_PATH=${CMAKE_PREFIX_PATH}:/opt/ros/humble /usr/bin/cmake --build /home/user/cartographer_ws/build/cartographer -- -j8 -l8
[0.157s] [35m[1mConsolidate compiler generated dependencies of target gtest[0m
[0.172s] [  0%] [34m[1mBuilding documentation.[0m
[0.176s] [  1%] Built target gtest
[0.188s] [  1%] Built target cartographer_detect_changes
[0.193s] [35m[1mConsolidate compiler generated dependencies of target gmock[0m
[0.210s] [  2%] Built target gmock
[0.223s] [35m[1mConsolidate compiler generated dependencies of target gmock_main[0m
[0.243s] [  2%] Built target gmock_main
[0.367s] [35m[1mConsolidate compiler generated dependencies of target cartographer[0m
[0.636s] [01mRunning Sphinx v4.3.2[39;49;00m
[0.857s] [01mloading pickled environment... [39;49;00mdone
[0.861s] [01mbuilding [mo]: [39;49;00mtargets for 0 po files that are out of date
[0.861s] [01mbuilding [html]: [39;49;00mtargets for 0 source files that are out of date
[0.862s] [01mupdating environment: [39;49;00m0 added, 0 changed, 0 removed
[0.863s] [01mlooking for now-outdated files... [39;49;00mnone found
[0.863s] [01mno targets are out of date.[39;49;00m
[0.863s] [01mbuild succeeded.[39;49;00m
[0.863s] 
[0.863s] The HTML pages are in html.
[0.969s] [  2%] Built target build_doc
[0.979s] [ 55%] Built target cartographer
[0.994s] [35m[1mConsolidate compiler generated dependencies of target cartographer_autogenerate_ground_truth[0m
[0.996s] [35m[1mConsolidate compiler generated dependencies of target cartographer_pbstream[0m
[0.996s] [35m[1mConsolidate compiler generated dependencies of target cartographer_test_library[0m
[0.997s] [35m[1mConsolidate compiler generated dependencies of target cartographer_compute_relations_metrics[0m
[0.998s] [35m[1mConsolidate compiler generated dependencies of target cartographer_print_configuration[0m
[1.014s] [ 56%] Built target cartographer_pbstream
[1.029s] [ 56%] Built target cartographer_print_configuration
[1.029s] [ 57%] Built target cartographer_autogenerate_ground_truth
[1.034s] [ 57%] Built target cartographer_compute_relations_metrics
[1.040s] [ 58%] Built target cartographer_test_library
[1.059s] [35m[1mConsolidate compiler generated dependencies of target cartographer.common.fixed_ratio_sampler_test[0m
[1.060s] [35m[1mConsolidate compiler generated dependencies of target cartographer.common.configuration_files_test[0m
[1.060s] [35m[1mConsolidate compiler generated dependencies of target cartographer.common.internal.blocking_queue_test[0m
[1.061s] [35m[1mConsolidate compiler generated dependencies of target cartographer.common.thread_pool_test[0m
[1.062s] [35m[1mConsolidate compiler generated dependencies of target cartographer.common.task_test[0m
[1.062s] [35m[1mConsolidate compiler generated dependencies of target cartographer.common.internal.rate_timer_test[0m
[1.071s] [35m[1mConsolidate compiler generated dependencies of target cartographer.common.math_test[0m
[1.072s] [35m[1mConsolidate compiler generated dependencies of target cartographer.common.lua_parameter_dictionary_test[0m
[1.092s] [ 59%] Built target cartographer.common.thread_pool_test
[1.098s] [ 60%] Built target cartographer.common.task_test
[1.098s] [ 60%] Built target cartographer.common.fixed_ratio_sampler_test
[1.103s] [ 60%] Built target cartographer.common.internal.blocking_queue_test
[1.104s] [ 60%] Built target cartographer.common.configuration_files_test
[1.106s] [ 61%] Built target cartographer.common.internal.rate_timer_test
[1.111s] [ 61%] Built target cartographer.common.lua_parameter_dictionary_test
[1.115s] [ 62%] Built target cartographer.common.math_test
[1.118s] [35m[1mConsolidate compiler generated dependencies of target cartographer.io.fake_file_writer_test[0m
[1.121s] [35m[1mConsolidate compiler generated dependencies of target cartographer.io.internal.in_memory_proto_stream_test[0m
[1.121s] [35m[1mConsolidate compiler generated dependencies of target cartographer.io.points_processor_pipeline_builder_test[0m
[1.128s] [35m[1mConsolidate compiler generated dependencies of target cartographer.io.probability_grid_points_processor_test[0m
[1.129s] [35m[1mConsolidate compiler generated dependencies of target cartographer.io.proto_stream_test[0m
[1.129s] [35m[1mConsolidate compiler generated dependencies of target cartographer.io.proto_stream_deserializer_test[0m
[1.136s] [35m[1mConsolidate compiler generated dependencies of target cartographer.io.serialization_format_migration_test[0m
[1.149s] [35m[1mConsolidate compiler generated dependencies of target cartographer.mapping.2d.map_limits_test[0m
[1.167s] [ 62%] Built target cartographer.io.points_processor_pipeline_builder_test
[1.168s] [ 63%] Built target cartographer.io.internal.in_memory_proto_stream_test
[1.173s] [ 63%] Built target cartographer.io.fake_file_writer_test
[1.173s] [ 63%] Built target cartographer.io.proto_stream_deserializer_test
[1.174s] [ 64%] Built target cartographer.io.probability_grid_points_processor_test
[1.180s] [ 65%] Built target cartographer.io.proto_stream_test
[1.186s] [ 65%] Built target cartographer.io.serialization_format_migration_test
[1.190s] [35m[1mConsolidate compiler generated dependencies of target cartographer.mapping.2d.range_data_inserter_2d_test[0m
[1.191s] [35m[1mConsolidate compiler generated dependencies of target cartographer.mapping.2d.xy_index_test[0m
[1.193s] [35m[1mConsolidate compiler generated dependencies of target cartographer.mapping.3d.hybrid_grid_test[0m
[1.193s] [35m[1mConsolidate compiler generated dependencies of target cartographer.mapping.2d.submap_2d_test[0m
[1.197s] [35m[1mConsolidate compiler generated dependencies of target cartographer.mapping.2d.probability_grid_test[0m
[1.202s] [ 66%] Built target cartographer.mapping.2d.map_limits_test
[1.208s] [35m[1mConsolidate compiler generated dependencies of target cartographer.mapping.3d.range_data_inserter_3d_test[0m
[1.221s] [35m[1mConsolidate compiler generated dependencies of target cartographer.mapping.id_test[0m
[1.221s] [35m[1mConsolidate compiler generated dependencies of target cartographer.mapping.3d.submap_3d_test[0m
[1.237s] [ 67%] Built target cartographer.mapping.2d.xy_index_test
[1.238s] [ 67%] Built target cartographer.mapping.2d.probability_grid_test
[1.240s] [ 67%] Built target cartographer.mapping.2d.submap_2d_test
[1.248s] [ 68%] Built target cartographer.mapping.2d.range_data_inserter_2d_test
[1.253s] [ 68%] Built target cartographer.mapping.3d.hybrid_grid_test
[1.259s] [ 69%] Built target cartographer.mapping.3d.range_data_inserter_3d_test
[1.259s] [35m[1mConsolidate compiler generated dependencies of target cartographer.mapping.imu_tracker_test[0m
[1.262s] [35m[1mConsolidate compiler generated dependencies of target cartographer.mapping.internal.2d.normal_estimation_2d_test[0m
[1.265s] [35m[1mConsolidate compiler generated dependencies of target cartographer.mapping.internal.2d.overlapping_submaps_trimmer_2d_test[0m
[1.266s] [ 70%] Built target cartographer.mapping.id_test
[1.269s] [ 70%] Built target cartographer.mapping.3d.submap_3d_test
[1.277s] [35m[1mConsolidate compiler generated dependencies of target cartographer.mapping.internal.2d.pose_graph_2d_test[0m
[1.286s] [35m[1mConsolidate compiler generated dependencies of target cartographer.mapping.internal.2d.scan_matching.ceres_scan_matcher_2d_test[0m
[1.287s] [35m[1mConsolidate compiler generated dependencies of target cartographer.mapping.internal.2d.ray_to_pixel_mask_test[0m
[1.297s] [35m[1mConsolidate compiler generated dependencies of target cartographer.mapping.internal.2d.scan_matching.fast_correlative_scan_matcher_2d_test[0m
[1.299s] [35m[1mConsolidate compiler generated dependencies of target cartographer.mapping.internal.2d.scan_matching.correlative_scan_matcher_test[0m
[1.302s] [ 70%] Built target cartographer.mapping.imu_tracker_test
[1.302s] [ 71%] Built target cartographer.mapping.internal.2d.normal_estimation_2d_test
[1.314s] [ 71%] Built target cartographer.mapping.internal.2d.overlapping_submaps_trimmer_2d_test
[1.325s] [35m[1mConsolidate compiler generated dependencies of target cartographer.mapping.internal.2d.scan_matching.occupied_space_cost_function_2d_test[0m
[1.326s] [35m[1mConsolidate compiler generated dependencies of target cartographer.mapping.internal.2d.scan_matching.interpolated_tsdf_2d_test[0m
[1.332s] [ 72%] Built target cartographer.mapping.internal.2d.pose_graph_2d_test
[1.332s] [ 72%] Built target cartographer.mapping.internal.2d.ray_to_pixel_mask_test
[1.337s] [35m[1mConsolidate compiler generated dependencies of target cartographer.mapping.internal.2d.scan_matching.real_time_correlative_scan_matcher_2d_test[0m
[1.343s] [ 73%] Built target cartographer.mapping.internal.2d.scan_matching.ceres_scan_matcher_2d_test
[1.349s] [ 74%] Built target cartographer.mapping.internal.2d.scan_matching.fast_correlative_scan_matcher_2d_test
[1.349s] [ 74%] Built target cartographer.mapping.internal.2d.scan_matching.correlative_scan_matcher_test
[1.355s] [35m[1mConsolidate compiler generated dependencies of target cartographer.mapping.internal.2d.scan_matching.tsdf_match_cost_function_2d_test[0m
[1.356s] [35m[1mConsolidate compiler generated dependencies of target cartographer.mapping.internal.2d.tsd_value_converter_test[0m
[1.370s] [35m[1mConsolidate compiler generated dependencies of target cartographer.mapping.internal.2d.tsdf_2d_test[0m
[1.370s] [35m[1mConsolidate compiler generated dependencies of target cartographer.mapping.internal.2d.tsdf_range_data_inserter_2d_test[0m
[1.371s] [35m[1mConsolidate compiler generated dependencies of target cartographer.mapping.internal.3d.local_trajectory_builder_3d_test[0m
[1.378s] [ 75%] Built target cartographer.mapping.internal.2d.scan_matching.interpolated_tsdf_2d_test
[1.383s] [ 76%] Built target cartographer.mapping.internal.2d.scan_matching.real_time_correlative_scan_matcher_2d_test
[1.385s] [ 76%] Built target cartographer.mapping.internal.2d.scan_matching.occupied_space_cost_function_2d_test
[1.400s] [ 76%] Built target cartographer.mapping.internal.2d.scan_matching.tsdf_match_cost_function_2d_test
[1.402s] [35m[1mConsolidate compiler generated dependencies of target cartographer.mapping.internal.3d.pose_graph_3d_test[0m
[1.404s] [35m[1mConsolidate compiler generated dependencies of target cartographer.mapping.internal.3d.rotation_parameterization_test[0m
[1.409s] [35m[1mConsolidate compiler generated dependencies of target cartographer.mapping.internal.3d.scan_matching.ceres_scan_matcher_3d_test[0m
[1.412s] [ 77%] Built target cartographer.mapping.internal.2d.tsdf_range_data_inserter_2d_test
[1.412s] [ 77%] Built target cartographer.mapping.internal.2d.tsdf_2d_test
[1.413s] [ 78%] Built target cartographer.mapping.internal.2d.tsd_value_converter_test
[1.418s] [ 78%] Built target cartographer.mapping.internal.3d.local_trajectory_builder_3d_test
[1.421s] [ 78%] Built target cartographer.mapping.internal.3d.rotation_parameterization_test
[1.434s] [35m[1mConsolidate compiler generated dependencies of target cartographer.mapping.internal.3d.scan_matching.fast_correlative_scan_matcher_3d_test[0m
[1.435s] [35m[1mConsolidate compiler generated dependencies of target cartographer.mapping.internal.3d.scan_matching.intensity_cost_function_3d_test[0m
[1.438s] [35m[1mConsolidate compiler generated dependencies of target cartographer.mapping.internal.3d.scan_matching.interpolated_grid_test[0m
[1.441s] [35m[1mConsolidate compiler generated dependencies of target cartographer.mapping.internal.3d.scan_matching.real_time_correlative_scan_matcher_3d_test[0m
[1.441s] [35m[1mConsolidate compiler generated dependencies of target cartographer.mapping.internal.3d.scan_matching.precomputation_grid_3d_test[0m
[1.445s] [35m[1mConsolidate compiler generated dependencies of target cartographer.mapping.internal.3d.scan_matching.rotation_delta_cost_functor_3d_test[0m
[1.453s] [ 79%] Built target cartographer.mapping.internal.3d.pose_graph_3d_test
[1.465s] [ 80%] Built target cartographer.mapping.internal.3d.scan_matching.ceres_scan_matcher_3d_test
[1.483s] [ 81%] Built target cartographer.mapping.internal.3d.scan_matching.interpolated_grid_test
[1.483s] [ 81%] Built target cartographer.mapping.internal.3d.scan_matching.real_time_correlative_scan_matcher_3d_test
[1.483s] [ 81%] Built target cartographer.mapping.internal.3d.scan_matching.intensity_cost_function_3d_test
[1.485s] [ 82%] Built target cartographer.mapping.internal.3d.scan_matching.rotation_delta_cost_functor_3d_test
[1.486s] [ 83%] Built target cartographer.mapping.internal.3d.scan_matching.precomputation_grid_3d_test
[1.490s] [35m[1mConsolidate compiler generated dependencies of target cartographer.mapping.internal.3d.scan_matching.rotational_scan_matcher_test[0m
[1.495s] [ 83%] Built target cartographer.mapping.internal.3d.scan_matching.fast_correlative_scan_matcher_3d_test
[1.498s] [35m[1mConsolidate compiler generated dependencies of target cartographer.mapping.internal.connected_components_test[0m
[1.505s] [35m[1mConsolidate compiler generated dependencies of target cartographer.mapping.internal.optimization.cost_functions.landmark_cost_function_2d_test[0m
[1.505s] [35m[1mConsolidate compiler generated dependencies of target cartographer.mapping.internal.constraints.constraint_builder_2d_test[0m
[1.505s] [35m[1mConsolidate compiler generated dependencies of target cartographer.mapping.internal.constraints.constraint_builder_3d_test[0m
[1.506s] [35m[1mConsolidate compiler generated dependencies of target cartographer.mapping.internal.motion_filter_test[0m
[1.513s] [35m[1mConsolidate compiler generated dependencies of target cartographer.mapping.internal.optimization.cost_functions.landmark_cost_function_3d_test[0m
[1.537s] [ 83%] Built target cartographer.mapping.internal.3d.scan_matching.rotational_scan_matcher_test
[1.538s] [35m[1mConsolidate compiler generated dependencies of target cartographer.mapping.internal.optimization.cost_functions.spa_cost_function_2d_test[0m
[1.550s] [ 84%] Built target cartographer.mapping.internal.optimization.cost_functions.landmark_cost_function_2d_test
[1.550s] [ 85%] Built target cartographer.mapping.internal.connected_components_test
[1.551s] [ 85%] Built target cartographer.mapping.internal.constraints.constraint_builder_2d_test
[1.555s] [ 86%] Built target cartographer.mapping.internal.constraints.constraint_builder_3d_test
[1.560s] [ 86%] Built target cartographer.mapping.internal.motion_filter_test
[1.563s] [ 86%] Built target cartographer.mapping.internal.optimization.cost_functions.landmark_cost_function_3d_test
[1.568s] [35m[1mConsolidate compiler generated dependencies of target cartographer.mapping.internal.optimization.optimization_problem_3d_test[0m
[1.573s] [35m[1mConsolidate compiler generated dependencies of target cartographer.mapping.internal.trajectory_connectivity_state_test[0m
[1.574s] [35m[1mConsolidate compiler generated dependencies of target cartographer.mapping.internal.range_data_collator_test[0m
[1.574s] [35m[1mConsolidate compiler generated dependencies of target cartographer.mapping.pose_extrapolator_test[0m
[1.578s] [35m[1mConsolidate compiler generated dependencies of target cartographer.mapping.map_builder_test[0m
[1.583s] [ 87%] Built target cartographer.mapping.internal.optimization.cost_functions.spa_cost_function_2d_test
[1.585s] [35m[1mConsolidate compiler generated dependencies of target cartographer.mapping.pose_graph_test[0m
[1.601s] [35m[1mConsolidate compiler generated dependencies of target cartographer.mapping.pose_graph_trimmer_test[0m
[1.610s] [35m[1mConsolidate compiler generated dependencies of target cartographer.mapping.probability_values_test[0m
[1.614s] [ 87%] Built target cartographer.mapping.internal.optimization.optimization_problem_3d_test
[1.621s] [ 87%] Built target cartographer.mapping.internal.trajectory_connectivity_state_test
[1.621s] [ 87%] Built target cartographer.mapping.pose_extrapolator_test
[1.622s] [ 88%] Built target cartographer.mapping.internal.range_data_collator_test
[1.627s] [ 89%] Built target cartographer.mapping.map_builder_test
[1.640s] [35m[1mConsolidate compiler generated dependencies of target cartographer.mapping.submaps_test[0m
[1.640s] [ 90%] Built target cartographer.mapping.pose_graph_test
[1.644s] [35m[1mConsolidate compiler generated dependencies of target cartographer.mapping.trajectory_node_test[0m
[1.645s] [35m[1mConsolidate compiler generated dependencies of target cartographer.mapping.value_conversion_tables_test[0m
[1.653s] [35m[1mConsolidate compiler generated dependencies of target cartographer.sensor.compressed_point_cloud_test[0m
[1.654s] [35m[1mConsolidate compiler generated dependencies of target cartographer.sensor.internal.collator_test[0m
[1.654s] [ 91%] Built target cartographer.mapping.probability_values_test
[1.655s] [ 91%] Built target cartographer.mapping.pose_graph_trimmer_test
[1.674s] [35m[1mConsolidate compiler generated dependencies of target cartographer.sensor.internal.ordered_multi_queue_test[0m
[1.675s] [35m[1mConsolidate compiler generated dependencies of target cartographer.sensor.internal.trajectory_collator_test[0m
[1.682s] [ 91%] Built target cartographer.mapping.submaps_test
[1.682s] [ 91%] Built target cartographer.mapping.value_conversion_tables_test
[1.691s] [35m[1mConsolidate compiler generated dependencies of target cartographer.sensor.internal.voxel_filter_test[0m
[1.691s] [ 92%] Built target cartographer.mapping.trajectory_node_test
[1.701s] [ 93%] Built target cartographer.sensor.compressed_point_cloud_test
[1.702s] [ 93%] Built target cartographer.sensor.internal.collator_test
[1.703s] [35m[1mConsolidate compiler generated dependencies of target cartographer.sensor.landmark_data_test[0m
[1.712s] [35m[1mConsolidate compiler generated dependencies of target cartographer.sensor.map_by_time_test[0m
[1.717s] [ 94%] Built target cartographer.sensor.internal.ordered_multi_queue_test
[1.721s] [35m[1mConsolidate compiler generated dependencies of target cartographer.sensor.point_cloud_test[0m
[1.724s] [35m[1mConsolidate compiler generated dependencies of target cartographer.sensor.range_data_test[0m
[1.725s] [35m[1mConsolidate compiler generated dependencies of target cartographer.transform.rigid_transform_test[0m
[1.728s] [ 95%] Built target cartographer.sensor.internal.trajectory_collator_test
[1.737s] [ 95%] Built target cartographer.sensor.internal.voxel_filter_test
[1.752s] [ 96%] Built target cartographer.sensor.landmark_data_test
[1.752s] [ 96%] Built target cartographer.sensor.map_by_time_test
[1.755s] [35m[1mConsolidate compiler generated dependencies of target cartographer.transform.timestamped_transform_test[0m
[1.757s] [35m[1mConsolidate compiler generated dependencies of target cartographer.transform.transform_interpolation_buffer_test[0m
[1.762s] [35m[1mConsolidate compiler generated dependencies of target cartographer.transform.transform_test[0m
[1.766s] [ 97%] Built target cartographer.sensor.point_cloud_test
[1.768s] [ 98%] Built target cartographer.transform.rigid_transform_test
[1.774s] [ 98%] Built target cartographer.sensor.range_data_test
[1.792s] [100%] Built target cartographer.transform.transform_interpolation_buffer_test
[1.793s] [100%] Built target cartographer.transform.timestamped_transform_test
[1.795s] [100%] Built target cartographer.transform.transform_test
[1.810s] Invoked command in '/home/user/cartographer_ws/build/cartographer' returned '0': CMAKE_PREFIX_PATH=${CMAKE_PREFIX_PATH}:/opt/ros/humble /usr/bin/cmake --build /home/user/cartographer_ws/build/cartographer -- -j8 -l8
[2.688s] Invoking command in '/home/user/cartographer_ws/build/cartographer': CMAKE_PREFIX_PATH=${CMAKE_PREFIX_PATH}:/opt/ros/humble /usr/bin/cmake --install /home/user/cartographer_ws/build/cartographer
[2.699s] -- Install configuration: "Release"
[2.700s] -- Up-to-date: /home/user/cartographer_ws/install/cartographer/share/cartographer/package.xml
[2.700s] -- Up-to-date: /home/user/cartographer_ws/install/cartographer/share/cartographer//configuration_files
[2.700s] -- Up-to-date: /home/user/cartographer_ws/install/cartographer/share/cartographer//configuration_files/trajectory_builder_2d.lua
[2.700s] -- Up-to-date: /home/user/cartographer_ws/install/cartographer/share/cartographer//configuration_files/trajectory_builder.lua
[2.700s] -- Up-to-date: /home/user/cartographer_ws/install/cartographer/share/cartographer//configuration_files/map_builder_server.lua
[2.700s] -- Up-to-date: /home/user/cartographer_ws/install/cartographer/share/cartographer//configuration_files/trajectory_builder_3d.lua
[2.700s] -- Up-to-date: /home/user/cartographer_ws/install/cartographer/share/cartographer//configuration_files/map_builder.lua
[2.700s] -- Up-to-date: /home/user/cartographer_ws/install/cartographer/share/cartographer//configuration_files/pose_graph.lua
[2.701s] -- Up-to-date: /home/user/cartographer_ws/install/cartographer/share/cartographer//cmake
[2.701s] -- Up-to-date: /home/user/cartographer_ws/install/cartographer/share/cartographer//cmake/functions.cmake
[2.701s] -- Up-to-date: /home/user/cartographer_ws/install/cartographer/share/cartographer//cmake/modules
[2.701s] -- Up-to-date: /home/user/cartographer_ws/install/cartographer/share/cartographer//cmake/modules/FindEigen3.cmake
[2.701s] -- Up-to-date: /home/user/cartographer_ws/install/cartographer/share/cartographer//cmake/modules/FindLuaGoogle.cmake
[2.701s] -- Up-to-date: /home/user/cartographer_ws/install/cartographer/share/cartographer//cmake/modules/FindSphinx.cmake
[2.701s] -- Up-to-date: /home/user/cartographer_ws/install/cartographer/share/cartographer//cmake/modules/FindGMock.cmake
[2.701s] -- Up-to-date: /home/user/cartographer_ws/install/cartographer/bin/cartographer_autogenerate_ground_truth
[2.701s] -- Up-to-date: /home/user/cartographer_ws/install/cartographer/bin/cartographer_compute_relations_metrics
[2.701s] -- Up-to-date: /home/user/cartographer_ws/install/cartographer/bin/cartographer_pbstream
[2.702s] -- Up-to-date: /home/user/cartographer_ws/install/cartographer/bin/cartographer_print_configuration
[2.702s] -- Up-to-date: /home/user/cartographer_ws/install/cartographer/lib/libcartographer.a
[2.702s] -- Up-to-date: /home/user/cartographer_ws/install/cartographer/include/cartographer/common/configuration_file_resolver.h
[2.702s] -- Up-to-date: /home/user/cartographer_ws/install/cartographer/include/cartographer/common/fixed_ratio_sampler.h
[2.703s] -- Up-to-date: /home/user/cartographer_ws/install/cartographer/include/cartographer/common/histogram.h
[2.703s] -- Up-to-date: /home/user/cartographer_ws/install/cartographer/include/cartographer/common/lua.h
[2.703s] -- Up-to-date: /home/user/cartographer_ws/install/cartographer/include/cartographer/common/lua_parameter_dictionary.h
[2.703s] -- Up-to-date: /home/user/cartographer_ws/install/cartographer/include/cartographer/common/math.h
[2.704s] -- Up-to-date: /home/user/cartographer_ws/install/cartographer/include/cartographer/common/port.h
[2.704s] -- Up-to-date: /home/user/cartographer_ws/install/cartographer/include/cartographer/common/task.h
[2.704s] -- Up-to-date: /home/user/cartographer_ws/install/cartographer/include/cartographer/common/thread_pool.h
[2.704s] -- Up-to-date: /home/user/cartographer_ws/install/cartographer/include/cartographer/common/time.h
[2.704s] -- Up-to-date: /home/user/cartographer_ws/install/cartographer/include/cartographer/ground_truth/autogenerate_ground_truth.h
[2.704s] -- Up-to-date: /home/user/cartographer_ws/install/cartographer/include/cartographer/ground_truth/relations_text_file.h
[2.704s] -- Up-to-date: /home/user/cartographer_ws/install/cartographer/include/cartographer/io/color.h
[2.705s] -- Up-to-date: /home/user/cartographer_ws/install/cartographer/include/cartographer/io/coloring_points_processor.h
[2.705s] -- Up-to-date: /home/user/cartographer_ws/install/cartographer/include/cartographer/io/counting_points_processor.h
[2.705s] -- Up-to-date: /home/user/cartographer_ws/install/cartographer/include/cartographer/io/draw_trajectories.h
[2.705s] -- Up-to-date: /home/user/cartographer_ws/install/cartographer/include/cartographer/io/file_writer.h
[2.705s] -- Up-to-date: /home/user/cartographer_ws/install/cartographer/include/cartographer/io/fixed_ratio_sampling_points_processor.h
[2.705s] -- Up-to-date: /home/user/cartographer_ws/install/cartographer/include/cartographer/io/frame_id_filtering_points_processor.h
[2.705s] -- Up-to-date: /home/user/cartographer_ws/install/cartographer/include/cartographer/io/hybrid_grid_points_processor.h
[2.706s] -- Up-to-date: /home/user/cartographer_ws/install/cartographer/include/cartographer/io/image.h
[2.706s] -- Up-to-date: /home/user/cartographer_ws/install/cartographer/include/cartographer/io/intensity_to_color_points_processor.h
[2.706s] -- Up-to-date: /home/user/cartographer_ws/install/cartographer/include/cartographer/io/min_max_range_filtering_points_processor.h
[2.706s] -- Up-to-date: /home/user/cartographer_ws/install/cartographer/include/cartographer/io/null_points_processor.h
[2.706s] -- Up-to-date: /home/user/cartographer_ws/install/cartographer/include/cartographer/io/outlier_removing_points_processor.h
[2.706s] -- Up-to-date: /home/user/cartographer_ws/install/cartographer/include/cartographer/io/pcd_writing_points_processor.h
[2.706s] -- Up-to-date: /home/user/cartographer_ws/install/cartographer/include/cartographer/io/ply_writing_points_processor.h
[2.706s] -- Up-to-date: /home/user/cartographer_ws/install/cartographer/include/cartographer/io/points_batch.h
[2.707s] -- Up-to-date: /home/user/cartographer_ws/install/cartographer/include/cartographer/io/points_processor.h
[2.707s] -- Up-to-date: /home/user/cartographer_ws/install/cartographer/include/cartographer/io/points_processor_pipeline_builder.h
[2.707s] -- Up-to-date: /home/user/cartographer_ws/install/cartographer/include/cartographer/io/probability_grid_points_processor.h
[2.707s] -- Up-to-date: /home/user/cartographer_ws/install/cartographer/include/cartographer/io/proto_stream.h
[2.707s] -- Up-to-date: /home/user/cartographer_ws/install/cartographer/include/cartographer/io/proto_stream_deserializer.h
[2.708s] -- Up-to-date: /home/user/cartographer_ws/install/cartographer/include/cartographer/io/proto_stream_interface.h
[2.708s] -- Up-to-date: /home/user/cartographer_ws/install/cartographer/include/cartographer/io/serialization_format_migration.h
[2.708s] -- Up-to-date: /home/user/cartographer_ws/install/cartographer/include/cartographer/io/submap_painter.h
[2.708s] -- Up-to-date: /home/user/cartographer_ws/install/cartographer/include/cartographer/io/vertical_range_filtering_points_processor.h
[2.708s] -- Up-to-date: /home/user/cartographer_ws/install/cartographer/include/cartographer/io/xray_points_processor.h
[2.708s] -- Up-to-date: /home/user/cartographer_ws/install/cartographer/include/cartographer/io/xyz_writing_points_processor.h
[2.708s] -- Up-to-date: /home/user/cartographer_ws/install/cartographer/include/cartographer/mapping/2d/grid_2d.h
[2.709s] -- Up-to-date: /home/user/cartographer_ws/install/cartographer/include/cartographer/mapping/2d/map_limits.h
[2.709s] -- Up-to-date: /home/user/cartographer_ws/install/cartographer/include/cartographer/mapping/2d/probability_grid.h
[2.709s] -- Up-to-date: /home/user/cartographer_ws/install/cartographer/include/cartographer/mapping/2d/probability_grid_range_data_inserter_2d.h
[2.709s] -- Up-to-date: /home/user/cartographer_ws/install/cartographer/include/cartographer/mapping/2d/submap_2d.h
[2.709s] -- Up-to-date: /home/user/cartographer_ws/install/cartographer/include/cartographer/mapping/2d/xy_index.h
[2.709s] -- Up-to-date: /home/user/cartographer_ws/install/cartographer/include/cartographer/mapping/3d/hybrid_grid.h
[2.710s] -- Up-to-date: /home/user/cartographer_ws/install/cartographer/include/cartographer/mapping/3d/range_data_inserter_3d.h
[2.710s] -- Up-to-date: /home/user/cartographer_ws/install/cartographer/include/cartographer/mapping/3d/submap_3d.h
[2.710s] -- Up-to-date: /home/user/cartographer_ws/install/cartographer/include/cartographer/mapping/detect_floors.h
[2.710s] -- Up-to-date: /home/user/cartographer_ws/install/cartographer/include/cartographer/mapping/grid_interface.h
[2.710s] -- Up-to-date: /home/user/cartographer_ws/install/cartographer/include/cartographer/mapping/id.h
[2.710s] -- Up-to-date: /home/user/cartographer_ws/install/cartographer/include/cartographer/mapping/imu_tracker.h
[2.711s] -- Up-to-date: /home/user/cartographer_ws/install/cartographer/include/cartographer/mapping/map_builder.h
[2.711s] -- Up-to-date: /home/user/cartographer_ws/install/cartographer/include/cartographer/mapping/map_builder_interface.h
[2.711s] -- Up-to-date: /home/user/cartographer_ws/install/cartographer/include/cartographer/mapping/pose_extrapolator.h
[2.711s] -- Up-to-date: /home/user/cartographer_ws/install/cartographer/include/cartographer/mapping/pose_extrapolator_interface.h
[2.711s] -- Up-to-date: /home/user/cartographer_ws/install/cartographer/include/cartographer/mapping/pose_graph.h
[2.711s] -- Up-to-date: /home/user/cartographer_ws/install/cartographer/include/cartographer/mapping/pose_graph_interface.h
[2.712s] -- Up-to-date: /home/user/cartographer_ws/install/cartographer/include/cartographer/mapping/pose_graph_trimmer.h
[2.712s] -- Up-to-date: /home/user/cartographer_ws/install/cartographer/include/cartographer/mapping/probability_values.h
[2.712s] -- Up-to-date: /home/user/cartographer_ws/install/cartographer/include/cartographer/mapping/range_data_inserter_interface.h
[2.712s] -- Up-to-date: /home/user/cartographer_ws/install/cartographer/include/cartographer/mapping/submaps.h
[2.712s] -- Up-to-date: /home/user/cartographer_ws/install/cartographer/include/cartographer/mapping/trajectory_builder_interface.h
[2.712s] -- Up-to-date: /home/user/cartographer_ws/install/cartographer/include/cartographer/mapping/trajectory_node.h
[2.712s] -- Up-to-date: /home/user/cartographer_ws/install/cartographer/include/cartographer/mapping/value_conversion_tables.h
[2.712s] -- Up-to-date: /home/user/cartographer_ws/install/cartographer/include/cartographer/metrics/counter.h
[2.713s] -- Up-to-date: /home/user/cartographer_ws/install/cartographer/include/cartographer/metrics/family_factory.h
[2.713s] -- Up-to-date: /home/user/cartographer_ws/install/cartographer/include/cartographer/metrics/gauge.h
[2.713s] -- Up-to-date: /home/user/cartographer_ws/install/cartographer/include/cartographer/metrics/histogram.h
[2.713s] -- Up-to-date: /home/user/cartographer_ws/install/cartographer/include/cartographer/metrics/register.h
[2.713s] -- Up-to-date: /home/user/cartographer_ws/install/cartographer/include/cartographer/sensor/collator_interface.h
[2.713s] -- Up-to-date: /home/user/cartographer_ws/install/cartographer/include/cartographer/sensor/compressed_point_cloud.h
[2.713s] -- Up-to-date: /home/user/cartographer_ws/install/cartographer/include/cartographer/sensor/data.h
[2.714s] -- Up-to-date: /home/user/cartographer_ws/install/cartographer/include/cartographer/sensor/fixed_frame_pose_data.h
[2.714s] -- Up-to-date: /home/user/cartographer_ws/install/cartographer/include/cartographer/sensor/imu_data.h
[2.714s] -- Up-to-date: /home/user/cartographer_ws/install/cartographer/include/cartographer/sensor/landmark_data.h
[2.714s] -- Up-to-date: /home/user/cartographer_ws/install/cartographer/include/cartographer/sensor/map_by_time.h
[2.715s] -- Up-to-date: /home/user/cartographer_ws/install/cartographer/include/cartographer/sensor/odometry_data.h
[2.715s] -- Up-to-date: /home/user/cartographer_ws/install/cartographer/include/cartographer/sensor/point_cloud.h
[2.716s] -- Up-to-date: /home/user/cartographer_ws/install/cartographer/include/cartographer/sensor/range_data.h
[2.716s] -- Up-to-date: /home/user/cartographer_ws/install/cartographer/include/cartographer/sensor/rangefinder_point.h
[2.717s] -- Up-to-date: /home/user/cartographer_ws/install/cartographer/include/cartographer/sensor/timed_point_cloud_data.h
[2.717s] -- Up-to-date: /home/user/cartographer_ws/install/cartographer/include/cartographer/transform/rigid_transform.h
[2.717s] -- Up-to-date: /home/user/cartographer_ws/install/cartographer/include/cartographer/transform/timestamped_transform.h
[2.717s] -- Up-to-date: /home/user/cartographer_ws/install/cartographer/include/cartographer/transform/transform.h
[2.717s] -- Up-to-date: /home/user/cartographer_ws/install/cartographer/include/cartographer/transform/transform_interpolation_buffer.h
[2.717s] -- Up-to-date: /home/user/cartographer_ws/install/cartographer/include/cartographer/io/fake_file_writer.h
[2.718s] -- Up-to-date: /home/user/cartographer_ws/install/cartographer/include/cartographer/transform/rigid_transform_test_helpers.h
[2.718s] -- Up-to-date: /home/user/cartographer_ws/install/cartographer/include/cartographer/common/proto/ceres_solver_options.pb.h
[2.718s] -- Up-to-date: /home/user/cartographer_ws/install/cartographer/include/cartographer/ground_truth/proto/relations.pb.h
[2.718s] -- Up-to-date: /home/user/cartographer_ws/install/cartographer/include/cartographer/mapping/proto/cell_limits_2d.pb.h
[2.718s] -- Up-to-date: /home/user/cartographer_ws/install/cartographer/include/cartographer/mapping/proto/connected_components.pb.h
[2.719s] -- Up-to-date: /home/user/cartographer_ws/install/cartographer/include/cartographer/mapping/proto/grid_2d.pb.h
[2.719s] -- Up-to-date: /home/user/cartographer_ws/install/cartographer/include/cartographer/mapping/proto/grid_2d_options.pb.h
[2.719s] -- Up-to-date: /home/user/cartographer_ws/install/cartographer/include/cartographer/mapping/proto/hybrid_grid.pb.h
[2.719s] -- Up-to-date: /home/user/cartographer_ws/install/cartographer/include/cartographer/mapping/proto/local_trajectory_builder_options_2d.pb.h
[2.719s] -- Up-to-date: /home/user/cartographer_ws/install/cartographer/include/cartographer/mapping/proto/local_trajectory_builder_options_3d.pb.h
[2.720s] -- Up-to-date: /home/user/cartographer_ws/install/cartographer/include/cartographer/mapping/proto/map_builder_options.pb.h
[2.720s] -- Up-to-date: /home/user/cartographer_ws/install/cartographer/include/cartographer/mapping/proto/map_limits.pb.h
[2.720s] -- Up-to-date: /home/user/cartographer_ws/install/cartographer/include/cartographer/mapping/proto/motion_filter_options.pb.h
[2.720s] -- Up-to-date: /home/user/cartographer_ws/install/cartographer/include/cartographer/mapping/proto/normal_estimation_options_2d.pb.h
[2.720s] -- Up-to-date: /home/user/cartographer_ws/install/cartographer/include/cartographer/mapping/proto/pose_extrapolator_options.pb.h
[2.720s] -- Up-to-date: /home/user/cartographer_ws/install/cartographer/include/cartographer/mapping/proto/pose_graph.pb.h
[2.721s] -- Up-to-date: /home/user/cartographer_ws/install/cartographer/include/cartographer/mapping/proto/pose_graph/constraint_builder_options.pb.h
[2.721s] -- Up-to-date: /home/user/cartographer_ws/install/cartographer/include/cartographer/mapping/proto/pose_graph/optimization_problem_options.pb.h
[2.721s] -- Up-to-date: /home/user/cartographer_ws/install/cartographer/include/cartographer/mapping/proto/pose_graph_options.pb.h
[2.721s] -- Up-to-date: /home/user/cartographer_ws/install/cartographer/include/cartographer/mapping/proto/probability_grid.pb.h
[2.721s] -- Up-to-date: /home/user/cartographer_ws/install/cartographer/include/cartographer/mapping/proto/probability_grid_range_data_inserter_options_2d.pb.h
[2.721s] -- Up-to-date: /home/user/cartographer_ws/install/cartographer/include/cartographer/mapping/proto/range_data_inserter_options.pb.h
[2.722s] -- Up-to-date: /home/user/cartographer_ws/install/cartographer/include/cartographer/mapping/proto/range_data_inserter_options_3d.pb.h
[2.722s] -- Up-to-date: /home/user/cartographer_ws/install/cartographer/include/cartographer/mapping/proto/scan_matching/ceres_scan_matcher_options_2d.pb.h
[2.722s] -- Up-to-date: /home/user/cartographer_ws/install/cartographer/include/cartographer/mapping/proto/scan_matching/ceres_scan_matcher_options_3d.pb.h
[2.722s] -- Up-to-date: /home/user/cartographer_ws/install/cartographer/include/cartographer/mapping/proto/scan_matching/fast_correlative_scan_matcher_options_2d.pb.h
[2.722s] -- Up-to-date: /home/user/cartographer_ws/install/cartographer/include/cartographer/mapping/proto/scan_matching/fast_correlative_scan_matcher_options_3d.pb.h
[2.722s] -- Up-to-date: /home/user/cartographer_ws/install/cartographer/include/cartographer/mapping/proto/scan_matching/real_time_correlative_scan_matcher_options.pb.h
[2.722s] -- Up-to-date: /home/user/cartographer_ws/install/cartographer/include/cartographer/mapping/proto/serialization.pb.h
[2.722s] -- Up-to-date: /home/user/cartographer_ws/install/cartographer/include/cartographer/mapping/proto/submap.pb.h
[2.723s] -- Up-to-date: /home/user/cartographer_ws/install/cartographer/include/cartographer/mapping/proto/submap_visualization.pb.h
[2.723s] -- Up-to-date: /home/user/cartographer_ws/install/cartographer/include/cartographer/mapping/proto/submaps_options_2d.pb.h
[2.723s] -- Up-to-date: /home/user/cartographer_ws/install/cartographer/include/cartographer/mapping/proto/submaps_options_3d.pb.h
[2.723s] -- Up-to-date: /home/user/cartographer_ws/install/cartographer/include/cartographer/mapping/proto/trajectory.pb.h
[2.723s] -- Up-to-date: /home/user/cartographer_ws/install/cartographer/include/cartographer/mapping/proto/trajectory_builder_options.pb.h
[2.723s] -- Up-to-date: /home/user/cartographer_ws/install/cartographer/include/cartographer/mapping/proto/trajectory_node_data.pb.h
[2.723s] -- Up-to-date: /home/user/cartographer_ws/install/cartographer/include/cartographer/mapping/proto/tsdf_2d.pb.h
[2.724s] -- Up-to-date: /home/user/cartographer_ws/install/cartographer/include/cartographer/mapping/proto/tsdf_range_data_inserter_options_2d.pb.h
[2.724s] -- Up-to-date: /home/user/cartographer_ws/install/cartographer/include/cartographer/sensor/proto/adaptive_voxel_filter_options.pb.h
[2.724s] -- Up-to-date: /home/user/cartographer_ws/install/cartographer/include/cartographer/sensor/proto/sensor.pb.h
[2.724s] -- Up-to-date: /home/user/cartographer_ws/install/cartographer/include/cartographer/transform/proto/timestamped_transform.pb.h
[2.724s] -- Up-to-date: /home/user/cartographer_ws/install/cartographer/include/cartographer/transform/proto/transform.pb.h
[2.724s] -- Up-to-date: /home/user/cartographer_ws/install/cartographer/share/cartographer/cmake/CartographerTargets.cmake
[2.724s] -- Up-to-date: /home/user/cartographer_ws/install/cartographer/share/cartographer/cmake/CartographerTargets-release.cmake
[2.724s] -- Up-to-date: /home/user/cartographer_ws/install/cartographer/share/cartographer/cartographer-config.cmake
[2.725s] Invoked command in '/home/user/cartographer_ws/build/cartographer' returned '0': CMAKE_PREFIX_PATH=${CMAKE_PREFIX_PATH}:/opt/ros/humble /usr/bin/cmake --install /home/user/cartographer_ws/build/cartographer
