[0.176s] DEBUG:colcon:Command line arguments: ['/usr/bin/colcon', 'build', '--packages-select', 'cartographer_rviz']
[0.176s] DEBUG:colcon:Parsed command line arguments: Namespace(log_base=None, log_level=None, verb_name='build', build_base='build', install_base='install', merge_install=False, symlink_install=False, test_result_base=None, continue_on_error=False, executor='parallel', parallel_workers=8, event_handlers=None, ignore_user_meta=False, metas=['./colcon.meta'], base_paths=['.'], packages_ignore=None, packages_ignore_regex=None, paths=None, packages_up_to=None, packages_up_to_regex=None, packages_above=None, packages_above_and_dependencies=None, packages_above_depth=None, packages_select_by_dep=None, packages_skip_by_dep=None, packages_skip_up_to=None, packages_select_build_failed=False, packages_skip_build_finished=False, packages_select_test_failures=False, packages_skip_test_passed=False, packages_select=['cartographer_rviz'], packages_skip=None, packages_select_regex=None, packages_skip_regex=None, packages_start=None, packages_end=None, allow_overriding=[], cmake_args=None, cmake_target=None, cmake_target_skip_unavailable=False, cmake_clean_cache=False, cmake_clean_first=False, cmake_force_configure=False, ament_cmake_args=None, catkin_cmake_args=None, catkin_skip_building_tests=False, verb_parser=<colcon_defaults.argument_parser.defaults.DefaultArgumentsDecorator object at 0x75fbf04b08e0>, verb_extension=<colcon_core.verb.build.BuildVerb object at 0x75fbf05b54e0>, main=<bound method BuildVerb.main of <colcon_core.verb.build.BuildVerb object at 0x75fbf05b54e0>>)
[0.539s] Level 1:colcon.colcon_core.package_discovery:discover_packages(colcon_meta) check parameters
[0.539s] Level 1:colcon.colcon_core.package_discovery:discover_packages(recursive) check parameters
[0.539s] Level 1:colcon.colcon_core.package_discovery:discover_packages(ignore) check parameters
[0.539s] Level 1:colcon.colcon_core.package_discovery:discover_packages(path) check parameters
[0.539s] Level 1:colcon.colcon_core.package_discovery:discover_packages(colcon_meta) discover
[0.539s] Level 1:colcon.colcon_core.package_discovery:discover_packages(recursive) discover
[0.539s] INFO:colcon.colcon_core.package_discovery:Crawling recursively for packages in '/home/user/cartographer_ws'
[0.539s] Level 1:colcon.colcon_core.package_identification:_identify(.) by extensions ['ignore', 'ignore_ament_install']
[0.540s] Level 1:colcon.colcon_core.package_identification:_identify(.) by extension 'ignore'
[0.540s] Level 1:colcon.colcon_core.package_identification:_identify(.) by extension 'ignore_ament_install'
[0.540s] Level 1:colcon.colcon_core.package_identification:_identify(.) by extensions ['colcon_pkg']
[0.540s] Level 1:colcon.colcon_core.package_identification:_identify(.) by extension 'colcon_pkg'
[0.540s] Level 1:colcon.colcon_core.package_identification:_identify(.) by extensions ['colcon_meta']
[0.540s] Level 1:colcon.colcon_core.package_identification:_identify(.) by extension 'colcon_meta'
[0.540s] Level 1:colcon.colcon_core.package_identification:_identify(.) by extensions ['ros']
[0.540s] Level 1:colcon.colcon_core.package_identification:_identify(.) by extension 'ros'
[0.553s] Level 1:colcon.colcon_core.package_identification:_identify(.) by extensions ['cmake', 'python']
[0.553s] Level 1:colcon.colcon_core.package_identification:_identify(.) by extension 'cmake'
[0.553s] Level 1:colcon.colcon_core.package_identification:_identify(.) by extension 'python'
[0.553s] Level 1:colcon.colcon_core.package_identification:_identify(.) by extensions ['python_setup_py']
[0.553s] Level 1:colcon.colcon_core.package_identification:_identify(.) by extension 'python_setup_py'
[0.554s] Level 1:colcon.colcon_core.package_identification:_identify(build) by extensions ['ignore', 'ignore_ament_install']
[0.554s] Level 1:colcon.colcon_core.package_identification:_identify(build) by extension 'ignore'
[0.554s] Level 1:colcon.colcon_core.package_identification:_identify(build) ignored
[0.554s] Level 1:colcon.colcon_core.package_identification:_identify(install) by extensions ['ignore', 'ignore_ament_install']
[0.554s] Level 1:colcon.colcon_core.package_identification:_identify(install) by extension 'ignore'
[0.554s] Level 1:colcon.colcon_core.package_identification:_identify(install) ignored
[0.554s] Level 1:colcon.colcon_core.package_identification:_identify(log) by extensions ['ignore', 'ignore_ament_install']
[0.554s] Level 1:colcon.colcon_core.package_identification:_identify(log) by extension 'ignore'
[0.554s] Level 1:colcon.colcon_core.package_identification:_identify(log) ignored
[0.554s] Level 1:colcon.colcon_core.package_identification:_identify(src) by extensions ['ignore', 'ignore_ament_install']
[0.554s] Level 1:colcon.colcon_core.package_identification:_identify(src) by extension 'ignore'
[0.554s] Level 1:colcon.colcon_core.package_identification:_identify(src) by extension 'ignore_ament_install'
[0.555s] Level 1:colcon.colcon_core.package_identification:_identify(src) by extensions ['colcon_pkg']
[0.555s] Level 1:colcon.colcon_core.package_identification:_identify(src) by extension 'colcon_pkg'
[0.555s] Level 1:colcon.colcon_core.package_identification:_identify(src) by extensions ['colcon_meta']
[0.555s] Level 1:colcon.colcon_core.package_identification:_identify(src) by extension 'colcon_meta'
[0.555s] Level 1:colcon.colcon_core.package_identification:_identify(src) by extensions ['ros']
[0.555s] Level 1:colcon.colcon_core.package_identification:_identify(src) by extension 'ros'
[0.555s] Level 1:colcon.colcon_core.package_identification:_identify(src) by extensions ['cmake', 'python']
[0.555s] Level 1:colcon.colcon_core.package_identification:_identify(src) by extension 'cmake'
[0.555s] Level 1:colcon.colcon_core.package_identification:_identify(src) by extension 'python'
[0.555s] Level 1:colcon.colcon_core.package_identification:_identify(src) by extensions ['python_setup_py']
[0.555s] Level 1:colcon.colcon_core.package_identification:_identify(src) by extension 'python_setup_py'
[0.555s] Level 1:colcon.colcon_core.package_identification:_identify(src/cartographer) by extensions ['ignore', 'ignore_ament_install']
[0.555s] Level 1:colcon.colcon_core.package_identification:_identify(src/cartographer) by extension 'ignore'
[0.555s] Level 1:colcon.colcon_core.package_identification:_identify(src/cartographer) by extension 'ignore_ament_install'
[0.555s] Level 1:colcon.colcon_core.package_identification:_identify(src/cartographer) by extensions ['colcon_pkg']
[0.555s] Level 1:colcon.colcon_core.package_identification:_identify(src/cartographer) by extension 'colcon_pkg'
[0.555s] Level 1:colcon.colcon_core.package_identification:_identify(src/cartographer) by extensions ['colcon_meta']
[0.555s] Level 1:colcon.colcon_core.package_identification:_identify(src/cartographer) by extension 'colcon_meta'
[0.556s] Level 1:colcon.colcon_core.package_identification:_identify(src/cartographer) by extensions ['ros']
[0.556s] Level 1:colcon.colcon_core.package_identification:_identify(src/cartographer) by extension 'ros'
[0.566s] DEBUG:colcon.colcon_core.package_identification:Package 'src/cartographer' with type 'ros.cmake' and name 'cartographer'
[0.567s] Level 1:colcon.colcon_core.package_identification:_identify(src/cartographer_ros) by extensions ['ignore', 'ignore_ament_install']
[0.567s] Level 1:colcon.colcon_core.package_identification:_identify(src/cartographer_ros) by extension 'ignore'
[0.567s] Level 1:colcon.colcon_core.package_identification:_identify(src/cartographer_ros) by extension 'ignore_ament_install'
[0.567s] Level 1:colcon.colcon_core.package_identification:_identify(src/cartographer_ros) by extensions ['colcon_pkg']
[0.567s] Level 1:colcon.colcon_core.package_identification:_identify(src/cartographer_ros) by extension 'colcon_pkg'
[0.568s] Level 1:colcon.colcon_core.package_identification:_identify(src/cartographer_ros) by extensions ['colcon_meta']
[0.568s] Level 1:colcon.colcon_core.package_identification:_identify(src/cartographer_ros) by extension 'colcon_meta'
[0.568s] Level 1:colcon.colcon_core.package_identification:_identify(src/cartographer_ros) by extensions ['ros']
[0.568s] Level 1:colcon.colcon_core.package_identification:_identify(src/cartographer_ros) by extension 'ros'
[0.568s] Level 1:colcon.colcon_core.package_identification:_identify(src/cartographer_ros) by extensions ['cmake', 'python']
[0.568s] Level 1:colcon.colcon_core.package_identification:_identify(src/cartographer_ros) by extension 'cmake'
[0.569s] Level 1:colcon.colcon_core.package_identification:_identify(src/cartographer_ros) by extension 'python'
[0.569s] Level 1:colcon.colcon_core.package_identification:_identify(src/cartographer_ros) by extensions ['python_setup_py']
[0.569s] Level 1:colcon.colcon_core.package_identification:_identify(src/cartographer_ros) by extension 'python_setup_py'
[0.569s] Level 1:colcon.colcon_core.package_identification:_identify(src/cartographer_ros/cartographer_ros) by extensions ['ignore', 'ignore_ament_install']
[0.569s] Level 1:colcon.colcon_core.package_identification:_identify(src/cartographer_ros/cartographer_ros) by extension 'ignore'
[0.570s] Level 1:colcon.colcon_core.package_identification:_identify(src/cartographer_ros/cartographer_ros) by extension 'ignore_ament_install'
[0.570s] Level 1:colcon.colcon_core.package_identification:_identify(src/cartographer_ros/cartographer_ros) by extensions ['colcon_pkg']
[0.570s] Level 1:colcon.colcon_core.package_identification:_identify(src/cartographer_ros/cartographer_ros) by extension 'colcon_pkg'
[0.570s] Level 1:colcon.colcon_core.package_identification:_identify(src/cartographer_ros/cartographer_ros) by extensions ['colcon_meta']
[0.570s] Level 1:colcon.colcon_core.package_identification:_identify(src/cartographer_ros/cartographer_ros) by extension 'colcon_meta'
[0.570s] Level 1:colcon.colcon_core.package_identification:_identify(src/cartographer_ros/cartographer_ros) by extensions ['ros']
[0.570s] Level 1:colcon.colcon_core.package_identification:_identify(src/cartographer_ros/cartographer_ros) by extension 'ros'
[0.576s] DEBUG:colcon.colcon_core.package_identification:Package 'src/cartographer_ros/cartographer_ros' with type 'ros.ament_cmake' and name 'cartographer_ros'
[0.576s] Level 1:colcon.colcon_core.package_identification:_identify(src/cartographer_ros/cartographer_ros_msgs) by extensions ['ignore', 'ignore_ament_install']
[0.576s] Level 1:colcon.colcon_core.package_identification:_identify(src/cartographer_ros/cartographer_ros_msgs) by extension 'ignore'
[0.576s] Level 1:colcon.colcon_core.package_identification:_identify(src/cartographer_ros/cartographer_ros_msgs) by extension 'ignore_ament_install'
[0.576s] Level 1:colcon.colcon_core.package_identification:_identify(src/cartographer_ros/cartographer_ros_msgs) by extensions ['colcon_pkg']
[0.576s] Level 1:colcon.colcon_core.package_identification:_identify(src/cartographer_ros/cartographer_ros_msgs) by extension 'colcon_pkg'
[0.576s] Level 1:colcon.colcon_core.package_identification:_identify(src/cartographer_ros/cartographer_ros_msgs) by extensions ['colcon_meta']
[0.577s] Level 1:colcon.colcon_core.package_identification:_identify(src/cartographer_ros/cartographer_ros_msgs) by extension 'colcon_meta'
[0.577s] Level 1:colcon.colcon_core.package_identification:_identify(src/cartographer_ros/cartographer_ros_msgs) by extensions ['ros']
[0.577s] Level 1:colcon.colcon_core.package_identification:_identify(src/cartographer_ros/cartographer_ros_msgs) by extension 'ros'
[0.578s] DEBUG:colcon.colcon_core.package_identification:Package 'src/cartographer_ros/cartographer_ros_msgs' with type 'ros.ament_cmake' and name 'cartographer_ros_msgs'
[0.578s] Level 1:colcon.colcon_core.package_identification:_identify(src/cartographer_ros/cartographer_rviz) by extensions ['ignore', 'ignore_ament_install']
[0.578s] Level 1:colcon.colcon_core.package_identification:_identify(src/cartographer_ros/cartographer_rviz) by extension 'ignore'
[0.578s] Level 1:colcon.colcon_core.package_identification:_identify(src/cartographer_ros/cartographer_rviz) by extension 'ignore_ament_install'
[0.579s] Level 1:colcon.colcon_core.package_identification:_identify(src/cartographer_ros/cartographer_rviz) by extensions ['colcon_pkg']
[0.579s] Level 1:colcon.colcon_core.package_identification:_identify(src/cartographer_ros/cartographer_rviz) by extension 'colcon_pkg'
[0.579s] Level 1:colcon.colcon_core.package_identification:_identify(src/cartographer_ros/cartographer_rviz) by extensions ['colcon_meta']
[0.579s] Level 1:colcon.colcon_core.package_identification:_identify(src/cartographer_ros/cartographer_rviz) by extension 'colcon_meta'
[0.579s] Level 1:colcon.colcon_core.package_identification:_identify(src/cartographer_ros/cartographer_rviz) by extensions ['ros']
[0.579s] Level 1:colcon.colcon_core.package_identification:_identify(src/cartographer_ros/cartographer_rviz) by extension 'ros'
[0.581s] DEBUG:colcon.colcon_core.package_identification:Package 'src/cartographer_ros/cartographer_rviz' with type 'ros.ament_cmake' and name 'cartographer_rviz'
[0.581s] Level 1:colcon.colcon_core.package_identification:_identify(src/cartographer_ros/docs) by extensions ['ignore', 'ignore_ament_install']
[0.581s] Level 1:colcon.colcon_core.package_identification:_identify(src/cartographer_ros/docs) by extension 'ignore'
[0.582s] Level 1:colcon.colcon_core.package_identification:_identify(src/cartographer_ros/docs) ignored
[0.582s] Level 1:colcon.colcon_core.package_identification:_identify(src/cartographer_ros/scripts) by extensions ['ignore', 'ignore_ament_install']
[0.582s] Level 1:colcon.colcon_core.package_identification:_identify(src/cartographer_ros/scripts) by extension 'ignore'
[0.582s] Level 1:colcon.colcon_core.package_identification:_identify(src/cartographer_ros/scripts) by extension 'ignore_ament_install'
[0.582s] Level 1:colcon.colcon_core.package_identification:_identify(src/cartographer_ros/scripts) by extensions ['colcon_pkg']
[0.582s] Level 1:colcon.colcon_core.package_identification:_identify(src/cartographer_ros/scripts) by extension 'colcon_pkg'
[0.582s] Level 1:colcon.colcon_core.package_identification:_identify(src/cartographer_ros/scripts) by extensions ['colcon_meta']
[0.582s] Level 1:colcon.colcon_core.package_identification:_identify(src/cartographer_ros/scripts) by extension 'colcon_meta'
[0.582s] Level 1:colcon.colcon_core.package_identification:_identify(src/cartographer_ros/scripts) by extensions ['ros']
[0.582s] Level 1:colcon.colcon_core.package_identification:_identify(src/cartographer_ros/scripts) by extension 'ros'
[0.582s] Level 1:colcon.colcon_core.package_identification:_identify(src/cartographer_ros/scripts) by extensions ['cmake', 'python']
[0.582s] Level 1:colcon.colcon_core.package_identification:_identify(src/cartographer_ros/scripts) by extension 'cmake'
[0.583s] Level 1:colcon.colcon_core.package_identification:_identify(src/cartographer_ros/scripts) by extension 'python'
[0.583s] Level 1:colcon.colcon_core.package_identification:_identify(src/cartographer_ros/scripts) by extensions ['python_setup_py']
[0.583s] Level 1:colcon.colcon_core.package_identification:_identify(src/cartographer_ros/scripts) by extension 'python_setup_py'
[0.583s] Level 1:colcon.colcon_core.package_discovery:discover_packages(recursive) using defaults
[0.583s] Level 1:colcon.colcon_core.package_discovery:discover_packages(ignore) discover
[0.583s] Level 1:colcon.colcon_core.package_discovery:discover_packages(ignore) using defaults
[0.583s] Level 1:colcon.colcon_core.package_discovery:discover_packages(path) discover
[0.583s] Level 1:colcon.colcon_core.package_discovery:discover_packages(path) using defaults
[0.655s] INFO:colcon.colcon_core.package_selection:Skipping not selected package 'cartographer' in 'src/cartographer'
[0.655s] INFO:colcon.colcon_core.package_selection:Skipping not selected package 'cartographer_ros_msgs' in 'src/cartographer_ros/cartographer_ros_msgs'
[0.655s] INFO:colcon.colcon_core.package_selection:Skipping not selected package 'cartographer_ros' in 'src/cartographer_ros/cartographer_ros'
[0.656s] Level 1:colcon.colcon_core.package_discovery:discover_packages(prefix_path) check parameters
[0.656s] Level 1:colcon.colcon_core.package_discovery:discover_packages(prefix_path) discover
[0.661s] DEBUG:colcon.colcon_installed_package_information.package_discovery:Found 4 installed packages in /home/user/cartographer_ws/install
[0.662s] DEBUG:colcon.colcon_installed_package_information.package_discovery:Found 21 installed packages in /home/user/slam_ws/install
[0.663s] DEBUG:colcon.colcon_installed_package_information.package_discovery:Found 0 installed packages in /home/user/ros2_ws/install
[0.665s] DEBUG:colcon.colcon_installed_package_information.package_discovery:Found 335 installed packages in /opt/ros/humble
[0.668s] Level 1:colcon.colcon_core.package_discovery:discover_packages(prefix_path) using defaults
[0.733s] Level 5:colcon.colcon_core.verb:set package 'cartographer_rviz' build argument 'cmake_args' from command line to 'None'
[0.733s] Level 5:colcon.colcon_core.verb:set package 'cartographer_rviz' build argument 'cmake_target' from command line to 'None'
[0.733s] Level 5:colcon.colcon_core.verb:set package 'cartographer_rviz' build argument 'cmake_target_skip_unavailable' from command line to 'False'
[0.733s] Level 5:colcon.colcon_core.verb:set package 'cartographer_rviz' build argument 'cmake_clean_cache' from command line to 'False'
[0.733s] Level 5:colcon.colcon_core.verb:set package 'cartographer_rviz' build argument 'cmake_clean_first' from command line to 'False'
[0.733s] Level 5:colcon.colcon_core.verb:set package 'cartographer_rviz' build argument 'cmake_force_configure' from command line to 'False'
[0.733s] Level 5:colcon.colcon_core.verb:set package 'cartographer_rviz' build argument 'ament_cmake_args' from command line to 'None'
[0.733s] Level 5:colcon.colcon_core.verb:set package 'cartographer_rviz' build argument 'catkin_cmake_args' from command line to 'None'
[0.733s] Level 5:colcon.colcon_core.verb:set package 'cartographer_rviz' build argument 'catkin_skip_building_tests' from command line to 'False'
[0.733s] DEBUG:colcon.colcon_core.verb:Building package 'cartographer_rviz' with the following arguments: {'ament_cmake_args': None, 'build_base': '/home/user/cartographer_ws/build/cartographer_rviz', 'catkin_cmake_args': None, 'catkin_skip_building_tests': False, 'cmake_args': None, 'cmake_clean_cache': False, 'cmake_clean_first': False, 'cmake_force_configure': False, 'cmake_target': None, 'cmake_target_skip_unavailable': False, 'install_base': '/home/user/cartographer_ws/install/cartographer_rviz', 'merge_install': False, 'path': '/home/user/cartographer_ws/src/cartographer_ros/cartographer_rviz', 'symlink_install': False, 'test_result_base': None}
[0.733s] INFO:colcon.colcon_core.executor:Executing jobs using 'parallel' executor
[0.735s] DEBUG:colcon.colcon_parallel_executor.executor.parallel:run_until_complete
[0.736s] INFO:colcon.colcon_ros.task.ament_cmake.build:Building ROS package in '/home/user/cartographer_ws/src/cartographer_ros/cartographer_rviz' with build type 'ament_cmake'
[0.736s] INFO:colcon.colcon_cmake.task.cmake.build:Building CMake package in '/home/user/cartographer_ws/src/cartographer_ros/cartographer_rviz'
[0.740s] INFO:colcon.colcon_core.plugin_system:Skipping extension 'colcon_core.shell.bat': Not used on non-Windows systems
[0.741s] INFO:colcon.colcon_core.shell:Skip shell extension 'powershell' for command environment: Not usable outside of PowerShell
[0.741s] DEBUG:colcon.colcon_core.shell:Skip shell extension 'dsv' for command environment
[0.773s] DEBUG:colcon.colcon_core.event_handler.log_command:Invoking command in '/home/user/cartographer_ws/build/cartographer_rviz': CMAKE_PREFIX_PATH=/home/user/cartographer_ws/install/cartographer_ros:/home/user/cartographer_ws/install/cartographer_ros_msgs:/home/user/cartographer_ws/install/cartographer:/home/user/cartographer_ws/install/cartographer_rviz:/home/user/slam_ws/install/turtlebot3:/home/user/slam_ws/install/turtlebot3_simulations:/home/user/slam_ws/install/turtlebot3_bringup:/home/user/slam_ws/install/turtlebot3_node:/home/user/slam_ws/install/turtlebot3_navigation2:/home/user/slam_ws/install/turtlebot3_fake_node:/home/user/slam_ws/install/turtlebot3_msgs:/home/user/slam_ws/install/turtlebot3_gazebo:/home/user/slam_ws/install/turtlebot3_description:/home/user/slam_ws/install/turtlebot3_cartographer:/home/user/slam_ws/install/ld08_driver:/home/user/slam_ws/install/hls_lfcd_lds_driver:/home/user/slam_ws/install/dynamixel_sdk_examples:/home/user/slam_ws/install/dynamixel_sdk_custom_interfaces:/home/user/slam_ws/install/dynamixel_sdk:/home/user/slam_ws/install/cartographer_rviz:/home/user/slam_ws/install/cartographer_ros:/home/user/slam_ws/install/cartographer_ros_msgs:/home/user/slam_ws/install/cartographer:/home/user/slam_ws/install/turtlebot3_teleop:/home/user/slam_ws/install/turtlebot3_example:/opt/ros/humble LD_LIBRARY_PATH=/home/user/cartographer_ws/install/cartographer_ros_msgs/lib:/home/user/cartographer_ws/install/cartographer_rviz/lib:/home/user/cartographer_ws/install/cartographer_ros/lib:/home/user/slam_ws/install/turtlebot3_msgs/lib:/home/user/slam_ws/install/dynamixel_sdk_custom_interfaces/lib:/home/user/slam_ws/install/dynamixel_sdk/lib:/home/user/slam_ws/install/cartographer_rviz/lib:/home/user/slam_ws/install/cartographer_ros/lib:/home/user/slam_ws/install/cartographer_ros_msgs/lib:/usr/lib/x86_64-linux-gnu/gazebo-11/plugins:/opt/ros/humble/opt/rviz_ogre_vendor/lib:/opt/ros/humble/lib/x86_64-linux-gnu:/opt/ros/humble/lib /usr/bin/cmake /home/user/cartographer_ws/src/cartographer_ros/cartographer_rviz -DCMAKE_INSTALL_PREFIX=/home/user/cartographer_ws/install/cartographer_rviz
[4.509s] DEBUG:colcon.colcon_core.event_handler.log_command:Invoked command in '/home/user/cartographer_ws/build/cartographer_rviz' returned '0': CMAKE_PREFIX_PATH=/home/user/cartographer_ws/install/cartographer_ros:/home/user/cartographer_ws/install/cartographer_ros_msgs:/home/user/cartographer_ws/install/cartographer:/home/user/cartographer_ws/install/cartographer_rviz:/home/user/slam_ws/install/turtlebot3:/home/user/slam_ws/install/turtlebot3_simulations:/home/user/slam_ws/install/turtlebot3_bringup:/home/user/slam_ws/install/turtlebot3_node:/home/user/slam_ws/install/turtlebot3_navigation2:/home/user/slam_ws/install/turtlebot3_fake_node:/home/user/slam_ws/install/turtlebot3_msgs:/home/user/slam_ws/install/turtlebot3_gazebo:/home/user/slam_ws/install/turtlebot3_description:/home/user/slam_ws/install/turtlebot3_cartographer:/home/user/slam_ws/install/ld08_driver:/home/user/slam_ws/install/hls_lfcd_lds_driver:/home/user/slam_ws/install/dynamixel_sdk_examples:/home/user/slam_ws/install/dynamixel_sdk_custom_interfaces:/home/user/slam_ws/install/dynamixel_sdk:/home/user/slam_ws/install/cartographer_rviz:/home/user/slam_ws/install/cartographer_ros:/home/user/slam_ws/install/cartographer_ros_msgs:/home/user/slam_ws/install/cartographer:/home/user/slam_ws/install/turtlebot3_teleop:/home/user/slam_ws/install/turtlebot3_example:/opt/ros/humble LD_LIBRARY_PATH=/home/user/cartographer_ws/install/cartographer_ros_msgs/lib:/home/user/cartographer_ws/install/cartographer_rviz/lib:/home/user/cartographer_ws/install/cartographer_ros/lib:/home/user/slam_ws/install/turtlebot3_msgs/lib:/home/user/slam_ws/install/dynamixel_sdk_custom_interfaces/lib:/home/user/slam_ws/install/dynamixel_sdk/lib:/home/user/slam_ws/install/cartographer_rviz/lib:/home/user/slam_ws/install/cartographer_ros/lib:/home/user/slam_ws/install/cartographer_ros_msgs/lib:/usr/lib/x86_64-linux-gnu/gazebo-11/plugins:/opt/ros/humble/opt/rviz_ogre_vendor/lib:/opt/ros/humble/lib/x86_64-linux-gnu:/opt/ros/humble/lib /usr/bin/cmake /home/user/cartographer_ws/src/cartographer_ros/cartographer_rviz -DCMAKE_INSTALL_PREFIX=/home/user/cartographer_ws/install/cartographer_rviz
[4.513s] DEBUG:colcon.colcon_core.event_handler.log_command:Invoking command in '/home/user/cartographer_ws/build/cartographer_rviz': CMAKE_PREFIX_PATH=/home/user/cartographer_ws/install/cartographer_ros:/home/user/cartographer_ws/install/cartographer_ros_msgs:/home/user/cartographer_ws/install/cartographer:/home/user/cartographer_ws/install/cartographer_rviz:/home/user/slam_ws/install/turtlebot3:/home/user/slam_ws/install/turtlebot3_simulations:/home/user/slam_ws/install/turtlebot3_bringup:/home/user/slam_ws/install/turtlebot3_node:/home/user/slam_ws/install/turtlebot3_navigation2:/home/user/slam_ws/install/turtlebot3_fake_node:/home/user/slam_ws/install/turtlebot3_msgs:/home/user/slam_ws/install/turtlebot3_gazebo:/home/user/slam_ws/install/turtlebot3_description:/home/user/slam_ws/install/turtlebot3_cartographer:/home/user/slam_ws/install/ld08_driver:/home/user/slam_ws/install/hls_lfcd_lds_driver:/home/user/slam_ws/install/dynamixel_sdk_examples:/home/user/slam_ws/install/dynamixel_sdk_custom_interfaces:/home/user/slam_ws/install/dynamixel_sdk:/home/user/slam_ws/install/cartographer_rviz:/home/user/slam_ws/install/cartographer_ros:/home/user/slam_ws/install/cartographer_ros_msgs:/home/user/slam_ws/install/cartographer:/home/user/slam_ws/install/turtlebot3_teleop:/home/user/slam_ws/install/turtlebot3_example:/opt/ros/humble LD_LIBRARY_PATH=/home/user/cartographer_ws/install/cartographer_ros_msgs/lib:/home/user/cartographer_ws/install/cartographer_rviz/lib:/home/user/cartographer_ws/install/cartographer_ros/lib:/home/user/slam_ws/install/turtlebot3_msgs/lib:/home/user/slam_ws/install/dynamixel_sdk_custom_interfaces/lib:/home/user/slam_ws/install/dynamixel_sdk/lib:/home/user/slam_ws/install/cartographer_rviz/lib:/home/user/slam_ws/install/cartographer_ros/lib:/home/user/slam_ws/install/cartographer_ros_msgs/lib:/usr/lib/x86_64-linux-gnu/gazebo-11/plugins:/opt/ros/humble/opt/rviz_ogre_vendor/lib:/opt/ros/humble/lib/x86_64-linux-gnu:/opt/ros/humble/lib /usr/bin/cmake --build /home/user/cartographer_ws/build/cartographer_rviz -- -j8 -l8
[6.764s] DEBUG:colcon.colcon_core.event_handler.log_command:Invoked command in '/home/user/cartographer_ws/build/cartographer_rviz' returned '0': CMAKE_PREFIX_PATH=/home/user/cartographer_ws/install/cartographer_ros:/home/user/cartographer_ws/install/cartographer_ros_msgs:/home/user/cartographer_ws/install/cartographer:/home/user/cartographer_ws/install/cartographer_rviz:/home/user/slam_ws/install/turtlebot3:/home/user/slam_ws/install/turtlebot3_simulations:/home/user/slam_ws/install/turtlebot3_bringup:/home/user/slam_ws/install/turtlebot3_node:/home/user/slam_ws/install/turtlebot3_navigation2:/home/user/slam_ws/install/turtlebot3_fake_node:/home/user/slam_ws/install/turtlebot3_msgs:/home/user/slam_ws/install/turtlebot3_gazebo:/home/user/slam_ws/install/turtlebot3_description:/home/user/slam_ws/install/turtlebot3_cartographer:/home/user/slam_ws/install/ld08_driver:/home/user/slam_ws/install/hls_lfcd_lds_driver:/home/user/slam_ws/install/dynamixel_sdk_examples:/home/user/slam_ws/install/dynamixel_sdk_custom_interfaces:/home/user/slam_ws/install/dynamixel_sdk:/home/user/slam_ws/install/cartographer_rviz:/home/user/slam_ws/install/cartographer_ros:/home/user/slam_ws/install/cartographer_ros_msgs:/home/user/slam_ws/install/cartographer:/home/user/slam_ws/install/turtlebot3_teleop:/home/user/slam_ws/install/turtlebot3_example:/opt/ros/humble LD_LIBRARY_PATH=/home/user/cartographer_ws/install/cartographer_ros_msgs/lib:/home/user/cartographer_ws/install/cartographer_rviz/lib:/home/user/cartographer_ws/install/cartographer_ros/lib:/home/user/slam_ws/install/turtlebot3_msgs/lib:/home/user/slam_ws/install/dynamixel_sdk_custom_interfaces/lib:/home/user/slam_ws/install/dynamixel_sdk/lib:/home/user/slam_ws/install/cartographer_rviz/lib:/home/user/slam_ws/install/cartographer_ros/lib:/home/user/slam_ws/install/cartographer_ros_msgs/lib:/usr/lib/x86_64-linux-gnu/gazebo-11/plugins:/opt/ros/humble/opt/rviz_ogre_vendor/lib:/opt/ros/humble/lib/x86_64-linux-gnu:/opt/ros/humble/lib /usr/bin/cmake --build /home/user/cartographer_ws/build/cartographer_rviz -- -j8 -l8
[6.838s] DEBUG:colcon.colcon_core.event_handler.log_command:Invoking command in '/home/user/cartographer_ws/build/cartographer_rviz': CMAKE_PREFIX_PATH=/home/user/cartographer_ws/install/cartographer_ros:/home/user/cartographer_ws/install/cartographer_ros_msgs:/home/user/cartographer_ws/install/cartographer:/home/user/cartographer_ws/install/cartographer_rviz:/home/user/slam_ws/install/turtlebot3:/home/user/slam_ws/install/turtlebot3_simulations:/home/user/slam_ws/install/turtlebot3_bringup:/home/user/slam_ws/install/turtlebot3_node:/home/user/slam_ws/install/turtlebot3_navigation2:/home/user/slam_ws/install/turtlebot3_fake_node:/home/user/slam_ws/install/turtlebot3_msgs:/home/user/slam_ws/install/turtlebot3_gazebo:/home/user/slam_ws/install/turtlebot3_description:/home/user/slam_ws/install/turtlebot3_cartographer:/home/user/slam_ws/install/ld08_driver:/home/user/slam_ws/install/hls_lfcd_lds_driver:/home/user/slam_ws/install/dynamixel_sdk_examples:/home/user/slam_ws/install/dynamixel_sdk_custom_interfaces:/home/user/slam_ws/install/dynamixel_sdk:/home/user/slam_ws/install/cartographer_rviz:/home/user/slam_ws/install/cartographer_ros:/home/user/slam_ws/install/cartographer_ros_msgs:/home/user/slam_ws/install/cartographer:/home/user/slam_ws/install/turtlebot3_teleop:/home/user/slam_ws/install/turtlebot3_example:/opt/ros/humble LD_LIBRARY_PATH=/home/user/cartographer_ws/install/cartographer_ros_msgs/lib:/home/user/cartographer_ws/install/cartographer_rviz/lib:/home/user/cartographer_ws/install/cartographer_ros/lib:/home/user/slam_ws/install/turtlebot3_msgs/lib:/home/user/slam_ws/install/dynamixel_sdk_custom_interfaces/lib:/home/user/slam_ws/install/dynamixel_sdk/lib:/home/user/slam_ws/install/cartographer_rviz/lib:/home/user/slam_ws/install/cartographer_ros/lib:/home/user/slam_ws/install/cartographer_ros_msgs/lib:/usr/lib/x86_64-linux-gnu/gazebo-11/plugins:/opt/ros/humble/opt/rviz_ogre_vendor/lib:/opt/ros/humble/lib/x86_64-linux-gnu:/opt/ros/humble/lib /usr/bin/cmake --install /home/user/cartographer_ws/build/cartographer_rviz
[6.863s] Level 1:colcon.colcon_core.environment:create_environment_scripts_only(cartographer_rviz)
[6.864s] DEBUG:colcon.colcon_core.event_handler.log_command:Invoked command in '/home/user/cartographer_ws/build/cartographer_rviz' returned '0': CMAKE_PREFIX_PATH=/home/user/cartographer_ws/install/cartographer_ros:/home/user/cartographer_ws/install/cartographer_ros_msgs:/home/user/cartographer_ws/install/cartographer:/home/user/cartographer_ws/install/cartographer_rviz:/home/user/slam_ws/install/turtlebot3:/home/user/slam_ws/install/turtlebot3_simulations:/home/user/slam_ws/install/turtlebot3_bringup:/home/user/slam_ws/install/turtlebot3_node:/home/user/slam_ws/install/turtlebot3_navigation2:/home/user/slam_ws/install/turtlebot3_fake_node:/home/user/slam_ws/install/turtlebot3_msgs:/home/user/slam_ws/install/turtlebot3_gazebo:/home/user/slam_ws/install/turtlebot3_description:/home/user/slam_ws/install/turtlebot3_cartographer:/home/user/slam_ws/install/ld08_driver:/home/user/slam_ws/install/hls_lfcd_lds_driver:/home/user/slam_ws/install/dynamixel_sdk_examples:/home/user/slam_ws/install/dynamixel_sdk_custom_interfaces:/home/user/slam_ws/install/dynamixel_sdk:/home/user/slam_ws/install/cartographer_rviz:/home/user/slam_ws/install/cartographer_ros:/home/user/slam_ws/install/cartographer_ros_msgs:/home/user/slam_ws/install/cartographer:/home/user/slam_ws/install/turtlebot3_teleop:/home/user/slam_ws/install/turtlebot3_example:/opt/ros/humble LD_LIBRARY_PATH=/home/user/cartographer_ws/install/cartographer_ros_msgs/lib:/home/user/cartographer_ws/install/cartographer_rviz/lib:/home/user/cartographer_ws/install/cartographer_ros/lib:/home/user/slam_ws/install/turtlebot3_msgs/lib:/home/user/slam_ws/install/dynamixel_sdk_custom_interfaces/lib:/home/user/slam_ws/install/dynamixel_sdk/lib:/home/user/slam_ws/install/cartographer_rviz/lib:/home/user/slam_ws/install/cartographer_ros/lib:/home/user/slam_ws/install/cartographer_ros_msgs/lib:/usr/lib/x86_64-linux-gnu/gazebo-11/plugins:/opt/ros/humble/opt/rviz_ogre_vendor/lib:/opt/ros/humble/lib/x86_64-linux-gnu:/opt/ros/humble/lib /usr/bin/cmake --install /home/user/cartographer_ws/build/cartographer_rviz
[6.870s] Level 1:colcon.colcon_core.environment:checking '/home/user/cartographer_ws/install/cartographer_rviz' for CMake module files
[6.871s] Level 1:colcon.colcon_core.environment:checking '/home/user/cartographer_ws/install/cartographer_rviz' for CMake config files
[6.871s] Level 1:colcon.colcon_core.shell:create_environment_hook('cartographer_rviz', 'cmake_prefix_path')
[6.872s] INFO:colcon.colcon_core.shell:Creating environment hook '/home/user/cartographer_ws/install/cartographer_rviz/share/cartographer_rviz/hook/cmake_prefix_path.ps1'
[6.873s] INFO:colcon.colcon_core.shell:Creating environment descriptor '/home/user/cartographer_ws/install/cartographer_rviz/share/cartographer_rviz/hook/cmake_prefix_path.dsv'
[6.874s] INFO:colcon.colcon_core.shell:Creating environment hook '/home/user/cartographer_ws/install/cartographer_rviz/share/cartographer_rviz/hook/cmake_prefix_path.sh'
[6.875s] Level 1:colcon.colcon_core.environment:checking '/home/user/cartographer_ws/install/cartographer_rviz/lib'
[6.875s] Level 1:colcon.colcon_core.shell:create_environment_hook('cartographer_rviz', 'ld_library_path_lib')
[6.876s] INFO:colcon.colcon_core.shell:Creating environment hook '/home/user/cartographer_ws/install/cartographer_rviz/share/cartographer_rviz/hook/ld_library_path_lib.ps1'
[6.876s] INFO:colcon.colcon_core.shell:Creating environment descriptor '/home/user/cartographer_ws/install/cartographer_rviz/share/cartographer_rviz/hook/ld_library_path_lib.dsv'
[6.876s] INFO:colcon.colcon_core.shell:Creating environment hook '/home/user/cartographer_ws/install/cartographer_rviz/share/cartographer_rviz/hook/ld_library_path_lib.sh'
[6.877s] Level 1:colcon.colcon_core.environment:checking '/home/user/cartographer_ws/install/cartographer_rviz/bin'
[6.877s] Level 1:colcon.colcon_core.environment:checking '/home/user/cartographer_ws/install/cartographer_rviz/lib/pkgconfig/cartographer_rviz.pc'
[6.877s] Level 1:colcon.colcon_core.environment:checking '/home/user/cartographer_ws/install/cartographer_rviz/lib/python3.10/site-packages'
[6.878s] Level 1:colcon.colcon_core.environment:checking '/home/user/cartographer_ws/install/cartographer_rviz/bin'
[6.878s] INFO:colcon.colcon_core.shell:Creating package script '/home/user/cartographer_ws/install/cartographer_rviz/share/cartographer_rviz/package.ps1'
[6.879s] INFO:colcon.colcon_core.shell:Creating package descriptor '/home/user/cartographer_ws/install/cartographer_rviz/share/cartographer_rviz/package.dsv'
[6.880s] INFO:colcon.colcon_core.shell:Creating package script '/home/user/cartographer_ws/install/cartographer_rviz/share/cartographer_rviz/package.sh'
[6.881s] INFO:colcon.colcon_core.shell:Creating package script '/home/user/cartographer_ws/install/cartographer_rviz/share/cartographer_rviz/package.bash'
[6.883s] INFO:colcon.colcon_core.shell:Creating package script '/home/user/cartographer_ws/install/cartographer_rviz/share/cartographer_rviz/package.zsh'
[6.884s] Level 1:colcon.colcon_core.environment:create_file_with_runtime_dependencies(/home/user/cartographer_ws/install/cartographer_rviz/share/colcon-core/packages/cartographer_rviz)
[6.953s] Level 1:colcon.colcon_core.environment:create_environment_scripts_only(cartographer_rviz)
[6.953s] Level 1:colcon.colcon_core.environment:checking '/home/user/cartographer_ws/install/cartographer_rviz' for CMake module files
[6.954s] Level 1:colcon.colcon_core.environment:checking '/home/user/cartographer_ws/install/cartographer_rviz' for CMake config files
[6.954s] Level 1:colcon.colcon_core.shell:create_environment_hook('cartographer_rviz', 'cmake_prefix_path')
[6.955s] INFO:colcon.colcon_core.shell:Creating environment hook '/home/user/cartographer_ws/install/cartographer_rviz/share/cartographer_rviz/hook/cmake_prefix_path.ps1'
[6.955s] INFO:colcon.colcon_core.shell:Creating environment descriptor '/home/user/cartographer_ws/install/cartographer_rviz/share/cartographer_rviz/hook/cmake_prefix_path.dsv'
[6.956s] INFO:colcon.colcon_core.shell:Creating environment hook '/home/user/cartographer_ws/install/cartographer_rviz/share/cartographer_rviz/hook/cmake_prefix_path.sh'
[6.957s] Level 1:colcon.colcon_core.environment:checking '/home/user/cartographer_ws/install/cartographer_rviz/lib'
[6.957s] Level 1:colcon.colcon_core.shell:create_environment_hook('cartographer_rviz', 'ld_library_path_lib')
[6.957s] INFO:colcon.colcon_core.shell:Creating environment hook '/home/user/cartographer_ws/install/cartographer_rviz/share/cartographer_rviz/hook/ld_library_path_lib.ps1'
[6.957s] INFO:colcon.colcon_core.shell:Creating environment descriptor '/home/user/cartographer_ws/install/cartographer_rviz/share/cartographer_rviz/hook/ld_library_path_lib.dsv'
[6.958s] INFO:colcon.colcon_core.shell:Creating environment hook '/home/user/cartographer_ws/install/cartographer_rviz/share/cartographer_rviz/hook/ld_library_path_lib.sh'
[6.958s] Level 1:colcon.colcon_core.environment:checking '/home/user/cartographer_ws/install/cartographer_rviz/bin'
[6.958s] Level 1:colcon.colcon_core.environment:checking '/home/user/cartographer_ws/install/cartographer_rviz/lib/pkgconfig/cartographer_rviz.pc'
[6.959s] Level 1:colcon.colcon_core.environment:checking '/home/user/cartographer_ws/install/cartographer_rviz/lib/python3.10/site-packages'
[6.959s] Level 1:colcon.colcon_core.environment:checking '/home/user/cartographer_ws/install/cartographer_rviz/bin'
[6.959s] INFO:colcon.colcon_core.shell:Creating package script '/home/user/cartographer_ws/install/cartographer_rviz/share/cartographer_rviz/package.ps1'
[6.960s] INFO:colcon.colcon_core.shell:Creating package descriptor '/home/user/cartographer_ws/install/cartographer_rviz/share/cartographer_rviz/package.dsv'
[6.961s] INFO:colcon.colcon_core.shell:Creating package script '/home/user/cartographer_ws/install/cartographer_rviz/share/cartographer_rviz/package.sh'
[6.961s] INFO:colcon.colcon_core.shell:Creating package script '/home/user/cartographer_ws/install/cartographer_rviz/share/cartographer_rviz/package.bash'
[6.962s] INFO:colcon.colcon_core.shell:Creating package script '/home/user/cartographer_ws/install/cartographer_rviz/share/cartographer_rviz/package.zsh'
[6.962s] Level 1:colcon.colcon_core.environment:create_file_with_runtime_dependencies(/home/user/cartographer_ws/install/cartographer_rviz/share/colcon-core/packages/cartographer_rviz)
[6.963s] DEBUG:colcon.colcon_parallel_executor.executor.parallel:closing loop
[6.963s] DEBUG:colcon.colcon_parallel_executor.executor.parallel:loop closed
[6.963s] DEBUG:colcon.colcon_parallel_executor.executor.parallel:run_until_complete finished with '0'
[6.963s] DEBUG:colcon.colcon_core.event_reactor:joining thread
[6.974s] INFO:colcon.colcon_core.plugin_system:Skipping extension 'colcon_notification.desktop_notification.terminal_notifier': Not used on non-Darwin systems
[6.974s] INFO:colcon.colcon_core.plugin_system:Skipping extension 'colcon_notification.desktop_notification.win32': Not used on non-Windows systems
[6.974s] INFO:colcon.colcon_notification.desktop_notification:Sending desktop notification using 'notify2'
[6.992s] DEBUG:colcon.colcon_core.event_reactor:joined thread
[6.993s] INFO:colcon.colcon_core.shell:Creating prefix script '/home/user/cartographer_ws/install/local_setup.ps1'
[6.994s] INFO:colcon.colcon_core.shell:Creating prefix util module '/home/user/cartographer_ws/install/_local_setup_util_ps1.py'
[6.999s] INFO:colcon.colcon_core.shell:Creating prefix chain script '/home/user/cartographer_ws/install/setup.ps1'
[7.002s] INFO:colcon.colcon_core.shell:Creating prefix script '/home/user/cartographer_ws/install/local_setup.sh'
[7.003s] INFO:colcon.colcon_core.shell:Creating prefix util module '/home/user/cartographer_ws/install/_local_setup_util_sh.py'
[7.004s] INFO:colcon.colcon_core.shell:Creating prefix chain script '/home/user/cartographer_ws/install/setup.sh'
[7.007s] INFO:colcon.colcon_core.shell:Creating prefix script '/home/user/cartographer_ws/install/local_setup.bash'
[7.008s] INFO:colcon.colcon_core.shell:Creating prefix chain script '/home/user/cartographer_ws/install/setup.bash'
[7.011s] INFO:colcon.colcon_core.shell:Creating prefix script '/home/user/cartographer_ws/install/local_setup.zsh'
[7.012s] INFO:colcon.colcon_core.shell:Creating prefix chain script '/home/user/cartographer_ws/install/setup.zsh'
