[0.022s] Invoking command in '/home/user/cartographer_ws/build/cartographer_ros_msgs': CMAKE_PREFIX_PATH=${CMAKE_PREFIX_PATH}:/opt/ros/humble /usr/bin/cmake --build /home/user/cartographer_ws/build/cartographer_ros_msgs -- -j8 -l8
[0.132s] [  0%] Built target cartographer_ros_msgs__cpp
[0.143s] [  0%] Built target ament_cmake_python_symlink_cartographer_ros_msgs
[0.157s] [ 12%] Built target cartographer_ros_msgs__rosidl_generator_c
[0.243s] [ 24%] Built target cartographer_ros_msgs__rosidl_typesupport_cpp
[0.269s] [ 44%] Built target cartographer_ros_msgs__rosidl_typesupport_introspection_c
[0.277s] [ 48%] Built target cartographer_ros_msgs__rosidl_typesupport_fastrtps_cpp
[0.288s] [ 61%] Built target cartographer_ros_msgs__rosidl_typesupport_introspection_cpp
[0.290s] [ 73%] Built target cartographer_ros_msgs__rosidl_typesupport_fastrtps_c
[0.293s] [ 85%] Built target cartographer_ros_msgs__rosidl_typesupport_c
[0.334s] [ 85%] Built target cartographer_ros_msgs
[0.376s] [ 86%] Built target cartographer_ros_msgs__py
[0.435s] [ 97%] Built target cartographer_ros_msgs__rosidl_generator_py
[0.487s] [ 98%] Built target cartographer_ros_msgs__rosidl_typesupport_c__pyext
[0.490s] [ 99%] Built target cartographer_ros_msgs__rosidl_typesupport_fastrtps_c__pyext
[0.497s] [100%] Built target cartographer_ros_msgs__rosidl_typesupport_introspection_c__pyext
[0.741s] running egg_info
[0.744s] writing cartographer_ros_msgs.egg-info/PKG-INFO
[0.744s] writing dependency_links to cartographer_ros_msgs.egg-info/dependency_links.txt
[0.745s] writing top-level names to cartographer_ros_msgs.egg-info/top_level.txt
[0.753s] reading manifest file 'cartographer_ros_msgs.egg-info/SOURCES.txt'
[0.755s] writing manifest file 'cartographer_ros_msgs.egg-info/SOURCES.txt'
[0.827s] [100%] Built target ament_cmake_python_build_cartographer_ros_msgs_egg
[0.867s] Invoked command in '/home/user/cartographer_ws/build/cartographer_ros_msgs' returned '0': CMAKE_PREFIX_PATH=${CMAKE_PREFIX_PATH}:/opt/ros/humble /usr/bin/cmake --build /home/user/cartographer_ws/build/cartographer_ros_msgs -- -j8 -l8
[2.324s] Invoking command in '/home/user/cartographer_ws/build/cartographer_ros_msgs': CMAKE_PREFIX_PATH=${CMAKE_PREFIX_PATH}:/opt/ros/humble /usr/bin/cmake --install /home/user/cartographer_ws/build/cartographer_ros_msgs
[2.344s] -- Install configuration: ""
[2.345s] -- Execute custom install script
[2.346s] -- Up-to-date symlink: /home/user/cartographer_ws/install/cartographer_ros_msgs/share/ament_index/resource_index/rosidl_interfaces/cartographer_ros_msgs
[2.351s] -- Up-to-date symlink: /home/user/cartographer_ws/install/cartographer_ros_msgs/include/cartographer_ros_msgs/cartographer_ros_msgs/msg/bagfile_progress.h
[2.351s] -- Up-to-date symlink: /home/user/cartographer_ws/install/cartographer_ros_msgs/include/cartographer_ros_msgs/cartographer_ros_msgs/msg/detail/bagfile_progress__functions.h
[2.351s] -- Up-to-date symlink: /home/user/cartographer_ws/install/cartographer_ros_msgs/include/cartographer_ros_msgs/cartographer_ros_msgs/msg/detail/bagfile_progress__struct.h
[2.352s] -- Up-to-date symlink: /home/user/cartographer_ws/install/cartographer_ros_msgs/include/cartographer_ros_msgs/cartographer_ros_msgs/msg/detail/bagfile_progress__type_support.h
[2.352s] -- Up-to-date symlink: /home/user/cartographer_ws/install/cartographer_ros_msgs/include/cartographer_ros_msgs/cartographer_ros_msgs/msg/detail/histogram_bucket__functions.h
[2.352s] -- Up-to-date symlink: /home/user/cartographer_ws/install/cartographer_ros_msgs/include/cartographer_ros_msgs/cartographer_ros_msgs/msg/detail/histogram_bucket__struct.h
[2.353s] -- Up-to-date symlink: /home/user/cartographer_ws/install/cartographer_ros_msgs/include/cartographer_ros_msgs/cartographer_ros_msgs/msg/detail/histogram_bucket__type_support.h
[2.353s] -- Up-to-date symlink: /home/user/cartographer_ws/install/cartographer_ros_msgs/include/cartographer_ros_msgs/cartographer_ros_msgs/msg/detail/landmark_entry__functions.h
[2.353s] -- Up-to-date symlink: /home/user/cartographer_ws/install/cartographer_ros_msgs/include/cartographer_ros_msgs/cartographer_ros_msgs/msg/detail/landmark_entry__struct.h
[2.354s] -- Up-to-date symlink: /home/user/cartographer_ws/install/cartographer_ros_msgs/include/cartographer_ros_msgs/cartographer_ros_msgs/msg/detail/landmark_entry__type_support.h
[2.354s] -- Up-to-date symlink: /home/user/cartographer_ws/install/cartographer_ros_msgs/include/cartographer_ros_msgs/cartographer_ros_msgs/msg/detail/landmark_list__functions.h
[2.355s] -- Up-to-date symlink: /home/user/cartographer_ws/install/cartographer_ros_msgs/include/cartographer_ros_msgs/cartographer_ros_msgs/msg/detail/landmark_list__struct.h
[2.356s] -- Up-to-date symlink: /home/user/cartographer_ws/install/cartographer_ros_msgs/include/cartographer_ros_msgs/cartographer_ros_msgs/msg/detail/landmark_list__type_support.h
[2.356s] -- Up-to-date symlink: /home/user/cartographer_ws/install/cartographer_ros_msgs/include/cartographer_ros_msgs/cartographer_ros_msgs/msg/detail/metric__functions.h
[2.356s] -- Up-to-date symlink: /home/user/cartographer_ws/install/cartographer_ros_msgs/include/cartographer_ros_msgs/cartographer_ros_msgs/msg/detail/metric__struct.h
[2.357s] -- Up-to-date symlink: /home/user/cartographer_ws/install/cartographer_ros_msgs/include/cartographer_ros_msgs/cartographer_ros_msgs/msg/detail/metric__type_support.h
[2.357s] -- Up-to-date symlink: /home/user/cartographer_ws/install/cartographer_ros_msgs/include/cartographer_ros_msgs/cartographer_ros_msgs/msg/detail/metric_family__functions.h
[2.358s] -- Up-to-date symlink: /home/user/cartographer_ws/install/cartographer_ros_msgs/include/cartographer_ros_msgs/cartographer_ros_msgs/msg/detail/metric_family__struct.h
[2.358s] -- Up-to-date symlink: /home/user/cartographer_ws/install/cartographer_ros_msgs/include/cartographer_ros_msgs/cartographer_ros_msgs/msg/detail/metric_family__type_support.h
[2.359s] -- Up-to-date symlink: /home/user/cartographer_ws/install/cartographer_ros_msgs/include/cartographer_ros_msgs/cartographer_ros_msgs/msg/detail/metric_label__functions.h
[2.359s] -- Up-to-date symlink: /home/user/cartographer_ws/install/cartographer_ros_msgs/include/cartographer_ros_msgs/cartographer_ros_msgs/msg/detail/metric_label__struct.h
[2.360s] -- Up-to-date symlink: /home/user/cartographer_ws/install/cartographer_ros_msgs/include/cartographer_ros_msgs/cartographer_ros_msgs/msg/detail/metric_label__type_support.h
[2.360s] -- Up-to-date symlink: /home/user/cartographer_ws/install/cartographer_ros_msgs/include/cartographer_ros_msgs/cartographer_ros_msgs/msg/detail/status_code__functions.h
[2.360s] -- Up-to-date symlink: /home/user/cartographer_ws/install/cartographer_ros_msgs/include/cartographer_ros_msgs/cartographer_ros_msgs/msg/detail/status_code__struct.h
[2.360s] -- Up-to-date symlink: /home/user/cartographer_ws/install/cartographer_ros_msgs/include/cartographer_ros_msgs/cartographer_ros_msgs/msg/detail/status_code__type_support.h
[2.361s] -- Up-to-date symlink: /home/user/cartographer_ws/install/cartographer_ros_msgs/include/cartographer_ros_msgs/cartographer_ros_msgs/msg/detail/status_response__functions.h
[2.361s] -- Up-to-date symlink: /home/user/cartographer_ws/install/cartographer_ros_msgs/include/cartographer_ros_msgs/cartographer_ros_msgs/msg/detail/status_response__struct.h
[2.361s] -- Up-to-date symlink: /home/user/cartographer_ws/install/cartographer_ros_msgs/include/cartographer_ros_msgs/cartographer_ros_msgs/msg/detail/status_response__type_support.h
[2.362s] -- Up-to-date symlink: /home/user/cartographer_ws/install/cartographer_ros_msgs/include/cartographer_ros_msgs/cartographer_ros_msgs/msg/detail/submap_entry__functions.h
[2.362s] -- Up-to-date symlink: /home/user/cartographer_ws/install/cartographer_ros_msgs/include/cartographer_ros_msgs/cartographer_ros_msgs/msg/detail/submap_entry__struct.h
[2.362s] -- Up-to-date symlink: /home/user/cartographer_ws/install/cartographer_ros_msgs/include/cartographer_ros_msgs/cartographer_ros_msgs/msg/detail/submap_entry__type_support.h
[2.362s] -- Up-to-date symlink: /home/user/cartographer_ws/install/cartographer_ros_msgs/include/cartographer_ros_msgs/cartographer_ros_msgs/msg/detail/submap_list__functions.h
[2.363s] -- Up-to-date symlink: /home/user/cartographer_ws/install/cartographer_ros_msgs/include/cartographer_ros_msgs/cartographer_ros_msgs/msg/detail/submap_list__struct.h
[2.364s] -- Up-to-date symlink: /home/user/cartographer_ws/install/cartographer_ros_msgs/include/cartographer_ros_msgs/cartographer_ros_msgs/msg/detail/submap_list__type_support.h
[2.364s] -- Up-to-date symlink: /home/user/cartographer_ws/install/cartographer_ros_msgs/include/cartographer_ros_msgs/cartographer_ros_msgs/msg/detail/submap_texture__functions.h
[2.364s] -- Up-to-date symlink: /home/user/cartographer_ws/install/cartographer_ros_msgs/include/cartographer_ros_msgs/cartographer_ros_msgs/msg/detail/submap_texture__struct.h
[2.365s] -- Up-to-date symlink: /home/user/cartographer_ws/install/cartographer_ros_msgs/include/cartographer_ros_msgs/cartographer_ros_msgs/msg/detail/submap_texture__type_support.h
[2.366s] -- Up-to-date symlink: /home/user/cartographer_ws/install/cartographer_ros_msgs/include/cartographer_ros_msgs/cartographer_ros_msgs/msg/detail/trajectory_states__functions.h
[2.366s] -- Up-to-date symlink: /home/user/cartographer_ws/install/cartographer_ros_msgs/include/cartographer_ros_msgs/cartographer_ros_msgs/msg/detail/trajectory_states__struct.h
[2.366s] -- Up-to-date symlink: /home/user/cartographer_ws/install/cartographer_ros_msgs/include/cartographer_ros_msgs/cartographer_ros_msgs/msg/detail/trajectory_states__type_support.h
[2.367s] -- Up-to-date symlink: /home/user/cartographer_ws/install/cartographer_ros_msgs/include/cartographer_ros_msgs/cartographer_ros_msgs/msg/histogram_bucket.h
[2.367s] -- Up-to-date symlink: /home/user/cartographer_ws/install/cartographer_ros_msgs/include/cartographer_ros_msgs/cartographer_ros_msgs/msg/landmark_entry.h
[2.367s] -- Up-to-date symlink: /home/user/cartographer_ws/install/cartographer_ros_msgs/include/cartographer_ros_msgs/cartographer_ros_msgs/msg/landmark_list.h
[2.368s] -- Up-to-date symlink: /home/user/cartographer_ws/install/cartographer_ros_msgs/include/cartographer_ros_msgs/cartographer_ros_msgs/msg/metric.h
[2.368s] -- Up-to-date symlink: /home/user/cartographer_ws/install/cartographer_ros_msgs/include/cartographer_ros_msgs/cartographer_ros_msgs/msg/metric_family.h
[2.368s] -- Up-to-date symlink: /home/user/cartographer_ws/install/cartographer_ros_msgs/include/cartographer_ros_msgs/cartographer_ros_msgs/msg/metric_label.h
[2.369s] -- Up-to-date symlink: /home/user/cartographer_ws/install/cartographer_ros_msgs/include/cartographer_ros_msgs/cartographer_ros_msgs/msg/rosidl_generator_c__visibility_control.h
[2.369s] -- Up-to-date symlink: /home/user/cartographer_ws/install/cartographer_ros_msgs/include/cartographer_ros_msgs/cartographer_ros_msgs/msg/status_code.h
[2.369s] -- Up-to-date symlink: /home/user/cartographer_ws/install/cartographer_ros_msgs/include/cartographer_ros_msgs/cartographer_ros_msgs/msg/status_response.h
[2.370s] -- Up-to-date symlink: /home/user/cartographer_ws/install/cartographer_ros_msgs/include/cartographer_ros_msgs/cartographer_ros_msgs/msg/submap_entry.h
[2.370s] -- Up-to-date symlink: /home/user/cartographer_ws/install/cartographer_ros_msgs/include/cartographer_ros_msgs/cartographer_ros_msgs/msg/submap_list.h
[2.370s] -- Up-to-date symlink: /home/user/cartographer_ws/install/cartographer_ros_msgs/include/cartographer_ros_msgs/cartographer_ros_msgs/msg/submap_texture.h
[2.370s] -- Up-to-date symlink: /home/user/cartographer_ws/install/cartographer_ros_msgs/include/cartographer_ros_msgs/cartographer_ros_msgs/msg/trajectory_states.h
[2.370s] -- Up-to-date symlink: /home/user/cartographer_ws/install/cartographer_ros_msgs/include/cartographer_ros_msgs/cartographer_ros_msgs/srv/detail/finish_trajectory__functions.h
[2.371s] -- Up-to-date symlink: /home/user/cartographer_ws/install/cartographer_ros_msgs/include/cartographer_ros_msgs/cartographer_ros_msgs/srv/detail/finish_trajectory__struct.h
[2.371s] -- Up-to-date symlink: /home/user/cartographer_ws/install/cartographer_ros_msgs/include/cartographer_ros_msgs/cartographer_ros_msgs/srv/detail/finish_trajectory__type_support.h
[2.372s] -- Up-to-date symlink: /home/user/cartographer_ws/install/cartographer_ros_msgs/include/cartographer_ros_msgs/cartographer_ros_msgs/srv/detail/get_trajectory_states__functions.h
[2.372s] -- Up-to-date symlink: /home/user/cartographer_ws/install/cartographer_ros_msgs/include/cartographer_ros_msgs/cartographer_ros_msgs/srv/detail/get_trajectory_states__struct.h
[2.372s] -- Up-to-date symlink: /home/user/cartographer_ws/install/cartographer_ros_msgs/include/cartographer_ros_msgs/cartographer_ros_msgs/srv/detail/get_trajectory_states__type_support.h
[2.373s] -- Up-to-date symlink: /home/user/cartographer_ws/install/cartographer_ros_msgs/include/cartographer_ros_msgs/cartographer_ros_msgs/srv/detail/read_metrics__functions.h
[2.373s] -- Up-to-date symlink: /home/user/cartographer_ws/install/cartographer_ros_msgs/include/cartographer_ros_msgs/cartographer_ros_msgs/srv/detail/read_metrics__struct.h
[2.374s] -- Up-to-date symlink: /home/user/cartographer_ws/install/cartographer_ros_msgs/include/cartographer_ros_msgs/cartographer_ros_msgs/srv/detail/read_metrics__type_support.h
[2.374s] -- Up-to-date symlink: /home/user/cartographer_ws/install/cartographer_ros_msgs/include/cartographer_ros_msgs/cartographer_ros_msgs/srv/detail/start_trajectory__functions.h
[2.375s] -- Up-to-date symlink: /home/user/cartographer_ws/install/cartographer_ros_msgs/include/cartographer_ros_msgs/cartographer_ros_msgs/srv/detail/start_trajectory__struct.h
[2.375s] -- Up-to-date symlink: /home/user/cartographer_ws/install/cartographer_ros_msgs/include/cartographer_ros_msgs/cartographer_ros_msgs/srv/detail/start_trajectory__type_support.h
[2.376s] -- Up-to-date symlink: /home/user/cartographer_ws/install/cartographer_ros_msgs/include/cartographer_ros_msgs/cartographer_ros_msgs/srv/detail/submap_query__functions.h
[2.376s] -- Up-to-date symlink: /home/user/cartographer_ws/install/cartographer_ros_msgs/include/cartographer_ros_msgs/cartographer_ros_msgs/srv/detail/submap_query__struct.h
[2.377s] -- Up-to-date symlink: /home/user/cartographer_ws/install/cartographer_ros_msgs/include/cartographer_ros_msgs/cartographer_ros_msgs/srv/detail/submap_query__type_support.h
[2.377s] -- Up-to-date symlink: /home/user/cartographer_ws/install/cartographer_ros_msgs/include/cartographer_ros_msgs/cartographer_ros_msgs/srv/detail/trajectory_query__functions.h
[2.378s] -- Up-to-date symlink: /home/user/cartographer_ws/install/cartographer_ros_msgs/include/cartographer_ros_msgs/cartographer_ros_msgs/srv/detail/trajectory_query__struct.h
[2.378s] -- Up-to-date symlink: /home/user/cartographer_ws/install/cartographer_ros_msgs/include/cartographer_ros_msgs/cartographer_ros_msgs/srv/detail/trajectory_query__type_support.h
[2.379s] -- Up-to-date symlink: /home/user/cartographer_ws/install/cartographer_ros_msgs/include/cartographer_ros_msgs/cartographer_ros_msgs/srv/detail/write_state__functions.h
[2.379s] -- Up-to-date symlink: /home/user/cartographer_ws/install/cartographer_ros_msgs/include/cartographer_ros_msgs/cartographer_ros_msgs/srv/detail/write_state__struct.h
[2.379s] -- Up-to-date symlink: /home/user/cartographer_ws/install/cartographer_ros_msgs/include/cartographer_ros_msgs/cartographer_ros_msgs/srv/detail/write_state__type_support.h
[2.383s] -- Up-to-date symlink: /home/user/cartographer_ws/install/cartographer_ros_msgs/include/cartographer_ros_msgs/cartographer_ros_msgs/srv/finish_trajectory.h
[2.385s] -- Up-to-date symlink: /home/user/cartographer_ws/install/cartographer_ros_msgs/include/cartographer_ros_msgs/cartographer_ros_msgs/srv/get_trajectory_states.h
[2.386s] -- Up-to-date symlink: /home/user/cartographer_ws/install/cartographer_ros_msgs/include/cartographer_ros_msgs/cartographer_ros_msgs/srv/read_metrics.h
[2.386s] -- Up-to-date symlink: /home/user/cartographer_ws/install/cartographer_ros_msgs/include/cartographer_ros_msgs/cartographer_ros_msgs/srv/start_trajectory.h
[2.386s] -- Up-to-date symlink: /home/user/cartographer_ws/install/cartographer_ros_msgs/include/cartographer_ros_msgs/cartographer_ros_msgs/srv/submap_query.h
[2.386s] -- Up-to-date symlink: /home/user/cartographer_ws/install/cartographer_ros_msgs/include/cartographer_ros_msgs/cartographer_ros_msgs/srv/trajectory_query.h
[2.387s] -- Up-to-date symlink: /home/user/cartographer_ws/install/cartographer_ros_msgs/include/cartographer_ros_msgs/cartographer_ros_msgs/srv/write_state.h
[2.387s] -- Up-to-date symlink: /home/user/cartographer_ws/install/cartographer_ros_msgs/share/cartographer_ros_msgs/environment/library_path.sh
[2.387s] -- Up-to-date symlink: /home/user/cartographer_ws/install/cartographer_ros_msgs/share/cartographer_ros_msgs/environment/library_path.dsv
[2.388s] -- Up-to-date symlink: /home/user/cartographer_ws/install/cartographer_ros_msgs/include/cartographer_ros_msgs/cartographer_ros_msgs/msg/detail/bagfile_progress__rosidl_typesupport_fastrtps_c.h
[2.388s] -- Up-to-date symlink: /home/user/cartographer_ws/install/cartographer_ros_msgs/include/cartographer_ros_msgs/cartographer_ros_msgs/msg/detail/histogram_bucket__rosidl_typesupport_fastrtps_c.h
[2.389s] -- Up-to-date symlink: /home/user/cartographer_ws/install/cartographer_ros_msgs/include/cartographer_ros_msgs/cartographer_ros_msgs/msg/detail/landmark_entry__rosidl_typesupport_fastrtps_c.h
[2.389s] -- Up-to-date symlink: /home/user/cartographer_ws/install/cartographer_ros_msgs/include/cartographer_ros_msgs/cartographer_ros_msgs/msg/detail/landmark_list__rosidl_typesupport_fastrtps_c.h
[2.389s] -- Up-to-date symlink: /home/user/cartographer_ws/install/cartographer_ros_msgs/include/cartographer_ros_msgs/cartographer_ros_msgs/msg/detail/metric__rosidl_typesupport_fastrtps_c.h
[2.390s] -- Up-to-date symlink: /home/user/cartographer_ws/install/cartographer_ros_msgs/include/cartographer_ros_msgs/cartographer_ros_msgs/msg/detail/metric_family__rosidl_typesupport_fastrtps_c.h
[2.390s] -- Up-to-date symlink: /home/user/cartographer_ws/install/cartographer_ros_msgs/include/cartographer_ros_msgs/cartographer_ros_msgs/msg/detail/metric_label__rosidl_typesupport_fastrtps_c.h
[2.391s] -- Up-to-date symlink: /home/user/cartographer_ws/install/cartographer_ros_msgs/include/cartographer_ros_msgs/cartographer_ros_msgs/msg/detail/status_code__rosidl_typesupport_fastrtps_c.h
[2.391s] -- Up-to-date symlink: /home/user/cartographer_ws/install/cartographer_ros_msgs/include/cartographer_ros_msgs/cartographer_ros_msgs/msg/detail/status_response__rosidl_typesupport_fastrtps_c.h
[2.391s] -- Up-to-date symlink: /home/user/cartographer_ws/install/cartographer_ros_msgs/include/cartographer_ros_msgs/cartographer_ros_msgs/msg/detail/submap_entry__rosidl_typesupport_fastrtps_c.h
[2.392s] -- Up-to-date symlink: /home/user/cartographer_ws/install/cartographer_ros_msgs/include/cartographer_ros_msgs/cartographer_ros_msgs/msg/detail/submap_list__rosidl_typesupport_fastrtps_c.h
[2.392s] -- Up-to-date symlink: /home/user/cartographer_ws/install/cartographer_ros_msgs/include/cartographer_ros_msgs/cartographer_ros_msgs/msg/detail/submap_texture__rosidl_typesupport_fastrtps_c.h
[2.393s] -- Up-to-date symlink: /home/user/cartographer_ws/install/cartographer_ros_msgs/include/cartographer_ros_msgs/cartographer_ros_msgs/msg/detail/trajectory_states__rosidl_typesupport_fastrtps_c.h
[2.393s] -- Up-to-date symlink: /home/user/cartographer_ws/install/cartographer_ros_msgs/include/cartographer_ros_msgs/cartographer_ros_msgs/msg/rosidl_typesupport_fastrtps_c__visibility_control.h
[2.393s] -- Up-to-date symlink: /home/user/cartographer_ws/install/cartographer_ros_msgs/include/cartographer_ros_msgs/cartographer_ros_msgs/srv/detail/finish_trajectory__rosidl_typesupport_fastrtps_c.h
[2.394s] -- Up-to-date symlink: /home/user/cartographer_ws/install/cartographer_ros_msgs/include/cartographer_ros_msgs/cartographer_ros_msgs/srv/detail/get_trajectory_states__rosidl_typesupport_fastrtps_c.h
[2.394s] -- Up-to-date symlink: /home/user/cartographer_ws/install/cartographer_ros_msgs/include/cartographer_ros_msgs/cartographer_ros_msgs/srv/detail/read_metrics__rosidl_typesupport_fastrtps_c.h
[2.395s] -- Up-to-date symlink: /home/user/cartographer_ws/install/cartographer_ros_msgs/include/cartographer_ros_msgs/cartographer_ros_msgs/srv/detail/start_trajectory__rosidl_typesupport_fastrtps_c.h
[2.395s] -- Up-to-date symlink: /home/user/cartographer_ws/install/cartographer_ros_msgs/include/cartographer_ros_msgs/cartographer_ros_msgs/srv/detail/submap_query__rosidl_typesupport_fastrtps_c.h
[2.395s] -- Up-to-date symlink: /home/user/cartographer_ws/install/cartographer_ros_msgs/include/cartographer_ros_msgs/cartographer_ros_msgs/srv/detail/trajectory_query__rosidl_typesupport_fastrtps_c.h
[2.396s] -- Up-to-date symlink: /home/user/cartographer_ws/install/cartographer_ros_msgs/include/cartographer_ros_msgs/cartographer_ros_msgs/srv/detail/write_state__rosidl_typesupport_fastrtps_c.h
[2.398s] -- Up-to-date symlink: /home/user/cartographer_ws/install/cartographer_ros_msgs/include/cartographer_ros_msgs/cartographer_ros_msgs/msg/detail/bagfile_progress__rosidl_typesupport_introspection_c.h
[2.399s] -- Up-to-date symlink: /home/user/cartographer_ws/install/cartographer_ros_msgs/include/cartographer_ros_msgs/cartographer_ros_msgs/msg/detail/histogram_bucket__rosidl_typesupport_introspection_c.h
[2.400s] -- Up-to-date symlink: /home/user/cartographer_ws/install/cartographer_ros_msgs/include/cartographer_ros_msgs/cartographer_ros_msgs/msg/detail/landmark_entry__rosidl_typesupport_introspection_c.h
[2.400s] -- Up-to-date symlink: /home/user/cartographer_ws/install/cartographer_ros_msgs/include/cartographer_ros_msgs/cartographer_ros_msgs/msg/detail/landmark_list__rosidl_typesupport_introspection_c.h
[2.400s] -- Up-to-date symlink: /home/user/cartographer_ws/install/cartographer_ros_msgs/include/cartographer_ros_msgs/cartographer_ros_msgs/msg/detail/metric__rosidl_typesupport_introspection_c.h
[2.401s] -- Up-to-date symlink: /home/user/cartographer_ws/install/cartographer_ros_msgs/include/cartographer_ros_msgs/cartographer_ros_msgs/msg/detail/metric_family__rosidl_typesupport_introspection_c.h
[2.401s] -- Up-to-date symlink: /home/user/cartographer_ws/install/cartographer_ros_msgs/include/cartographer_ros_msgs/cartographer_ros_msgs/msg/detail/metric_label__rosidl_typesupport_introspection_c.h
[2.402s] -- Up-to-date symlink: /home/user/cartographer_ws/install/cartographer_ros_msgs/include/cartographer_ros_msgs/cartographer_ros_msgs/msg/detail/status_code__rosidl_typesupport_introspection_c.h
[2.402s] -- Up-to-date symlink: /home/user/cartographer_ws/install/cartographer_ros_msgs/include/cartographer_ros_msgs/cartographer_ros_msgs/msg/detail/status_response__rosidl_typesupport_introspection_c.h
[2.402s] -- Up-to-date symlink: /home/user/cartographer_ws/install/cartographer_ros_msgs/include/cartographer_ros_msgs/cartographer_ros_msgs/msg/detail/submap_entry__rosidl_typesupport_introspection_c.h
[2.403s] -- Up-to-date symlink: /home/user/cartographer_ws/install/cartographer_ros_msgs/include/cartographer_ros_msgs/cartographer_ros_msgs/msg/detail/submap_list__rosidl_typesupport_introspection_c.h
[2.403s] -- Up-to-date symlink: /home/user/cartographer_ws/install/cartographer_ros_msgs/include/cartographer_ros_msgs/cartographer_ros_msgs/msg/detail/submap_texture__rosidl_typesupport_introspection_c.h
[2.403s] -- Up-to-date symlink: /home/user/cartographer_ws/install/cartographer_ros_msgs/include/cartographer_ros_msgs/cartographer_ros_msgs/msg/detail/trajectory_states__rosidl_typesupport_introspection_c.h
[2.404s] -- Up-to-date symlink: /home/user/cartographer_ws/install/cartographer_ros_msgs/include/cartographer_ros_msgs/cartographer_ros_msgs/msg/rosidl_typesupport_introspection_c__visibility_control.h
[2.404s] -- Up-to-date symlink: /home/user/cartographer_ws/install/cartographer_ros_msgs/include/cartographer_ros_msgs/cartographer_ros_msgs/srv/detail/finish_trajectory__rosidl_typesupport_introspection_c.h
[2.407s] -- Up-to-date symlink: /home/user/cartographer_ws/install/cartographer_ros_msgs/include/cartographer_ros_msgs/cartographer_ros_msgs/srv/detail/get_trajectory_states__rosidl_typesupport_introspection_c.h
[2.407s] -- Up-to-date symlink: /home/user/cartographer_ws/install/cartographer_ros_msgs/include/cartographer_ros_msgs/cartographer_ros_msgs/srv/detail/read_metrics__rosidl_typesupport_introspection_c.h
[2.408s] -- Up-to-date symlink: /home/user/cartographer_ws/install/cartographer_ros_msgs/include/cartographer_ros_msgs/cartographer_ros_msgs/srv/detail/start_trajectory__rosidl_typesupport_introspection_c.h
[2.408s] -- Up-to-date symlink: /home/user/cartographer_ws/install/cartographer_ros_msgs/include/cartographer_ros_msgs/cartographer_ros_msgs/srv/detail/submap_query__rosidl_typesupport_introspection_c.h
[2.408s] -- Up-to-date symlink: /home/user/cartographer_ws/install/cartographer_ros_msgs/include/cartographer_ros_msgs/cartographer_ros_msgs/srv/detail/trajectory_query__rosidl_typesupport_introspection_c.h
[2.408s] -- Up-to-date symlink: /home/user/cartographer_ws/install/cartographer_ros_msgs/include/cartographer_ros_msgs/cartographer_ros_msgs/srv/detail/write_state__rosidl_typesupport_introspection_c.h
[2.409s] -- Up-to-date symlink: /home/user/cartographer_ws/install/cartographer_ros_msgs/include/cartographer_ros_msgs/cartographer_ros_msgs/msg/bagfile_progress.hpp
[2.409s] -- Up-to-date symlink: /home/user/cartographer_ws/install/cartographer_ros_msgs/include/cartographer_ros_msgs/cartographer_ros_msgs/msg/detail/bagfile_progress__builder.hpp
[2.410s] -- Up-to-date symlink: /home/user/cartographer_ws/install/cartographer_ros_msgs/include/cartographer_ros_msgs/cartographer_ros_msgs/msg/detail/bagfile_progress__struct.hpp
[2.410s] -- Up-to-date symlink: /home/user/cartographer_ws/install/cartographer_ros_msgs/include/cartographer_ros_msgs/cartographer_ros_msgs/msg/detail/bagfile_progress__traits.hpp
[2.410s] -- Up-to-date symlink: /home/user/cartographer_ws/install/cartographer_ros_msgs/include/cartographer_ros_msgs/cartographer_ros_msgs/msg/detail/histogram_bucket__builder.hpp
[2.411s] -- Up-to-date symlink: /home/user/cartographer_ws/install/cartographer_ros_msgs/include/cartographer_ros_msgs/cartographer_ros_msgs/msg/detail/histogram_bucket__struct.hpp
[2.412s] -- Up-to-date symlink: /home/user/cartographer_ws/install/cartographer_ros_msgs/include/cartographer_ros_msgs/cartographer_ros_msgs/msg/detail/histogram_bucket__traits.hpp
[2.412s] -- Up-to-date symlink: /home/user/cartographer_ws/install/cartographer_ros_msgs/include/cartographer_ros_msgs/cartographer_ros_msgs/msg/detail/landmark_entry__builder.hpp
[2.412s] -- Up-to-date symlink: /home/user/cartographer_ws/install/cartographer_ros_msgs/include/cartographer_ros_msgs/cartographer_ros_msgs/msg/detail/landmark_entry__struct.hpp
[2.412s] -- Up-to-date symlink: /home/user/cartographer_ws/install/cartographer_ros_msgs/include/cartographer_ros_msgs/cartographer_ros_msgs/msg/detail/landmark_entry__traits.hpp
[2.413s] -- Up-to-date symlink: /home/user/cartographer_ws/install/cartographer_ros_msgs/include/cartographer_ros_msgs/cartographer_ros_msgs/msg/detail/landmark_list__builder.hpp
[2.414s] -- Up-to-date symlink: /home/user/cartographer_ws/install/cartographer_ros_msgs/include/cartographer_ros_msgs/cartographer_ros_msgs/msg/detail/landmark_list__struct.hpp
[2.414s] -- Up-to-date symlink: /home/user/cartographer_ws/install/cartographer_ros_msgs/include/cartographer_ros_msgs/cartographer_ros_msgs/msg/detail/landmark_list__traits.hpp
[2.414s] -- Up-to-date symlink: /home/user/cartographer_ws/install/cartographer_ros_msgs/include/cartographer_ros_msgs/cartographer_ros_msgs/msg/detail/metric__builder.hpp
[2.415s] -- Up-to-date symlink: /home/user/cartographer_ws/install/cartographer_ros_msgs/include/cartographer_ros_msgs/cartographer_ros_msgs/msg/detail/metric__struct.hpp
[2.415s] -- Up-to-date symlink: /home/user/cartographer_ws/install/cartographer_ros_msgs/include/cartographer_ros_msgs/cartographer_ros_msgs/msg/detail/metric__traits.hpp
[2.415s] -- Up-to-date symlink: /home/user/cartographer_ws/install/cartographer_ros_msgs/include/cartographer_ros_msgs/cartographer_ros_msgs/msg/detail/metric_family__builder.hpp
[2.417s] -- Up-to-date symlink: /home/user/cartographer_ws/install/cartographer_ros_msgs/include/cartographer_ros_msgs/cartographer_ros_msgs/msg/detail/metric_family__struct.hpp
[2.417s] -- Up-to-date symlink: /home/user/cartographer_ws/install/cartographer_ros_msgs/include/cartographer_ros_msgs/cartographer_ros_msgs/msg/detail/metric_family__traits.hpp
[2.417s] -- Up-to-date symlink: /home/user/cartographer_ws/install/cartographer_ros_msgs/include/cartographer_ros_msgs/cartographer_ros_msgs/msg/detail/metric_label__builder.hpp
[2.418s] -- Up-to-date symlink: /home/user/cartographer_ws/install/cartographer_ros_msgs/include/cartographer_ros_msgs/cartographer_ros_msgs/msg/detail/metric_label__struct.hpp
[2.418s] -- Up-to-date symlink: /home/user/cartographer_ws/install/cartographer_ros_msgs/include/cartographer_ros_msgs/cartographer_ros_msgs/msg/detail/metric_label__traits.hpp
[2.418s] -- Up-to-date symlink: /home/user/cartographer_ws/install/cartographer_ros_msgs/include/cartographer_ros_msgs/cartographer_ros_msgs/msg/detail/status_code__builder.hpp
[2.419s] -- Up-to-date symlink: /home/user/cartographer_ws/install/cartographer_ros_msgs/include/cartographer_ros_msgs/cartographer_ros_msgs/msg/detail/status_code__struct.hpp
[2.419s] -- Up-to-date symlink: /home/user/cartographer_ws/install/cartographer_ros_msgs/include/cartographer_ros_msgs/cartographer_ros_msgs/msg/detail/status_code__traits.hpp
[2.419s] -- Up-to-date symlink: /home/user/cartographer_ws/install/cartographer_ros_msgs/include/cartographer_ros_msgs/cartographer_ros_msgs/msg/detail/status_response__builder.hpp
[2.419s] -- Up-to-date symlink: /home/user/cartographer_ws/install/cartographer_ros_msgs/include/cartographer_ros_msgs/cartographer_ros_msgs/msg/detail/status_response__struct.hpp
[2.420s] -- Up-to-date symlink: /home/user/cartographer_ws/install/cartographer_ros_msgs/include/cartographer_ros_msgs/cartographer_ros_msgs/msg/detail/status_response__traits.hpp
[2.420s] -- Up-to-date symlink: /home/user/cartographer_ws/install/cartographer_ros_msgs/include/cartographer_ros_msgs/cartographer_ros_msgs/msg/detail/submap_entry__builder.hpp
[2.420s] -- Up-to-date symlink: /home/user/cartographer_ws/install/cartographer_ros_msgs/include/cartographer_ros_msgs/cartographer_ros_msgs/msg/detail/submap_entry__struct.hpp
[2.421s] -- Up-to-date symlink: /home/user/cartographer_ws/install/cartographer_ros_msgs/include/cartographer_ros_msgs/cartographer_ros_msgs/msg/detail/submap_entry__traits.hpp
[2.422s] -- Up-to-date symlink: /home/user/cartographer_ws/install/cartographer_ros_msgs/include/cartographer_ros_msgs/cartographer_ros_msgs/msg/detail/submap_list__builder.hpp
[2.422s] -- Up-to-date symlink: /home/user/cartographer_ws/install/cartographer_ros_msgs/include/cartographer_ros_msgs/cartographer_ros_msgs/msg/detail/submap_list__struct.hpp
[2.422s] -- Up-to-date symlink: /home/user/cartographer_ws/install/cartographer_ros_msgs/include/cartographer_ros_msgs/cartographer_ros_msgs/msg/detail/submap_list__traits.hpp
[2.422s] -- Up-to-date symlink: /home/user/cartographer_ws/install/cartographer_ros_msgs/include/cartographer_ros_msgs/cartographer_ros_msgs/msg/detail/submap_texture__builder.hpp
[2.423s] -- Up-to-date symlink: /home/user/cartographer_ws/install/cartographer_ros_msgs/include/cartographer_ros_msgs/cartographer_ros_msgs/msg/detail/submap_texture__struct.hpp
[2.423s] -- Up-to-date symlink: /home/user/cartographer_ws/install/cartographer_ros_msgs/include/cartographer_ros_msgs/cartographer_ros_msgs/msg/detail/submap_texture__traits.hpp
[2.424s] -- Up-to-date symlink: /home/user/cartographer_ws/install/cartographer_ros_msgs/include/cartographer_ros_msgs/cartographer_ros_msgs/msg/detail/trajectory_states__builder.hpp
[2.424s] -- Up-to-date symlink: /home/user/cartographer_ws/install/cartographer_ros_msgs/include/cartographer_ros_msgs/cartographer_ros_msgs/msg/detail/trajectory_states__struct.hpp
[2.424s] -- Up-to-date symlink: /home/user/cartographer_ws/install/cartographer_ros_msgs/include/cartographer_ros_msgs/cartographer_ros_msgs/msg/detail/trajectory_states__traits.hpp
[2.424s] -- Up-to-date symlink: /home/user/cartographer_ws/install/cartographer_ros_msgs/include/cartographer_ros_msgs/cartographer_ros_msgs/msg/histogram_bucket.hpp
[2.425s] -- Up-to-date symlink: /home/user/cartographer_ws/install/cartographer_ros_msgs/include/cartographer_ros_msgs/cartographer_ros_msgs/msg/landmark_entry.hpp
[2.425s] -- Up-to-date symlink: /home/user/cartographer_ws/install/cartographer_ros_msgs/include/cartographer_ros_msgs/cartographer_ros_msgs/msg/landmark_list.hpp
[2.426s] -- Up-to-date symlink: /home/user/cartographer_ws/install/cartographer_ros_msgs/include/cartographer_ros_msgs/cartographer_ros_msgs/msg/metric.hpp
[2.426s] -- Up-to-date symlink: /home/user/cartographer_ws/install/cartographer_ros_msgs/include/cartographer_ros_msgs/cartographer_ros_msgs/msg/metric_family.hpp
[2.426s] -- Up-to-date symlink: /home/user/cartographer_ws/install/cartographer_ros_msgs/include/cartographer_ros_msgs/cartographer_ros_msgs/msg/metric_label.hpp
[2.427s] -- Up-to-date symlink: /home/user/cartographer_ws/install/cartographer_ros_msgs/include/cartographer_ros_msgs/cartographer_ros_msgs/msg/status_code.hpp
[2.427s] -- Up-to-date symlink: /home/user/cartographer_ws/install/cartographer_ros_msgs/include/cartographer_ros_msgs/cartographer_ros_msgs/msg/status_response.hpp
[2.427s] -- Up-to-date symlink: /home/user/cartographer_ws/install/cartographer_ros_msgs/include/cartographer_ros_msgs/cartographer_ros_msgs/msg/submap_entry.hpp
[2.428s] -- Up-to-date symlink: /home/user/cartographer_ws/install/cartographer_ros_msgs/include/cartographer_ros_msgs/cartographer_ros_msgs/msg/submap_list.hpp
[2.428s] -- Up-to-date symlink: /home/user/cartographer_ws/install/cartographer_ros_msgs/include/cartographer_ros_msgs/cartographer_ros_msgs/msg/submap_texture.hpp
[2.428s] -- Up-to-date symlink: /home/user/cartographer_ws/install/cartographer_ros_msgs/include/cartographer_ros_msgs/cartographer_ros_msgs/msg/trajectory_states.hpp
[2.428s] -- Up-to-date symlink: /home/user/cartographer_ws/install/cartographer_ros_msgs/include/cartographer_ros_msgs/cartographer_ros_msgs/srv/detail/finish_trajectory__builder.hpp
[2.428s] -- Up-to-date symlink: /home/user/cartographer_ws/install/cartographer_ros_msgs/include/cartographer_ros_msgs/cartographer_ros_msgs/srv/detail/finish_trajectory__struct.hpp
[2.429s] -- Up-to-date symlink: /home/user/cartographer_ws/install/cartographer_ros_msgs/include/cartographer_ros_msgs/cartographer_ros_msgs/srv/detail/finish_trajectory__traits.hpp
[2.429s] -- Up-to-date symlink: /home/user/cartographer_ws/install/cartographer_ros_msgs/include/cartographer_ros_msgs/cartographer_ros_msgs/srv/detail/get_trajectory_states__builder.hpp
[2.429s] -- Up-to-date symlink: /home/user/cartographer_ws/install/cartographer_ros_msgs/include/cartographer_ros_msgs/cartographer_ros_msgs/srv/detail/get_trajectory_states__struct.hpp
[2.430s] -- Up-to-date symlink: /home/user/cartographer_ws/install/cartographer_ros_msgs/include/cartographer_ros_msgs/cartographer_ros_msgs/srv/detail/get_trajectory_states__traits.hpp
[2.431s] -- Up-to-date symlink: /home/user/cartographer_ws/install/cartographer_ros_msgs/include/cartographer_ros_msgs/cartographer_ros_msgs/srv/detail/read_metrics__builder.hpp
[2.431s] -- Up-to-date symlink: /home/user/cartographer_ws/install/cartographer_ros_msgs/include/cartographer_ros_msgs/cartographer_ros_msgs/srv/detail/read_metrics__struct.hpp
[2.432s] -- Up-to-date symlink: /home/user/cartographer_ws/install/cartographer_ros_msgs/include/cartographer_ros_msgs/cartographer_ros_msgs/srv/detail/read_metrics__traits.hpp
[2.432s] -- Up-to-date symlink: /home/user/cartographer_ws/install/cartographer_ros_msgs/include/cartographer_ros_msgs/cartographer_ros_msgs/srv/detail/start_trajectory__builder.hpp
[2.433s] -- Up-to-date symlink: /home/user/cartographer_ws/install/cartographer_ros_msgs/include/cartographer_ros_msgs/cartographer_ros_msgs/srv/detail/start_trajectory__struct.hpp
[2.433s] -- Up-to-date symlink: /home/user/cartographer_ws/install/cartographer_ros_msgs/include/cartographer_ros_msgs/cartographer_ros_msgs/srv/detail/start_trajectory__traits.hpp
[2.433s] -- Up-to-date symlink: /home/user/cartographer_ws/install/cartographer_ros_msgs/include/cartographer_ros_msgs/cartographer_ros_msgs/srv/detail/submap_query__builder.hpp
[2.434s] -- Up-to-date symlink: /home/user/cartographer_ws/install/cartographer_ros_msgs/include/cartographer_ros_msgs/cartographer_ros_msgs/srv/detail/submap_query__struct.hpp
[2.434s] -- Up-to-date symlink: /home/user/cartographer_ws/install/cartographer_ros_msgs/include/cartographer_ros_msgs/cartographer_ros_msgs/srv/detail/submap_query__traits.hpp
[2.434s] -- Up-to-date symlink: /home/user/cartographer_ws/install/cartographer_ros_msgs/include/cartographer_ros_msgs/cartographer_ros_msgs/srv/detail/trajectory_query__builder.hpp
[2.435s] -- Up-to-date symlink: /home/user/cartographer_ws/install/cartographer_ros_msgs/include/cartographer_ros_msgs/cartographer_ros_msgs/srv/detail/trajectory_query__struct.hpp
[2.435s] -- Up-to-date symlink: /home/user/cartographer_ws/install/cartographer_ros_msgs/include/cartographer_ros_msgs/cartographer_ros_msgs/srv/detail/trajectory_query__traits.hpp
[2.435s] -- Up-to-date symlink: /home/user/cartographer_ws/install/cartographer_ros_msgs/include/cartographer_ros_msgs/cartographer_ros_msgs/srv/detail/write_state__builder.hpp
[2.435s] -- Up-to-date symlink: /home/user/cartographer_ws/install/cartographer_ros_msgs/include/cartographer_ros_msgs/cartographer_ros_msgs/srv/detail/write_state__struct.hpp
[2.435s] -- Up-to-date symlink: /home/user/cartographer_ws/install/cartographer_ros_msgs/include/cartographer_ros_msgs/cartographer_ros_msgs/srv/detail/write_state__traits.hpp
[2.435s] -- Up-to-date symlink: /home/user/cartographer_ws/install/cartographer_ros_msgs/include/cartographer_ros_msgs/cartographer_ros_msgs/srv/finish_trajectory.hpp
[2.436s] -- Up-to-date symlink: /home/user/cartographer_ws/install/cartographer_ros_msgs/include/cartographer_ros_msgs/cartographer_ros_msgs/srv/get_trajectory_states.hpp
[2.436s] -- Up-to-date symlink: /home/user/cartographer_ws/install/cartographer_ros_msgs/include/cartographer_ros_msgs/cartographer_ros_msgs/srv/read_metrics.hpp
[2.436s] -- Up-to-date symlink: /home/user/cartographer_ws/install/cartographer_ros_msgs/include/cartographer_ros_msgs/cartographer_ros_msgs/srv/start_trajectory.hpp
[2.437s] -- Up-to-date symlink: /home/user/cartographer_ws/install/cartographer_ros_msgs/include/cartographer_ros_msgs/cartographer_ros_msgs/srv/submap_query.hpp
[2.437s] -- Up-to-date symlink: /home/user/cartographer_ws/install/cartographer_ros_msgs/include/cartographer_ros_msgs/cartographer_ros_msgs/srv/trajectory_query.hpp
[2.437s] -- Up-to-date symlink: /home/user/cartographer_ws/install/cartographer_ros_msgs/include/cartographer_ros_msgs/cartographer_ros_msgs/srv/write_state.hpp
[2.440s] -- Up-to-date symlink: /home/user/cartographer_ws/install/cartographer_ros_msgs/include/cartographer_ros_msgs/cartographer_ros_msgs/msg/detail/bagfile_progress__rosidl_typesupport_fastrtps_cpp.hpp
[2.440s] -- Up-to-date symlink: /home/user/cartographer_ws/install/cartographer_ros_msgs/include/cartographer_ros_msgs/cartographer_ros_msgs/msg/detail/histogram_bucket__rosidl_typesupport_fastrtps_cpp.hpp
[2.441s] -- Up-to-date symlink: /home/user/cartographer_ws/install/cartographer_ros_msgs/include/cartographer_ros_msgs/cartographer_ros_msgs/msg/detail/landmark_entry__rosidl_typesupport_fastrtps_cpp.hpp
[2.441s] -- Up-to-date symlink: /home/user/cartographer_ws/install/cartographer_ros_msgs/include/cartographer_ros_msgs/cartographer_ros_msgs/msg/detail/landmark_list__rosidl_typesupport_fastrtps_cpp.hpp
[2.441s] -- Up-to-date symlink: /home/user/cartographer_ws/install/cartographer_ros_msgs/include/cartographer_ros_msgs/cartographer_ros_msgs/msg/detail/metric__rosidl_typesupport_fastrtps_cpp.hpp
[2.442s] -- Up-to-date symlink: /home/user/cartographer_ws/install/cartographer_ros_msgs/include/cartographer_ros_msgs/cartographer_ros_msgs/msg/detail/metric_family__rosidl_typesupport_fastrtps_cpp.hpp
[2.442s] -- Up-to-date symlink: /home/user/cartographer_ws/install/cartographer_ros_msgs/include/cartographer_ros_msgs/cartographer_ros_msgs/msg/detail/metric_label__rosidl_typesupport_fastrtps_cpp.hpp
[2.442s] -- Up-to-date symlink: /home/user/cartographer_ws/install/cartographer_ros_msgs/include/cartographer_ros_msgs/cartographer_ros_msgs/msg/detail/status_code__rosidl_typesupport_fastrtps_cpp.hpp
[2.443s] -- Up-to-date symlink: /home/user/cartographer_ws/install/cartographer_ros_msgs/include/cartographer_ros_msgs/cartographer_ros_msgs/msg/detail/status_response__rosidl_typesupport_fastrtps_cpp.hpp
[2.443s] -- Up-to-date symlink: /home/user/cartographer_ws/install/cartographer_ros_msgs/include/cartographer_ros_msgs/cartographer_ros_msgs/msg/detail/submap_entry__rosidl_typesupport_fastrtps_cpp.hpp
[2.444s] -- Up-to-date symlink: /home/user/cartographer_ws/install/cartographer_ros_msgs/include/cartographer_ros_msgs/cartographer_ros_msgs/msg/detail/submap_list__rosidl_typesupport_fastrtps_cpp.hpp
[2.444s] -- Up-to-date symlink: /home/user/cartographer_ws/install/cartographer_ros_msgs/include/cartographer_ros_msgs/cartographer_ros_msgs/msg/detail/submap_texture__rosidl_typesupport_fastrtps_cpp.hpp
[2.444s] -- Up-to-date symlink: /home/user/cartographer_ws/install/cartographer_ros_msgs/include/cartographer_ros_msgs/cartographer_ros_msgs/msg/detail/trajectory_states__rosidl_typesupport_fastrtps_cpp.hpp
[2.445s] -- Up-to-date symlink: /home/user/cartographer_ws/install/cartographer_ros_msgs/include/cartographer_ros_msgs/cartographer_ros_msgs/msg/rosidl_typesupport_fastrtps_cpp__visibility_control.h
[2.445s] -- Up-to-date symlink: /home/user/cartographer_ws/install/cartographer_ros_msgs/include/cartographer_ros_msgs/cartographer_ros_msgs/srv/detail/finish_trajectory__rosidl_typesupport_fastrtps_cpp.hpp
[2.446s] -- Up-to-date symlink: /home/user/cartographer_ws/install/cartographer_ros_msgs/include/cartographer_ros_msgs/cartographer_ros_msgs/srv/detail/get_trajectory_states__rosidl_typesupport_fastrtps_cpp.hpp
[2.447s] -- Up-to-date symlink: /home/user/cartographer_ws/install/cartographer_ros_msgs/include/cartographer_ros_msgs/cartographer_ros_msgs/srv/detail/read_metrics__rosidl_typesupport_fastrtps_cpp.hpp
[2.448s] -- Up-to-date symlink: /home/user/cartographer_ws/install/cartographer_ros_msgs/include/cartographer_ros_msgs/cartographer_ros_msgs/srv/detail/start_trajectory__rosidl_typesupport_fastrtps_cpp.hpp
[2.448s] -- Up-to-date symlink: /home/user/cartographer_ws/install/cartographer_ros_msgs/include/cartographer_ros_msgs/cartographer_ros_msgs/srv/detail/submap_query__rosidl_typesupport_fastrtps_cpp.hpp
[2.448s] -- Up-to-date symlink: /home/user/cartographer_ws/install/cartographer_ros_msgs/include/cartographer_ros_msgs/cartographer_ros_msgs/srv/detail/trajectory_query__rosidl_typesupport_fastrtps_cpp.hpp
[2.449s] -- Up-to-date symlink: /home/user/cartographer_ws/install/cartographer_ros_msgs/include/cartographer_ros_msgs/cartographer_ros_msgs/srv/detail/write_state__rosidl_typesupport_fastrtps_cpp.hpp
[2.450s] -- Up-to-date symlink: /home/user/cartographer_ws/install/cartographer_ros_msgs/include/cartographer_ros_msgs/cartographer_ros_msgs/msg/detail/bagfile_progress__rosidl_typesupport_introspection_cpp.hpp
[2.450s] -- Up-to-date symlink: /home/user/cartographer_ws/install/cartographer_ros_msgs/include/cartographer_ros_msgs/cartographer_ros_msgs/msg/detail/histogram_bucket__rosidl_typesupport_introspection_cpp.hpp
[2.451s] -- Up-to-date symlink: /home/user/cartographer_ws/install/cartographer_ros_msgs/include/cartographer_ros_msgs/cartographer_ros_msgs/msg/detail/landmark_entry__rosidl_typesupport_introspection_cpp.hpp
[2.451s] -- Up-to-date symlink: /home/user/cartographer_ws/install/cartographer_ros_msgs/include/cartographer_ros_msgs/cartographer_ros_msgs/msg/detail/landmark_list__rosidl_typesupport_introspection_cpp.hpp
[2.451s] -- Up-to-date symlink: /home/user/cartographer_ws/install/cartographer_ros_msgs/include/cartographer_ros_msgs/cartographer_ros_msgs/msg/detail/metric__rosidl_typesupport_introspection_cpp.hpp
[2.452s] -- Up-to-date symlink: /home/user/cartographer_ws/install/cartographer_ros_msgs/include/cartographer_ros_msgs/cartographer_ros_msgs/msg/detail/metric_family__rosidl_typesupport_introspection_cpp.hpp
[2.452s] -- Up-to-date symlink: /home/user/cartographer_ws/install/cartographer_ros_msgs/include/cartographer_ros_msgs/cartographer_ros_msgs/msg/detail/metric_label__rosidl_typesupport_introspection_cpp.hpp
[2.452s] -- Up-to-date symlink: /home/user/cartographer_ws/install/cartographer_ros_msgs/include/cartographer_ros_msgs/cartographer_ros_msgs/msg/detail/status_code__rosidl_typesupport_introspection_cpp.hpp
[2.452s] -- Up-to-date symlink: /home/user/cartographer_ws/install/cartographer_ros_msgs/include/cartographer_ros_msgs/cartographer_ros_msgs/msg/detail/status_response__rosidl_typesupport_introspection_cpp.hpp
[2.453s] -- Up-to-date symlink: /home/user/cartographer_ws/install/cartographer_ros_msgs/include/cartographer_ros_msgs/cartographer_ros_msgs/msg/detail/submap_entry__rosidl_typesupport_introspection_cpp.hpp
[2.453s] -- Up-to-date symlink: /home/user/cartographer_ws/install/cartographer_ros_msgs/include/cartographer_ros_msgs/cartographer_ros_msgs/msg/detail/submap_list__rosidl_typesupport_introspection_cpp.hpp
[2.454s] -- Up-to-date symlink: /home/user/cartographer_ws/install/cartographer_ros_msgs/include/cartographer_ros_msgs/cartographer_ros_msgs/msg/detail/submap_texture__rosidl_typesupport_introspection_cpp.hpp
[2.454s] -- Up-to-date symlink: /home/user/cartographer_ws/install/cartographer_ros_msgs/include/cartographer_ros_msgs/cartographer_ros_msgs/msg/detail/trajectory_states__rosidl_typesupport_introspection_cpp.hpp
[2.454s] -- Up-to-date symlink: /home/user/cartographer_ws/install/cartographer_ros_msgs/include/cartographer_ros_msgs/cartographer_ros_msgs/srv/detail/finish_trajectory__rosidl_typesupport_introspection_cpp.hpp
[2.455s] -- Up-to-date symlink: /home/user/cartographer_ws/install/cartographer_ros_msgs/include/cartographer_ros_msgs/cartographer_ros_msgs/srv/detail/get_trajectory_states__rosidl_typesupport_introspection_cpp.hpp
[2.455s] -- Up-to-date symlink: /home/user/cartographer_ws/install/cartographer_ros_msgs/include/cartographer_ros_msgs/cartographer_ros_msgs/srv/detail/read_metrics__rosidl_typesupport_introspection_cpp.hpp
[2.455s] -- Up-to-date symlink: /home/user/cartographer_ws/install/cartographer_ros_msgs/include/cartographer_ros_msgs/cartographer_ros_msgs/srv/detail/start_trajectory__rosidl_typesupport_introspection_cpp.hpp
[2.456s] -- Up-to-date symlink: /home/user/cartographer_ws/install/cartographer_ros_msgs/include/cartographer_ros_msgs/cartographer_ros_msgs/srv/detail/submap_query__rosidl_typesupport_introspection_cpp.hpp
[2.456s] -- Up-to-date symlink: /home/user/cartographer_ws/install/cartographer_ros_msgs/include/cartographer_ros_msgs/cartographer_ros_msgs/srv/detail/trajectory_query__rosidl_typesupport_introspection_cpp.hpp
[2.456s] -- Up-to-date symlink: /home/user/cartographer_ws/install/cartographer_ros_msgs/include/cartographer_ros_msgs/cartographer_ros_msgs/srv/detail/write_state__rosidl_typesupport_introspection_cpp.hpp
[2.457s] -- Up-to-date symlink: /home/user/cartographer_ws/install/cartographer_ros_msgs/share/cartographer_ros_msgs/environment/pythonpath.sh
[2.457s] -- Up-to-date symlink: /home/user/cartographer_ws/install/cartographer_ros_msgs/share/cartographer_ros_msgs/environment/pythonpath.dsv
[2.458s] -- Up-to-date symlink: /home/user/cartographer_ws/install/cartographer_ros_msgs/local/lib/python3.10/dist-packages/cartographer_ros_msgs-2.0.9003-py3.10.egg-info/PKG-INFO
[2.459s] -- Up-to-date symlink: /home/user/cartographer_ws/install/cartographer_ros_msgs/local/lib/python3.10/dist-packages/cartographer_ros_msgs-2.0.9003-py3.10.egg-info/SOURCES.txt
[2.459s] -- Up-to-date symlink: /home/user/cartographer_ws/install/cartographer_ros_msgs/local/lib/python3.10/dist-packages/cartographer_ros_msgs-2.0.9003-py3.10.egg-info/dependency_links.txt
[2.459s] -- Up-to-date symlink: /home/user/cartographer_ws/install/cartographer_ros_msgs/local/lib/python3.10/dist-packages/cartographer_ros_msgs-2.0.9003-py3.10.egg-info/top_level.txt
[2.463s] -- Up-to-date symlink: /home/user/cartographer_ws/install/cartographer_ros_msgs/local/lib/python3.10/dist-packages/cartographer_ros_msgs/__init__.py
[2.464s] -- Up-to-date symlink: /home/user/cartographer_ws/install/cartographer_ros_msgs/local/lib/python3.10/dist-packages/cartographer_ros_msgs/_cartographer_ros_msgs_s.ep.rosidl_typesupport_c.c
[2.464s] -- Up-to-date symlink: /home/user/cartographer_ws/install/cartographer_ros_msgs/local/lib/python3.10/dist-packages/cartographer_ros_msgs/_cartographer_ros_msgs_s.ep.rosidl_typesupport_fastrtps_c.c
[2.465s] -- Up-to-date symlink: /home/user/cartographer_ws/install/cartographer_ros_msgs/local/lib/python3.10/dist-packages/cartographer_ros_msgs/_cartographer_ros_msgs_s.ep.rosidl_typesupport_introspection_c.c
[2.465s] -- Up-to-date symlink: /home/user/cartographer_ws/install/cartographer_ros_msgs/local/lib/python3.10/dist-packages/cartographer_ros_msgs/cartographer_ros_msgs_s__rosidl_typesupport_c.cpython-310-x86_64-linux-gnu.so
[2.465s] -- Up-to-date symlink: /home/user/cartographer_ws/install/cartographer_ros_msgs/local/lib/python3.10/dist-packages/cartographer_ros_msgs/cartographer_ros_msgs_s__rosidl_typesupport_fastrtps_c.cpython-310-x86_64-linux-gnu.so
[2.466s] -- Up-to-date symlink: /home/user/cartographer_ws/install/cartographer_ros_msgs/local/lib/python3.10/dist-packages/cartographer_ros_msgs/cartographer_ros_msgs_s__rosidl_typesupport_introspection_c.cpython-310-x86_64-linux-gnu.so
[2.466s] -- Up-to-date symlink: /home/user/cartographer_ws/install/cartographer_ros_msgs/local/lib/python3.10/dist-packages/cartographer_ros_msgs/libcartographer_ros_msgs__rosidl_generator_py.so
[2.466s] -- Up-to-date symlink: /home/user/cartographer_ws/install/cartographer_ros_msgs/local/lib/python3.10/dist-packages/cartographer_ros_msgs/msg/__init__.py
[2.467s] -- Up-to-date symlink: /home/user/cartographer_ws/install/cartographer_ros_msgs/local/lib/python3.10/dist-packages/cartographer_ros_msgs/msg/_bagfile_progress.py
[2.467s] -- Up-to-date symlink: /home/user/cartographer_ws/install/cartographer_ros_msgs/local/lib/python3.10/dist-packages/cartographer_ros_msgs/msg/_bagfile_progress_s.c
[2.467s] -- Up-to-date symlink: /home/user/cartographer_ws/install/cartographer_ros_msgs/local/lib/python3.10/dist-packages/cartographer_ros_msgs/msg/_histogram_bucket.py
[2.467s] -- Up-to-date symlink: /home/user/cartographer_ws/install/cartographer_ros_msgs/local/lib/python3.10/dist-packages/cartographer_ros_msgs/msg/_histogram_bucket_s.c
[2.468s] -- Up-to-date symlink: /home/user/cartographer_ws/install/cartographer_ros_msgs/local/lib/python3.10/dist-packages/cartographer_ros_msgs/msg/_landmark_entry.py
[2.468s] -- Up-to-date symlink: /home/user/cartographer_ws/install/cartographer_ros_msgs/local/lib/python3.10/dist-packages/cartographer_ros_msgs/msg/_landmark_entry_s.c
[2.468s] -- Up-to-date symlink: /home/user/cartographer_ws/install/cartographer_ros_msgs/local/lib/python3.10/dist-packages/cartographer_ros_msgs/msg/_landmark_list.py
[2.469s] -- Up-to-date symlink: /home/user/cartographer_ws/install/cartographer_ros_msgs/local/lib/python3.10/dist-packages/cartographer_ros_msgs/msg/_landmark_list_s.c
[2.469s] -- Up-to-date symlink: /home/user/cartographer_ws/install/cartographer_ros_msgs/local/lib/python3.10/dist-packages/cartographer_ros_msgs/msg/_metric.py
[2.470s] -- Up-to-date symlink: /home/user/cartographer_ws/install/cartographer_ros_msgs/local/lib/python3.10/dist-packages/cartographer_ros_msgs/msg/_metric_family.py
[2.470s] -- Up-to-date symlink: /home/user/cartographer_ws/install/cartographer_ros_msgs/local/lib/python3.10/dist-packages/cartographer_ros_msgs/msg/_metric_family_s.c
[2.470s] -- Up-to-date symlink: /home/user/cartographer_ws/install/cartographer_ros_msgs/local/lib/python3.10/dist-packages/cartographer_ros_msgs/msg/_metric_label.py
[2.470s] -- Up-to-date symlink: /home/user/cartographer_ws/install/cartographer_ros_msgs/local/lib/python3.10/dist-packages/cartographer_ros_msgs/msg/_metric_label_s.c
[2.471s] -- Up-to-date symlink: /home/user/cartographer_ws/install/cartographer_ros_msgs/local/lib/python3.10/dist-packages/cartographer_ros_msgs/msg/_metric_s.c
[2.471s] -- Up-to-date symlink: /home/user/cartographer_ws/install/cartographer_ros_msgs/local/lib/python3.10/dist-packages/cartographer_ros_msgs/msg/_status_code.py
[2.471s] -- Up-to-date symlink: /home/user/cartographer_ws/install/cartographer_ros_msgs/local/lib/python3.10/dist-packages/cartographer_ros_msgs/msg/_status_code_s.c
[2.471s] -- Up-to-date symlink: /home/user/cartographer_ws/install/cartographer_ros_msgs/local/lib/python3.10/dist-packages/cartographer_ros_msgs/msg/_status_response.py
[2.472s] -- Up-to-date symlink: /home/user/cartographer_ws/install/cartographer_ros_msgs/local/lib/python3.10/dist-packages/cartographer_ros_msgs/msg/_status_response_s.c
[2.472s] -- Up-to-date symlink: /home/user/cartographer_ws/install/cartographer_ros_msgs/local/lib/python3.10/dist-packages/cartographer_ros_msgs/msg/_submap_entry.py
[2.472s] -- Up-to-date symlink: /home/user/cartographer_ws/install/cartographer_ros_msgs/local/lib/python3.10/dist-packages/cartographer_ros_msgs/msg/_submap_entry_s.c
[2.473s] -- Up-to-date symlink: /home/user/cartographer_ws/install/cartographer_ros_msgs/local/lib/python3.10/dist-packages/cartographer_ros_msgs/msg/_submap_list.py
[2.473s] -- Up-to-date symlink: /home/user/cartographer_ws/install/cartographer_ros_msgs/local/lib/python3.10/dist-packages/cartographer_ros_msgs/msg/_submap_list_s.c
[2.473s] -- Up-to-date symlink: /home/user/cartographer_ws/install/cartographer_ros_msgs/local/lib/python3.10/dist-packages/cartographer_ros_msgs/msg/_submap_texture.py
[2.474s] -- Up-to-date symlink: /home/user/cartographer_ws/install/cartographer_ros_msgs/local/lib/python3.10/dist-packages/cartographer_ros_msgs/msg/_submap_texture_s.c
[2.474s] -- Up-to-date symlink: /home/user/cartographer_ws/install/cartographer_ros_msgs/local/lib/python3.10/dist-packages/cartographer_ros_msgs/msg/_trajectory_states.py
[2.474s] -- Up-to-date symlink: /home/user/cartographer_ws/install/cartographer_ros_msgs/local/lib/python3.10/dist-packages/cartographer_ros_msgs/msg/_trajectory_states_s.c
[2.475s] -- Up-to-date symlink: /home/user/cartographer_ws/install/cartographer_ros_msgs/local/lib/python3.10/dist-packages/cartographer_ros_msgs/srv/__init__.py
[2.475s] -- Up-to-date symlink: /home/user/cartographer_ws/install/cartographer_ros_msgs/local/lib/python3.10/dist-packages/cartographer_ros_msgs/srv/_finish_trajectory.py
[2.476s] -- Up-to-date symlink: /home/user/cartographer_ws/install/cartographer_ros_msgs/local/lib/python3.10/dist-packages/cartographer_ros_msgs/srv/_finish_trajectory_s.c
[2.476s] -- Up-to-date symlink: /home/user/cartographer_ws/install/cartographer_ros_msgs/local/lib/python3.10/dist-packages/cartographer_ros_msgs/srv/_get_trajectory_states.py
[2.476s] -- Up-to-date symlink: /home/user/cartographer_ws/install/cartographer_ros_msgs/local/lib/python3.10/dist-packages/cartographer_ros_msgs/srv/_get_trajectory_states_s.c
[2.476s] -- Up-to-date symlink: /home/user/cartographer_ws/install/cartographer_ros_msgs/local/lib/python3.10/dist-packages/cartographer_ros_msgs/srv/_read_metrics.py
[2.477s] -- Up-to-date symlink: /home/user/cartographer_ws/install/cartographer_ros_msgs/local/lib/python3.10/dist-packages/cartographer_ros_msgs/srv/_read_metrics_s.c
[2.477s] -- Up-to-date symlink: /home/user/cartographer_ws/install/cartographer_ros_msgs/local/lib/python3.10/dist-packages/cartographer_ros_msgs/srv/_start_trajectory.py
[2.478s] -- Up-to-date symlink: /home/user/cartographer_ws/install/cartographer_ros_msgs/local/lib/python3.10/dist-packages/cartographer_ros_msgs/srv/_start_trajectory_s.c
[2.478s] -- Up-to-date symlink: /home/user/cartographer_ws/install/cartographer_ros_msgs/local/lib/python3.10/dist-packages/cartographer_ros_msgs/srv/_submap_query.py
[2.478s] -- Up-to-date symlink: /home/user/cartographer_ws/install/cartographer_ros_msgs/local/lib/python3.10/dist-packages/cartographer_ros_msgs/srv/_submap_query_s.c
[2.479s] -- Up-to-date symlink: /home/user/cartographer_ws/install/cartographer_ros_msgs/local/lib/python3.10/dist-packages/cartographer_ros_msgs/srv/_trajectory_query.py
[2.479s] -- Up-to-date symlink: /home/user/cartographer_ws/install/cartographer_ros_msgs/local/lib/python3.10/dist-packages/cartographer_ros_msgs/srv/_trajectory_query_s.c
[2.480s] -- Up-to-date symlink: /home/user/cartographer_ws/install/cartographer_ros_msgs/local/lib/python3.10/dist-packages/cartographer_ros_msgs/srv/_write_state.py
[2.480s] -- Up-to-date symlink: /home/user/cartographer_ws/install/cartographer_ros_msgs/local/lib/python3.10/dist-packages/cartographer_ros_msgs/srv/_write_state_s.c
[2.480s] -- Up-to-date symlink: /home/user/cartographer_ws/install/cartographer_ros_msgs/local/lib/python3.10/dist-packages/cartographer_ros_msgs/cartographer_ros_msgs_s__rosidl_typesupport_fastrtps_c.cpython-310-x86_64-linux-gnu.so
[2.482s] -- Up-to-date symlink: /home/user/cartographer_ws/install/cartographer_ros_msgs/local/lib/python3.10/dist-packages/cartographer_ros_msgs/cartographer_ros_msgs_s__rosidl_typesupport_introspection_c.cpython-310-x86_64-linux-gnu.so
[2.482s] -- Up-to-date symlink: /home/user/cartographer_ws/install/cartographer_ros_msgs/local/lib/python3.10/dist-packages/cartographer_ros_msgs/cartographer_ros_msgs_s__rosidl_typesupport_c.cpython-310-x86_64-linux-gnu.so
[2.483s] -- Up-to-date symlink: /home/user/cartographer_ws/install/cartographer_ros_msgs/share/cartographer_ros_msgs/msg/BagfileProgress.idl
[2.483s] -- Up-to-date symlink: /home/user/cartographer_ws/install/cartographer_ros_msgs/share/cartographer_ros_msgs/msg/HistogramBucket.idl
[2.484s] -- Up-to-date symlink: /home/user/cartographer_ws/install/cartographer_ros_msgs/share/cartographer_ros_msgs/msg/LandmarkEntry.idl
[2.484s] -- Up-to-date symlink: /home/user/cartographer_ws/install/cartographer_ros_msgs/share/cartographer_ros_msgs/msg/LandmarkList.idl
[2.485s] -- Up-to-date symlink: /home/user/cartographer_ws/install/cartographer_ros_msgs/share/cartographer_ros_msgs/msg/MetricFamily.idl
[2.485s] -- Up-to-date symlink: /home/user/cartographer_ws/install/cartographer_ros_msgs/share/cartographer_ros_msgs/msg/MetricLabel.idl
[2.485s] -- Up-to-date symlink: /home/user/cartographer_ws/install/cartographer_ros_msgs/share/cartographer_ros_msgs/msg/Metric.idl
[2.486s] -- Up-to-date symlink: /home/user/cartographer_ws/install/cartographer_ros_msgs/share/cartographer_ros_msgs/msg/StatusCode.idl
[2.486s] -- Up-to-date symlink: /home/user/cartographer_ws/install/cartographer_ros_msgs/share/cartographer_ros_msgs/msg/StatusResponse.idl
[2.487s] -- Up-to-date symlink: /home/user/cartographer_ws/install/cartographer_ros_msgs/share/cartographer_ros_msgs/msg/SubmapEntry.idl
[2.487s] -- Up-to-date symlink: /home/user/cartographer_ws/install/cartographer_ros_msgs/share/cartographer_ros_msgs/msg/SubmapList.idl
[2.487s] -- Up-to-date symlink: /home/user/cartographer_ws/install/cartographer_ros_msgs/share/cartographer_ros_msgs/msg/SubmapTexture.idl
[2.488s] -- Up-to-date symlink: /home/user/cartographer_ws/install/cartographer_ros_msgs/share/cartographer_ros_msgs/msg/TrajectoryStates.idl
[2.488s] -- Up-to-date symlink: /home/user/cartographer_ws/install/cartographer_ros_msgs/share/cartographer_ros_msgs/srv/FinishTrajectory.idl
[2.488s] -- Up-to-date symlink: /home/user/cartographer_ws/install/cartographer_ros_msgs/share/cartographer_ros_msgs/srv/GetTrajectoryStates.idl
[2.489s] -- Up-to-date symlink: /home/user/cartographer_ws/install/cartographer_ros_msgs/share/cartographer_ros_msgs/srv/ReadMetrics.idl
[2.489s] -- Up-to-date symlink: /home/user/cartographer_ws/install/cartographer_ros_msgs/share/cartographer_ros_msgs/srv/StartTrajectory.idl
[2.490s] -- Up-to-date symlink: /home/user/cartographer_ws/install/cartographer_ros_msgs/share/cartographer_ros_msgs/srv/TrajectoryQuery.idl
[2.490s] -- Up-to-date symlink: /home/user/cartographer_ws/install/cartographer_ros_msgs/share/cartographer_ros_msgs/srv/SubmapQuery.idl
[2.490s] -- Up-to-date symlink: /home/user/cartographer_ws/install/cartographer_ros_msgs/share/cartographer_ros_msgs/srv/WriteState.idl
[2.491s] -- Up-to-date symlink: /home/user/cartographer_ws/install/cartographer_ros_msgs/share/cartographer_ros_msgs/msg/BagfileProgress.msg
[2.491s] -- Up-to-date symlink: /home/user/cartographer_ws/install/cartographer_ros_msgs/share/cartographer_ros_msgs/msg/HistogramBucket.msg
[2.492s] -- Up-to-date symlink: /home/user/cartographer_ws/install/cartographer_ros_msgs/share/cartographer_ros_msgs/msg/LandmarkEntry.msg
[2.492s] -- Up-to-date symlink: /home/user/cartographer_ws/install/cartographer_ros_msgs/share/cartographer_ros_msgs/msg/LandmarkList.msg
[2.492s] -- Up-to-date symlink: /home/user/cartographer_ws/install/cartographer_ros_msgs/share/cartographer_ros_msgs/msg/MetricFamily.msg
[2.493s] -- Up-to-date symlink: /home/user/cartographer_ws/install/cartographer_ros_msgs/share/cartographer_ros_msgs/msg/MetricLabel.msg
[2.493s] -- Up-to-date symlink: /home/user/cartographer_ws/install/cartographer_ros_msgs/share/cartographer_ros_msgs/msg/Metric.msg
[2.494s] -- Up-to-date symlink: /home/user/cartographer_ws/install/cartographer_ros_msgs/share/cartographer_ros_msgs/msg/StatusCode.msg
[2.495s] -- Up-to-date symlink: /home/user/cartographer_ws/install/cartographer_ros_msgs/share/cartographer_ros_msgs/msg/StatusResponse.msg
[2.495s] -- Up-to-date symlink: /home/user/cartographer_ws/install/cartographer_ros_msgs/share/cartographer_ros_msgs/msg/SubmapEntry.msg
[2.495s] -- Up-to-date symlink: /home/user/cartographer_ws/install/cartographer_ros_msgs/share/cartographer_ros_msgs/msg/SubmapList.msg
[2.496s] -- Up-to-date symlink: /home/user/cartographer_ws/install/cartographer_ros_msgs/share/cartographer_ros_msgs/msg/SubmapTexture.msg
[2.498s] -- Up-to-date symlink: /home/user/cartographer_ws/install/cartographer_ros_msgs/share/cartographer_ros_msgs/msg/TrajectoryStates.msg
[2.498s] -- Up-to-date symlink: /home/user/cartographer_ws/install/cartographer_ros_msgs/share/cartographer_ros_msgs/srv/FinishTrajectory.srv
[2.499s] -- Up-to-date symlink: /home/user/cartographer_ws/install/cartographer_ros_msgs/share/cartographer_ros_msgs/srv/FinishTrajectory_Request.msg
[2.499s] -- Up-to-date symlink: /home/user/cartographer_ws/install/cartographer_ros_msgs/share/cartographer_ros_msgs/srv/FinishTrajectory_Response.msg
[2.499s] -- Up-to-date symlink: /home/user/cartographer_ws/install/cartographer_ros_msgs/share/cartographer_ros_msgs/srv/GetTrajectoryStates.srv
[2.500s] -- Up-to-date symlink: /home/user/cartographer_ws/install/cartographer_ros_msgs/share/cartographer_ros_msgs/srv/GetTrajectoryStates_Request.msg
[2.500s] -- Up-to-date symlink: /home/user/cartographer_ws/install/cartographer_ros_msgs/share/cartographer_ros_msgs/srv/GetTrajectoryStates_Response.msg
[2.500s] -- Up-to-date symlink: /home/user/cartographer_ws/install/cartographer_ros_msgs/share/cartographer_ros_msgs/srv/ReadMetrics.srv
[2.501s] -- Up-to-date symlink: /home/user/cartographer_ws/install/cartographer_ros_msgs/share/cartographer_ros_msgs/srv/ReadMetrics_Request.msg
[2.501s] -- Up-to-date symlink: /home/user/cartographer_ws/install/cartographer_ros_msgs/share/cartographer_ros_msgs/srv/ReadMetrics_Response.msg
[2.502s] -- Up-to-date symlink: /home/user/cartographer_ws/install/cartographer_ros_msgs/share/cartographer_ros_msgs/srv/StartTrajectory.srv
[2.502s] -- Up-to-date symlink: /home/user/cartographer_ws/install/cartographer_ros_msgs/share/cartographer_ros_msgs/srv/StartTrajectory_Request.msg
[2.503s] -- Up-to-date symlink: /home/user/cartographer_ws/install/cartographer_ros_msgs/share/cartographer_ros_msgs/srv/StartTrajectory_Response.msg
[2.503s] -- Up-to-date symlink: /home/user/cartographer_ws/install/cartographer_ros_msgs/share/cartographer_ros_msgs/srv/TrajectoryQuery.srv
[2.504s] -- Up-to-date symlink: /home/user/cartographer_ws/install/cartographer_ros_msgs/share/cartographer_ros_msgs/srv/TrajectoryQuery_Request.msg
[2.504s] -- Up-to-date symlink: /home/user/cartographer_ws/install/cartographer_ros_msgs/share/cartographer_ros_msgs/srv/TrajectoryQuery_Response.msg
[2.504s] -- Up-to-date symlink: /home/user/cartographer_ws/install/cartographer_ros_msgs/share/cartographer_ros_msgs/srv/SubmapQuery.srv
[2.505s] -- Up-to-date symlink: /home/user/cartographer_ws/install/cartographer_ros_msgs/share/cartographer_ros_msgs/srv/SubmapQuery_Request.msg
[2.505s] -- Up-to-date symlink: /home/user/cartographer_ws/install/cartographer_ros_msgs/share/cartographer_ros_msgs/srv/SubmapQuery_Response.msg
[2.506s] -- Up-to-date symlink: /home/user/cartographer_ws/install/cartographer_ros_msgs/share/cartographer_ros_msgs/srv/WriteState.srv
[2.506s] -- Up-to-date symlink: /home/user/cartographer_ws/install/cartographer_ros_msgs/share/cartographer_ros_msgs/srv/WriteState_Request.msg
[2.507s] -- Up-to-date symlink: /home/user/cartographer_ws/install/cartographer_ros_msgs/share/cartographer_ros_msgs/srv/WriteState_Response.msg
[2.507s] -- Up-to-date symlink: /home/user/cartographer_ws/install/cartographer_ros_msgs/share/ament_index/resource_index/package_run_dependencies/cartographer_ros_msgs
[2.508s] -- Up-to-date symlink: /home/user/cartographer_ws/install/cartographer_ros_msgs/share/ament_index/resource_index/parent_prefix_path/cartographer_ros_msgs
[2.509s] -- Up-to-date symlink: /home/user/cartographer_ws/install/cartographer_ros_msgs/share/cartographer_ros_msgs/environment/ament_prefix_path.sh
[2.509s] -- Up-to-date symlink: /home/user/cartographer_ws/install/cartographer_ros_msgs/share/cartographer_ros_msgs/environment/ament_prefix_path.dsv
[2.509s] -- Up-to-date symlink: /home/user/cartographer_ws/install/cartographer_ros_msgs/share/cartographer_ros_msgs/environment/path.sh
[2.510s] -- Up-to-date symlink: /home/user/cartographer_ws/install/cartographer_ros_msgs/share/cartographer_ros_msgs/environment/path.dsv
[2.510s] -- Up-to-date symlink: /home/user/cartographer_ws/install/cartographer_ros_msgs/share/cartographer_ros_msgs/local_setup.bash
[2.512s] -- Up-to-date symlink: /home/user/cartographer_ws/install/cartographer_ros_msgs/share/cartographer_ros_msgs/local_setup.sh
[2.512s] -- Up-to-date symlink: /home/user/cartographer_ws/install/cartographer_ros_msgs/share/cartographer_ros_msgs/local_setup.zsh
[2.513s] -- Up-to-date symlink: /home/user/cartographer_ws/install/cartographer_ros_msgs/share/cartographer_ros_msgs/local_setup.dsv
[2.513s] -- Symlinking: /home/user/cartographer_ws/install/cartographer_ros_msgs/share/cartographer_ros_msgs/package.dsv
[2.538s] -- Up-to-date symlink: /home/user/cartographer_ws/install/cartographer_ros_msgs/share/ament_index/resource_index/packages/cartographer_ros_msgs
[2.538s] -- Up-to-date symlink: /home/user/cartographer_ws/install/cartographer_ros_msgs/share/cartographer_ros_msgs/cmake/rosidl_cmake-extras.cmake
[2.539s] -- Up-to-date symlink: /home/user/cartographer_ws/install/cartographer_ros_msgs/share/cartographer_ros_msgs/cmake/ament_cmake_export_dependencies-extras.cmake
[2.539s] -- Up-to-date symlink: /home/user/cartographer_ws/install/cartographer_ros_msgs/share/cartographer_ros_msgs/cmake/ament_cmake_export_include_directories-extras.cmake
[2.539s] -- Up-to-date symlink: /home/user/cartographer_ws/install/cartographer_ros_msgs/share/cartographer_ros_msgs/cmake/ament_cmake_export_libraries-extras.cmake
[2.540s] -- Up-to-date symlink: /home/user/cartographer_ws/install/cartographer_ros_msgs/share/cartographer_ros_msgs/cmake/ament_cmake_export_targets-extras.cmake
[2.540s] -- Up-to-date symlink: /home/user/cartographer_ws/install/cartographer_ros_msgs/share/cartographer_ros_msgs/cmake/rosidl_cmake_export_typesupport_targets-extras.cmake
[2.540s] -- Up-to-date symlink: /home/user/cartographer_ws/install/cartographer_ros_msgs/share/cartographer_ros_msgs/cmake/rosidl_cmake_export_typesupport_libraries-extras.cmake
[2.541s] -- Up-to-date symlink: /home/user/cartographer_ws/install/cartographer_ros_msgs/share/cartographer_ros_msgs/cmake/cartographer_ros_msgsConfig.cmake
[2.541s] -- Up-to-date symlink: /home/user/cartographer_ws/install/cartographer_ros_msgs/share/cartographer_ros_msgs/cmake/cartographer_ros_msgsConfig-version.cmake
[2.541s] -- Up-to-date symlink: /home/user/cartographer_ws/install/cartographer_ros_msgs/share/cartographer_ros_msgs/package.xml
[2.541s] -- Up-to-date: /home/user/cartographer_ws/install/cartographer_ros_msgs/lib/libcartographer_ros_msgs__rosidl_generator_c.so
[2.542s] -- Up-to-date: /home/user/cartographer_ws/install/cartographer_ros_msgs/lib/libcartographer_ros_msgs__rosidl_typesupport_fastrtps_c.so
[2.543s] -- Up-to-date: /home/user/cartographer_ws/install/cartographer_ros_msgs/lib/libcartographer_ros_msgs__rosidl_typesupport_introspection_c.so
[2.544s] -- Up-to-date: /home/user/cartographer_ws/install/cartographer_ros_msgs/lib/libcartographer_ros_msgs__rosidl_typesupport_c.so
[2.545s] -- Up-to-date: /home/user/cartographer_ws/install/cartographer_ros_msgs/lib/libcartographer_ros_msgs__rosidl_typesupport_fastrtps_cpp.so
[2.549s] -- Up-to-date: /home/user/cartographer_ws/install/cartographer_ros_msgs/lib/libcartographer_ros_msgs__rosidl_typesupport_introspection_cpp.so
[2.549s] -- Up-to-date: /home/user/cartographer_ws/install/cartographer_ros_msgs/lib/libcartographer_ros_msgs__rosidl_typesupport_cpp.so
[2.624s] Listing '/home/user/cartographer_ws/install/cartographer_ros_msgs/local/lib/python3.10/dist-packages/cartographer_ros_msgs'...
[2.624s] Listing '/home/user/cartographer_ws/install/cartographer_ros_msgs/local/lib/python3.10/dist-packages/cartographer_ros_msgs/msg'...
[2.624s] Listing '/home/user/cartographer_ws/install/cartographer_ros_msgs/local/lib/python3.10/dist-packages/cartographer_ros_msgs/srv'...
[2.635s] -- Up-to-date: /home/user/cartographer_ws/install/cartographer_ros_msgs/lib/libcartographer_ros_msgs__rosidl_generator_py.so
[2.636s] -- Up-to-date: /home/user/cartographer_ws/install/cartographer_ros_msgs/share/cartographer_ros_msgs/cmake/export_cartographer_ros_msgs__rosidl_generator_cExport.cmake
[2.636s] -- Up-to-date: /home/user/cartographer_ws/install/cartographer_ros_msgs/share/cartographer_ros_msgs/cmake/export_cartographer_ros_msgs__rosidl_generator_cExport-noconfig.cmake
[2.636s] -- Up-to-date: /home/user/cartographer_ws/install/cartographer_ros_msgs/share/cartographer_ros_msgs/cmake/export_cartographer_ros_msgs__rosidl_typesupport_fastrtps_cExport.cmake
[2.636s] -- Up-to-date: /home/user/cartographer_ws/install/cartographer_ros_msgs/share/cartographer_ros_msgs/cmake/export_cartographer_ros_msgs__rosidl_typesupport_fastrtps_cExport-noconfig.cmake
[2.636s] -- Up-to-date: /home/user/cartographer_ws/install/cartographer_ros_msgs/share/cartographer_ros_msgs/cmake/cartographer_ros_msgs__rosidl_typesupport_introspection_cExport.cmake
[2.637s] -- Up-to-date: /home/user/cartographer_ws/install/cartographer_ros_msgs/share/cartographer_ros_msgs/cmake/cartographer_ros_msgs__rosidl_typesupport_introspection_cExport-noconfig.cmake
[2.637s] -- Up-to-date: /home/user/cartographer_ws/install/cartographer_ros_msgs/share/cartographer_ros_msgs/cmake/cartographer_ros_msgs__rosidl_typesupport_cExport.cmake
[2.637s] -- Up-to-date: /home/user/cartographer_ws/install/cartographer_ros_msgs/share/cartographer_ros_msgs/cmake/cartographer_ros_msgs__rosidl_typesupport_cExport-noconfig.cmake
[2.637s] -- Up-to-date: /home/user/cartographer_ws/install/cartographer_ros_msgs/share/cartographer_ros_msgs/cmake/export_cartographer_ros_msgs__rosidl_generator_cppExport.cmake
[2.638s] -- Up-to-date: /home/user/cartographer_ws/install/cartographer_ros_msgs/share/cartographer_ros_msgs/cmake/export_cartographer_ros_msgs__rosidl_typesupport_fastrtps_cppExport.cmake
[2.638s] -- Up-to-date: /home/user/cartographer_ws/install/cartographer_ros_msgs/share/cartographer_ros_msgs/cmake/export_cartographer_ros_msgs__rosidl_typesupport_fastrtps_cppExport-noconfig.cmake
[2.638s] -- Up-to-date: /home/user/cartographer_ws/install/cartographer_ros_msgs/share/cartographer_ros_msgs/cmake/cartographer_ros_msgs__rosidl_typesupport_introspection_cppExport.cmake
[2.638s] -- Up-to-date: /home/user/cartographer_ws/install/cartographer_ros_msgs/share/cartographer_ros_msgs/cmake/cartographer_ros_msgs__rosidl_typesupport_introspection_cppExport-noconfig.cmake
[2.638s] -- Up-to-date: /home/user/cartographer_ws/install/cartographer_ros_msgs/share/cartographer_ros_msgs/cmake/cartographer_ros_msgs__rosidl_typesupport_cppExport.cmake
[2.639s] -- Up-to-date: /home/user/cartographer_ws/install/cartographer_ros_msgs/share/cartographer_ros_msgs/cmake/cartographer_ros_msgs__rosidl_typesupport_cppExport-noconfig.cmake
[2.639s] -- Up-to-date: /home/user/cartographer_ws/install/cartographer_ros_msgs/share/cartographer_ros_msgs/cmake/export_cartographer_ros_msgs__rosidl_generator_pyExport.cmake
[2.639s] -- Up-to-date: /home/user/cartographer_ws/install/cartographer_ros_msgs/share/cartographer_ros_msgs/cmake/export_cartographer_ros_msgs__rosidl_generator_pyExport-noconfig.cmake
[2.643s] Invoked command in '/home/user/cartographer_ws/build/cartographer_ros_msgs' returned '0': CMAKE_PREFIX_PATH=${CMAKE_PREFIX_PATH}:/opt/ros/humble /usr/bin/cmake --install /home/user/cartographer_ws/build/cartographer_ros_msgs
