[0.017s] Invoking command in '/home/user/cartographer_ws/build/cartographer_ros': CMAKE_PREFIX_PATH=/home/user/cartographer_ws/install/cartographer_ros_msgs:/home/user/cartographer_ws/install/cartographer:/home/user/cartographer_ws/install/cartographer_rviz:/home/user/cartographer_ws/install/cartographer_ros:/opt/ros/humble LD_LIBRARY_PATH=/home/user/cartographer_ws/install/cartographer_ros_msgs/lib:/home/user/cartographer_ws/install/cartographer_rviz/lib:/home/user/cartographer_ws/install/cartographer_ros/lib:/usr/lib/x86_64-linux-gnu/gazebo-11/plugins:/opt/ros/humble/opt/rviz_ogre_vendor/lib:/opt/ros/humble/lib/x86_64-linux-gnu:/opt/ros/humble/lib /usr/bin/cmake --build /home/user/cartographer_ws/build/cartographer_ros -- -j8 -l8
[0.188s] [ 60%] Built target cartographer_ros
[0.245s] [ 65%] Built target cartographer_pbstream_map_publisher
[0.248s] [ 71%] Built target cartographer_offline_node
[0.249s] [ 77%] Built target cartographer_assets_writer
[0.250s] [ 82%] Built target cartographer_occupancy_grid_node
[0.251s] [ 94%] Built target cartographer_pbstream_to_ros_map
[0.251s] [ 94%] Built target cartographer_node
[0.254s] [100%] Built target cartographer_rosbag_validate
[0.268s] Invoked command in '/home/user/cartographer_ws/build/cartographer_ros' returned '0': CMAKE_PREFIX_PATH=/home/user/cartographer_ws/install/cartographer_ros_msgs:/home/user/cartographer_ws/install/cartographer:/home/user/cartographer_ws/install/cartographer_rviz:/home/user/cartographer_ws/install/cartographer_ros:/opt/ros/humble LD_LIBRARY_PATH=/home/user/cartographer_ws/install/cartographer_ros_msgs/lib:/home/user/cartographer_ws/install/cartographer_rviz/lib:/home/user/cartographer_ws/install/cartographer_ros/lib:/usr/lib/x86_64-linux-gnu/gazebo-11/plugins:/opt/ros/humble/opt/rviz_ogre_vendor/lib:/opt/ros/humble/lib/x86_64-linux-gnu:/opt/ros/humble/lib /usr/bin/cmake --build /home/user/cartographer_ws/build/cartographer_ros -- -j8 -l8
[0.383s] Invoking command in '/home/user/cartographer_ws/build/cartographer_ros': CMAKE_PREFIX_PATH=/home/user/cartographer_ws/install/cartographer_ros_msgs:/home/user/cartographer_ws/install/cartographer:/home/user/cartographer_ws/install/cartographer_rviz:/home/user/cartographer_ws/install/cartographer_ros:/opt/ros/humble LD_LIBRARY_PATH=/home/user/cartographer_ws/install/cartographer_ros_msgs/lib:/home/user/cartographer_ws/install/cartographer_rviz/lib:/home/user/cartographer_ws/install/cartographer_ros/lib:/usr/lib/x86_64-linux-gnu/gazebo-11/plugins:/opt/ros/humble/opt/rviz_ogre_vendor/lib:/opt/ros/humble/lib/x86_64-linux-gnu:/opt/ros/humble/lib /usr/bin/cmake --install /home/user/cartographer_ws/build/cartographer_ros
[0.392s] -- Install configuration: ""
[0.393s] -- Execute custom install script
[0.393s] -- Up-to-date symlink: /home/user/cartographer_ws/install/cartographer_ros/lib/libcartographer_ros.a
[0.394s] -- Up-to-date symlink: /home/user/cartographer_ws/install/cartographer_ros/lib/cartographer_ros/cartographer_node
[0.394s] -- Up-to-date symlink: /home/user/cartographer_ws/install/cartographer_ros/lib/cartographer_ros/cartographer_occupancy_grid_node
[0.394s] -- Up-to-date symlink: /home/user/cartographer_ws/install/cartographer_ros/lib/cartographer_ros/cartographer_offline_node
[0.394s] -- Up-to-date symlink: /home/user/cartographer_ws/install/cartographer_ros/lib/cartographer_ros/cartographer_assets_writer
[0.394s] -- Up-to-date symlink: /home/user/cartographer_ws/install/cartographer_ros/lib/cartographer_ros/cartographer_pbstream_map_publisher
[0.394s] -- Up-to-date symlink: /home/user/cartographer_ws/install/cartographer_ros/lib/cartographer_ros/cartographer_pbstream_to_ros_map
[0.395s] -- Up-to-date symlink: /home/user/cartographer_ws/install/cartographer_ros/lib/cartographer_ros/cartographer_rosbag_validate
[0.395s] -- Up-to-date symlink: /home/user/cartographer_ws/install/cartographer_ros/include//cartographer_ros/assets_writer.h
[0.395s] -- Up-to-date symlink: /home/user/cartographer_ws/install/cartographer_ros/include//cartographer_ros/map_builder_bridge.h
[0.395s] -- Up-to-date symlink: /home/user/cartographer_ws/install/cartographer_ros/include//cartographer_ros/metrics/family_factory.h
[0.396s] -- Up-to-date symlink: /home/user/cartographer_ws/install/cartographer_ros/include//cartographer_ros/metrics/internal/counter.h
[0.396s] -- Up-to-date symlink: /home/user/cartographer_ws/install/cartographer_ros/include//cartographer_ros/metrics/internal/family.h
[0.396s] -- Up-to-date symlink: /home/user/cartographer_ws/install/cartographer_ros/include//cartographer_ros/metrics/internal/gauge.h
[0.396s] -- Up-to-date symlink: /home/user/cartographer_ws/install/cartographer_ros/include//cartographer_ros/metrics/internal/histogram.h
[0.396s] -- Up-to-date symlink: /home/user/cartographer_ws/install/cartographer_ros/include//cartographer_ros/msg_conversion.h
[0.397s] -- Up-to-date symlink: /home/user/cartographer_ws/install/cartographer_ros/include//cartographer_ros/node.h
[0.397s] -- Up-to-date symlink: /home/user/cartographer_ws/install/cartographer_ros/include//cartographer_ros/node_constants.h
[0.397s] -- Up-to-date symlink: /home/user/cartographer_ws/install/cartographer_ros/include//cartographer_ros/node_options.h
[0.397s] -- Up-to-date symlink: /home/user/cartographer_ws/install/cartographer_ros/include//cartographer_ros/offline_node.h
[0.397s] -- Up-to-date symlink: /home/user/cartographer_ws/install/cartographer_ros/include//cartographer_ros/playable_bag.h
[0.397s] -- Up-to-date symlink: /home/user/cartographer_ws/install/cartographer_ros/include//cartographer_ros/ros_log_sink.h
[0.397s] -- Up-to-date symlink: /home/user/cartographer_ws/install/cartographer_ros/include//cartographer_ros/ros_map.h
[0.398s] -- Up-to-date symlink: /home/user/cartographer_ws/install/cartographer_ros/include//cartographer_ros/ros_map_writing_points_processor.h
[0.398s] -- Up-to-date symlink: /home/user/cartographer_ws/install/cartographer_ros/include//cartographer_ros/sensor_bridge.h
[0.398s] -- Up-to-date symlink: /home/user/cartographer_ws/install/cartographer_ros/include//cartographer_ros/submap.h
[0.398s] -- Up-to-date symlink: /home/user/cartographer_ws/install/cartographer_ros/include//cartographer_ros/tf_bridge.h
[0.398s] -- Up-to-date symlink: /home/user/cartographer_ws/install/cartographer_ros/include//cartographer_ros/time_conversion.h
[0.398s] -- Up-to-date symlink: /home/user/cartographer_ws/install/cartographer_ros/include//cartographer_ros/trajectory_options.h
[0.398s] -- Up-to-date symlink: /home/user/cartographer_ws/install/cartographer_ros/include//cartographer_ros/urdf_reader.h
[0.399s] -- Up-to-date symlink: /home/user/cartographer_ws/install/cartographer_ros/share/cartographer_ros//configuration_files/assets_writer_backpack_2d.lua
[0.399s] -- Up-to-date symlink: /home/user/cartographer_ws/install/cartographer_ros/share/cartographer_ros//configuration_files/assets_writer_backpack_2d_ci.lua
[0.399s] -- Up-to-date symlink: /home/user/cartographer_ws/install/cartographer_ros/share/cartographer_ros//configuration_files/assets_writer_backpack_3d.lua
[0.399s] -- Up-to-date symlink: /home/user/cartographer_ws/install/cartographer_ros/share/cartographer_ros//configuration_files/assets_writer_ros_map.lua
[0.399s] -- Up-to-date symlink: /home/user/cartographer_ws/install/cartographer_ros/share/cartographer_ros//configuration_files/backpack_2d.lua
[0.400s] -- Up-to-date symlink: /home/user/cartographer_ws/install/cartographer_ros/share/cartographer_ros//configuration_files/backpack_2d_localization.lua
[0.400s] -- Up-to-date symlink: /home/user/cartographer_ws/install/cartographer_ros/share/cartographer_ros//configuration_files/backpack_2d_localization_evaluation.lua
[0.400s] -- Up-to-date symlink: /home/user/cartographer_ws/install/cartographer_ros/share/cartographer_ros//configuration_files/backpack_2d_server.lua
[0.400s] -- Up-to-date symlink: /home/user/cartographer_ws/install/cartographer_ros/share/cartographer_ros//configuration_files/backpack_3d.lua
[0.400s] -- Up-to-date symlink: /home/user/cartographer_ws/install/cartographer_ros/share/cartographer_ros//configuration_files/backpack_3d_localization.lua
[0.400s] -- Up-to-date symlink: /home/user/cartographer_ws/install/cartographer_ros/share/cartographer_ros//configuration_files/demo_2d.rviz
[0.400s] -- Up-to-date symlink: /home/user/cartographer_ws/install/cartographer_ros/share/cartographer_ros//configuration_files/demo_3d.rviz
[0.400s] -- Up-to-date symlink: /home/user/cartographer_ws/install/cartographer_ros/share/cartographer_ros//configuration_files/mir-100-mapping.lua
[0.401s] -- Up-to-date symlink: /home/user/cartographer_ws/install/cartographer_ros/share/cartographer_ros//configuration_files/pr2.lua
[0.401s] -- Up-to-date symlink: /home/user/cartographer_ws/install/cartographer_ros/share/cartographer_ros//configuration_files/revo_lds.lua
[0.401s] -- Up-to-date symlink: /home/user/cartographer_ws/install/cartographer_ros/share/cartographer_ros//configuration_files/taurob_tracker.lua
[0.401s] -- Up-to-date symlink: /home/user/cartographer_ws/install/cartographer_ros/share/cartographer_ros//configuration_files/transform.lua
[0.401s] -- Up-to-date symlink: /home/user/cartographer_ws/install/cartographer_ros/share/cartographer_ros//configuration_files/turtlebot3.lua
[0.401s] -- Up-to-date symlink: /home/user/cartographer_ws/install/cartographer_ros/share/cartographer_ros//configuration_files/visualize_pbstream.lua
[0.401s] -- Up-to-date symlink: /home/user/cartographer_ws/install/cartographer_ros/share/cartographer_ros//urdf/backpack_2d.urdf
[0.402s] -- Up-to-date symlink: /home/user/cartographer_ws/install/cartographer_ros/share/cartographer_ros//urdf/backpack_3d.urdf
[0.402s] -- Up-to-date symlink: /home/user/cartographer_ws/install/cartographer_ros/share/cartographer_ros//urdf/mir-100.urdf
[0.402s] -- Up-to-date symlink: /home/user/cartographer_ws/install/cartographer_ros/share/cartographer_ros//launch/assets_writer_backpack_2d.launch.py
[0.402s] -- Up-to-date symlink: /home/user/cartographer_ws/install/cartographer_ros/share/cartographer_ros//launch/assets_writer_backpack_3d.launch.py
[0.402s] -- Up-to-date symlink: /home/user/cartographer_ws/install/cartographer_ros/share/cartographer_ros//launch/assets_writer_ros_map.launch.py
[0.402s] -- Up-to-date symlink: /home/user/cartographer_ws/install/cartographer_ros/share/cartographer_ros//launch/backpack_2d.launch.py
[0.403s] -- Up-to-date symlink: /home/user/cartographer_ws/install/cartographer_ros/share/cartographer_ros//launch/backpack_3d.launch.py
[0.403s] -- Up-to-date symlink: /home/user/cartographer_ws/install/cartographer_ros/share/cartographer_ros//launch/cartographer_rviz.launch.py
[0.403s] -- Up-to-date symlink: /home/user/cartographer_ws/install/cartographer_ros/share/cartographer_ros//launch/demo_backpack_2d.launch.py
[0.403s] -- Up-to-date symlink: /home/user/cartographer_ws/install/cartographer_ros/share/cartographer_ros//launch/demo_backpack_2d_localization.launch.py
[0.403s] -- Up-to-date symlink: /home/user/cartographer_ws/install/cartographer_ros/share/cartographer_ros//launch/demo_backpack_3d.launch.py
[0.404s] -- Up-to-date symlink: /home/user/cartographer_ws/install/cartographer_ros/share/cartographer_ros//launch/demo_backpack_3d_localization.launch.py
[0.404s] -- Up-to-date symlink: /home/user/cartographer_ws/install/cartographer_ros/share/cartographer_ros//launch/demo_pr2.launch
[0.404s] -- Up-to-date symlink: /home/user/cartographer_ws/install/cartographer_ros/share/cartographer_ros//launch/demo_revo_lds.launch.py
[0.404s] -- Up-to-date symlink: /home/user/cartographer_ws/install/cartographer_ros/share/cartographer_ros//launch/demo_taurob_tracker.launch.py
[0.404s] -- Up-to-date symlink: /home/user/cartographer_ws/install/cartographer_ros/share/cartographer_ros//launch/grpc_demo_backpack_2d.launch
[0.404s] -- Up-to-date symlink: /home/user/cartographer_ws/install/cartographer_ros/share/cartographer_ros//launch/grpc_demo_backpack_2d_localization.launch
[0.404s] -- Up-to-date symlink: /home/user/cartographer_ws/install/cartographer_ros/share/cartographer_ros//launch/offline_backpack_2d.launch.py
[0.404s] -- Up-to-date symlink: /home/user/cartographer_ws/install/cartographer_ros/share/cartographer_ros//launch/offline_backpack_3d.launch.py
[0.404s] -- Up-to-date symlink: /home/user/cartographer_ws/install/cartographer_ros/share/cartographer_ros//launch/offline_mir_100_rviz.launch.py
[0.404s] -- Up-to-date symlink: /home/user/cartographer_ws/install/cartographer_ros/share/cartographer_ros//launch/offline_node.launch.py
[0.404s] -- Up-to-date symlink: /home/user/cartographer_ws/install/cartographer_ros/share/cartographer_ros//launch/taurob_tracker.launch.py
[0.405s] -- Up-to-date symlink: /home/user/cartographer_ws/install/cartographer_ros/share/cartographer_ros//launch/turtlebot3_cartographer.launch.py
[0.405s] -- Up-to-date symlink: /home/user/cartographer_ws/install/cartographer_ros/share/cartographer_ros//launch/turtlebot3_delete_cartographer.launch.py
[0.405s] -- Up-to-date symlink: /home/user/cartographer_ws/install/cartographer_ros/share/cartographer_ros//launch/turtlebot3_remapped_cartographer.launch.py
[0.405s] -- Up-to-date symlink: /home/user/cartographer_ws/install/cartographer_ros/share/cartographer_ros//launch/visualize_pbstream.launch.py
[0.405s] -- Up-to-date symlink: /home/user/cartographer_ws/install/cartographer_ros/share/cartographer_ros/environment/library_path.sh
[0.405s] -- Up-to-date symlink: /home/user/cartographer_ws/install/cartographer_ros/share/cartographer_ros/environment/library_path.dsv
[0.406s] -- Up-to-date symlink: /home/user/cartographer_ws/install/cartographer_ros/share/ament_index/resource_index/package_run_dependencies/cartographer_ros
[0.406s] -- Up-to-date symlink: /home/user/cartographer_ws/install/cartographer_ros/share/ament_index/resource_index/parent_prefix_path/cartographer_ros
[0.406s] -- Up-to-date symlink: /home/user/cartographer_ws/install/cartographer_ros/share/cartographer_ros/environment/ament_prefix_path.sh
[0.406s] -- Up-to-date symlink: /home/user/cartographer_ws/install/cartographer_ros/share/cartographer_ros/environment/ament_prefix_path.dsv
[0.406s] -- Up-to-date symlink: /home/user/cartographer_ws/install/cartographer_ros/share/cartographer_ros/environment/path.sh
[0.406s] -- Up-to-date symlink: /home/user/cartographer_ws/install/cartographer_ros/share/cartographer_ros/environment/path.dsv
[0.407s] -- Up-to-date symlink: /home/user/cartographer_ws/install/cartographer_ros/share/cartographer_ros/local_setup.bash
[0.407s] -- Up-to-date symlink: /home/user/cartographer_ws/install/cartographer_ros/share/cartographer_ros/local_setup.sh
[0.407s] -- Up-to-date symlink: /home/user/cartographer_ws/install/cartographer_ros/share/cartographer_ros/local_setup.zsh
[0.407s] -- Up-to-date symlink: /home/user/cartographer_ws/install/cartographer_ros/share/cartographer_ros/local_setup.dsv
[0.407s] -- Symlinking: /home/user/cartographer_ws/install/cartographer_ros/share/cartographer_ros/package.dsv
[0.418s] -- Up-to-date symlink: /home/user/cartographer_ws/install/cartographer_ros/share/ament_index/resource_index/packages/cartographer_ros
[0.418s] -- Up-to-date symlink: /home/user/cartographer_ws/install/cartographer_ros/share/cartographer_ros/cmake/ament_cmake_export_include_directories-extras.cmake
[0.418s] -- Up-to-date symlink: /home/user/cartographer_ws/install/cartographer_ros/share/cartographer_ros/cmake/ament_cmake_export_libraries-extras.cmake
[0.418s] -- Up-to-date symlink: /home/user/cartographer_ws/install/cartographer_ros/share/cartographer_ros/cmake/ament_cmake_export_dependencies-extras.cmake
[0.418s] -- Up-to-date symlink: /home/user/cartographer_ws/install/cartographer_ros/share/cartographer_ros/cmake/cartographer_rosConfig.cmake
[0.418s] -- Up-to-date symlink: /home/user/cartographer_ws/install/cartographer_ros/share/cartographer_ros/cmake/cartographer_rosConfig-version.cmake
[0.418s] -- Up-to-date symlink: /home/user/cartographer_ws/install/cartographer_ros/share/cartographer_ros/package.xml
[0.421s] Invoked command in '/home/user/cartographer_ws/build/cartographer_ros' returned '0': CMAKE_PREFIX_PATH=/home/user/cartographer_ws/install/cartographer_ros_msgs:/home/user/cartographer_ws/install/cartographer:/home/user/cartographer_ws/install/cartographer_rviz:/home/user/cartographer_ws/install/cartographer_ros:/opt/ros/humble LD_LIBRARY_PATH=/home/user/cartographer_ws/install/cartographer_ros_msgs/lib:/home/user/cartographer_ws/install/cartographer_rviz/lib:/home/user/cartographer_ws/install/cartographer_ros/lib:/usr/lib/x86_64-linux-gnu/gazebo-11/plugins:/opt/ros/humble/opt/rviz_ogre_vendor/lib:/opt/ros/humble/lib/x86_64-linux-gnu:/opt/ros/humble/lib /usr/bin/cmake --install /home/user/cartographer_ws/build/cartographer_ros
