[0.139s] DEBUG:colcon:Command line arguments: ['/usr/bin/colcon', 'build', '--symlink-install']
[0.139s] DEBUG:colcon:Parsed command line arguments: Namespace(log_base=None, log_level=None, verb_name='build', build_base='build', install_base='install', merge_install=False, symlink_install=True, test_result_base=None, continue_on_error=False, executor='parallel', parallel_workers=8, event_handlers=None, ignore_user_meta=False, metas=['./colcon.meta'], base_paths=['.'], packages_ignore=None, packages_ignore_regex=None, paths=None, packages_up_to=None, packages_up_to_regex=None, packages_above=None, packages_above_and_dependencies=None, packages_above_depth=None, packages_select_by_dep=None, packages_skip_by_dep=None, packages_skip_up_to=None, packages_select_build_failed=False, packages_skip_build_finished=False, packages_select_test_failures=False, packages_skip_test_passed=False, packages_select=None, packages_skip=None, packages_select_regex=None, packages_skip_regex=None, packages_start=None, packages_end=None, allow_overriding=[], cmake_args=None, cmake_target=None, cmake_target_skip_unavailable=False, cmake_clean_cache=False, cmake_clean_first=False, cmake_force_configure=False, ament_cmake_args=None, catkin_cmake_args=None, catkin_skip_building_tests=False, verb_parser=<colcon_defaults.argument_parser.defaults.DefaultArgumentsDecorator object at 0x7f6f92634850>, verb_extension=<colcon_core.verb.build.BuildVerb object at 0x7f6f92741450>, main=<bound method BuildVerb.main of <colcon_core.verb.build.BuildVerb object at 0x7f6f92741450>>)
[0.345s] Level 1:colcon.colcon_core.package_discovery:discover_packages(colcon_meta) check parameters
[0.345s] Level 1:colcon.colcon_core.package_discovery:discover_packages(recursive) check parameters
[0.364s] Level 1:colcon.colcon_core.package_discovery:discover_packages(ignore) check parameters
[0.364s] Level 1:colcon.colcon_core.package_discovery:discover_packages(path) check parameters
[0.364s] Level 1:colcon.colcon_core.package_discovery:discover_packages(colcon_meta) discover
[0.364s] Level 1:colcon.colcon_core.package_discovery:discover_packages(recursive) discover
[0.364s] INFO:colcon.colcon_core.package_discovery:Crawling recursively for packages in '/home/user/cartographer_ws'
[0.364s] Level 1:colcon.colcon_core.package_identification:_identify(.) by extensions ['ignore', 'ignore_ament_install']
[0.364s] Level 1:colcon.colcon_core.package_identification:_identify(.) by extension 'ignore'
[0.365s] Level 1:colcon.colcon_core.package_identification:_identify(.) by extension 'ignore_ament_install'
[0.365s] Level 1:colcon.colcon_core.package_identification:_identify(.) by extensions ['colcon_pkg']
[0.365s] Level 1:colcon.colcon_core.package_identification:_identify(.) by extension 'colcon_pkg'
[0.365s] Level 1:colcon.colcon_core.package_identification:_identify(.) by extensions ['colcon_meta']
[0.365s] Level 1:colcon.colcon_core.package_identification:_identify(.) by extension 'colcon_meta'
[0.365s] Level 1:colcon.colcon_core.package_identification:_identify(.) by extensions ['ros']
[0.365s] Level 1:colcon.colcon_core.package_identification:_identify(.) by extension 'ros'
[0.377s] Level 1:colcon.colcon_core.package_identification:_identify(.) by extensions ['cmake', 'python']
[0.378s] Level 1:colcon.colcon_core.package_identification:_identify(.) by extension 'cmake'
[0.378s] Level 1:colcon.colcon_core.package_identification:_identify(.) by extension 'python'
[0.378s] Level 1:colcon.colcon_core.package_identification:_identify(.) by extensions ['python_setup_py']
[0.378s] Level 1:colcon.colcon_core.package_identification:_identify(.) by extension 'python_setup_py'
[0.378s] Level 1:colcon.colcon_core.package_identification:_identify(build) by extensions ['ignore', 'ignore_ament_install']
[0.378s] Level 1:colcon.colcon_core.package_identification:_identify(build) by extension 'ignore'
[0.378s] Level 1:colcon.colcon_core.package_identification:_identify(build) ignored
[0.378s] Level 1:colcon.colcon_core.package_identification:_identify(install) by extensions ['ignore', 'ignore_ament_install']
[0.378s] Level 1:colcon.colcon_core.package_identification:_identify(install) by extension 'ignore'
[0.379s] Level 1:colcon.colcon_core.package_identification:_identify(install) ignored
[0.379s] Level 1:colcon.colcon_core.package_identification:_identify(log) by extensions ['ignore', 'ignore_ament_install']
[0.379s] Level 1:colcon.colcon_core.package_identification:_identify(log) by extension 'ignore'
[0.379s] Level 1:colcon.colcon_core.package_identification:_identify(log) ignored
[0.379s] Level 1:colcon.colcon_core.package_identification:_identify(src) by extensions ['ignore', 'ignore_ament_install']
[0.379s] Level 1:colcon.colcon_core.package_identification:_identify(src) by extension 'ignore'
[0.379s] Level 1:colcon.colcon_core.package_identification:_identify(src) by extension 'ignore_ament_install'
[0.379s] Level 1:colcon.colcon_core.package_identification:_identify(src) by extensions ['colcon_pkg']
[0.379s] Level 1:colcon.colcon_core.package_identification:_identify(src) by extension 'colcon_pkg'
[0.380s] Level 1:colcon.colcon_core.package_identification:_identify(src) by extensions ['colcon_meta']
[0.380s] Level 1:colcon.colcon_core.package_identification:_identify(src) by extension 'colcon_meta'
[0.380s] Level 1:colcon.colcon_core.package_identification:_identify(src) by extensions ['ros']
[0.380s] Level 1:colcon.colcon_core.package_identification:_identify(src) by extension 'ros'
[0.380s] Level 1:colcon.colcon_core.package_identification:_identify(src) by extensions ['cmake', 'python']
[0.380s] Level 1:colcon.colcon_core.package_identification:_identify(src) by extension 'cmake'
[0.380s] Level 1:colcon.colcon_core.package_identification:_identify(src) by extension 'python'
[0.380s] Level 1:colcon.colcon_core.package_identification:_identify(src) by extensions ['python_setup_py']
[0.380s] Level 1:colcon.colcon_core.package_identification:_identify(src) by extension 'python_setup_py'
[0.380s] Level 1:colcon.colcon_core.package_identification:_identify(src/cartographer) by extensions ['ignore', 'ignore_ament_install']
[0.380s] Level 1:colcon.colcon_core.package_identification:_identify(src/cartographer) by extension 'ignore'
[0.380s] Level 1:colcon.colcon_core.package_identification:_identify(src/cartographer) by extension 'ignore_ament_install'
[0.381s] Level 1:colcon.colcon_core.package_identification:_identify(src/cartographer) by extensions ['colcon_pkg']
[0.381s] Level 1:colcon.colcon_core.package_identification:_identify(src/cartographer) by extension 'colcon_pkg'
[0.381s] Level 1:colcon.colcon_core.package_identification:_identify(src/cartographer) by extensions ['colcon_meta']
[0.381s] Level 1:colcon.colcon_core.package_identification:_identify(src/cartographer) by extension 'colcon_meta'
[0.381s] Level 1:colcon.colcon_core.package_identification:_identify(src/cartographer) by extensions ['ros']
[0.381s] Level 1:colcon.colcon_core.package_identification:_identify(src/cartographer) by extension 'ros'
[0.384s] DEBUG:colcon.colcon_core.package_identification:Package 'src/cartographer' with type 'ros.cmake' and name 'cartographer'
[0.384s] Level 1:colcon.colcon_core.package_identification:_identify(src/cartographer_ros) by extensions ['ignore', 'ignore_ament_install']
[0.385s] Level 1:colcon.colcon_core.package_identification:_identify(src/cartographer_ros) by extension 'ignore'
[0.385s] Level 1:colcon.colcon_core.package_identification:_identify(src/cartographer_ros) by extension 'ignore_ament_install'
[0.385s] Level 1:colcon.colcon_core.package_identification:_identify(src/cartographer_ros) by extensions ['colcon_pkg']
[0.385s] Level 1:colcon.colcon_core.package_identification:_identify(src/cartographer_ros) by extension 'colcon_pkg'
[0.385s] Level 1:colcon.colcon_core.package_identification:_identify(src/cartographer_ros) by extensions ['colcon_meta']
[0.385s] Level 1:colcon.colcon_core.package_identification:_identify(src/cartographer_ros) by extension 'colcon_meta'
[0.385s] Level 1:colcon.colcon_core.package_identification:_identify(src/cartographer_ros) by extensions ['ros']
[0.385s] Level 1:colcon.colcon_core.package_identification:_identify(src/cartographer_ros) by extension 'ros'
[0.385s] Level 1:colcon.colcon_core.package_identification:_identify(src/cartographer_ros) by extensions ['cmake', 'python']
[0.385s] Level 1:colcon.colcon_core.package_identification:_identify(src/cartographer_ros) by extension 'cmake'
[0.385s] Level 1:colcon.colcon_core.package_identification:_identify(src/cartographer_ros) by extension 'python'
[0.385s] Level 1:colcon.colcon_core.package_identification:_identify(src/cartographer_ros) by extensions ['python_setup_py']
[0.385s] Level 1:colcon.colcon_core.package_identification:_identify(src/cartographer_ros) by extension 'python_setup_py'
[0.386s] Level 1:colcon.colcon_core.package_identification:_identify(src/cartographer_ros/cartographer_ros) by extensions ['ignore', 'ignore_ament_install']
[0.386s] Level 1:colcon.colcon_core.package_identification:_identify(src/cartographer_ros/cartographer_ros) by extension 'ignore'
[0.386s] Level 1:colcon.colcon_core.package_identification:_identify(src/cartographer_ros/cartographer_ros) by extension 'ignore_ament_install'
[0.386s] Level 1:colcon.colcon_core.package_identification:_identify(src/cartographer_ros/cartographer_ros) by extensions ['colcon_pkg']
[0.386s] Level 1:colcon.colcon_core.package_identification:_identify(src/cartographer_ros/cartographer_ros) by extension 'colcon_pkg'
[0.386s] Level 1:colcon.colcon_core.package_identification:_identify(src/cartographer_ros/cartographer_ros) by extensions ['colcon_meta']
[0.386s] Level 1:colcon.colcon_core.package_identification:_identify(src/cartographer_ros/cartographer_ros) by extension 'colcon_meta'
[0.386s] Level 1:colcon.colcon_core.package_identification:_identify(src/cartographer_ros/cartographer_ros) by extensions ['ros']
[0.386s] Level 1:colcon.colcon_core.package_identification:_identify(src/cartographer_ros/cartographer_ros) by extension 'ros'
[0.389s] DEBUG:colcon.colcon_core.package_identification:Package 'src/cartographer_ros/cartographer_ros' with type 'ros.ament_cmake' and name 'cartographer_ros'
[0.389s] Level 1:colcon.colcon_core.package_identification:_identify(src/cartographer_ros/cartographer_ros_msgs) by extensions ['ignore', 'ignore_ament_install']
[0.389s] Level 1:colcon.colcon_core.package_identification:_identify(src/cartographer_ros/cartographer_ros_msgs) by extension 'ignore'
[0.389s] Level 1:colcon.colcon_core.package_identification:_identify(src/cartographer_ros/cartographer_ros_msgs) by extension 'ignore_ament_install'
[0.389s] Level 1:colcon.colcon_core.package_identification:_identify(src/cartographer_ros/cartographer_ros_msgs) by extensions ['colcon_pkg']
[0.389s] Level 1:colcon.colcon_core.package_identification:_identify(src/cartographer_ros/cartographer_ros_msgs) by extension 'colcon_pkg'
[0.389s] Level 1:colcon.colcon_core.package_identification:_identify(src/cartographer_ros/cartographer_ros_msgs) by extensions ['colcon_meta']
[0.389s] Level 1:colcon.colcon_core.package_identification:_identify(src/cartographer_ros/cartographer_ros_msgs) by extension 'colcon_meta'
[0.389s] Level 1:colcon.colcon_core.package_identification:_identify(src/cartographer_ros/cartographer_ros_msgs) by extensions ['ros']
[0.389s] Level 1:colcon.colcon_core.package_identification:_identify(src/cartographer_ros/cartographer_ros_msgs) by extension 'ros'
[0.390s] DEBUG:colcon.colcon_core.package_identification:Package 'src/cartographer_ros/cartographer_ros_msgs' with type 'ros.ament_cmake' and name 'cartographer_ros_msgs'
[0.391s] Level 1:colcon.colcon_core.package_identification:_identify(src/cartographer_ros/cartographer_rviz) by extensions ['ignore', 'ignore_ament_install']
[0.391s] Level 1:colcon.colcon_core.package_identification:_identify(src/cartographer_ros/cartographer_rviz) by extension 'ignore'
[0.391s] Level 1:colcon.colcon_core.package_identification:_identify(src/cartographer_ros/cartographer_rviz) by extension 'ignore_ament_install'
[0.391s] Level 1:colcon.colcon_core.package_identification:_identify(src/cartographer_ros/cartographer_rviz) by extensions ['colcon_pkg']
[0.391s] Level 1:colcon.colcon_core.package_identification:_identify(src/cartographer_ros/cartographer_rviz) by extension 'colcon_pkg'
[0.391s] Level 1:colcon.colcon_core.package_identification:_identify(src/cartographer_ros/cartographer_rviz) by extensions ['colcon_meta']
[0.391s] Level 1:colcon.colcon_core.package_identification:_identify(src/cartographer_ros/cartographer_rviz) by extension 'colcon_meta'
[0.391s] Level 1:colcon.colcon_core.package_identification:_identify(src/cartographer_ros/cartographer_rviz) by extensions ['ros']
[0.391s] Level 1:colcon.colcon_core.package_identification:_identify(src/cartographer_ros/cartographer_rviz) by extension 'ros'
[0.393s] DEBUG:colcon.colcon_core.package_identification:Package 'src/cartographer_ros/cartographer_rviz' with type 'ros.ament_cmake' and name 'cartographer_rviz'
[0.393s] Level 1:colcon.colcon_core.package_identification:_identify(src/cartographer_ros/docs) by extensions ['ignore', 'ignore_ament_install']
[0.393s] Level 1:colcon.colcon_core.package_identification:_identify(src/cartographer_ros/docs) by extension 'ignore'
[0.393s] Level 1:colcon.colcon_core.package_identification:_identify(src/cartographer_ros/docs) ignored
[0.393s] Level 1:colcon.colcon_core.package_identification:_identify(src/cartographer_ros/scripts) by extensions ['ignore', 'ignore_ament_install']
[0.393s] Level 1:colcon.colcon_core.package_identification:_identify(src/cartographer_ros/scripts) by extension 'ignore'
[0.393s] Level 1:colcon.colcon_core.package_identification:_identify(src/cartographer_ros/scripts) by extension 'ignore_ament_install'
[0.393s] Level 1:colcon.colcon_core.package_identification:_identify(src/cartographer_ros/scripts) by extensions ['colcon_pkg']
[0.393s] Level 1:colcon.colcon_core.package_identification:_identify(src/cartographer_ros/scripts) by extension 'colcon_pkg'
[0.393s] Level 1:colcon.colcon_core.package_identification:_identify(src/cartographer_ros/scripts) by extensions ['colcon_meta']
[0.394s] Level 1:colcon.colcon_core.package_identification:_identify(src/cartographer_ros/scripts) by extension 'colcon_meta'
[0.394s] Level 1:colcon.colcon_core.package_identification:_identify(src/cartographer_ros/scripts) by extensions ['ros']
[0.394s] Level 1:colcon.colcon_core.package_identification:_identify(src/cartographer_ros/scripts) by extension 'ros'
[0.394s] Level 1:colcon.colcon_core.package_identification:_identify(src/cartographer_ros/scripts) by extensions ['cmake', 'python']
[0.394s] Level 1:colcon.colcon_core.package_identification:_identify(src/cartographer_ros/scripts) by extension 'cmake'
[0.394s] Level 1:colcon.colcon_core.package_identification:_identify(src/cartographer_ros/scripts) by extension 'python'
[0.394s] Level 1:colcon.colcon_core.package_identification:_identify(src/cartographer_ros/scripts) by extensions ['python_setup_py']
[0.394s] Level 1:colcon.colcon_core.package_identification:_identify(src/cartographer_ros/scripts) by extension 'python_setup_py'
[0.394s] Level 1:colcon.colcon_core.package_discovery:discover_packages(recursive) using defaults
[0.394s] Level 1:colcon.colcon_core.package_discovery:discover_packages(ignore) discover
[0.394s] Level 1:colcon.colcon_core.package_discovery:discover_packages(ignore) using defaults
[0.394s] Level 1:colcon.colcon_core.package_discovery:discover_packages(path) discover
[0.394s] Level 1:colcon.colcon_core.package_discovery:discover_packages(path) using defaults
[0.417s] Level 1:colcon.colcon_core.package_discovery:discover_packages(prefix_path) check parameters
[0.417s] Level 1:colcon.colcon_core.package_discovery:discover_packages(prefix_path) discover
[0.419s] DEBUG:colcon.colcon_installed_package_information.package_discovery:Found 4 installed packages in /home/user/cartographer_ws/install
[0.420s] DEBUG:colcon.colcon_installed_package_information.package_discovery:Found 0 installed packages in /home/user/ros2_ws/install
[0.421s] DEBUG:colcon.colcon_installed_package_information.package_discovery:Found 339 installed packages in /opt/ros/humble
[0.434s] Level 1:colcon.colcon_core.package_discovery:discover_packages(prefix_path) using defaults
[0.485s] Level 5:colcon.colcon_core.verb:set package 'cartographer' build argument 'cmake_args' from command line to 'None'
[0.485s] Level 5:colcon.colcon_core.verb:set package 'cartographer' build argument 'cmake_target' from command line to 'None'
[0.485s] Level 5:colcon.colcon_core.verb:set package 'cartographer' build argument 'cmake_target_skip_unavailable' from command line to 'False'
[0.485s] Level 5:colcon.colcon_core.verb:set package 'cartographer' build argument 'cmake_clean_cache' from command line to 'False'
[0.485s] Level 5:colcon.colcon_core.verb:set package 'cartographer' build argument 'cmake_clean_first' from command line to 'False'
[0.485s] Level 5:colcon.colcon_core.verb:set package 'cartographer' build argument 'cmake_force_configure' from command line to 'False'
[0.485s] Level 5:colcon.colcon_core.verb:set package 'cartographer' build argument 'ament_cmake_args' from command line to 'None'
[0.485s] Level 5:colcon.colcon_core.verb:set package 'cartographer' build argument 'catkin_cmake_args' from command line to 'None'
[0.485s] Level 5:colcon.colcon_core.verb:set package 'cartographer' build argument 'catkin_skip_building_tests' from command line to 'False'
[0.485s] DEBUG:colcon.colcon_core.verb:Building package 'cartographer' with the following arguments: {'ament_cmake_args': None, 'build_base': '/home/user/cartographer_ws/build/cartographer', 'catkin_cmake_args': None, 'catkin_skip_building_tests': False, 'cmake_args': None, 'cmake_clean_cache': False, 'cmake_clean_first': False, 'cmake_force_configure': False, 'cmake_target': None, 'cmake_target_skip_unavailable': False, 'install_base': '/home/user/cartographer_ws/install/cartographer', 'merge_install': False, 'path': '/home/user/cartographer_ws/src/cartographer', 'symlink_install': True, 'test_result_base': None}
[0.486s] Level 5:colcon.colcon_core.verb:set package 'cartographer_ros_msgs' build argument 'cmake_args' from command line to 'None'
[0.486s] Level 5:colcon.colcon_core.verb:set package 'cartographer_ros_msgs' build argument 'cmake_target' from command line to 'None'
[0.486s] Level 5:colcon.colcon_core.verb:set package 'cartographer_ros_msgs' build argument 'cmake_target_skip_unavailable' from command line to 'False'
[0.486s] Level 5:colcon.colcon_core.verb:set package 'cartographer_ros_msgs' build argument 'cmake_clean_cache' from command line to 'False'
[0.486s] Level 5:colcon.colcon_core.verb:set package 'cartographer_ros_msgs' build argument 'cmake_clean_first' from command line to 'False'
[0.486s] Level 5:colcon.colcon_core.verb:set package 'cartographer_ros_msgs' build argument 'cmake_force_configure' from command line to 'False'
[0.486s] Level 5:colcon.colcon_core.verb:set package 'cartographer_ros_msgs' build argument 'ament_cmake_args' from command line to 'None'
[0.486s] Level 5:colcon.colcon_core.verb:set package 'cartographer_ros_msgs' build argument 'catkin_cmake_args' from command line to 'None'
[0.486s] Level 5:colcon.colcon_core.verb:set package 'cartographer_ros_msgs' build argument 'catkin_skip_building_tests' from command line to 'False'
[0.486s] DEBUG:colcon.colcon_core.verb:Building package 'cartographer_ros_msgs' with the following arguments: {'ament_cmake_args': None, 'build_base': '/home/user/cartographer_ws/build/cartographer_ros_msgs', 'catkin_cmake_args': None, 'catkin_skip_building_tests': False, 'cmake_args': None, 'cmake_clean_cache': False, 'cmake_clean_first': False, 'cmake_force_configure': False, 'cmake_target': None, 'cmake_target_skip_unavailable': False, 'install_base': '/home/user/cartographer_ws/install/cartographer_ros_msgs', 'merge_install': False, 'path': '/home/user/cartographer_ws/src/cartographer_ros/cartographer_ros_msgs', 'symlink_install': True, 'test_result_base': None}
[0.487s] Level 5:colcon.colcon_core.verb:set package 'cartographer_ros' build argument 'cmake_args' from command line to 'None'
[0.487s] Level 5:colcon.colcon_core.verb:set package 'cartographer_ros' build argument 'cmake_target' from command line to 'None'
[0.487s] Level 5:colcon.colcon_core.verb:set package 'cartographer_ros' build argument 'cmake_target_skip_unavailable' from command line to 'False'
[0.487s] Level 5:colcon.colcon_core.verb:set package 'cartographer_ros' build argument 'cmake_clean_cache' from command line to 'False'
[0.487s] Level 5:colcon.colcon_core.verb:set package 'cartographer_ros' build argument 'cmake_clean_first' from command line to 'False'
[0.487s] Level 5:colcon.colcon_core.verb:set package 'cartographer_ros' build argument 'cmake_force_configure' from command line to 'False'
[0.487s] Level 5:colcon.colcon_core.verb:set package 'cartographer_ros' build argument 'ament_cmake_args' from command line to 'None'
[0.487s] Level 5:colcon.colcon_core.verb:set package 'cartographer_ros' build argument 'catkin_cmake_args' from command line to 'None'
[0.487s] Level 5:colcon.colcon_core.verb:set package 'cartographer_ros' build argument 'catkin_skip_building_tests' from command line to 'False'
[0.487s] DEBUG:colcon.colcon_core.verb:Building package 'cartographer_ros' with the following arguments: {'ament_cmake_args': None, 'build_base': '/home/user/cartographer_ws/build/cartographer_ros', 'catkin_cmake_args': None, 'catkin_skip_building_tests': False, 'cmake_args': None, 'cmake_clean_cache': False, 'cmake_clean_first': False, 'cmake_force_configure': False, 'cmake_target': None, 'cmake_target_skip_unavailable': False, 'install_base': '/home/user/cartographer_ws/install/cartographer_ros', 'merge_install': False, 'path': '/home/user/cartographer_ws/src/cartographer_ros/cartographer_ros', 'symlink_install': True, 'test_result_base': None}
[0.487s] Level 5:colcon.colcon_core.verb:set package 'cartographer_rviz' build argument 'cmake_args' from command line to 'None'
[0.487s] Level 5:colcon.colcon_core.verb:set package 'cartographer_rviz' build argument 'cmake_target' from command line to 'None'
[0.488s] Level 5:colcon.colcon_core.verb:set package 'cartographer_rviz' build argument 'cmake_target_skip_unavailable' from command line to 'False'
[0.488s] Level 5:colcon.colcon_core.verb:set package 'cartographer_rviz' build argument 'cmake_clean_cache' from command line to 'False'
[0.488s] Level 5:colcon.colcon_core.verb:set package 'cartographer_rviz' build argument 'cmake_clean_first' from command line to 'False'
[0.488s] Level 5:colcon.colcon_core.verb:set package 'cartographer_rviz' build argument 'cmake_force_configure' from command line to 'False'
[0.488s] Level 5:colcon.colcon_core.verb:set package 'cartographer_rviz' build argument 'ament_cmake_args' from command line to 'None'
[0.488s] Level 5:colcon.colcon_core.verb:set package 'cartographer_rviz' build argument 'catkin_cmake_args' from command line to 'None'
[0.488s] Level 5:colcon.colcon_core.verb:set package 'cartographer_rviz' build argument 'catkin_skip_building_tests' from command line to 'False'
[0.488s] DEBUG:colcon.colcon_core.verb:Building package 'cartographer_rviz' with the following arguments: {'ament_cmake_args': None, 'build_base': '/home/user/cartographer_ws/build/cartographer_rviz', 'catkin_cmake_args': None, 'catkin_skip_building_tests': False, 'cmake_args': None, 'cmake_clean_cache': False, 'cmake_clean_first': False, 'cmake_force_configure': False, 'cmake_target': None, 'cmake_target_skip_unavailable': False, 'install_base': '/home/user/cartographer_ws/install/cartographer_rviz', 'merge_install': False, 'path': '/home/user/cartographer_ws/src/cartographer_ros/cartographer_rviz', 'symlink_install': True, 'test_result_base': None}
[0.488s] INFO:colcon.colcon_core.executor:Executing jobs using 'parallel' executor
[0.489s] DEBUG:colcon.colcon_parallel_executor.executor.parallel:run_until_complete
[0.490s] INFO:colcon.colcon_ros.task.cmake.build:Building ROS package in '/home/user/cartographer_ws/src/cartographer' with build type 'cmake'
[0.490s] INFO:colcon.colcon_cmake.task.cmake.build:Building CMake package in '/home/user/cartographer_ws/src/cartographer'
[0.493s] INFO:colcon.colcon_core.plugin_system:Skipping extension 'colcon_core.shell.bat': Not used on non-Windows systems
[0.493s] INFO:colcon.colcon_core.shell:Skip shell extension 'powershell' for command environment: Not usable outside of PowerShell
[0.493s] DEBUG:colcon.colcon_core.shell:Skip shell extension 'dsv' for command environment
[0.498s] INFO:colcon.colcon_ros.task.ament_cmake.build:Building ROS package in '/home/user/cartographer_ws/src/cartographer_ros/cartographer_ros_msgs' with build type 'ament_cmake'
[0.498s] INFO:colcon.colcon_cmake.task.cmake.build:Building CMake package in '/home/user/cartographer_ws/src/cartographer_ros/cartographer_ros_msgs'
[0.499s] INFO:colcon.colcon_core.shell:Skip shell extension 'powershell' for command environment: Not usable outside of PowerShell
[0.499s] DEBUG:colcon.colcon_core.shell:Skip shell extension 'dsv' for command environment
[0.514s] DEBUG:colcon.colcon_core.event_handler.log_command:Invoking command in '/home/user/cartographer_ws/build/cartographer': CMAKE_PREFIX_PATH=${CMAKE_PREFIX_PATH}:/opt/ros/humble /usr/bin/cmake --build /home/user/cartographer_ws/build/cartographer -- -j8 -l8
[0.521s] DEBUG:colcon.colcon_core.event_handler.log_command:Invoking command in '/home/user/cartographer_ws/build/cartographer_ros_msgs': CMAKE_PREFIX_PATH=${CMAKE_PREFIX_PATH}:/opt/ros/humble /usr/bin/cmake --build /home/user/cartographer_ws/build/cartographer_ros_msgs -- -j8 -l8
[1.367s] DEBUG:colcon.colcon_core.event_handler.log_command:Invoked command in '/home/user/cartographer_ws/build/cartographer_ros_msgs' returned '0': CMAKE_PREFIX_PATH=${CMAKE_PREFIX_PATH}:/opt/ros/humble /usr/bin/cmake --build /home/user/cartographer_ws/build/cartographer_ros_msgs -- -j8 -l8
[2.559s] DEBUG:colcon.colcon_core.event_handler.log_command:Invoked command in '/home/user/cartographer_ws/build/cartographer' returned '0': CMAKE_PREFIX_PATH=${CMAKE_PREFIX_PATH}:/opt/ros/humble /usr/bin/cmake --build /home/user/cartographer_ws/build/cartographer -- -j8 -l8
[2.824s] DEBUG:colcon.colcon_core.event_handler.log_command:Invoking command in '/home/user/cartographer_ws/build/cartographer_ros_msgs': CMAKE_PREFIX_PATH=${CMAKE_PREFIX_PATH}:/opt/ros/humble /usr/bin/cmake --install /home/user/cartographer_ws/build/cartographer_ros_msgs
[3.141s] Level 1:colcon.colcon_core.environment:create_environment_scripts_only(cartographer_ros_msgs)
[3.143s] DEBUG:colcon.colcon_core.event_handler.log_command:Invoked command in '/home/user/cartographer_ws/build/cartographer_ros_msgs' returned '0': CMAKE_PREFIX_PATH=${CMAKE_PREFIX_PATH}:/opt/ros/humble /usr/bin/cmake --install /home/user/cartographer_ws/build/cartographer_ros_msgs
[3.149s] Level 1:colcon.colcon_core.environment:checking '/home/user/cartographer_ws/install/cartographer_ros_msgs' for CMake module files
[3.151s] Level 1:colcon.colcon_core.environment:checking '/home/user/cartographer_ws/install/cartographer_ros_msgs' for CMake config files
[3.151s] Level 1:colcon.colcon_core.shell:create_environment_hook('cartographer_ros_msgs', 'cmake_prefix_path')
[3.152s] INFO:colcon.colcon_core.shell:Creating environment hook '/home/user/cartographer_ws/install/cartographer_ros_msgs/share/cartographer_ros_msgs/hook/cmake_prefix_path.ps1'
[3.153s] INFO:colcon.colcon_core.shell:Creating environment descriptor '/home/user/cartographer_ws/install/cartographer_ros_msgs/share/cartographer_ros_msgs/hook/cmake_prefix_path.dsv'
[3.153s] INFO:colcon.colcon_core.shell:Creating environment hook '/home/user/cartographer_ws/install/cartographer_ros_msgs/share/cartographer_ros_msgs/hook/cmake_prefix_path.sh'
[3.155s] Level 1:colcon.colcon_core.environment:checking '/home/user/cartographer_ws/install/cartographer_ros_msgs/lib'
[3.155s] Level 1:colcon.colcon_core.shell:create_environment_hook('cartographer_ros_msgs', 'ld_library_path_lib')
[3.155s] INFO:colcon.colcon_core.shell:Creating environment hook '/home/user/cartographer_ws/install/cartographer_ros_msgs/share/cartographer_ros_msgs/hook/ld_library_path_lib.ps1'
[3.156s] INFO:colcon.colcon_core.shell:Creating environment descriptor '/home/user/cartographer_ws/install/cartographer_ros_msgs/share/cartographer_ros_msgs/hook/ld_library_path_lib.dsv'
[3.157s] INFO:colcon.colcon_core.shell:Creating environment hook '/home/user/cartographer_ws/install/cartographer_ros_msgs/share/cartographer_ros_msgs/hook/ld_library_path_lib.sh'
[3.157s] Level 1:colcon.colcon_core.environment:checking '/home/user/cartographer_ws/install/cartographer_ros_msgs/bin'
[3.157s] Level 1:colcon.colcon_core.environment:checking '/home/user/cartographer_ws/install/cartographer_ros_msgs/lib/pkgconfig/cartographer_ros_msgs.pc'
[3.158s] Level 1:colcon.colcon_core.environment:checking '/home/user/cartographer_ws/install/cartographer_ros_msgs/lib/python3.10/site-packages'
[3.158s] Level 1:colcon.colcon_core.environment:checking '/home/user/cartographer_ws/install/cartographer_ros_msgs/bin'
[3.159s] INFO:colcon.colcon_core.shell:Creating package script '/home/user/cartographer_ws/install/cartographer_ros_msgs/share/cartographer_ros_msgs/package.ps1'
[3.160s] INFO:colcon.colcon_core.shell:Creating package descriptor '/home/user/cartographer_ws/install/cartographer_ros_msgs/share/cartographer_ros_msgs/package.dsv'
[3.163s] INFO:colcon.colcon_core.shell:Creating package script '/home/user/cartographer_ws/install/cartographer_ros_msgs/share/cartographer_ros_msgs/package.sh'
[3.166s] INFO:colcon.colcon_core.shell:Creating package script '/home/user/cartographer_ws/install/cartographer_ros_msgs/share/cartographer_ros_msgs/package.bash'
[3.168s] INFO:colcon.colcon_core.shell:Creating package script '/home/user/cartographer_ws/install/cartographer_ros_msgs/share/cartographer_ros_msgs/package.zsh'
[3.170s] Level 1:colcon.colcon_core.environment:create_file_with_runtime_dependencies(/home/user/cartographer_ws/install/cartographer_ros_msgs/share/colcon-core/packages/cartographer_ros_msgs)
[4.065s] Level 1:colcon.colcon_core.environment:create_environment_scripts_only(cartographer_ros_msgs)
[4.066s] Level 1:colcon.colcon_core.environment:checking '/home/user/cartographer_ws/install/cartographer_ros_msgs' for CMake module files
[4.067s] Level 1:colcon.colcon_core.environment:checking '/home/user/cartographer_ws/install/cartographer_ros_msgs' for CMake config files
[4.068s] Level 1:colcon.colcon_core.shell:create_environment_hook('cartographer_ros_msgs', 'cmake_prefix_path')
[4.068s] INFO:colcon.colcon_core.shell:Creating environment hook '/home/user/cartographer_ws/install/cartographer_ros_msgs/share/cartographer_ros_msgs/hook/cmake_prefix_path.ps1'
[4.069s] INFO:colcon.colcon_core.shell:Creating environment descriptor '/home/user/cartographer_ws/install/cartographer_ros_msgs/share/cartographer_ros_msgs/hook/cmake_prefix_path.dsv'
[4.070s] INFO:colcon.colcon_core.shell:Creating environment hook '/home/user/cartographer_ws/install/cartographer_ros_msgs/share/cartographer_ros_msgs/hook/cmake_prefix_path.sh'
[4.071s] Level 1:colcon.colcon_core.environment:checking '/home/user/cartographer_ws/install/cartographer_ros_msgs/lib'
[4.071s] Level 1:colcon.colcon_core.shell:create_environment_hook('cartographer_ros_msgs', 'ld_library_path_lib')
[4.072s] INFO:colcon.colcon_core.shell:Creating environment hook '/home/user/cartographer_ws/install/cartographer_ros_msgs/share/cartographer_ros_msgs/hook/ld_library_path_lib.ps1'
[4.072s] INFO:colcon.colcon_core.shell:Creating environment descriptor '/home/user/cartographer_ws/install/cartographer_ros_msgs/share/cartographer_ros_msgs/hook/ld_library_path_lib.dsv'
[4.073s] INFO:colcon.colcon_core.shell:Creating environment hook '/home/user/cartographer_ws/install/cartographer_ros_msgs/share/cartographer_ros_msgs/hook/ld_library_path_lib.sh'
[4.074s] Level 1:colcon.colcon_core.environment:checking '/home/user/cartographer_ws/install/cartographer_ros_msgs/bin'
[4.074s] Level 1:colcon.colcon_core.environment:checking '/home/user/cartographer_ws/install/cartographer_ros_msgs/lib/pkgconfig/cartographer_ros_msgs.pc'
[4.074s] Level 1:colcon.colcon_core.environment:checking '/home/user/cartographer_ws/install/cartographer_ros_msgs/lib/python3.10/site-packages'
[4.075s] Level 1:colcon.colcon_core.environment:checking '/home/user/cartographer_ws/install/cartographer_ros_msgs/bin'
[4.076s] INFO:colcon.colcon_core.shell:Creating package script '/home/user/cartographer_ws/install/cartographer_ros_msgs/share/cartographer_ros_msgs/package.ps1'
[4.077s] INFO:colcon.colcon_core.shell:Creating package descriptor '/home/user/cartographer_ws/install/cartographer_ros_msgs/share/cartographer_ros_msgs/package.dsv'
[4.078s] INFO:colcon.colcon_core.shell:Creating package script '/home/user/cartographer_ws/install/cartographer_ros_msgs/share/cartographer_ros_msgs/package.sh'
[4.079s] INFO:colcon.colcon_core.shell:Creating package script '/home/user/cartographer_ws/install/cartographer_ros_msgs/share/cartographer_ros_msgs/package.bash'
[4.080s] INFO:colcon.colcon_core.shell:Creating package script '/home/user/cartographer_ws/install/cartographer_ros_msgs/share/cartographer_ros_msgs/package.zsh'
[4.080s] Level 1:colcon.colcon_core.environment:create_file_with_runtime_dependencies(/home/user/cartographer_ws/install/cartographer_ros_msgs/share/colcon-core/packages/cartographer_ros_msgs)
[4.124s] DEBUG:colcon.colcon_core.event_handler.log_command:Invoking command in '/home/user/cartographer_ws/build/cartographer': CMAKE_PREFIX_PATH=${CMAKE_PREFIX_PATH}:/opt/ros/humble /usr/bin/cmake --install /home/user/cartographer_ws/build/cartographer
[4.163s] DEBUG:colcon.colcon_core.event_handler.log_command:Invoked command in '/home/user/cartographer_ws/build/cartographer' returned '0': CMAKE_PREFIX_PATH=${CMAKE_PREFIX_PATH}:/opt/ros/humble /usr/bin/cmake --install /home/user/cartographer_ws/build/cartographer
[5.555s] Level 1:colcon.colcon_core.shell:create_environment_hook('cartographer', 'pkg_config_path')
[5.556s] INFO:colcon.colcon_core.shell:Creating environment hook '/home/user/cartographer_ws/install/cartographer/share/cartographer/hook/pkg_config_path.ps1'
[5.557s] INFO:colcon.colcon_core.shell:Creating environment descriptor '/home/user/cartographer_ws/install/cartographer/share/cartographer/hook/pkg_config_path.dsv'
[5.558s] INFO:colcon.colcon_core.shell:Creating environment hook '/home/user/cartographer_ws/install/cartographer/share/cartographer/hook/pkg_config_path.sh'
[5.562s] Level 1:colcon.colcon_core.shell:create_environment_hook('cartographer', 'pkg_config_path_multiarch')
[5.562s] INFO:colcon.colcon_core.shell:Creating environment hook '/home/user/cartographer_ws/install/cartographer/share/cartographer/hook/pkg_config_path_multiarch.ps1'
[5.563s] INFO:colcon.colcon_core.shell:Creating environment descriptor '/home/user/cartographer_ws/install/cartographer/share/cartographer/hook/pkg_config_path_multiarch.dsv'
[5.564s] INFO:colcon.colcon_core.shell:Creating environment hook '/home/user/cartographer_ws/install/cartographer/share/cartographer/hook/pkg_config_path_multiarch.sh'
[5.564s] Level 1:colcon.colcon_core.environment:create_environment_scripts_only(cartographer)
[5.565s] Level 1:colcon.colcon_core.environment:checking '/home/user/cartographer_ws/install/cartographer' for CMake module files
[5.566s] Level 1:colcon.colcon_core.environment:checking '/home/user/cartographer_ws/install/cartographer' for CMake config files
[5.566s] Level 1:colcon.colcon_core.shell:create_environment_hook('cartographer', 'cmake_prefix_path')
[5.566s] INFO:colcon.colcon_core.shell:Creating environment hook '/home/user/cartographer_ws/install/cartographer/share/cartographer/hook/cmake_prefix_path.ps1'
[5.567s] INFO:colcon.colcon_core.shell:Creating environment descriptor '/home/user/cartographer_ws/install/cartographer/share/cartographer/hook/cmake_prefix_path.dsv'
[5.567s] INFO:colcon.colcon_core.shell:Creating environment hook '/home/user/cartographer_ws/install/cartographer/share/cartographer/hook/cmake_prefix_path.sh'
[5.568s] Level 1:colcon.colcon_core.environment:checking '/home/user/cartographer_ws/install/cartographer/lib'
[5.568s] Level 1:colcon.colcon_core.environment:checking '/home/user/cartographer_ws/install/cartographer/bin'
[5.568s] Level 1:colcon.colcon_core.shell:create_environment_hook('cartographer', 'path')
[5.569s] INFO:colcon.colcon_core.shell:Creating environment hook '/home/user/cartographer_ws/install/cartographer/share/cartographer/hook/path.ps1'
[5.569s] INFO:colcon.colcon_core.shell:Creating environment descriptor '/home/user/cartographer_ws/install/cartographer/share/cartographer/hook/path.dsv'
[5.570s] INFO:colcon.colcon_core.shell:Creating environment hook '/home/user/cartographer_ws/install/cartographer/share/cartographer/hook/path.sh'
[5.571s] Level 1:colcon.colcon_core.environment:checking '/home/user/cartographer_ws/install/cartographer/lib/pkgconfig/cartographer.pc'
[5.571s] Level 1:colcon.colcon_core.environment:checking '/home/user/cartographer_ws/install/cartographer/lib/python3.10/site-packages'
[5.571s] Level 1:colcon.colcon_core.environment:checking '/home/user/cartographer_ws/install/cartographer/bin'
[5.572s] Level 1:colcon.colcon_core.shell:create_environment_hook('cartographer', 'pythonscriptspath')
[5.572s] INFO:colcon.colcon_core.shell:Creating environment hook '/home/user/cartographer_ws/install/cartographer/share/cartographer/hook/pythonscriptspath.ps1'
[5.572s] INFO:colcon.colcon_core.shell:Creating environment descriptor '/home/user/cartographer_ws/install/cartographer/share/cartographer/hook/pythonscriptspath.dsv'
[5.573s] INFO:colcon.colcon_core.shell:Creating environment hook '/home/user/cartographer_ws/install/cartographer/share/cartographer/hook/pythonscriptspath.sh'
[5.574s] INFO:colcon.colcon_core.shell:Creating package script '/home/user/cartographer_ws/install/cartographer/share/cartographer/package.ps1'
[5.575s] INFO:colcon.colcon_core.shell:Creating package descriptor '/home/user/cartographer_ws/install/cartographer/share/cartographer/package.dsv'
[5.576s] INFO:colcon.colcon_core.shell:Creating package script '/home/user/cartographer_ws/install/cartographer/share/cartographer/package.sh'
[5.577s] INFO:colcon.colcon_core.shell:Creating package script '/home/user/cartographer_ws/install/cartographer/share/cartographer/package.bash'
[5.577s] INFO:colcon.colcon_core.shell:Creating package script '/home/user/cartographer_ws/install/cartographer/share/cartographer/package.zsh'
[5.578s] Level 1:colcon.colcon_core.environment:create_file_with_runtime_dependencies(/home/user/cartographer_ws/install/cartographer/share/colcon-core/packages/cartographer)
[5.578s] INFO:colcon.colcon_ros.task.ament_cmake.build:Building ROS package in '/home/user/cartographer_ws/src/cartographer_ros/cartographer_ros' with build type 'ament_cmake'
[5.579s] INFO:colcon.colcon_cmake.task.cmake.build:Building CMake package in '/home/user/cartographer_ws/src/cartographer_ros/cartographer_ros'
[5.579s] INFO:colcon.colcon_core.shell:Skip shell extension 'powershell' for command environment: Not usable outside of PowerShell
[5.579s] DEBUG:colcon.colcon_core.shell:Skip shell extension 'dsv' for command environment
[5.599s] DEBUG:colcon.colcon_core.event_handler.log_command:Invoking command in '/home/user/cartographer_ws/build/cartographer_ros': CMAKE_PREFIX_PATH=/home/user/cartographer_ws/install/cartographer_ros_msgs:/home/user/cartographer_ws/install/cartographer:/home/user/cartographer_ws/install/cartographer_rviz:/home/user/cartographer_ws/install/cartographer_ros:/opt/ros/humble LD_LIBRARY_PATH=/home/user/cartographer_ws/install/cartographer_ros_msgs/lib:/home/user/cartographer_ws/install/cartographer_rviz/lib:/home/user/cartographer_ws/install/cartographer_ros/lib:/usr/lib/x86_64-linux-gnu/gazebo-11/plugins:/opt/ros/humble/opt/rviz_ogre_vendor/lib:/opt/ros/humble/lib/x86_64-linux-gnu:/opt/ros/humble/lib /usr/bin/cmake --build /home/user/cartographer_ws/build/cartographer_ros -- -j8 -l8
[5.863s] DEBUG:colcon.colcon_core.event_handler.log_command:Invoked command in '/home/user/cartographer_ws/build/cartographer_ros' returned '0': CMAKE_PREFIX_PATH=/home/user/cartographer_ws/install/cartographer_ros_msgs:/home/user/cartographer_ws/install/cartographer:/home/user/cartographer_ws/install/cartographer_rviz:/home/user/cartographer_ws/install/cartographer_ros:/opt/ros/humble LD_LIBRARY_PATH=/home/user/cartographer_ws/install/cartographer_ros_msgs/lib:/home/user/cartographer_ws/install/cartographer_rviz/lib:/home/user/cartographer_ws/install/cartographer_ros/lib:/usr/lib/x86_64-linux-gnu/gazebo-11/plugins:/opt/ros/humble/opt/rviz_ogre_vendor/lib:/opt/ros/humble/lib/x86_64-linux-gnu:/opt/ros/humble/lib /usr/bin/cmake --build /home/user/cartographer_ws/build/cartographer_ros -- -j8 -l8
[6.040s] DEBUG:colcon.colcon_core.event_handler.log_command:Invoking command in '/home/user/cartographer_ws/build/cartographer_ros': CMAKE_PREFIX_PATH=/home/user/cartographer_ws/install/cartographer_ros_msgs:/home/user/cartographer_ws/install/cartographer:/home/user/cartographer_ws/install/cartographer_rviz:/home/user/cartographer_ws/install/cartographer_ros:/opt/ros/humble LD_LIBRARY_PATH=/home/user/cartographer_ws/install/cartographer_ros_msgs/lib:/home/user/cartographer_ws/install/cartographer_rviz/lib:/home/user/cartographer_ws/install/cartographer_ros/lib:/usr/lib/x86_64-linux-gnu/gazebo-11/plugins:/opt/ros/humble/opt/rviz_ogre_vendor/lib:/opt/ros/humble/lib/x86_64-linux-gnu:/opt/ros/humble/lib /usr/bin/cmake --install /home/user/cartographer_ws/build/cartographer_ros
[6.098s] Level 1:colcon.colcon_core.environment:create_environment_scripts_only(cartographer_ros)
[6.098s] Level 1:colcon.colcon_core.environment:checking '/home/user/cartographer_ws/install/cartographer_ros' for CMake module files
[6.099s] DEBUG:colcon.colcon_core.event_handler.log_command:Invoked command in '/home/user/cartographer_ws/build/cartographer_ros' returned '0': CMAKE_PREFIX_PATH=/home/user/cartographer_ws/install/cartographer_ros_msgs:/home/user/cartographer_ws/install/cartographer:/home/user/cartographer_ws/install/cartographer_rviz:/home/user/cartographer_ws/install/cartographer_ros:/opt/ros/humble LD_LIBRARY_PATH=/home/user/cartographer_ws/install/cartographer_ros_msgs/lib:/home/user/cartographer_ws/install/cartographer_rviz/lib:/home/user/cartographer_ws/install/cartographer_ros/lib:/usr/lib/x86_64-linux-gnu/gazebo-11/plugins:/opt/ros/humble/opt/rviz_ogre_vendor/lib:/opt/ros/humble/lib/x86_64-linux-gnu:/opt/ros/humble/lib /usr/bin/cmake --install /home/user/cartographer_ws/build/cartographer_ros
[6.099s] Level 1:colcon.colcon_core.environment:checking '/home/user/cartographer_ws/install/cartographer_ros' for CMake config files
[6.100s] Level 1:colcon.colcon_core.shell:create_environment_hook('cartographer_ros', 'cmake_prefix_path')
[6.100s] INFO:colcon.colcon_core.shell:Creating environment hook '/home/user/cartographer_ws/install/cartographer_ros/share/cartographer_ros/hook/cmake_prefix_path.ps1'
[6.101s] INFO:colcon.colcon_core.shell:Creating environment descriptor '/home/user/cartographer_ws/install/cartographer_ros/share/cartographer_ros/hook/cmake_prefix_path.dsv'
[6.101s] INFO:colcon.colcon_core.shell:Creating environment hook '/home/user/cartographer_ws/install/cartographer_ros/share/cartographer_ros/hook/cmake_prefix_path.sh'
[6.102s] Level 1:colcon.colcon_core.environment:checking '/home/user/cartographer_ws/install/cartographer_ros/lib'
[6.102s] Level 1:colcon.colcon_core.environment:checking '/home/user/cartographer_ws/install/cartographer_ros/bin'
[6.102s] Level 1:colcon.colcon_core.environment:checking '/home/user/cartographer_ws/install/cartographer_ros/lib/pkgconfig/cartographer_ros.pc'
[6.102s] Level 1:colcon.colcon_core.environment:checking '/home/user/cartographer_ws/install/cartographer_ros/lib/python3.10/site-packages'
[6.103s] Level 1:colcon.colcon_core.environment:checking '/home/user/cartographer_ws/install/cartographer_ros/bin'
[6.103s] INFO:colcon.colcon_core.shell:Creating package script '/home/user/cartographer_ws/install/cartographer_ros/share/cartographer_ros/package.ps1'
[6.103s] INFO:colcon.colcon_core.shell:Creating package descriptor '/home/user/cartographer_ws/install/cartographer_ros/share/cartographer_ros/package.dsv'
[6.104s] INFO:colcon.colcon_core.shell:Creating package script '/home/user/cartographer_ws/install/cartographer_ros/share/cartographer_ros/package.sh'
[6.104s] INFO:colcon.colcon_core.shell:Creating package script '/home/user/cartographer_ws/install/cartographer_ros/share/cartographer_ros/package.bash'
[6.105s] INFO:colcon.colcon_core.shell:Creating package script '/home/user/cartographer_ws/install/cartographer_ros/share/cartographer_ros/package.zsh'
[6.106s] Level 1:colcon.colcon_core.environment:create_file_with_runtime_dependencies(/home/user/cartographer_ws/install/cartographer_ros/share/colcon-core/packages/cartographer_ros)
[6.260s] Level 1:colcon.colcon_core.environment:create_environment_scripts_only(cartographer_ros)
[6.261s] Level 1:colcon.colcon_core.environment:checking '/home/user/cartographer_ws/install/cartographer_ros' for CMake module files
[6.261s] Level 1:colcon.colcon_core.environment:checking '/home/user/cartographer_ws/install/cartographer_ros' for CMake config files
[6.262s] Level 1:colcon.colcon_core.shell:create_environment_hook('cartographer_ros', 'cmake_prefix_path')
[6.263s] INFO:colcon.colcon_core.shell:Creating environment hook '/home/user/cartographer_ws/install/cartographer_ros/share/cartographer_ros/hook/cmake_prefix_path.ps1'
[6.264s] INFO:colcon.colcon_core.shell:Creating environment descriptor '/home/user/cartographer_ws/install/cartographer_ros/share/cartographer_ros/hook/cmake_prefix_path.dsv'
[6.264s] INFO:colcon.colcon_core.shell:Creating environment hook '/home/user/cartographer_ws/install/cartographer_ros/share/cartographer_ros/hook/cmake_prefix_path.sh'
[6.265s] Level 1:colcon.colcon_core.environment:checking '/home/user/cartographer_ws/install/cartographer_ros/lib'
[6.265s] Level 1:colcon.colcon_core.environment:checking '/home/user/cartographer_ws/install/cartographer_ros/bin'
[6.265s] Level 1:colcon.colcon_core.environment:checking '/home/user/cartographer_ws/install/cartographer_ros/lib/pkgconfig/cartographer_ros.pc'
[6.266s] Level 1:colcon.colcon_core.environment:checking '/home/user/cartographer_ws/install/cartographer_ros/lib/python3.10/site-packages'
[6.266s] Level 1:colcon.colcon_core.environment:checking '/home/user/cartographer_ws/install/cartographer_ros/bin'
[6.267s] INFO:colcon.colcon_core.shell:Creating package script '/home/user/cartographer_ws/install/cartographer_ros/share/cartographer_ros/package.ps1'
[6.267s] INFO:colcon.colcon_core.shell:Creating package descriptor '/home/user/cartographer_ws/install/cartographer_ros/share/cartographer_ros/package.dsv'
[6.268s] INFO:colcon.colcon_core.shell:Creating package script '/home/user/cartographer_ws/install/cartographer_ros/share/cartographer_ros/package.sh'
[6.269s] INFO:colcon.colcon_core.shell:Creating package script '/home/user/cartographer_ws/install/cartographer_ros/share/cartographer_ros/package.bash'
[6.269s] INFO:colcon.colcon_core.shell:Creating package script '/home/user/cartographer_ws/install/cartographer_ros/share/cartographer_ros/package.zsh'
[6.270s] Level 1:colcon.colcon_core.environment:create_file_with_runtime_dependencies(/home/user/cartographer_ws/install/cartographer_ros/share/colcon-core/packages/cartographer_ros)
[6.271s] INFO:colcon.colcon_ros.task.ament_cmake.build:Building ROS package in '/home/user/cartographer_ws/src/cartographer_ros/cartographer_rviz' with build type 'ament_cmake'
[6.271s] INFO:colcon.colcon_cmake.task.cmake.build:Building CMake package in '/home/user/cartographer_ws/src/cartographer_ros/cartographer_rviz'
[6.271s] INFO:colcon.colcon_core.shell:Skip shell extension 'powershell' for command environment: Not usable outside of PowerShell
[6.271s] DEBUG:colcon.colcon_core.shell:Skip shell extension 'dsv' for command environment
[6.294s] DEBUG:colcon.colcon_core.event_handler.log_command:Invoking command in '/home/user/cartographer_ws/build/cartographer_rviz': CMAKE_PREFIX_PATH=/home/user/cartographer_ws/install/cartographer_ros:/home/user/cartographer_ws/install/cartographer_ros_msgs:/home/user/cartographer_ws/install/cartographer:/home/user/cartographer_ws/install/cartographer_rviz:/opt/ros/humble LD_LIBRARY_PATH=/home/user/cartographer_ws/install/cartographer_ros_msgs/lib:/home/user/cartographer_ws/install/cartographer_rviz/lib:/home/user/cartographer_ws/install/cartographer_ros/lib:/usr/lib/x86_64-linux-gnu/gazebo-11/plugins:/opt/ros/humble/opt/rviz_ogre_vendor/lib:/opt/ros/humble/lib/x86_64-linux-gnu:/opt/ros/humble/lib /usr/bin/cmake --build /home/user/cartographer_ws/build/cartographer_rviz -- -j8 -l8
[6.492s] DEBUG:colcon.colcon_core.event_handler.log_command:Invoked command in '/home/user/cartographer_ws/build/cartographer_rviz' returned '0': CMAKE_PREFIX_PATH=/home/user/cartographer_ws/install/cartographer_ros:/home/user/cartographer_ws/install/cartographer_ros_msgs:/home/user/cartographer_ws/install/cartographer:/home/user/cartographer_ws/install/cartographer_rviz:/opt/ros/humble LD_LIBRARY_PATH=/home/user/cartographer_ws/install/cartographer_ros_msgs/lib:/home/user/cartographer_ws/install/cartographer_rviz/lib:/home/user/cartographer_ws/install/cartographer_ros/lib:/usr/lib/x86_64-linux-gnu/gazebo-11/plugins:/opt/ros/humble/opt/rviz_ogre_vendor/lib:/opt/ros/humble/lib/x86_64-linux-gnu:/opt/ros/humble/lib /usr/bin/cmake --build /home/user/cartographer_ws/build/cartographer_rviz -- -j8 -l8
[6.547s] DEBUG:colcon.colcon_core.event_handler.log_command:Invoking command in '/home/user/cartographer_ws/build/cartographer_rviz': CMAKE_PREFIX_PATH=/home/user/cartographer_ws/install/cartographer_ros:/home/user/cartographer_ws/install/cartographer_ros_msgs:/home/user/cartographer_ws/install/cartographer:/home/user/cartographer_ws/install/cartographer_rviz:/opt/ros/humble LD_LIBRARY_PATH=/home/user/cartographer_ws/install/cartographer_ros_msgs/lib:/home/user/cartographer_ws/install/cartographer_rviz/lib:/home/user/cartographer_ws/install/cartographer_ros/lib:/usr/lib/x86_64-linux-gnu/gazebo-11/plugins:/opt/ros/humble/opt/rviz_ogre_vendor/lib:/opt/ros/humble/lib/x86_64-linux-gnu:/opt/ros/humble/lib /usr/bin/cmake --install /home/user/cartographer_ws/build/cartographer_rviz
[6.594s] Level 1:colcon.colcon_core.environment:create_environment_scripts_only(cartographer_rviz)
[6.595s] Level 1:colcon.colcon_core.environment:checking '/home/user/cartographer_ws/install/cartographer_rviz' for CMake module files
[6.596s] DEBUG:colcon.colcon_core.event_handler.log_command:Invoked command in '/home/user/cartographer_ws/build/cartographer_rviz' returned '0': CMAKE_PREFIX_PATH=/home/user/cartographer_ws/install/cartographer_ros:/home/user/cartographer_ws/install/cartographer_ros_msgs:/home/user/cartographer_ws/install/cartographer:/home/user/cartographer_ws/install/cartographer_rviz:/opt/ros/humble LD_LIBRARY_PATH=/home/user/cartographer_ws/install/cartographer_ros_msgs/lib:/home/user/cartographer_ws/install/cartographer_rviz/lib:/home/user/cartographer_ws/install/cartographer_ros/lib:/usr/lib/x86_64-linux-gnu/gazebo-11/plugins:/opt/ros/humble/opt/rviz_ogre_vendor/lib:/opt/ros/humble/lib/x86_64-linux-gnu:/opt/ros/humble/lib /usr/bin/cmake --install /home/user/cartographer_ws/build/cartographer_rviz
[6.597s] Level 1:colcon.colcon_core.environment:checking '/home/user/cartographer_ws/install/cartographer_rviz' for CMake config files
[6.598s] Level 1:colcon.colcon_core.shell:create_environment_hook('cartographer_rviz', 'cmake_prefix_path')
[6.598s] INFO:colcon.colcon_core.shell:Creating environment hook '/home/user/cartographer_ws/install/cartographer_rviz/share/cartographer_rviz/hook/cmake_prefix_path.ps1'
[6.599s] INFO:colcon.colcon_core.shell:Creating environment descriptor '/home/user/cartographer_ws/install/cartographer_rviz/share/cartographer_rviz/hook/cmake_prefix_path.dsv'
[6.600s] INFO:colcon.colcon_core.shell:Creating environment hook '/home/user/cartographer_ws/install/cartographer_rviz/share/cartographer_rviz/hook/cmake_prefix_path.sh'
[6.601s] Level 1:colcon.colcon_core.environment:checking '/home/user/cartographer_ws/install/cartographer_rviz/lib'
[6.601s] Level 1:colcon.colcon_core.shell:create_environment_hook('cartographer_rviz', 'ld_library_path_lib')
[6.601s] INFO:colcon.colcon_core.shell:Creating environment hook '/home/user/cartographer_ws/install/cartographer_rviz/share/cartographer_rviz/hook/ld_library_path_lib.ps1'
[6.602s] INFO:colcon.colcon_core.shell:Creating environment descriptor '/home/user/cartographer_ws/install/cartographer_rviz/share/cartographer_rviz/hook/ld_library_path_lib.dsv'
[6.603s] INFO:colcon.colcon_core.shell:Creating environment hook '/home/user/cartographer_ws/install/cartographer_rviz/share/cartographer_rviz/hook/ld_library_path_lib.sh'
[6.603s] Level 1:colcon.colcon_core.environment:checking '/home/user/cartographer_ws/install/cartographer_rviz/bin'
[6.604s] Level 1:colcon.colcon_core.environment:checking '/home/user/cartographer_ws/install/cartographer_rviz/lib/pkgconfig/cartographer_rviz.pc'
[6.604s] Level 1:colcon.colcon_core.environment:checking '/home/user/cartographer_ws/install/cartographer_rviz/lib/python3.10/site-packages'
[6.605s] Level 1:colcon.colcon_core.environment:checking '/home/user/cartographer_ws/install/cartographer_rviz/bin'
[6.606s] INFO:colcon.colcon_core.shell:Creating package script '/home/user/cartographer_ws/install/cartographer_rviz/share/cartographer_rviz/package.ps1'
[6.607s] INFO:colcon.colcon_core.shell:Creating package descriptor '/home/user/cartographer_ws/install/cartographer_rviz/share/cartographer_rviz/package.dsv'
[6.608s] INFO:colcon.colcon_core.shell:Creating package script '/home/user/cartographer_ws/install/cartographer_rviz/share/cartographer_rviz/package.sh'
[6.608s] INFO:colcon.colcon_core.shell:Creating package script '/home/user/cartographer_ws/install/cartographer_rviz/share/cartographer_rviz/package.bash'
[6.609s] INFO:colcon.colcon_core.shell:Creating package script '/home/user/cartographer_ws/install/cartographer_rviz/share/cartographer_rviz/package.zsh'
[6.609s] Level 1:colcon.colcon_core.environment:create_file_with_runtime_dependencies(/home/user/cartographer_ws/install/cartographer_rviz/share/colcon-core/packages/cartographer_rviz)
[6.676s] Level 1:colcon.colcon_core.environment:create_environment_scripts_only(cartographer_rviz)
[6.677s] Level 1:colcon.colcon_core.environment:checking '/home/user/cartographer_ws/install/cartographer_rviz' for CMake module files
[6.678s] Level 1:colcon.colcon_core.environment:checking '/home/user/cartographer_ws/install/cartographer_rviz' for CMake config files
[6.679s] Level 1:colcon.colcon_core.shell:create_environment_hook('cartographer_rviz', 'cmake_prefix_path')
[6.679s] INFO:colcon.colcon_core.shell:Creating environment hook '/home/user/cartographer_ws/install/cartographer_rviz/share/cartographer_rviz/hook/cmake_prefix_path.ps1'
[6.680s] INFO:colcon.colcon_core.shell:Creating environment descriptor '/home/user/cartographer_ws/install/cartographer_rviz/share/cartographer_rviz/hook/cmake_prefix_path.dsv'
[6.680s] INFO:colcon.colcon_core.shell:Creating environment hook '/home/user/cartographer_ws/install/cartographer_rviz/share/cartographer_rviz/hook/cmake_prefix_path.sh'
[6.681s] Level 1:colcon.colcon_core.environment:checking '/home/user/cartographer_ws/install/cartographer_rviz/lib'
[6.681s] Level 1:colcon.colcon_core.shell:create_environment_hook('cartographer_rviz', 'ld_library_path_lib')
[6.682s] INFO:colcon.colcon_core.shell:Creating environment hook '/home/user/cartographer_ws/install/cartographer_rviz/share/cartographer_rviz/hook/ld_library_path_lib.ps1'
[6.682s] INFO:colcon.colcon_core.shell:Creating environment descriptor '/home/user/cartographer_ws/install/cartographer_rviz/share/cartographer_rviz/hook/ld_library_path_lib.dsv'
[6.683s] INFO:colcon.colcon_core.shell:Creating environment hook '/home/user/cartographer_ws/install/cartographer_rviz/share/cartographer_rviz/hook/ld_library_path_lib.sh'
[6.684s] Level 1:colcon.colcon_core.environment:checking '/home/user/cartographer_ws/install/cartographer_rviz/bin'
[6.684s] Level 1:colcon.colcon_core.environment:checking '/home/user/cartographer_ws/install/cartographer_rviz/lib/pkgconfig/cartographer_rviz.pc'
[6.684s] Level 1:colcon.colcon_core.environment:checking '/home/user/cartographer_ws/install/cartographer_rviz/lib/python3.10/site-packages'
[6.684s] Level 1:colcon.colcon_core.environment:checking '/home/user/cartographer_ws/install/cartographer_rviz/bin'
[6.685s] INFO:colcon.colcon_core.shell:Creating package script '/home/user/cartographer_ws/install/cartographer_rviz/share/cartographer_rviz/package.ps1'
[6.686s] INFO:colcon.colcon_core.shell:Creating package descriptor '/home/user/cartographer_ws/install/cartographer_rviz/share/cartographer_rviz/package.dsv'
[6.687s] INFO:colcon.colcon_core.shell:Creating package script '/home/user/cartographer_ws/install/cartographer_rviz/share/cartographer_rviz/package.sh'
[6.688s] INFO:colcon.colcon_core.shell:Creating package script '/home/user/cartographer_ws/install/cartographer_rviz/share/cartographer_rviz/package.bash'
[6.688s] INFO:colcon.colcon_core.shell:Creating package script '/home/user/cartographer_ws/install/cartographer_rviz/share/cartographer_rviz/package.zsh'
[6.689s] Level 1:colcon.colcon_core.environment:create_file_with_runtime_dependencies(/home/user/cartographer_ws/install/cartographer_rviz/share/colcon-core/packages/cartographer_rviz)
[6.689s] DEBUG:colcon.colcon_parallel_executor.executor.parallel:closing loop
[6.690s] DEBUG:colcon.colcon_parallel_executor.executor.parallel:loop closed
[6.691s] DEBUG:colcon.colcon_parallel_executor.executor.parallel:run_until_complete finished with '0'
[6.691s] DEBUG:colcon.colcon_core.event_reactor:joining thread
[6.699s] INFO:colcon.colcon_core.plugin_system:Skipping extension 'colcon_notification.desktop_notification.terminal_notifier': Not used on non-Darwin systems
[6.699s] INFO:colcon.colcon_core.plugin_system:Skipping extension 'colcon_notification.desktop_notification.win32': Not used on non-Windows systems
[6.699s] INFO:colcon.colcon_notification.desktop_notification:Sending desktop notification using 'notify2'
[6.718s] DEBUG:colcon.colcon_core.event_reactor:joined thread
[6.718s] INFO:colcon.colcon_core.shell:Creating prefix script '/home/user/cartographer_ws/install/local_setup.ps1'
[6.720s] INFO:colcon.colcon_core.shell:Creating prefix util module '/home/user/cartographer_ws/install/_local_setup_util_ps1.py'
[6.723s] INFO:colcon.colcon_core.shell:Creating prefix chain script '/home/user/cartographer_ws/install/setup.ps1'
[6.726s] INFO:colcon.colcon_core.shell:Creating prefix script '/home/user/cartographer_ws/install/local_setup.sh'
[6.727s] INFO:colcon.colcon_core.shell:Creating prefix util module '/home/user/cartographer_ws/install/_local_setup_util_sh.py'
[6.727s] INFO:colcon.colcon_core.shell:Creating prefix chain script '/home/user/cartographer_ws/install/setup.sh'
[6.729s] INFO:colcon.colcon_core.shell:Creating prefix script '/home/user/cartographer_ws/install/local_setup.bash'
[6.730s] INFO:colcon.colcon_core.shell:Creating prefix chain script '/home/user/cartographer_ws/install/setup.bash'
[6.731s] INFO:colcon.colcon_core.shell:Creating prefix script '/home/user/cartographer_ws/install/local_setup.zsh'
[6.732s] INFO:colcon.colcon_core.shell:Creating prefix chain script '/home/user/cartographer_ws/install/setup.zsh'
