[0.016s] Invoking command in '/home/user/cartographer_ws/build/cartographer_rviz': CMAKE_PREFIX_PATH=/home/user/cartographer_ws/install/cartographer_ros:/home/user/cartographer_ws/install/cartographer_ros_msgs:/home/user/cartographer_ws/install/cartographer:/home/user/cartographer_ws/install/cartographer_rviz:/opt/ros/humble LD_LIBRARY_PATH=/home/user/cartographer_ws/install/cartographer_ros_msgs/lib:/home/user/cartographer_ws/install/cartographer_rviz/lib:/home/user/cartographer_ws/install/cartographer_ros/lib:/usr/lib/x86_64-linux-gnu/gazebo-11/plugins:/opt/ros/humble/opt/rviz_ogre_vendor/lib:/opt/ros/humble/lib/x86_64-linux-gnu:/opt/ros/humble/lib /usr/bin/cmake /home/user/cartographer_ws/src/cartographer_ros/cartographer_rviz -DAMENT_CMAKE_SYMLINK_INSTALL=1 -DCMAKE_INSTALL_PREFIX=/home/user/cartographer_ws/install/cartographer_rviz
[0.031s] -- Found ament_cmake: 1.3.9 (/opt/ros/humble/share/ament_cmake/cmake)
[0.165s] -- Override CMake install command with custom implementation using symlinks instead of copying resources
[0.176s] -- Found required Ceres dependency: Eigen version 3.4.0 in /usr/include/eigen3
[0.178s] -- Found required Ceres dependency: glog
[0.179s] -- Found required Ceres dependency: gflags
[0.179s] -- Found Ceres version: 2.0.0 installed in: /usr with components: [EigenSparse, SparseLinearAlgebraLibrary, LAPACK, SuiteSparse, CXSparse, SchurSpecializations, Multithreading]
[0.188s] -- Build type: Release
[0.194s] -- Found cartographer_ros: 2.0.9003 (/home/user/cartographer_ws/install/cartographer_ros/share/cartographer_ros/cmake)
[0.222s] -- Found rosidl_generator_c: 3.1.5 (/opt/ros/humble/share/rosidl_generator_c/cmake)
[0.225s] -- Found rosidl_adapter: 3.1.5 (/opt/ros/humble/share/rosidl_adapter/cmake)
[0.232s] -- Found rosidl_generator_cpp: 3.1.5 (/opt/ros/humble/share/rosidl_generator_cpp/cmake)
[0.245s] -- Using all available rosidl_typesupport_c: rosidl_typesupport_fastrtps_c;rosidl_typesupport_introspection_c
[0.262s] -- Using all available rosidl_typesupport_cpp: rosidl_typesupport_fastrtps_cpp;rosidl_typesupport_introspection_cpp
[0.664s] -- Found rmw_implementation_cmake: 6.1.2 (/opt/ros/humble/share/rmw_implementation_cmake/cmake)
[0.665s] -- Found rmw_fastrtps_cpp: 6.2.6 (/opt/ros/humble/share/rmw_fastrtps_cpp/cmake)
[0.800s] -- Using RMW implementation 'rmw_fastrtps_cpp' as default
[2.085s] -- Found rviz_common: 11.2.12 (/opt/ros/humble/share/rviz_common/cmake)
[2.103s] -- Setting OGRE_DIR to: '/opt/ros/humble/share/rviz_ogre_vendor/cmake/../../../opt/rviz_ogre_vendor/lib/OGRE/cmake'
[2.104s] -- Found OGRE
[2.104s] --   static     : OFF
[2.105s] --   components : HLMS;MeshLodGenerator;Overlay;Paging;Property;RTShaderSystem;Terrain;Volume
[2.105s] --   plugins    : Plugin_BSPSceneManager;Plugin_OctreeSceneManager;Plugin_PCZSceneManager;Plugin_ParticleFX;RenderSystem_GL;RenderSystem_GL3Plus;Codec_STBI
[2.105s] --   media      : /opt/ros/humble/opt/rviz_ogre_vendor/share/OGRE/Media
[2.105s] -- OGRE_LIBRARIES: OgreHLMS;OgreMeshLodGenerator;OgreOverlay;OgrePaging;OgreProperty;OgreRTShaderSystem;OgreTerrain;OgreVolume;OgreMain
[2.105s] -- OGRE_LIBRARY_DIRS: /opt/ros/humble/opt/rviz_ogre_vendor/lib
[2.105s] -- OGRE_PLUGINS: Plugin_BSPSceneManager;Plugin_OctreeSceneManager;Plugin_PCZSceneManager;Plugin_ParticleFX;RenderSystem_GL;RenderSystem_GL3Plus;Codec_STBI
[2.105s] -- OGRE_PLUGIN_DIR: /opt/ros/humble/opt/rviz_ogre_vendor/lib/OGRE
[2.105s] -- rviz_ogre_vendor::OgreOverlay for IMPORTED_LOCATION_RELEASE: /opt/ros/humble/opt/rviz_ogre_vendor/lib/libOgreOverlay.so
[2.106s] -- rviz_ogre_vendor::OgreOverlay for IMPORTED_LOCATION_DEBUG: /opt/ros/humble/opt/rviz_ogre_vendor/lib/libOgreOverlay.so
[2.106s] -- rviz_ogre_vendor::OgreMain for IMPORTED_LOCATION_RELEASE: /opt/ros/humble/opt/rviz_ogre_vendor/lib/libOgreMain.so
[2.106s] -- rviz_ogre_vendor::OgreMain for IMPORTED_LOCATION_DEBUG: /opt/ros/humble/opt/rviz_ogre_vendor/lib/libOgreMain.so
[2.152s] -- rviz_ogre_vendor::RenderSystem_GL for IMPORTED_LOCATION_RELEASE: _render_system_gl_static_library_abs-NOTFOUND
[2.152s] -- rviz_ogre_vendor::RenderSystem_GL for IMPORTED_LOCATION_DEBUG: _render_system_gl_static_library_abs-NOTFOUND
[2.184s] -- library: /usr/lib/x86_64-linux-gnu/libcurl.so
[2.233s] -- Ensuring Eigen3 include directory is part of orocos-kdl CMake target
[2.894s] -- Deploy OGRE media
[2.897s] -- Configuring done
[2.985s] -- Generating done
[2.987s] -- Build files have been written to: /home/user/cartographer_ws/build/cartographer_rviz
[3.000s] Invoked command in '/home/user/cartographer_ws/build/cartographer_rviz' returned '0': CMAKE_PREFIX_PATH=/home/user/cartographer_ws/install/cartographer_ros:/home/user/cartographer_ws/install/cartographer_ros_msgs:/home/user/cartographer_ws/install/cartographer:/home/user/cartographer_ws/install/cartographer_rviz:/opt/ros/humble LD_LIBRARY_PATH=/home/user/cartographer_ws/install/cartographer_ros_msgs/lib:/home/user/cartographer_ws/install/cartographer_rviz/lib:/home/user/cartographer_ws/install/cartographer_ros/lib:/usr/lib/x86_64-linux-gnu/gazebo-11/plugins:/opt/ros/humble/opt/rviz_ogre_vendor/lib:/opt/ros/humble/lib/x86_64-linux-gnu:/opt/ros/humble/lib /usr/bin/cmake /home/user/cartographer_ws/src/cartographer_ros/cartographer_rviz -DAMENT_CMAKE_SYMLINK_INSTALL=1 -DCMAKE_INSTALL_PREFIX=/home/user/cartographer_ws/install/cartographer_rviz
[3.001s] Invoking command in '/home/user/cartographer_ws/build/cartographer_rviz': CMAKE_PREFIX_PATH=/home/user/cartographer_ws/install/cartographer_ros:/home/user/cartographer_ws/install/cartographer_ros_msgs:/home/user/cartographer_ws/install/cartographer:/home/user/cartographer_ws/install/cartographer_rviz:/opt/ros/humble LD_LIBRARY_PATH=/home/user/cartographer_ws/install/cartographer_ros_msgs/lib:/home/user/cartographer_ws/install/cartographer_rviz/lib:/home/user/cartographer_ws/install/cartographer_ros/lib:/usr/lib/x86_64-linux-gnu/gazebo-11/plugins:/opt/ros/humble/opt/rviz_ogre_vendor/lib:/opt/ros/humble/lib/x86_64-linux-gnu:/opt/ros/humble/lib /usr/bin/cmake --build /home/user/cartographer_ws/build/cartographer_rviz -- -j8 -l8
[3.065s] [ 16%] [34m[1mAutomatic MOC for target cartographer_rviz[0m
[3.069s] [ 16%] Built target cartographer_rviz_detect_changes
[3.097s] [ 16%] Built target cartographer_rviz_autogen
[3.118s] [35m[1mConsolidate compiler generated dependencies of target cartographer_rviz[0m
[3.176s] [100%] Built target cartographer_rviz
[3.189s] Invoked command in '/home/user/cartographer_ws/build/cartographer_rviz' returned '0': CMAKE_PREFIX_PATH=/home/user/cartographer_ws/install/cartographer_ros:/home/user/cartographer_ws/install/cartographer_ros_msgs:/home/user/cartographer_ws/install/cartographer:/home/user/cartographer_ws/install/cartographer_rviz:/opt/ros/humble LD_LIBRARY_PATH=/home/user/cartographer_ws/install/cartographer_ros_msgs/lib:/home/user/cartographer_ws/install/cartographer_rviz/lib:/home/user/cartographer_ws/install/cartographer_ros/lib:/usr/lib/x86_64-linux-gnu/gazebo-11/plugins:/opt/ros/humble/opt/rviz_ogre_vendor/lib:/opt/ros/humble/lib/x86_64-linux-gnu:/opt/ros/humble/lib /usr/bin/cmake --build /home/user/cartographer_ws/build/cartographer_rviz -- -j8 -l8
[3.232s] Invoking command in '/home/user/cartographer_ws/build/cartographer_rviz': CMAKE_PREFIX_PATH=/home/user/cartographer_ws/install/cartographer_ros:/home/user/cartographer_ws/install/cartographer_ros_msgs:/home/user/cartographer_ws/install/cartographer:/home/user/cartographer_ws/install/cartographer_rviz:/opt/ros/humble LD_LIBRARY_PATH=/home/user/cartographer_ws/install/cartographer_ros_msgs/lib:/home/user/cartographer_ws/install/cartographer_rviz/lib:/home/user/cartographer_ws/install/cartographer_ros/lib:/usr/lib/x86_64-linux-gnu/gazebo-11/plugins:/opt/ros/humble/opt/rviz_ogre_vendor/lib:/opt/ros/humble/lib/x86_64-linux-gnu:/opt/ros/humble/lib /usr/bin/cmake --install /home/user/cartographer_ws/build/cartographer_rviz
[3.240s] -- Install configuration: "Release"
[3.241s] -- Execute custom install script
[3.241s] -- Symlinking: /home/user/cartographer_ws/install/cartographer_rviz/share/cartographer_rviz//rviz_plugin_description.xml
[3.251s] -- Symlinking: /home/user/cartographer_ws/install/cartographer_rviz/include//cartographer_rviz/drawable_submap.h
[3.261s] -- Symlinking: /home/user/cartographer_ws/install/cartographer_rviz/include//cartographer_rviz/ogre_slice.h
[3.272s] -- Symlinking: /home/user/cartographer_ws/install/cartographer_rviz/include//cartographer_rviz/submaps_display.h
[3.282s] -- Symlinking: /home/user/cartographer_ws/install/cartographer_rviz/share/cartographer_rviz/environment/library_path.sh
[3.292s] -- Symlinking: /home/user/cartographer_ws/install/cartographer_rviz/share/cartographer_rviz/environment/library_path.dsv
[3.303s] -- Symlinking: /home/user/cartographer_ws/install/cartographer_rviz/share/ament_index/resource_index/package_run_dependencies/cartographer_rviz
[3.313s] -- Symlinking: /home/user/cartographer_ws/install/cartographer_rviz/share/ament_index/resource_index/parent_prefix_path/cartographer_rviz
[3.323s] -- Symlinking: /home/user/cartographer_ws/install/cartographer_rviz/share/cartographer_rviz/environment/ament_prefix_path.sh
[3.334s] -- Symlinking: /home/user/cartographer_ws/install/cartographer_rviz/share/cartographer_rviz/environment/ament_prefix_path.dsv
[3.345s] -- Symlinking: /home/user/cartographer_ws/install/cartographer_rviz/share/cartographer_rviz/environment/path.sh
[3.355s] -- Symlinking: /home/user/cartographer_ws/install/cartographer_rviz/share/cartographer_rviz/environment/path.dsv
[3.366s] -- Symlinking: /home/user/cartographer_ws/install/cartographer_rviz/share/cartographer_rviz/local_setup.bash
[3.376s] -- Symlinking: /home/user/cartographer_ws/install/cartographer_rviz/share/cartographer_rviz/local_setup.sh
[3.387s] -- Symlinking: /home/user/cartographer_ws/install/cartographer_rviz/share/cartographer_rviz/local_setup.zsh
[3.397s] -- Symlinking: /home/user/cartographer_ws/install/cartographer_rviz/share/cartographer_rviz/local_setup.dsv
[3.407s] -- Symlinking: /home/user/cartographer_ws/install/cartographer_rviz/share/cartographer_rviz/package.dsv
[3.417s] -- Symlinking: /home/user/cartographer_ws/install/cartographer_rviz/share/ament_index/resource_index/packages/cartographer_rviz
[3.428s] -- Symlinking: /home/user/cartographer_ws/install/cartographer_rviz/share/ament_index/resource_index/rviz_common__pluginlib__plugin/cartographer_rviz
[3.439s] -- Symlinking: /home/user/cartographer_ws/install/cartographer_rviz/share/ament_index/resource_index/rviz_ogre_media_exports/cartographer_rviz
[3.449s] -- Symlinking: /home/user/cartographer_ws/install/cartographer_rviz/share/cartographer_rviz/cmake/ament_cmake_export_include_directories-extras.cmake
[3.460s] -- Symlinking: /home/user/cartographer_ws/install/cartographer_rviz/share/cartographer_rviz/cmake/ament_cmake_export_targets-extras.cmake
[3.470s] -- Symlinking: /home/user/cartographer_ws/install/cartographer_rviz/share/cartographer_rviz/cmake/ament_cmake_export_dependencies-extras.cmake
[3.480s] -- Symlinking: /home/user/cartographer_ws/install/cartographer_rviz/share/cartographer_rviz/cmake/cartographer_rvizConfig.cmake
[3.491s] -- Symlinking: /home/user/cartographer_ws/install/cartographer_rviz/share/cartographer_rviz/cmake/cartographer_rvizConfig-version.cmake
[3.501s] -- Symlinking: /home/user/cartographer_ws/install/cartographer_rviz/share/cartographer_rviz/package.xml
[3.513s] -- Up-to-date: /home/user/cartographer_ws/install/cartographer_rviz/lib/libcartographer_rviz.so
[3.513s] -- Up-to-date: /home/user/cartographer_ws/install/cartographer_rviz/share/cartographer_rviz/ogre_media/materials/glsl120
[3.514s] -- Up-to-date: /home/user/cartographer_ws/install/cartographer_rviz/share/cartographer_rviz/ogre_media/materials/glsl120/glsl120.program
[3.514s] -- Up-to-date: /home/user/cartographer_ws/install/cartographer_rviz/share/cartographer_rviz/ogre_media/materials/glsl120/submap.vert
[3.514s] -- Up-to-date: /home/user/cartographer_ws/install/cartographer_rviz/share/cartographer_rviz/ogre_media/materials/glsl120/submap.frag
[3.514s] -- Up-to-date: /home/user/cartographer_ws/install/cartographer_rviz/share/cartographer_rviz/ogre_media/materials/scripts
[3.514s] -- Up-to-date: /home/user/cartographer_ws/install/cartographer_rviz/share/cartographer_rviz/ogre_media/materials/scripts/submap.material
[3.514s] -- Up-to-date: /home/user/cartographer_ws/install/cartographer_rviz/share/cartographer_rviz/cmake/cartographer_rvizExport.cmake
[3.514s] -- Up-to-date: /home/user/cartographer_ws/install/cartographer_rviz/share/cartographer_rviz/cmake/cartographer_rvizExport-release.cmake
[3.517s] Invoked command in '/home/user/cartographer_ws/build/cartographer_rviz' returned '0': CMAKE_PREFIX_PATH=/home/user/cartographer_ws/install/cartographer_ros:/home/user/cartographer_ws/install/cartographer_ros_msgs:/home/user/cartographer_ws/install/cartographer:/home/user/cartographer_ws/install/cartographer_rviz:/opt/ros/humble LD_LIBRARY_PATH=/home/user/cartographer_ws/install/cartographer_ros_msgs/lib:/home/user/cartographer_ws/install/cartographer_rviz/lib:/home/user/cartographer_ws/install/cartographer_ros/lib:/usr/lib/x86_64-linux-gnu/gazebo-11/plugins:/opt/ros/humble/opt/rviz_ogre_vendor/lib:/opt/ros/humble/lib/x86_64-linux-gnu:/opt/ros/humble/lib /usr/bin/cmake --install /home/user/cartographer_ws/build/cartographer_rviz
