[0.118s] DEBUG:colcon:Command line arguments: ['/usr/bin/colcon', 'build', '--symlink-install']
[0.118s] DEBUG:colcon:Parsed command line arguments: Namespace(log_base=None, log_level=None, verb_name='build', build_base='build', install_base='install', merge_install=False, symlink_install=True, test_result_base=None, continue_on_error=False, executor='parallel', parallel_workers=8, event_handlers=None, ignore_user_meta=False, metas=['./colcon.meta'], base_paths=['.'], packages_ignore=None, packages_ignore_regex=None, paths=None, packages_up_to=None, packages_up_to_regex=None, packages_above=None, packages_above_and_dependencies=None, packages_above_depth=None, packages_select_by_dep=None, packages_skip_by_dep=None, packages_skip_up_to=None, packages_select_build_failed=False, packages_skip_build_finished=False, packages_select_test_failures=False, packages_skip_test_passed=False, packages_select=None, packages_skip=None, packages_select_regex=None, packages_skip_regex=None, packages_start=None, packages_end=None, allow_overriding=[], cmake_args=None, cmake_target=None, cmake_target_skip_unavailable=False, cmake_clean_cache=False, cmake_clean_first=False, cmake_force_configure=False, ament_cmake_args=None, catkin_cmake_args=None, catkin_skip_building_tests=False, verb_parser=<colcon_defaults.argument_parser.defaults.DefaultArgumentsDecorator object at 0x76f49c1448b0>, verb_extension=<colcon_core.verb.build.BuildVerb object at 0x76f49c24d4b0>, main=<bound method BuildVerb.main of <colcon_core.verb.build.BuildVerb object at 0x76f49c24d4b0>>)
[0.312s] Level 1:colcon.colcon_core.package_discovery:discover_packages(colcon_meta) check parameters
[0.312s] Level 1:colcon.colcon_core.package_discovery:discover_packages(recursive) check parameters
[0.312s] Level 1:colcon.colcon_core.package_discovery:discover_packages(ignore) check parameters
[0.312s] Level 1:colcon.colcon_core.package_discovery:discover_packages(path) check parameters
[0.312s] Level 1:colcon.colcon_core.package_discovery:discover_packages(colcon_meta) discover
[0.312s] Level 1:colcon.colcon_core.package_discovery:discover_packages(recursive) discover
[0.312s] INFO:colcon.colcon_core.package_discovery:Crawling recursively for packages in '/home/user/cartographer_ws'
[0.313s] Level 1:colcon.colcon_core.package_identification:_identify(.) by extensions ['ignore', 'ignore_ament_install']
[0.313s] Level 1:colcon.colcon_core.package_identification:_identify(.) by extension 'ignore'
[0.313s] Level 1:colcon.colcon_core.package_identification:_identify(.) by extension 'ignore_ament_install'
[0.313s] Level 1:colcon.colcon_core.package_identification:_identify(.) by extensions ['colcon_pkg']
[0.313s] Level 1:colcon.colcon_core.package_identification:_identify(.) by extension 'colcon_pkg'
[0.313s] Level 1:colcon.colcon_core.package_identification:_identify(.) by extensions ['colcon_meta']
[0.313s] Level 1:colcon.colcon_core.package_identification:_identify(.) by extension 'colcon_meta'
[0.313s] Level 1:colcon.colcon_core.package_identification:_identify(.) by extensions ['ros']
[0.313s] Level 1:colcon.colcon_core.package_identification:_identify(.) by extension 'ros'
[0.325s] Level 1:colcon.colcon_core.package_identification:_identify(.) by extensions ['cmake', 'python']
[0.326s] Level 1:colcon.colcon_core.package_identification:_identify(.) by extension 'cmake'
[0.326s] Level 1:colcon.colcon_core.package_identification:_identify(.) by extension 'python'
[0.326s] Level 1:colcon.colcon_core.package_identification:_identify(.) by extensions ['python_setup_py']
[0.326s] Level 1:colcon.colcon_core.package_identification:_identify(.) by extension 'python_setup_py'
[0.326s] Level 1:colcon.colcon_core.package_identification:_identify(build) by extensions ['ignore', 'ignore_ament_install']
[0.326s] Level 1:colcon.colcon_core.package_identification:_identify(build) by extension 'ignore'
[0.326s] Level 1:colcon.colcon_core.package_identification:_identify(build) ignored
[0.326s] Level 1:colcon.colcon_core.package_identification:_identify(install) by extensions ['ignore', 'ignore_ament_install']
[0.326s] Level 1:colcon.colcon_core.package_identification:_identify(install) by extension 'ignore'
[0.326s] Level 1:colcon.colcon_core.package_identification:_identify(install) ignored
[0.326s] Level 1:colcon.colcon_core.package_identification:_identify(log) by extensions ['ignore', 'ignore_ament_install']
[0.326s] Level 1:colcon.colcon_core.package_identification:_identify(log) by extension 'ignore'
[0.327s] Level 1:colcon.colcon_core.package_identification:_identify(log) ignored
[0.327s] Level 1:colcon.colcon_core.package_identification:_identify(src) by extensions ['ignore', 'ignore_ament_install']
[0.327s] Level 1:colcon.colcon_core.package_identification:_identify(src) by extension 'ignore'
[0.327s] Level 1:colcon.colcon_core.package_identification:_identify(src) by extension 'ignore_ament_install'
[0.327s] Level 1:colcon.colcon_core.package_identification:_identify(src) by extensions ['colcon_pkg']
[0.327s] Level 1:colcon.colcon_core.package_identification:_identify(src) by extension 'colcon_pkg'
[0.327s] Level 1:colcon.colcon_core.package_identification:_identify(src) by extensions ['colcon_meta']
[0.327s] Level 1:colcon.colcon_core.package_identification:_identify(src) by extension 'colcon_meta'
[0.327s] Level 1:colcon.colcon_core.package_identification:_identify(src) by extensions ['ros']
[0.327s] Level 1:colcon.colcon_core.package_identification:_identify(src) by extension 'ros'
[0.327s] Level 1:colcon.colcon_core.package_identification:_identify(src) by extensions ['cmake', 'python']
[0.327s] Level 1:colcon.colcon_core.package_identification:_identify(src) by extension 'cmake'
[0.327s] Level 1:colcon.colcon_core.package_identification:_identify(src) by extension 'python'
[0.327s] Level 1:colcon.colcon_core.package_identification:_identify(src) by extensions ['python_setup_py']
[0.327s] Level 1:colcon.colcon_core.package_identification:_identify(src) by extension 'python_setup_py'
[0.327s] Level 1:colcon.colcon_core.package_identification:_identify(src/cartographer) by extensions ['ignore', 'ignore_ament_install']
[0.328s] Level 1:colcon.colcon_core.package_identification:_identify(src/cartographer) by extension 'ignore'
[0.328s] Level 1:colcon.colcon_core.package_identification:_identify(src/cartographer) by extension 'ignore_ament_install'
[0.328s] Level 1:colcon.colcon_core.package_identification:_identify(src/cartographer) by extensions ['colcon_pkg']
[0.328s] Level 1:colcon.colcon_core.package_identification:_identify(src/cartographer) by extension 'colcon_pkg'
[0.328s] Level 1:colcon.colcon_core.package_identification:_identify(src/cartographer) by extensions ['colcon_meta']
[0.328s] Level 1:colcon.colcon_core.package_identification:_identify(src/cartographer) by extension 'colcon_meta'
[0.328s] Level 1:colcon.colcon_core.package_identification:_identify(src/cartographer) by extensions ['ros']
[0.328s] Level 1:colcon.colcon_core.package_identification:_identify(src/cartographer) by extension 'ros'
[0.331s] DEBUG:colcon.colcon_core.package_identification:Package 'src/cartographer' with type 'ros.cmake' and name 'cartographer'
[0.331s] Level 1:colcon.colcon_core.package_identification:_identify(src/cartographer_ros) by extensions ['ignore', 'ignore_ament_install']
[0.331s] Level 1:colcon.colcon_core.package_identification:_identify(src/cartographer_ros) by extension 'ignore'
[0.332s] Level 1:colcon.colcon_core.package_identification:_identify(src/cartographer_ros) by extension 'ignore_ament_install'
[0.332s] Level 1:colcon.colcon_core.package_identification:_identify(src/cartographer_ros) by extensions ['colcon_pkg']
[0.332s] Level 1:colcon.colcon_core.package_identification:_identify(src/cartographer_ros) by extension 'colcon_pkg'
[0.332s] Level 1:colcon.colcon_core.package_identification:_identify(src/cartographer_ros) by extensions ['colcon_meta']
[0.332s] Level 1:colcon.colcon_core.package_identification:_identify(src/cartographer_ros) by extension 'colcon_meta'
[0.332s] Level 1:colcon.colcon_core.package_identification:_identify(src/cartographer_ros) by extensions ['ros']
[0.332s] Level 1:colcon.colcon_core.package_identification:_identify(src/cartographer_ros) by extension 'ros'
[0.332s] Level 1:colcon.colcon_core.package_identification:_identify(src/cartographer_ros) by extensions ['cmake', 'python']
[0.332s] Level 1:colcon.colcon_core.package_identification:_identify(src/cartographer_ros) by extension 'cmake'
[0.332s] Level 1:colcon.colcon_core.package_identification:_identify(src/cartographer_ros) by extension 'python'
[0.332s] Level 1:colcon.colcon_core.package_identification:_identify(src/cartographer_ros) by extensions ['python_setup_py']
[0.332s] Level 1:colcon.colcon_core.package_identification:_identify(src/cartographer_ros) by extension 'python_setup_py'
[0.332s] Level 1:colcon.colcon_core.package_identification:_identify(src/cartographer_ros/cartographer_ros) by extensions ['ignore', 'ignore_ament_install']
[0.332s] Level 1:colcon.colcon_core.package_identification:_identify(src/cartographer_ros/cartographer_ros) by extension 'ignore'
[0.332s] Level 1:colcon.colcon_core.package_identification:_identify(src/cartographer_ros/cartographer_ros) by extension 'ignore_ament_install'
[0.332s] Level 1:colcon.colcon_core.package_identification:_identify(src/cartographer_ros/cartographer_ros) by extensions ['colcon_pkg']
[0.333s] Level 1:colcon.colcon_core.package_identification:_identify(src/cartographer_ros/cartographer_ros) by extension 'colcon_pkg'
[0.333s] Level 1:colcon.colcon_core.package_identification:_identify(src/cartographer_ros/cartographer_ros) by extensions ['colcon_meta']
[0.333s] Level 1:colcon.colcon_core.package_identification:_identify(src/cartographer_ros/cartographer_ros) by extension 'colcon_meta'
[0.333s] Level 1:colcon.colcon_core.package_identification:_identify(src/cartographer_ros/cartographer_ros) by extensions ['ros']
[0.333s] Level 1:colcon.colcon_core.package_identification:_identify(src/cartographer_ros/cartographer_ros) by extension 'ros'
[0.335s] DEBUG:colcon.colcon_core.package_identification:Package 'src/cartographer_ros/cartographer_ros' with type 'ros.ament_cmake' and name 'cartographer_ros'
[0.336s] Level 1:colcon.colcon_core.package_identification:_identify(src/cartographer_ros/cartographer_ros_msgs) by extensions ['ignore', 'ignore_ament_install']
[0.336s] Level 1:colcon.colcon_core.package_identification:_identify(src/cartographer_ros/cartographer_ros_msgs) by extension 'ignore'
[0.336s] Level 1:colcon.colcon_core.package_identification:_identify(src/cartographer_ros/cartographer_ros_msgs) by extension 'ignore_ament_install'
[0.336s] Level 1:colcon.colcon_core.package_identification:_identify(src/cartographer_ros/cartographer_ros_msgs) by extensions ['colcon_pkg']
[0.336s] Level 1:colcon.colcon_core.package_identification:_identify(src/cartographer_ros/cartographer_ros_msgs) by extension 'colcon_pkg'
[0.336s] Level 1:colcon.colcon_core.package_identification:_identify(src/cartographer_ros/cartographer_ros_msgs) by extensions ['colcon_meta']
[0.336s] Level 1:colcon.colcon_core.package_identification:_identify(src/cartographer_ros/cartographer_ros_msgs) by extension 'colcon_meta'
[0.336s] Level 1:colcon.colcon_core.package_identification:_identify(src/cartographer_ros/cartographer_ros_msgs) by extensions ['ros']
[0.336s] Level 1:colcon.colcon_core.package_identification:_identify(src/cartographer_ros/cartographer_ros_msgs) by extension 'ros'
[0.337s] DEBUG:colcon.colcon_core.package_identification:Package 'src/cartographer_ros/cartographer_ros_msgs' with type 'ros.ament_cmake' and name 'cartographer_ros_msgs'
[0.337s] Level 1:colcon.colcon_core.package_identification:_identify(src/cartographer_ros/cartographer_rviz) by extensions ['ignore', 'ignore_ament_install']
[0.337s] Level 1:colcon.colcon_core.package_identification:_identify(src/cartographer_ros/cartographer_rviz) by extension 'ignore'
[0.337s] Level 1:colcon.colcon_core.package_identification:_identify(src/cartographer_ros/cartographer_rviz) by extension 'ignore_ament_install'
[0.337s] Level 1:colcon.colcon_core.package_identification:_identify(src/cartographer_ros/cartographer_rviz) by extensions ['colcon_pkg']
[0.337s] Level 1:colcon.colcon_core.package_identification:_identify(src/cartographer_ros/cartographer_rviz) by extension 'colcon_pkg'
[0.337s] Level 1:colcon.colcon_core.package_identification:_identify(src/cartographer_ros/cartographer_rviz) by extensions ['colcon_meta']
[0.337s] Level 1:colcon.colcon_core.package_identification:_identify(src/cartographer_ros/cartographer_rviz) by extension 'colcon_meta'
[0.337s] Level 1:colcon.colcon_core.package_identification:_identify(src/cartographer_ros/cartographer_rviz) by extensions ['ros']
[0.337s] Level 1:colcon.colcon_core.package_identification:_identify(src/cartographer_ros/cartographer_rviz) by extension 'ros'
[0.339s] DEBUG:colcon.colcon_core.package_identification:Package 'src/cartographer_ros/cartographer_rviz' with type 'ros.ament_cmake' and name 'cartographer_rviz'
[0.339s] Level 1:colcon.colcon_core.package_identification:_identify(src/cartographer_ros/docs) by extensions ['ignore', 'ignore_ament_install']
[0.339s] Level 1:colcon.colcon_core.package_identification:_identify(src/cartographer_ros/docs) by extension 'ignore'
[0.339s] Level 1:colcon.colcon_core.package_identification:_identify(src/cartographer_ros/docs) ignored
[0.339s] Level 1:colcon.colcon_core.package_identification:_identify(src/cartographer_ros/scripts) by extensions ['ignore', 'ignore_ament_install']
[0.339s] Level 1:colcon.colcon_core.package_identification:_identify(src/cartographer_ros/scripts) by extension 'ignore'
[0.339s] Level 1:colcon.colcon_core.package_identification:_identify(src/cartographer_ros/scripts) by extension 'ignore_ament_install'
[0.340s] Level 1:colcon.colcon_core.package_identification:_identify(src/cartographer_ros/scripts) by extensions ['colcon_pkg']
[0.340s] Level 1:colcon.colcon_core.package_identification:_identify(src/cartographer_ros/scripts) by extension 'colcon_pkg'
[0.340s] Level 1:colcon.colcon_core.package_identification:_identify(src/cartographer_ros/scripts) by extensions ['colcon_meta']
[0.340s] Level 1:colcon.colcon_core.package_identification:_identify(src/cartographer_ros/scripts) by extension 'colcon_meta'
[0.340s] Level 1:colcon.colcon_core.package_identification:_identify(src/cartographer_ros/scripts) by extensions ['ros']
[0.340s] Level 1:colcon.colcon_core.package_identification:_identify(src/cartographer_ros/scripts) by extension 'ros'
[0.340s] Level 1:colcon.colcon_core.package_identification:_identify(src/cartographer_ros/scripts) by extensions ['cmake', 'python']
[0.340s] Level 1:colcon.colcon_core.package_identification:_identify(src/cartographer_ros/scripts) by extension 'cmake'
[0.340s] Level 1:colcon.colcon_core.package_identification:_identify(src/cartographer_ros/scripts) by extension 'python'
[0.340s] Level 1:colcon.colcon_core.package_identification:_identify(src/cartographer_ros/scripts) by extensions ['python_setup_py']
[0.340s] Level 1:colcon.colcon_core.package_identification:_identify(src/cartographer_ros/scripts) by extension 'python_setup_py'
[0.340s] Level 1:colcon.colcon_core.package_discovery:discover_packages(recursive) using defaults
[0.340s] Level 1:colcon.colcon_core.package_discovery:discover_packages(ignore) discover
[0.340s] Level 1:colcon.colcon_core.package_discovery:discover_packages(ignore) using defaults
[0.340s] Level 1:colcon.colcon_core.package_discovery:discover_packages(path) discover
[0.340s] Level 1:colcon.colcon_core.package_discovery:discover_packages(path) using defaults
[0.365s] Level 1:colcon.colcon_core.package_discovery:discover_packages(prefix_path) check parameters
[0.365s] Level 1:colcon.colcon_core.package_discovery:discover_packages(prefix_path) discover
[0.367s] DEBUG:colcon.colcon_installed_package_information.package_discovery:Found 4 installed packages in /home/user/cartographer_ws/install
[0.368s] DEBUG:colcon.colcon_installed_package_information.package_discovery:Found 0 installed packages in /home/user/ros2_ws/install
[0.370s] DEBUG:colcon.colcon_installed_package_information.package_discovery:Found 339 installed packages in /opt/ros/humble
[0.384s] Level 1:colcon.colcon_core.package_discovery:discover_packages(prefix_path) using defaults
[0.461s] Level 5:colcon.colcon_core.verb:set package 'cartographer' build argument 'cmake_args' from command line to 'None'
[0.461s] Level 5:colcon.colcon_core.verb:set package 'cartographer' build argument 'cmake_target' from command line to 'None'
[0.461s] Level 5:colcon.colcon_core.verb:set package 'cartographer' build argument 'cmake_target_skip_unavailable' from command line to 'False'
[0.462s] Level 5:colcon.colcon_core.verb:set package 'cartographer' build argument 'cmake_clean_cache' from command line to 'False'
[0.462s] Level 5:colcon.colcon_core.verb:set package 'cartographer' build argument 'cmake_clean_first' from command line to 'False'
[0.462s] Level 5:colcon.colcon_core.verb:set package 'cartographer' build argument 'cmake_force_configure' from command line to 'False'
[0.462s] Level 5:colcon.colcon_core.verb:set package 'cartographer' build argument 'ament_cmake_args' from command line to 'None'
[0.462s] Level 5:colcon.colcon_core.verb:set package 'cartographer' build argument 'catkin_cmake_args' from command line to 'None'
[0.462s] Level 5:colcon.colcon_core.verb:set package 'cartographer' build argument 'catkin_skip_building_tests' from command line to 'False'
[0.462s] DEBUG:colcon.colcon_core.verb:Building package 'cartographer' with the following arguments: {'ament_cmake_args': None, 'build_base': '/home/user/cartographer_ws/build/cartographer', 'catkin_cmake_args': None, 'catkin_skip_building_tests': False, 'cmake_args': None, 'cmake_clean_cache': False, 'cmake_clean_first': False, 'cmake_force_configure': False, 'cmake_target': None, 'cmake_target_skip_unavailable': False, 'install_base': '/home/user/cartographer_ws/install/cartographer', 'merge_install': False, 'path': '/home/user/cartographer_ws/src/cartographer', 'symlink_install': True, 'test_result_base': None}
[0.462s] Level 5:colcon.colcon_core.verb:set package 'cartographer_ros_msgs' build argument 'cmake_args' from command line to 'None'
[0.462s] Level 5:colcon.colcon_core.verb:set package 'cartographer_ros_msgs' build argument 'cmake_target' from command line to 'None'
[0.462s] Level 5:colcon.colcon_core.verb:set package 'cartographer_ros_msgs' build argument 'cmake_target_skip_unavailable' from command line to 'False'
[0.462s] Level 5:colcon.colcon_core.verb:set package 'cartographer_ros_msgs' build argument 'cmake_clean_cache' from command line to 'False'
[0.462s] Level 5:colcon.colcon_core.verb:set package 'cartographer_ros_msgs' build argument 'cmake_clean_first' from command line to 'False'
[0.462s] Level 5:colcon.colcon_core.verb:set package 'cartographer_ros_msgs' build argument 'cmake_force_configure' from command line to 'False'
[0.462s] Level 5:colcon.colcon_core.verb:set package 'cartographer_ros_msgs' build argument 'ament_cmake_args' from command line to 'None'
[0.462s] Level 5:colcon.colcon_core.verb:set package 'cartographer_ros_msgs' build argument 'catkin_cmake_args' from command line to 'None'
[0.462s] Level 5:colcon.colcon_core.verb:set package 'cartographer_ros_msgs' build argument 'catkin_skip_building_tests' from command line to 'False'
[0.463s] DEBUG:colcon.colcon_core.verb:Building package 'cartographer_ros_msgs' with the following arguments: {'ament_cmake_args': None, 'build_base': '/home/user/cartographer_ws/build/cartographer_ros_msgs', 'catkin_cmake_args': None, 'catkin_skip_building_tests': False, 'cmake_args': None, 'cmake_clean_cache': False, 'cmake_clean_first': False, 'cmake_force_configure': False, 'cmake_target': None, 'cmake_target_skip_unavailable': False, 'install_base': '/home/user/cartographer_ws/install/cartographer_ros_msgs', 'merge_install': False, 'path': '/home/user/cartographer_ws/src/cartographer_ros/cartographer_ros_msgs', 'symlink_install': True, 'test_result_base': None}
[0.463s] Level 5:colcon.colcon_core.verb:set package 'cartographer_ros' build argument 'cmake_args' from command line to 'None'
[0.463s] Level 5:colcon.colcon_core.verb:set package 'cartographer_ros' build argument 'cmake_target' from command line to 'None'
[0.463s] Level 5:colcon.colcon_core.verb:set package 'cartographer_ros' build argument 'cmake_target_skip_unavailable' from command line to 'False'
[0.463s] Level 5:colcon.colcon_core.verb:set package 'cartographer_ros' build argument 'cmake_clean_cache' from command line to 'False'
[0.463s] Level 5:colcon.colcon_core.verb:set package 'cartographer_ros' build argument 'cmake_clean_first' from command line to 'False'
[0.463s] Level 5:colcon.colcon_core.verb:set package 'cartographer_ros' build argument 'cmake_force_configure' from command line to 'False'
[0.463s] Level 5:colcon.colcon_core.verb:set package 'cartographer_ros' build argument 'ament_cmake_args' from command line to 'None'
[0.463s] Level 5:colcon.colcon_core.verb:set package 'cartographer_ros' build argument 'catkin_cmake_args' from command line to 'None'
[0.463s] Level 5:colcon.colcon_core.verb:set package 'cartographer_ros' build argument 'catkin_skip_building_tests' from command line to 'False'
[0.463s] DEBUG:colcon.colcon_core.verb:Building package 'cartographer_ros' with the following arguments: {'ament_cmake_args': None, 'build_base': '/home/user/cartographer_ws/build/cartographer_ros', 'catkin_cmake_args': None, 'catkin_skip_building_tests': False, 'cmake_args': None, 'cmake_clean_cache': False, 'cmake_clean_first': False, 'cmake_force_configure': False, 'cmake_target': None, 'cmake_target_skip_unavailable': False, 'install_base': '/home/user/cartographer_ws/install/cartographer_ros', 'merge_install': False, 'path': '/home/user/cartographer_ws/src/cartographer_ros/cartographer_ros', 'symlink_install': True, 'test_result_base': None}
[0.464s] Level 5:colcon.colcon_core.verb:set package 'cartographer_rviz' build argument 'cmake_args' from command line to 'None'
[0.464s] Level 5:colcon.colcon_core.verb:set package 'cartographer_rviz' build argument 'cmake_target' from command line to 'None'
[0.464s] Level 5:colcon.colcon_core.verb:set package 'cartographer_rviz' build argument 'cmake_target_skip_unavailable' from command line to 'False'
[0.464s] Level 5:colcon.colcon_core.verb:set package 'cartographer_rviz' build argument 'cmake_clean_cache' from command line to 'False'
[0.464s] Level 5:colcon.colcon_core.verb:set package 'cartographer_rviz' build argument 'cmake_clean_first' from command line to 'False'
[0.464s] Level 5:colcon.colcon_core.verb:set package 'cartographer_rviz' build argument 'cmake_force_configure' from command line to 'False'
[0.464s] Level 5:colcon.colcon_core.verb:set package 'cartographer_rviz' build argument 'ament_cmake_args' from command line to 'None'
[0.464s] Level 5:colcon.colcon_core.verb:set package 'cartographer_rviz' build argument 'catkin_cmake_args' from command line to 'None'
[0.464s] Level 5:colcon.colcon_core.verb:set package 'cartographer_rviz' build argument 'catkin_skip_building_tests' from command line to 'False'
[0.464s] DEBUG:colcon.colcon_core.verb:Building package 'cartographer_rviz' with the following arguments: {'ament_cmake_args': None, 'build_base': '/home/user/cartographer_ws/build/cartographer_rviz', 'catkin_cmake_args': None, 'catkin_skip_building_tests': False, 'cmake_args': None, 'cmake_clean_cache': False, 'cmake_clean_first': False, 'cmake_force_configure': False, 'cmake_target': None, 'cmake_target_skip_unavailable': False, 'install_base': '/home/user/cartographer_ws/install/cartographer_rviz', 'merge_install': False, 'path': '/home/user/cartographer_ws/src/cartographer_ros/cartographer_rviz', 'symlink_install': True, 'test_result_base': None}
[0.464s] INFO:colcon.colcon_core.executor:Executing jobs using 'parallel' executor
[0.466s] DEBUG:colcon.colcon_parallel_executor.executor.parallel:run_until_complete
[0.466s] INFO:colcon.colcon_ros.task.cmake.build:Building ROS package in '/home/user/cartographer_ws/src/cartographer' with build type 'cmake'
[0.466s] INFO:colcon.colcon_cmake.task.cmake.build:Building CMake package in '/home/user/cartographer_ws/src/cartographer'
[0.470s] INFO:colcon.colcon_core.plugin_system:Skipping extension 'colcon_core.shell.bat': Not used on non-Windows systems
[0.470s] INFO:colcon.colcon_core.shell:Skip shell extension 'powershell' for command environment: Not usable outside of PowerShell
[0.470s] DEBUG:colcon.colcon_core.shell:Skip shell extension 'dsv' for command environment
[0.477s] INFO:colcon.colcon_ros.task.ament_cmake.build:Building ROS package in '/home/user/cartographer_ws/src/cartographer_ros/cartographer_ros_msgs' with build type 'ament_cmake'
[0.478s] INFO:colcon.colcon_cmake.task.cmake.build:Building CMake package in '/home/user/cartographer_ws/src/cartographer_ros/cartographer_ros_msgs'
[0.478s] INFO:colcon.colcon_core.shell:Skip shell extension 'powershell' for command environment: Not usable outside of PowerShell
[0.478s] DEBUG:colcon.colcon_core.shell:Skip shell extension 'dsv' for command environment
[0.493s] DEBUG:colcon.colcon_core.event_handler.log_command:Invoking command in '/home/user/cartographer_ws/build/cartographer': CMAKE_PREFIX_PATH=${CMAKE_PREFIX_PATH}:/opt/ros/humble /usr/bin/cmake --build /home/user/cartographer_ws/build/cartographer -- -j8 -l8
[0.498s] DEBUG:colcon.colcon_core.event_handler.log_command:Invoking command in '/home/user/cartographer_ws/build/cartographer_ros_msgs': CMAKE_PREFIX_PATH=${CMAKE_PREFIX_PATH}:/opt/ros/humble /usr/bin/cmake --build /home/user/cartographer_ws/build/cartographer_ros_msgs -- -j8 -l8
[1.138s] DEBUG:colcon.colcon_core.event_handler.log_command:Invoked command in '/home/user/cartographer_ws/build/cartographer_ros_msgs' returned '0': CMAKE_PREFIX_PATH=${CMAKE_PREFIX_PATH}:/opt/ros/humble /usr/bin/cmake --build /home/user/cartographer_ws/build/cartographer_ros_msgs -- -j8 -l8
[1.976s] DEBUG:colcon.colcon_core.event_handler.log_command:Invoked command in '/home/user/cartographer_ws/build/cartographer' returned '0': CMAKE_PREFIX_PATH=${CMAKE_PREFIX_PATH}:/opt/ros/humble /usr/bin/cmake --build /home/user/cartographer_ws/build/cartographer -- -j8 -l8
[2.095s] DEBUG:colcon.colcon_core.event_handler.log_command:Invoking command in '/home/user/cartographer_ws/build/cartographer_ros_msgs': CMAKE_PREFIX_PATH=${CMAKE_PREFIX_PATH}:/opt/ros/humble /usr/bin/cmake --install /home/user/cartographer_ws/build/cartographer_ros_msgs
[2.306s] Level 1:colcon.colcon_core.environment:create_environment_scripts_only(cartographer_ros_msgs)
[2.307s] DEBUG:colcon.colcon_core.event_handler.log_command:Invoked command in '/home/user/cartographer_ws/build/cartographer_ros_msgs' returned '0': CMAKE_PREFIX_PATH=${CMAKE_PREFIX_PATH}:/opt/ros/humble /usr/bin/cmake --install /home/user/cartographer_ws/build/cartographer_ros_msgs
[2.310s] Level 1:colcon.colcon_core.environment:checking '/home/user/cartographer_ws/install/cartographer_ros_msgs' for CMake module files
[2.311s] Level 1:colcon.colcon_core.environment:checking '/home/user/cartographer_ws/install/cartographer_ros_msgs' for CMake config files
[2.311s] Level 1:colcon.colcon_core.shell:create_environment_hook('cartographer_ros_msgs', 'cmake_prefix_path')
[2.311s] INFO:colcon.colcon_core.shell:Creating environment hook '/home/user/cartographer_ws/install/cartographer_ros_msgs/share/cartographer_ros_msgs/hook/cmake_prefix_path.ps1'
[2.312s] INFO:colcon.colcon_core.shell:Creating environment descriptor '/home/user/cartographer_ws/install/cartographer_ros_msgs/share/cartographer_ros_msgs/hook/cmake_prefix_path.dsv'
[2.313s] INFO:colcon.colcon_core.shell:Creating environment hook '/home/user/cartographer_ws/install/cartographer_ros_msgs/share/cartographer_ros_msgs/hook/cmake_prefix_path.sh'
[2.314s] Level 1:colcon.colcon_core.environment:checking '/home/user/cartographer_ws/install/cartographer_ros_msgs/lib'
[2.314s] Level 1:colcon.colcon_core.shell:create_environment_hook('cartographer_ros_msgs', 'ld_library_path_lib')
[2.314s] INFO:colcon.colcon_core.shell:Creating environment hook '/home/user/cartographer_ws/install/cartographer_ros_msgs/share/cartographer_ros_msgs/hook/ld_library_path_lib.ps1'
[2.315s] INFO:colcon.colcon_core.shell:Creating environment descriptor '/home/user/cartographer_ws/install/cartographer_ros_msgs/share/cartographer_ros_msgs/hook/ld_library_path_lib.dsv'
[2.316s] INFO:colcon.colcon_core.shell:Creating environment hook '/home/user/cartographer_ws/install/cartographer_ros_msgs/share/cartographer_ros_msgs/hook/ld_library_path_lib.sh'
[2.317s] Level 1:colcon.colcon_core.environment:checking '/home/user/cartographer_ws/install/cartographer_ros_msgs/bin'
[2.317s] Level 1:colcon.colcon_core.environment:checking '/home/user/cartographer_ws/install/cartographer_ros_msgs/lib/pkgconfig/cartographer_ros_msgs.pc'
[2.318s] Level 1:colcon.colcon_core.environment:checking '/home/user/cartographer_ws/install/cartographer_ros_msgs/lib/python3.10/site-packages'
[2.318s] Level 1:colcon.colcon_core.environment:checking '/home/user/cartographer_ws/install/cartographer_ros_msgs/bin'
[2.319s] INFO:colcon.colcon_core.shell:Creating package script '/home/user/cartographer_ws/install/cartographer_ros_msgs/share/cartographer_ros_msgs/package.ps1'
[2.320s] INFO:colcon.colcon_core.shell:Creating package descriptor '/home/user/cartographer_ws/install/cartographer_ros_msgs/share/cartographer_ros_msgs/package.dsv'
[2.321s] INFO:colcon.colcon_core.shell:Creating package script '/home/user/cartographer_ws/install/cartographer_ros_msgs/share/cartographer_ros_msgs/package.sh'
[2.322s] INFO:colcon.colcon_core.shell:Creating package script '/home/user/cartographer_ws/install/cartographer_ros_msgs/share/cartographer_ros_msgs/package.bash'
[2.324s] INFO:colcon.colcon_core.shell:Creating package script '/home/user/cartographer_ws/install/cartographer_ros_msgs/share/cartographer_ros_msgs/package.zsh'
[2.325s] Level 1:colcon.colcon_core.environment:create_file_with_runtime_dependencies(/home/user/cartographer_ws/install/cartographer_ros_msgs/share/colcon-core/packages/cartographer_ros_msgs)
[2.955s] Level 1:colcon.colcon_core.environment:create_environment_scripts_only(cartographer_ros_msgs)
[2.955s] Level 1:colcon.colcon_core.environment:checking '/home/user/cartographer_ws/install/cartographer_ros_msgs' for CMake module files
[2.957s] Level 1:colcon.colcon_core.environment:checking '/home/user/cartographer_ws/install/cartographer_ros_msgs' for CMake config files
[2.957s] Level 1:colcon.colcon_core.shell:create_environment_hook('cartographer_ros_msgs', 'cmake_prefix_path')
[2.958s] INFO:colcon.colcon_core.shell:Creating environment hook '/home/user/cartographer_ws/install/cartographer_ros_msgs/share/cartographer_ros_msgs/hook/cmake_prefix_path.ps1'
[2.959s] INFO:colcon.colcon_core.shell:Creating environment descriptor '/home/user/cartographer_ws/install/cartographer_ros_msgs/share/cartographer_ros_msgs/hook/cmake_prefix_path.dsv'
[2.959s] INFO:colcon.colcon_core.shell:Creating environment hook '/home/user/cartographer_ws/install/cartographer_ros_msgs/share/cartographer_ros_msgs/hook/cmake_prefix_path.sh'
[2.961s] Level 1:colcon.colcon_core.environment:checking '/home/user/cartographer_ws/install/cartographer_ros_msgs/lib'
[2.961s] Level 1:colcon.colcon_core.shell:create_environment_hook('cartographer_ros_msgs', 'ld_library_path_lib')
[2.961s] INFO:colcon.colcon_core.shell:Creating environment hook '/home/user/cartographer_ws/install/cartographer_ros_msgs/share/cartographer_ros_msgs/hook/ld_library_path_lib.ps1'
[2.962s] INFO:colcon.colcon_core.shell:Creating environment descriptor '/home/user/cartographer_ws/install/cartographer_ros_msgs/share/cartographer_ros_msgs/hook/ld_library_path_lib.dsv'
[2.963s] INFO:colcon.colcon_core.shell:Creating environment hook '/home/user/cartographer_ws/install/cartographer_ros_msgs/share/cartographer_ros_msgs/hook/ld_library_path_lib.sh'
[2.964s] Level 1:colcon.colcon_core.environment:checking '/home/user/cartographer_ws/install/cartographer_ros_msgs/bin'
[2.964s] Level 1:colcon.colcon_core.environment:checking '/home/user/cartographer_ws/install/cartographer_ros_msgs/lib/pkgconfig/cartographer_ros_msgs.pc'
[2.964s] Level 1:colcon.colcon_core.environment:checking '/home/user/cartographer_ws/install/cartographer_ros_msgs/lib/python3.10/site-packages'
[2.965s] Level 1:colcon.colcon_core.environment:checking '/home/user/cartographer_ws/install/cartographer_ros_msgs/bin'
[2.965s] INFO:colcon.colcon_core.shell:Creating package script '/home/user/cartographer_ws/install/cartographer_ros_msgs/share/cartographer_ros_msgs/package.ps1'
[2.966s] INFO:colcon.colcon_core.shell:Creating package descriptor '/home/user/cartographer_ws/install/cartographer_ros_msgs/share/cartographer_ros_msgs/package.dsv'
[2.967s] INFO:colcon.colcon_core.shell:Creating package script '/home/user/cartographer_ws/install/cartographer_ros_msgs/share/cartographer_ros_msgs/package.sh'
[2.968s] INFO:colcon.colcon_core.shell:Creating package script '/home/user/cartographer_ws/install/cartographer_ros_msgs/share/cartographer_ros_msgs/package.bash'
[2.969s] INFO:colcon.colcon_core.shell:Creating package script '/home/user/cartographer_ws/install/cartographer_ros_msgs/share/cartographer_ros_msgs/package.zsh'
[2.970s] Level 1:colcon.colcon_core.environment:create_file_with_runtime_dependencies(/home/user/cartographer_ws/install/cartographer_ros_msgs/share/colcon-core/packages/cartographer_ros_msgs)
[3.072s] DEBUG:colcon.colcon_core.event_handler.log_command:Invoking command in '/home/user/cartographer_ws/build/cartographer': CMAKE_PREFIX_PATH=${CMAKE_PREFIX_PATH}:/opt/ros/humble /usr/bin/cmake --install /home/user/cartographer_ws/build/cartographer
[3.105s] DEBUG:colcon.colcon_core.event_handler.log_command:Invoked command in '/home/user/cartographer_ws/build/cartographer' returned '0': CMAKE_PREFIX_PATH=${CMAKE_PREFIX_PATH}:/opt/ros/humble /usr/bin/cmake --install /home/user/cartographer_ws/build/cartographer
[3.968s] Level 1:colcon.colcon_core.shell:create_environment_hook('cartographer', 'pkg_config_path')
[3.968s] INFO:colcon.colcon_core.shell:Creating environment hook '/home/user/cartographer_ws/install/cartographer/share/cartographer/hook/pkg_config_path.ps1'
[3.969s] INFO:colcon.colcon_core.shell:Creating environment descriptor '/home/user/cartographer_ws/install/cartographer/share/cartographer/hook/pkg_config_path.dsv'
[3.969s] INFO:colcon.colcon_core.shell:Creating environment hook '/home/user/cartographer_ws/install/cartographer/share/cartographer/hook/pkg_config_path.sh'
[3.972s] Level 1:colcon.colcon_core.shell:create_environment_hook('cartographer', 'pkg_config_path_multiarch')
[3.972s] INFO:colcon.colcon_core.shell:Creating environment hook '/home/user/cartographer_ws/install/cartographer/share/cartographer/hook/pkg_config_path_multiarch.ps1'
[3.973s] INFO:colcon.colcon_core.shell:Creating environment descriptor '/home/user/cartographer_ws/install/cartographer/share/cartographer/hook/pkg_config_path_multiarch.dsv'
[3.973s] INFO:colcon.colcon_core.shell:Creating environment hook '/home/user/cartographer_ws/install/cartographer/share/cartographer/hook/pkg_config_path_multiarch.sh'
[3.974s] Level 1:colcon.colcon_core.environment:create_environment_scripts_only(cartographer)
[3.974s] Level 1:colcon.colcon_core.environment:checking '/home/user/cartographer_ws/install/cartographer' for CMake module files
[3.975s] Level 1:colcon.colcon_core.environment:checking '/home/user/cartographer_ws/install/cartographer' for CMake config files
[3.975s] Level 1:colcon.colcon_core.shell:create_environment_hook('cartographer', 'cmake_prefix_path')
[3.975s] INFO:colcon.colcon_core.shell:Creating environment hook '/home/user/cartographer_ws/install/cartographer/share/cartographer/hook/cmake_prefix_path.ps1'
[3.976s] INFO:colcon.colcon_core.shell:Creating environment descriptor '/home/user/cartographer_ws/install/cartographer/share/cartographer/hook/cmake_prefix_path.dsv'
[3.977s] INFO:colcon.colcon_core.shell:Creating environment hook '/home/user/cartographer_ws/install/cartographer/share/cartographer/hook/cmake_prefix_path.sh'
[3.977s] Level 1:colcon.colcon_core.environment:checking '/home/user/cartographer_ws/install/cartographer/lib'
[3.978s] Level 1:colcon.colcon_core.environment:checking '/home/user/cartographer_ws/install/cartographer/bin'
[3.978s] Level 1:colcon.colcon_core.shell:create_environment_hook('cartographer', 'path')
[3.978s] INFO:colcon.colcon_core.shell:Creating environment hook '/home/user/cartographer_ws/install/cartographer/share/cartographer/hook/path.ps1'
[3.978s] INFO:colcon.colcon_core.shell:Creating environment descriptor '/home/user/cartographer_ws/install/cartographer/share/cartographer/hook/path.dsv'
[3.979s] INFO:colcon.colcon_core.shell:Creating environment hook '/home/user/cartographer_ws/install/cartographer/share/cartographer/hook/path.sh'
[3.979s] Level 1:colcon.colcon_core.environment:checking '/home/user/cartographer_ws/install/cartographer/lib/pkgconfig/cartographer.pc'
[3.979s] Level 1:colcon.colcon_core.environment:checking '/home/user/cartographer_ws/install/cartographer/lib/python3.10/site-packages'
[3.980s] Level 1:colcon.colcon_core.environment:checking '/home/user/cartographer_ws/install/cartographer/bin'
[3.980s] Level 1:colcon.colcon_core.shell:create_environment_hook('cartographer', 'pythonscriptspath')
[3.980s] INFO:colcon.colcon_core.shell:Creating environment hook '/home/user/cartographer_ws/install/cartographer/share/cartographer/hook/pythonscriptspath.ps1'
[3.980s] INFO:colcon.colcon_core.shell:Creating environment descriptor '/home/user/cartographer_ws/install/cartographer/share/cartographer/hook/pythonscriptspath.dsv'
[3.980s] INFO:colcon.colcon_core.shell:Creating environment hook '/home/user/cartographer_ws/install/cartographer/share/cartographer/hook/pythonscriptspath.sh'
[3.981s] INFO:colcon.colcon_core.shell:Creating package script '/home/user/cartographer_ws/install/cartographer/share/cartographer/package.ps1'
[3.982s] INFO:colcon.colcon_core.shell:Creating package descriptor '/home/user/cartographer_ws/install/cartographer/share/cartographer/package.dsv'
[3.982s] INFO:colcon.colcon_core.shell:Creating package script '/home/user/cartographer_ws/install/cartographer/share/cartographer/package.sh'
[3.983s] INFO:colcon.colcon_core.shell:Creating package script '/home/user/cartographer_ws/install/cartographer/share/cartographer/package.bash'
[3.983s] INFO:colcon.colcon_core.shell:Creating package script '/home/user/cartographer_ws/install/cartographer/share/cartographer/package.zsh'
[3.983s] Level 1:colcon.colcon_core.environment:create_file_with_runtime_dependencies(/home/user/cartographer_ws/install/cartographer/share/colcon-core/packages/cartographer)
[3.984s] INFO:colcon.colcon_ros.task.ament_cmake.build:Building ROS package in '/home/user/cartographer_ws/src/cartographer_ros/cartographer_ros' with build type 'ament_cmake'
[3.984s] INFO:colcon.colcon_cmake.task.cmake.build:Building CMake package in '/home/user/cartographer_ws/src/cartographer_ros/cartographer_ros'
[3.984s] INFO:colcon.colcon_core.shell:Skip shell extension 'powershell' for command environment: Not usable outside of PowerShell
[3.984s] DEBUG:colcon.colcon_core.shell:Skip shell extension 'dsv' for command environment
[3.998s] DEBUG:colcon.colcon_core.event_handler.log_command:Invoking command in '/home/user/cartographer_ws/build/cartographer_ros': CMAKE_PREFIX_PATH=/home/user/cartographer_ws/install/cartographer_ros_msgs:/home/user/cartographer_ws/install/cartographer:/home/user/cartographer_ws/install/cartographer_rviz:/home/user/cartographer_ws/install/cartographer_ros:/opt/ros/humble LD_LIBRARY_PATH=/home/user/cartographer_ws/install/cartographer_ros_msgs/lib:/home/user/cartographer_ws/install/cartographer_rviz/lib:/home/user/cartographer_ws/install/cartographer_ros/lib:/usr/lib/x86_64-linux-gnu/gazebo-11/plugins:/opt/ros/humble/opt/rviz_ogre_vendor/lib:/opt/ros/humble/lib/x86_64-linux-gnu:/opt/ros/humble/lib /usr/bin/cmake --build /home/user/cartographer_ws/build/cartographer_ros -- -j8 -l8
[4.195s] DEBUG:colcon.colcon_core.event_handler.log_command:Invoked command in '/home/user/cartographer_ws/build/cartographer_ros' returned '0': CMAKE_PREFIX_PATH=/home/user/cartographer_ws/install/cartographer_ros_msgs:/home/user/cartographer_ws/install/cartographer:/home/user/cartographer_ws/install/cartographer_rviz:/home/user/cartographer_ws/install/cartographer_ros:/opt/ros/humble LD_LIBRARY_PATH=/home/user/cartographer_ws/install/cartographer_ros_msgs/lib:/home/user/cartographer_ws/install/cartographer_rviz/lib:/home/user/cartographer_ws/install/cartographer_ros/lib:/usr/lib/x86_64-linux-gnu/gazebo-11/plugins:/opt/ros/humble/opt/rviz_ogre_vendor/lib:/opt/ros/humble/lib/x86_64-linux-gnu:/opt/ros/humble/lib /usr/bin/cmake --build /home/user/cartographer_ws/build/cartographer_ros -- -j8 -l8
[4.312s] DEBUG:colcon.colcon_core.event_handler.log_command:Invoking command in '/home/user/cartographer_ws/build/cartographer_ros': CMAKE_PREFIX_PATH=/home/user/cartographer_ws/install/cartographer_ros_msgs:/home/user/cartographer_ws/install/cartographer:/home/user/cartographer_ws/install/cartographer_rviz:/home/user/cartographer_ws/install/cartographer_ros:/opt/ros/humble LD_LIBRARY_PATH=/home/user/cartographer_ws/install/cartographer_ros_msgs/lib:/home/user/cartographer_ws/install/cartographer_rviz/lib:/home/user/cartographer_ws/install/cartographer_ros/lib:/usr/lib/x86_64-linux-gnu/gazebo-11/plugins:/opt/ros/humble/opt/rviz_ogre_vendor/lib:/opt/ros/humble/lib/x86_64-linux-gnu:/opt/ros/humble/lib /usr/bin/cmake --install /home/user/cartographer_ws/build/cartographer_ros
[4.351s] Level 1:colcon.colcon_core.environment:create_environment_scripts_only(cartographer_ros)
[4.351s] Level 1:colcon.colcon_core.environment:checking '/home/user/cartographer_ws/install/cartographer_ros' for CMake module files
[4.352s] DEBUG:colcon.colcon_core.event_handler.log_command:Invoked command in '/home/user/cartographer_ws/build/cartographer_ros' returned '0': CMAKE_PREFIX_PATH=/home/user/cartographer_ws/install/cartographer_ros_msgs:/home/user/cartographer_ws/install/cartographer:/home/user/cartographer_ws/install/cartographer_rviz:/home/user/cartographer_ws/install/cartographer_ros:/opt/ros/humble LD_LIBRARY_PATH=/home/user/cartographer_ws/install/cartographer_ros_msgs/lib:/home/user/cartographer_ws/install/cartographer_rviz/lib:/home/user/cartographer_ws/install/cartographer_ros/lib:/usr/lib/x86_64-linux-gnu/gazebo-11/plugins:/opt/ros/humble/opt/rviz_ogre_vendor/lib:/opt/ros/humble/lib/x86_64-linux-gnu:/opt/ros/humble/lib /usr/bin/cmake --install /home/user/cartographer_ws/build/cartographer_ros
[4.352s] Level 1:colcon.colcon_core.environment:checking '/home/user/cartographer_ws/install/cartographer_ros' for CMake config files
[4.353s] Level 1:colcon.colcon_core.shell:create_environment_hook('cartographer_ros', 'cmake_prefix_path')
[4.353s] INFO:colcon.colcon_core.shell:Creating environment hook '/home/user/cartographer_ws/install/cartographer_ros/share/cartographer_ros/hook/cmake_prefix_path.ps1'
[4.353s] INFO:colcon.colcon_core.shell:Creating environment descriptor '/home/user/cartographer_ws/install/cartographer_ros/share/cartographer_ros/hook/cmake_prefix_path.dsv'
[4.354s] INFO:colcon.colcon_core.shell:Creating environment hook '/home/user/cartographer_ws/install/cartographer_ros/share/cartographer_ros/hook/cmake_prefix_path.sh'
[4.354s] Level 1:colcon.colcon_core.environment:checking '/home/user/cartographer_ws/install/cartographer_ros/lib'
[4.354s] Level 1:colcon.colcon_core.environment:checking '/home/user/cartographer_ws/install/cartographer_ros/bin'
[4.354s] Level 1:colcon.colcon_core.environment:checking '/home/user/cartographer_ws/install/cartographer_ros/lib/pkgconfig/cartographer_ros.pc'
[4.355s] Level 1:colcon.colcon_core.environment:checking '/home/user/cartographer_ws/install/cartographer_ros/lib/python3.10/site-packages'
[4.355s] Level 1:colcon.colcon_core.environment:checking '/home/user/cartographer_ws/install/cartographer_ros/bin'
[4.355s] INFO:colcon.colcon_core.shell:Creating package script '/home/user/cartographer_ws/install/cartographer_ros/share/cartographer_ros/package.ps1'
[4.355s] INFO:colcon.colcon_core.shell:Creating package descriptor '/home/user/cartographer_ws/install/cartographer_ros/share/cartographer_ros/package.dsv'
[4.356s] INFO:colcon.colcon_core.shell:Creating package script '/home/user/cartographer_ws/install/cartographer_ros/share/cartographer_ros/package.sh'
[4.356s] INFO:colcon.colcon_core.shell:Creating package script '/home/user/cartographer_ws/install/cartographer_ros/share/cartographer_ros/package.bash'
[4.356s] INFO:colcon.colcon_core.shell:Creating package script '/home/user/cartographer_ws/install/cartographer_ros/share/cartographer_ros/package.zsh'
[4.357s] Level 1:colcon.colcon_core.environment:create_file_with_runtime_dependencies(/home/user/cartographer_ws/install/cartographer_ros/share/colcon-core/packages/cartographer_ros)
[4.467s] Level 1:colcon.colcon_core.environment:create_environment_scripts_only(cartographer_ros)
[4.467s] Level 1:colcon.colcon_core.environment:checking '/home/user/cartographer_ws/install/cartographer_ros' for CMake module files
[4.468s] Level 1:colcon.colcon_core.environment:checking '/home/user/cartographer_ws/install/cartographer_ros' for CMake config files
[4.468s] Level 1:colcon.colcon_core.shell:create_environment_hook('cartographer_ros', 'cmake_prefix_path')
[4.469s] INFO:colcon.colcon_core.shell:Creating environment hook '/home/user/cartographer_ws/install/cartographer_ros/share/cartographer_ros/hook/cmake_prefix_path.ps1'
[4.469s] INFO:colcon.colcon_core.shell:Creating environment descriptor '/home/user/cartographer_ws/install/cartographer_ros/share/cartographer_ros/hook/cmake_prefix_path.dsv'
[4.469s] INFO:colcon.colcon_core.shell:Creating environment hook '/home/user/cartographer_ws/install/cartographer_ros/share/cartographer_ros/hook/cmake_prefix_path.sh'
[4.470s] Level 1:colcon.colcon_core.environment:checking '/home/user/cartographer_ws/install/cartographer_ros/lib'
[4.470s] Level 1:colcon.colcon_core.environment:checking '/home/user/cartographer_ws/install/cartographer_ros/bin'
[4.470s] Level 1:colcon.colcon_core.environment:checking '/home/user/cartographer_ws/install/cartographer_ros/lib/pkgconfig/cartographer_ros.pc'
[4.470s] Level 1:colcon.colcon_core.environment:checking '/home/user/cartographer_ws/install/cartographer_ros/lib/python3.10/site-packages'
[4.470s] Level 1:colcon.colcon_core.environment:checking '/home/user/cartographer_ws/install/cartographer_ros/bin'
[4.471s] INFO:colcon.colcon_core.shell:Creating package script '/home/user/cartographer_ws/install/cartographer_ros/share/cartographer_ros/package.ps1'
[4.471s] INFO:colcon.colcon_core.shell:Creating package descriptor '/home/user/cartographer_ws/install/cartographer_ros/share/cartographer_ros/package.dsv'
[4.472s] INFO:colcon.colcon_core.shell:Creating package script '/home/user/cartographer_ws/install/cartographer_ros/share/cartographer_ros/package.sh'
[4.472s] INFO:colcon.colcon_core.shell:Creating package script '/home/user/cartographer_ws/install/cartographer_ros/share/cartographer_ros/package.bash'
[4.472s] INFO:colcon.colcon_core.shell:Creating package script '/home/user/cartographer_ws/install/cartographer_ros/share/cartographer_ros/package.zsh'
[4.473s] Level 1:colcon.colcon_core.environment:create_file_with_runtime_dependencies(/home/user/cartographer_ws/install/cartographer_ros/share/colcon-core/packages/cartographer_ros)
[4.473s] INFO:colcon.colcon_ros.task.ament_cmake.build:Building ROS package in '/home/user/cartographer_ws/src/cartographer_ros/cartographer_rviz' with build type 'ament_cmake'
[4.473s] INFO:colcon.colcon_cmake.task.cmake.build:Building CMake package in '/home/user/cartographer_ws/src/cartographer_ros/cartographer_rviz'
[4.474s] INFO:colcon.colcon_core.shell:Skip shell extension 'powershell' for command environment: Not usable outside of PowerShell
[4.474s] DEBUG:colcon.colcon_core.shell:Skip shell extension 'dsv' for command environment
[4.491s] DEBUG:colcon.colcon_core.event_handler.log_command:Invoking command in '/home/user/cartographer_ws/build/cartographer_rviz': CMAKE_PREFIX_PATH=/home/user/cartographer_ws/install/cartographer_ros:/home/user/cartographer_ws/install/cartographer_ros_msgs:/home/user/cartographer_ws/install/cartographer:/home/user/cartographer_ws/install/cartographer_rviz:/opt/ros/humble LD_LIBRARY_PATH=/home/user/cartographer_ws/install/cartographer_ros_msgs/lib:/home/user/cartographer_ws/install/cartographer_rviz/lib:/home/user/cartographer_ws/install/cartographer_ros/lib:/usr/lib/x86_64-linux-gnu/gazebo-11/plugins:/opt/ros/humble/opt/rviz_ogre_vendor/lib:/opt/ros/humble/lib/x86_64-linux-gnu:/opt/ros/humble/lib /usr/bin/cmake --build /home/user/cartographer_ws/build/cartographer_rviz -- -j8 -l8
[4.656s] DEBUG:colcon.colcon_core.event_handler.log_command:Invoked command in '/home/user/cartographer_ws/build/cartographer_rviz' returned '0': CMAKE_PREFIX_PATH=/home/user/cartographer_ws/install/cartographer_ros:/home/user/cartographer_ws/install/cartographer_ros_msgs:/home/user/cartographer_ws/install/cartographer:/home/user/cartographer_ws/install/cartographer_rviz:/opt/ros/humble LD_LIBRARY_PATH=/home/user/cartographer_ws/install/cartographer_ros_msgs/lib:/home/user/cartographer_ws/install/cartographer_rviz/lib:/home/user/cartographer_ws/install/cartographer_ros/lib:/usr/lib/x86_64-linux-gnu/gazebo-11/plugins:/opt/ros/humble/opt/rviz_ogre_vendor/lib:/opt/ros/humble/lib/x86_64-linux-gnu:/opt/ros/humble/lib /usr/bin/cmake --build /home/user/cartographer_ws/build/cartographer_rviz -- -j8 -l8
[4.700s] DEBUG:colcon.colcon_core.event_handler.log_command:Invoking command in '/home/user/cartographer_ws/build/cartographer_rviz': CMAKE_PREFIX_PATH=/home/user/cartographer_ws/install/cartographer_ros:/home/user/cartographer_ws/install/cartographer_ros_msgs:/home/user/cartographer_ws/install/cartographer:/home/user/cartographer_ws/install/cartographer_rviz:/opt/ros/humble LD_LIBRARY_PATH=/home/user/cartographer_ws/install/cartographer_ros_msgs/lib:/home/user/cartographer_ws/install/cartographer_rviz/lib:/home/user/cartographer_ws/install/cartographer_ros/lib:/usr/lib/x86_64-linux-gnu/gazebo-11/plugins:/opt/ros/humble/opt/rviz_ogre_vendor/lib:/opt/ros/humble/lib/x86_64-linux-gnu:/opt/ros/humble/lib /usr/bin/cmake --install /home/user/cartographer_ws/build/cartographer_rviz
[4.728s] Level 1:colcon.colcon_core.environment:create_environment_scripts_only(cartographer_rviz)
[4.729s] Level 1:colcon.colcon_core.environment:checking '/home/user/cartographer_ws/install/cartographer_rviz' for CMake module files
[4.730s] DEBUG:colcon.colcon_core.event_handler.log_command:Invoked command in '/home/user/cartographer_ws/build/cartographer_rviz' returned '0': CMAKE_PREFIX_PATH=/home/user/cartographer_ws/install/cartographer_ros:/home/user/cartographer_ws/install/cartographer_ros_msgs:/home/user/cartographer_ws/install/cartographer:/home/user/cartographer_ws/install/cartographer_rviz:/opt/ros/humble LD_LIBRARY_PATH=/home/user/cartographer_ws/install/cartographer_ros_msgs/lib:/home/user/cartographer_ws/install/cartographer_rviz/lib:/home/user/cartographer_ws/install/cartographer_ros/lib:/usr/lib/x86_64-linux-gnu/gazebo-11/plugins:/opt/ros/humble/opt/rviz_ogre_vendor/lib:/opt/ros/humble/lib/x86_64-linux-gnu:/opt/ros/humble/lib /usr/bin/cmake --install /home/user/cartographer_ws/build/cartographer_rviz
[4.730s] Level 1:colcon.colcon_core.environment:checking '/home/user/cartographer_ws/install/cartographer_rviz' for CMake config files
[4.731s] Level 1:colcon.colcon_core.shell:create_environment_hook('cartographer_rviz', 'cmake_prefix_path')
[4.731s] INFO:colcon.colcon_core.shell:Creating environment hook '/home/user/cartographer_ws/install/cartographer_rviz/share/cartographer_rviz/hook/cmake_prefix_path.ps1'
[4.732s] INFO:colcon.colcon_core.shell:Creating environment descriptor '/home/user/cartographer_ws/install/cartographer_rviz/share/cartographer_rviz/hook/cmake_prefix_path.dsv'
[4.732s] INFO:colcon.colcon_core.shell:Creating environment hook '/home/user/cartographer_ws/install/cartographer_rviz/share/cartographer_rviz/hook/cmake_prefix_path.sh'
[4.733s] Level 1:colcon.colcon_core.environment:checking '/home/user/cartographer_ws/install/cartographer_rviz/lib'
[4.733s] Level 1:colcon.colcon_core.shell:create_environment_hook('cartographer_rviz', 'ld_library_path_lib')
[4.733s] INFO:colcon.colcon_core.shell:Creating environment hook '/home/user/cartographer_ws/install/cartographer_rviz/share/cartographer_rviz/hook/ld_library_path_lib.ps1'
[4.734s] INFO:colcon.colcon_core.shell:Creating environment descriptor '/home/user/cartographer_ws/install/cartographer_rviz/share/cartographer_rviz/hook/ld_library_path_lib.dsv'
[4.734s] INFO:colcon.colcon_core.shell:Creating environment hook '/home/user/cartographer_ws/install/cartographer_rviz/share/cartographer_rviz/hook/ld_library_path_lib.sh'
[4.735s] Level 1:colcon.colcon_core.environment:checking '/home/user/cartographer_ws/install/cartographer_rviz/bin'
[4.735s] Level 1:colcon.colcon_core.environment:checking '/home/user/cartographer_ws/install/cartographer_rviz/lib/pkgconfig/cartographer_rviz.pc'
[4.735s] Level 1:colcon.colcon_core.environment:checking '/home/user/cartographer_ws/install/cartographer_rviz/lib/python3.10/site-packages'
[4.736s] Level 1:colcon.colcon_core.environment:checking '/home/user/cartographer_ws/install/cartographer_rviz/bin'
[4.736s] INFO:colcon.colcon_core.shell:Creating package script '/home/user/cartographer_ws/install/cartographer_rviz/share/cartographer_rviz/package.ps1'
[4.737s] INFO:colcon.colcon_core.shell:Creating package descriptor '/home/user/cartographer_ws/install/cartographer_rviz/share/cartographer_rviz/package.dsv'
[4.737s] INFO:colcon.colcon_core.shell:Creating package script '/home/user/cartographer_ws/install/cartographer_rviz/share/cartographer_rviz/package.sh'
[4.738s] INFO:colcon.colcon_core.shell:Creating package script '/home/user/cartographer_ws/install/cartographer_rviz/share/cartographer_rviz/package.bash'
[4.738s] INFO:colcon.colcon_core.shell:Creating package script '/home/user/cartographer_ws/install/cartographer_rviz/share/cartographer_rviz/package.zsh'
[4.739s] Level 1:colcon.colcon_core.environment:create_file_with_runtime_dependencies(/home/user/cartographer_ws/install/cartographer_rviz/share/colcon-core/packages/cartographer_rviz)
[4.780s] Level 1:colcon.colcon_core.environment:create_environment_scripts_only(cartographer_rviz)
[4.780s] Level 1:colcon.colcon_core.environment:checking '/home/user/cartographer_ws/install/cartographer_rviz' for CMake module files
[4.780s] Level 1:colcon.colcon_core.environment:checking '/home/user/cartographer_ws/install/cartographer_rviz' for CMake config files
[4.781s] Level 1:colcon.colcon_core.shell:create_environment_hook('cartographer_rviz', 'cmake_prefix_path')
[4.781s] INFO:colcon.colcon_core.shell:Creating environment hook '/home/user/cartographer_ws/install/cartographer_rviz/share/cartographer_rviz/hook/cmake_prefix_path.ps1'
[4.781s] INFO:colcon.colcon_core.shell:Creating environment descriptor '/home/user/cartographer_ws/install/cartographer_rviz/share/cartographer_rviz/hook/cmake_prefix_path.dsv'
[4.782s] INFO:colcon.colcon_core.shell:Creating environment hook '/home/user/cartographer_ws/install/cartographer_rviz/share/cartographer_rviz/hook/cmake_prefix_path.sh'
[4.782s] Level 1:colcon.colcon_core.environment:checking '/home/user/cartographer_ws/install/cartographer_rviz/lib'
[4.782s] Level 1:colcon.colcon_core.shell:create_environment_hook('cartographer_rviz', 'ld_library_path_lib')
[4.782s] INFO:colcon.colcon_core.shell:Creating environment hook '/home/user/cartographer_ws/install/cartographer_rviz/share/cartographer_rviz/hook/ld_library_path_lib.ps1'
[4.783s] INFO:colcon.colcon_core.shell:Creating environment descriptor '/home/user/cartographer_ws/install/cartographer_rviz/share/cartographer_rviz/hook/ld_library_path_lib.dsv'
[4.783s] INFO:colcon.colcon_core.shell:Creating environment hook '/home/user/cartographer_ws/install/cartographer_rviz/share/cartographer_rviz/hook/ld_library_path_lib.sh'
[4.783s] Level 1:colcon.colcon_core.environment:checking '/home/user/cartographer_ws/install/cartographer_rviz/bin'
[4.784s] Level 1:colcon.colcon_core.environment:checking '/home/user/cartographer_ws/install/cartographer_rviz/lib/pkgconfig/cartographer_rviz.pc'
[4.784s] Level 1:colcon.colcon_core.environment:checking '/home/user/cartographer_ws/install/cartographer_rviz/lib/python3.10/site-packages'
[4.784s] Level 1:colcon.colcon_core.environment:checking '/home/user/cartographer_ws/install/cartographer_rviz/bin'
[4.784s] INFO:colcon.colcon_core.shell:Creating package script '/home/user/cartographer_ws/install/cartographer_rviz/share/cartographer_rviz/package.ps1'
[4.785s] INFO:colcon.colcon_core.shell:Creating package descriptor '/home/user/cartographer_ws/install/cartographer_rviz/share/cartographer_rviz/package.dsv'
[4.785s] INFO:colcon.colcon_core.shell:Creating package script '/home/user/cartographer_ws/install/cartographer_rviz/share/cartographer_rviz/package.sh'
[4.786s] INFO:colcon.colcon_core.shell:Creating package script '/home/user/cartographer_ws/install/cartographer_rviz/share/cartographer_rviz/package.bash'
[4.786s] INFO:colcon.colcon_core.shell:Creating package script '/home/user/cartographer_ws/install/cartographer_rviz/share/cartographer_rviz/package.zsh'
[4.787s] Level 1:colcon.colcon_core.environment:create_file_with_runtime_dependencies(/home/user/cartographer_ws/install/cartographer_rviz/share/colcon-core/packages/cartographer_rviz)
[4.787s] DEBUG:colcon.colcon_parallel_executor.executor.parallel:closing loop
[4.787s] DEBUG:colcon.colcon_parallel_executor.executor.parallel:loop closed
[4.787s] DEBUG:colcon.colcon_parallel_executor.executor.parallel:run_until_complete finished with '0'
[4.788s] DEBUG:colcon.colcon_core.event_reactor:joining thread
[4.793s] INFO:colcon.colcon_core.plugin_system:Skipping extension 'colcon_notification.desktop_notification.terminal_notifier': Not used on non-Darwin systems
[4.793s] INFO:colcon.colcon_core.plugin_system:Skipping extension 'colcon_notification.desktop_notification.win32': Not used on non-Windows systems
[4.793s] INFO:colcon.colcon_notification.desktop_notification:Sending desktop notification using 'notify2'
[4.804s] DEBUG:colcon.colcon_core.event_reactor:joined thread
[4.805s] INFO:colcon.colcon_core.shell:Creating prefix script '/home/user/cartographer_ws/install/local_setup.ps1'
[4.806s] INFO:colcon.colcon_core.shell:Creating prefix util module '/home/user/cartographer_ws/install/_local_setup_util_ps1.py'
[4.808s] INFO:colcon.colcon_core.shell:Creating prefix chain script '/home/user/cartographer_ws/install/setup.ps1'
[4.810s] INFO:colcon.colcon_core.shell:Creating prefix script '/home/user/cartographer_ws/install/local_setup.sh'
[4.810s] INFO:colcon.colcon_core.shell:Creating prefix util module '/home/user/cartographer_ws/install/_local_setup_util_sh.py'
[4.811s] INFO:colcon.colcon_core.shell:Creating prefix chain script '/home/user/cartographer_ws/install/setup.sh'
[4.812s] INFO:colcon.colcon_core.shell:Creating prefix script '/home/user/cartographer_ws/install/local_setup.bash'
[4.813s] INFO:colcon.colcon_core.shell:Creating prefix chain script '/home/user/cartographer_ws/install/setup.bash'
[4.814s] INFO:colcon.colcon_core.shell:Creating prefix script '/home/user/cartographer_ws/install/local_setup.zsh'
[4.815s] INFO:colcon.colcon_core.shell:Creating prefix chain script '/home/user/cartographer_ws/install/setup.zsh'
