[0.037s] Invoking command in '/home/user/cartographer_ws/build/cartographer_rviz': CMAKE_PREFIX_PATH=/home/user/cartographer_ws/install/cartographer_ros:/home/user/cartographer_ws/install/cartographer_ros_msgs:/home/user/cartographer_ws/install/cartographer:/home/user/cartographer_ws/install/cartographer_rviz:/home/user/slam_ws/install/turtlebot3:/home/user/slam_ws/install/turtlebot3_simulations:/home/user/slam_ws/install/turtlebot3_bringup:/home/user/slam_ws/install/turtlebot3_node:/home/user/slam_ws/install/turtlebot3_navigation2:/home/user/slam_ws/install/turtlebot3_fake_node:/home/user/slam_ws/install/turtlebot3_msgs:/home/user/slam_ws/install/turtlebot3_gazebo:/home/user/slam_ws/install/turtlebot3_description:/home/user/slam_ws/install/turtlebot3_cartographer:/home/user/slam_ws/install/ld08_driver:/home/user/slam_ws/install/hls_lfcd_lds_driver:/home/user/slam_ws/install/dynamixel_sdk_examples:/home/user/slam_ws/install/dynamixel_sdk_custom_interfaces:/home/user/slam_ws/install/dynamixel_sdk:/home/user/slam_ws/install/cartographer_rviz:/home/user/slam_ws/install/cartographer_ros:/home/user/slam_ws/install/cartographer_ros_msgs:/home/user/slam_ws/install/cartographer:/home/user/slam_ws/install/turtlebot3_teleop:/home/user/slam_ws/install/turtlebot3_example:/opt/ros/humble LD_LIBRARY_PATH=/home/user/cartographer_ws/install/cartographer_ros_msgs/lib:/home/user/cartographer_ws/install/cartographer_rviz/lib:/home/user/cartographer_ws/install/cartographer_ros/lib:/home/user/slam_ws/install/turtlebot3_msgs/lib:/home/user/slam_ws/install/dynamixel_sdk_custom_interfaces/lib:/home/user/slam_ws/install/dynamixel_sdk/lib:/home/user/slam_ws/install/cartographer_rviz/lib:/home/user/slam_ws/install/cartographer_ros/lib:/home/user/slam_ws/install/cartographer_ros_msgs/lib:/usr/lib/x86_64-linux-gnu/gazebo-11/plugins:/opt/ros/humble/opt/rviz_ogre_vendor/lib:/opt/ros/humble/lib/x86_64-linux-gnu:/opt/ros/humble/lib /usr/bin/cmake /home/user/cartographer_ws/src/cartographer_ros/cartographer_rviz -DCMAKE_INSTALL_PREFIX=/home/user/cartographer_ws/install/cartographer_rviz
[0.162s] -- Found ament_cmake: 1.3.9 (/opt/ros/humble/share/ament_cmake/cmake)
[0.359s] -- Found required Ceres dependency: Eigen version 3.4.0 in /usr/include/eigen3
[0.380s] -- Found required Ceres dependency: glog
[0.383s] -- Found required Ceres dependency: gflags
[0.385s] -- Found Ceres version: 2.0.0 installed in: /usr with components: [EigenSparse, SparseLinearAlgebraLibrary, LAPACK, SuiteSparse, CXSparse, SchurSpecializations, Multithreading]
[0.406s] -- Build type: Release
[0.444s] -- Found cartographer_ros: 2.0.9003 (/home/user/cartographer_ws/install/cartographer_ros/share/cartographer_ros/cmake)
[0.494s] -- Found rosidl_generator_c: 3.1.5 (/opt/ros/humble/share/rosidl_generator_c/cmake)
[0.498s] -- Found rosidl_adapter: 3.1.5 (/opt/ros/humble/share/rosidl_adapter/cmake)
[0.507s] -- Found rosidl_generator_cpp: 3.1.5 (/opt/ros/humble/share/rosidl_generator_cpp/cmake)
[0.523s] -- Using all available rosidl_typesupport_c: rosidl_typesupport_fastrtps_c;rosidl_typesupport_introspection_c
[0.548s] -- Using all available rosidl_typesupport_cpp: rosidl_typesupport_fastrtps_cpp;rosidl_typesupport_introspection_cpp
[1.021s] -- Found rmw_implementation_cmake: 6.1.2 (/opt/ros/humble/share/rmw_implementation_cmake/cmake)
[1.024s] -- Found rmw_fastrtps_cpp: 6.2.6 (/opt/ros/humble/share/rmw_fastrtps_cpp/cmake)
[1.213s] -- Using RMW implementation 'rmw_fastrtps_cpp' as default
[2.644s] -- Found rviz_common: 11.2.12 (/opt/ros/humble/share/rviz_common/cmake)
[2.669s] -- Setting OGRE_DIR to: '/opt/ros/humble/share/rviz_ogre_vendor/cmake/../../../opt/rviz_ogre_vendor/lib/OGRE/cmake'
[2.671s] -- Found OGRE
[2.671s] --   static     : OFF
[2.671s] --   components : HLMS;MeshLodGenerator;Overlay;Paging;Property;RTShaderSystem;Terrain;Volume
[2.671s] --   plugins    : Plugin_BSPSceneManager;Plugin_OctreeSceneManager;Plugin_PCZSceneManager;Plugin_ParticleFX;RenderSystem_GL;RenderSystem_GL3Plus;Codec_STBI
[2.671s] --   media      : /opt/ros/humble/opt/rviz_ogre_vendor/share/OGRE/Media
[2.671s] -- OGRE_LIBRARIES: OgreHLMS;OgreMeshLodGenerator;OgreOverlay;OgrePaging;OgreProperty;OgreRTShaderSystem;OgreTerrain;OgreVolume;OgreMain
[2.672s] -- OGRE_LIBRARY_DIRS: /opt/ros/humble/opt/rviz_ogre_vendor/lib
[2.672s] -- OGRE_PLUGINS: Plugin_BSPSceneManager;Plugin_OctreeSceneManager;Plugin_PCZSceneManager;Plugin_ParticleFX;RenderSystem_GL;RenderSystem_GL3Plus;Codec_STBI
[2.672s] -- OGRE_PLUGIN_DIR: /opt/ros/humble/opt/rviz_ogre_vendor/lib/OGRE
[2.672s] -- rviz_ogre_vendor::OgreOverlay for IMPORTED_LOCATION_RELEASE: /opt/ros/humble/opt/rviz_ogre_vendor/lib/libOgreOverlay.so
[2.672s] -- rviz_ogre_vendor::OgreOverlay for IMPORTED_LOCATION_DEBUG: /opt/ros/humble/opt/rviz_ogre_vendor/lib/libOgreOverlay.so
[2.672s] -- rviz_ogre_vendor::OgreMain for IMPORTED_LOCATION_RELEASE: /opt/ros/humble/opt/rviz_ogre_vendor/lib/libOgreMain.so
[2.672s] -- rviz_ogre_vendor::OgreMain for IMPORTED_LOCATION_DEBUG: /opt/ros/humble/opt/rviz_ogre_vendor/lib/libOgreMain.so
[2.745s] -- rviz_ogre_vendor::RenderSystem_GL for IMPORTED_LOCATION_RELEASE: _render_system_gl_static_library_abs-NOTFOUND
[2.745s] -- rviz_ogre_vendor::RenderSystem_GL for IMPORTED_LOCATION_DEBUG: _render_system_gl_static_library_abs-NOTFOUND
[2.791s] -- library: /usr/lib/x86_64-linux-gnu/libcurl.so
[2.846s] -- Ensuring Eigen3 include directory is part of orocos-kdl CMake target
[3.593s] -- Deploy OGRE media
[3.597s] -- Configuring done
[3.755s] -- Generating done
[3.758s] -- Build files have been written to: /home/user/cartographer_ws/build/cartographer_rviz
[3.773s] Invoked command in '/home/user/cartographer_ws/build/cartographer_rviz' returned '0': CMAKE_PREFIX_PATH=/home/user/cartographer_ws/install/cartographer_ros:/home/user/cartographer_ws/install/cartographer_ros_msgs:/home/user/cartographer_ws/install/cartographer:/home/user/cartographer_ws/install/cartographer_rviz:/home/user/slam_ws/install/turtlebot3:/home/user/slam_ws/install/turtlebot3_simulations:/home/user/slam_ws/install/turtlebot3_bringup:/home/user/slam_ws/install/turtlebot3_node:/home/user/slam_ws/install/turtlebot3_navigation2:/home/user/slam_ws/install/turtlebot3_fake_node:/home/user/slam_ws/install/turtlebot3_msgs:/home/user/slam_ws/install/turtlebot3_gazebo:/home/user/slam_ws/install/turtlebot3_description:/home/user/slam_ws/install/turtlebot3_cartographer:/home/user/slam_ws/install/ld08_driver:/home/user/slam_ws/install/hls_lfcd_lds_driver:/home/user/slam_ws/install/dynamixel_sdk_examples:/home/user/slam_ws/install/dynamixel_sdk_custom_interfaces:/home/user/slam_ws/install/dynamixel_sdk:/home/user/slam_ws/install/cartographer_rviz:/home/user/slam_ws/install/cartographer_ros:/home/user/slam_ws/install/cartographer_ros_msgs:/home/user/slam_ws/install/cartographer:/home/user/slam_ws/install/turtlebot3_teleop:/home/user/slam_ws/install/turtlebot3_example:/opt/ros/humble LD_LIBRARY_PATH=/home/user/cartographer_ws/install/cartographer_ros_msgs/lib:/home/user/cartographer_ws/install/cartographer_rviz/lib:/home/user/cartographer_ws/install/cartographer_ros/lib:/home/user/slam_ws/install/turtlebot3_msgs/lib:/home/user/slam_ws/install/dynamixel_sdk_custom_interfaces/lib:/home/user/slam_ws/install/dynamixel_sdk/lib:/home/user/slam_ws/install/cartographer_rviz/lib:/home/user/slam_ws/install/cartographer_ros/lib:/home/user/slam_ws/install/cartographer_ros_msgs/lib:/usr/lib/x86_64-linux-gnu/gazebo-11/plugins:/opt/ros/humble/opt/rviz_ogre_vendor/lib:/opt/ros/humble/lib/x86_64-linux-gnu:/opt/ros/humble/lib /usr/bin/cmake /home/user/cartographer_ws/src/cartographer_ros/cartographer_rviz -DCMAKE_INSTALL_PREFIX=/home/user/cartographer_ws/install/cartographer_rviz
[3.776s] Invoking command in '/home/user/cartographer_ws/build/cartographer_rviz': CMAKE_PREFIX_PATH=/home/user/cartographer_ws/install/cartographer_ros:/home/user/cartographer_ws/install/cartographer_ros_msgs:/home/user/cartographer_ws/install/cartographer:/home/user/cartographer_ws/install/cartographer_rviz:/home/user/slam_ws/install/turtlebot3:/home/user/slam_ws/install/turtlebot3_simulations:/home/user/slam_ws/install/turtlebot3_bringup:/home/user/slam_ws/install/turtlebot3_node:/home/user/slam_ws/install/turtlebot3_navigation2:/home/user/slam_ws/install/turtlebot3_fake_node:/home/user/slam_ws/install/turtlebot3_msgs:/home/user/slam_ws/install/turtlebot3_gazebo:/home/user/slam_ws/install/turtlebot3_description:/home/user/slam_ws/install/turtlebot3_cartographer:/home/user/slam_ws/install/ld08_driver:/home/user/slam_ws/install/hls_lfcd_lds_driver:/home/user/slam_ws/install/dynamixel_sdk_examples:/home/user/slam_ws/install/dynamixel_sdk_custom_interfaces:/home/user/slam_ws/install/dynamixel_sdk:/home/user/slam_ws/install/cartographer_rviz:/home/user/slam_ws/install/cartographer_ros:/home/user/slam_ws/install/cartographer_ros_msgs:/home/user/slam_ws/install/cartographer:/home/user/slam_ws/install/turtlebot3_teleop:/home/user/slam_ws/install/turtlebot3_example:/opt/ros/humble LD_LIBRARY_PATH=/home/user/cartographer_ws/install/cartographer_ros_msgs/lib:/home/user/cartographer_ws/install/cartographer_rviz/lib:/home/user/cartographer_ws/install/cartographer_ros/lib:/home/user/slam_ws/install/turtlebot3_msgs/lib:/home/user/slam_ws/install/dynamixel_sdk_custom_interfaces/lib:/home/user/slam_ws/install/dynamixel_sdk/lib:/home/user/slam_ws/install/cartographer_rviz/lib:/home/user/slam_ws/install/cartographer_ros/lib:/home/user/slam_ws/install/cartographer_ros_msgs/lib:/usr/lib/x86_64-linux-gnu/gazebo-11/plugins:/opt/ros/humble/opt/rviz_ogre_vendor/lib:/opt/ros/humble/lib/x86_64-linux-gnu:/opt/ros/humble/lib /usr/bin/cmake --build /home/user/cartographer_ws/build/cartographer_rviz -- -j8 -l8
[3.859s] [ 16%] [34m[1mAutomatic MOC for target cartographer_rviz[0m
[3.866s] [ 16%] Built target cartographer_rviz_detect_changes
[4.019s] [ 16%] Built target cartographer_rviz_autogen
[4.046s] [35m[1mConsolidate compiler generated dependencies of target cartographer_rviz[0m
[4.113s] [ 33%] [32m[1mLinking CXX shared library libcartographer_rviz.so[0m
[6.012s] [100%] Built target cartographer_rviz
[6.027s] Invoked command in '/home/user/cartographer_ws/build/cartographer_rviz' returned '0': CMAKE_PREFIX_PATH=/home/user/cartographer_ws/install/cartographer_ros:/home/user/cartographer_ws/install/cartographer_ros_msgs:/home/user/cartographer_ws/install/cartographer:/home/user/cartographer_ws/install/cartographer_rviz:/home/user/slam_ws/install/turtlebot3:/home/user/slam_ws/install/turtlebot3_simulations:/home/user/slam_ws/install/turtlebot3_bringup:/home/user/slam_ws/install/turtlebot3_node:/home/user/slam_ws/install/turtlebot3_navigation2:/home/user/slam_ws/install/turtlebot3_fake_node:/home/user/slam_ws/install/turtlebot3_msgs:/home/user/slam_ws/install/turtlebot3_gazebo:/home/user/slam_ws/install/turtlebot3_description:/home/user/slam_ws/install/turtlebot3_cartographer:/home/user/slam_ws/install/ld08_driver:/home/user/slam_ws/install/hls_lfcd_lds_driver:/home/user/slam_ws/install/dynamixel_sdk_examples:/home/user/slam_ws/install/dynamixel_sdk_custom_interfaces:/home/user/slam_ws/install/dynamixel_sdk:/home/user/slam_ws/install/cartographer_rviz:/home/user/slam_ws/install/cartographer_ros:/home/user/slam_ws/install/cartographer_ros_msgs:/home/user/slam_ws/install/cartographer:/home/user/slam_ws/install/turtlebot3_teleop:/home/user/slam_ws/install/turtlebot3_example:/opt/ros/humble LD_LIBRARY_PATH=/home/user/cartographer_ws/install/cartographer_ros_msgs/lib:/home/user/cartographer_ws/install/cartographer_rviz/lib:/home/user/cartographer_ws/install/cartographer_ros/lib:/home/user/slam_ws/install/turtlebot3_msgs/lib:/home/user/slam_ws/install/dynamixel_sdk_custom_interfaces/lib:/home/user/slam_ws/install/dynamixel_sdk/lib:/home/user/slam_ws/install/cartographer_rviz/lib:/home/user/slam_ws/install/cartographer_ros/lib:/home/user/slam_ws/install/cartographer_ros_msgs/lib:/usr/lib/x86_64-linux-gnu/gazebo-11/plugins:/opt/ros/humble/opt/rviz_ogre_vendor/lib:/opt/ros/humble/lib/x86_64-linux-gnu:/opt/ros/humble/lib /usr/bin/cmake --build /home/user/cartographer_ws/build/cartographer_rviz -- -j8 -l8
[6.101s] Invoking command in '/home/user/cartographer_ws/build/cartographer_rviz': CMAKE_PREFIX_PATH=/home/user/cartographer_ws/install/cartographer_ros:/home/user/cartographer_ws/install/cartographer_ros_msgs:/home/user/cartographer_ws/install/cartographer:/home/user/cartographer_ws/install/cartographer_rviz:/home/user/slam_ws/install/turtlebot3:/home/user/slam_ws/install/turtlebot3_simulations:/home/user/slam_ws/install/turtlebot3_bringup:/home/user/slam_ws/install/turtlebot3_node:/home/user/slam_ws/install/turtlebot3_navigation2:/home/user/slam_ws/install/turtlebot3_fake_node:/home/user/slam_ws/install/turtlebot3_msgs:/home/user/slam_ws/install/turtlebot3_gazebo:/home/user/slam_ws/install/turtlebot3_description:/home/user/slam_ws/install/turtlebot3_cartographer:/home/user/slam_ws/install/ld08_driver:/home/user/slam_ws/install/hls_lfcd_lds_driver:/home/user/slam_ws/install/dynamixel_sdk_examples:/home/user/slam_ws/install/dynamixel_sdk_custom_interfaces:/home/user/slam_ws/install/dynamixel_sdk:/home/user/slam_ws/install/cartographer_rviz:/home/user/slam_ws/install/cartographer_ros:/home/user/slam_ws/install/cartographer_ros_msgs:/home/user/slam_ws/install/cartographer:/home/user/slam_ws/install/turtlebot3_teleop:/home/user/slam_ws/install/turtlebot3_example:/opt/ros/humble LD_LIBRARY_PATH=/home/user/cartographer_ws/install/cartographer_ros_msgs/lib:/home/user/cartographer_ws/install/cartographer_rviz/lib:/home/user/cartographer_ws/install/cartographer_ros/lib:/home/user/slam_ws/install/turtlebot3_msgs/lib:/home/user/slam_ws/install/dynamixel_sdk_custom_interfaces/lib:/home/user/slam_ws/install/dynamixel_sdk/lib:/home/user/slam_ws/install/cartographer_rviz/lib:/home/user/slam_ws/install/cartographer_ros/lib:/home/user/slam_ws/install/cartographer_ros_msgs/lib:/usr/lib/x86_64-linux-gnu/gazebo-11/plugins:/opt/ros/humble/opt/rviz_ogre_vendor/lib:/opt/ros/humble/lib/x86_64-linux-gnu:/opt/ros/humble/lib /usr/bin/cmake --install /home/user/cartographer_ws/build/cartographer_rviz
[6.112s] -- Install configuration: "Release"
[6.112s] -- Up-to-date: /home/user/cartographer_ws/install/cartographer_rviz/share/cartographer_rviz/rviz_plugin_description.xml
[6.113s] -- Installing: /home/user/cartographer_ws/install/cartographer_rviz/lib/libcartographer_rviz.so
[6.120s] -- Set runtime path of "/home/user/cartographer_ws/install/cartographer_rviz/lib/libcartographer_rviz.so" to ""
[6.120s] -- Up-to-date: /home/user/cartographer_ws/install/cartographer_rviz/include/
[6.120s] -- Up-to-date: /home/user/cartographer_ws/install/cartographer_rviz/include//cartographer_rviz
[6.120s] -- Up-to-date: /home/user/cartographer_ws/install/cartographer_rviz/include//cartographer_rviz/submaps_display.h
[6.120s] -- Up-to-date: /home/user/cartographer_ws/install/cartographer_rviz/include//cartographer_rviz/ogre_slice.h
[6.120s] -- Up-to-date: /home/user/cartographer_ws/install/cartographer_rviz/include//cartographer_rviz/drawable_submap.h
[6.121s] -- Up-to-date: /home/user/cartographer_ws/install/cartographer_rviz/share/cartographer_rviz/environment/library_path.sh
[6.121s] -- Installing: /home/user/cartographer_ws/install/cartographer_rviz/share/cartographer_rviz/environment/library_path.dsv
[6.121s] -- Up-to-date: /home/user/cartographer_ws/install/cartographer_rviz/share/ament_index/resource_index/package_run_dependencies/cartographer_rviz
[6.121s] -- Installing: /home/user/cartographer_ws/install/cartographer_rviz/share/ament_index/resource_index/parent_prefix_path/cartographer_rviz
[6.121s] -- Up-to-date: /home/user/cartographer_ws/install/cartographer_rviz/share/cartographer_rviz/environment/ament_prefix_path.sh
[6.122s] -- Installing: /home/user/cartographer_ws/install/cartographer_rviz/share/cartographer_rviz/environment/ament_prefix_path.dsv
[6.122s] -- Up-to-date: /home/user/cartographer_ws/install/cartographer_rviz/share/cartographer_rviz/environment/path.sh
[6.122s] -- Installing: /home/user/cartographer_ws/install/cartographer_rviz/share/cartographer_rviz/environment/path.dsv
[6.123s] -- Up-to-date: /home/user/cartographer_ws/install/cartographer_rviz/share/cartographer_rviz/local_setup.bash
[6.123s] -- Up-to-date: /home/user/cartographer_ws/install/cartographer_rviz/share/cartographer_rviz/local_setup.sh
[6.123s] -- Up-to-date: /home/user/cartographer_ws/install/cartographer_rviz/share/cartographer_rviz/local_setup.zsh
[6.123s] -- Installing: /home/user/cartographer_ws/install/cartographer_rviz/share/cartographer_rviz/local_setup.dsv
[6.124s] -- Installing: /home/user/cartographer_ws/install/cartographer_rviz/share/cartographer_rviz/package.dsv
[6.124s] -- Up-to-date: /home/user/cartographer_ws/install/cartographer_rviz/share/ament_index/resource_index/packages/cartographer_rviz
[6.124s] -- Up-to-date: /home/user/cartographer_ws/install/cartographer_rviz/share/ament_index/resource_index/rviz_common__pluginlib__plugin/cartographer_rviz
[6.124s] -- Up-to-date: /home/user/cartographer_ws/install/cartographer_rviz/share/cartographer_rviz/ogre_media/materials/glsl120
[6.124s] -- Up-to-date: /home/user/cartographer_ws/install/cartographer_rviz/share/cartographer_rviz/ogre_media/materials/glsl120/glsl120.program
[6.124s] -- Up-to-date: /home/user/cartographer_ws/install/cartographer_rviz/share/cartographer_rviz/ogre_media/materials/glsl120/submap.vert
[6.125s] -- Up-to-date: /home/user/cartographer_ws/install/cartographer_rviz/share/cartographer_rviz/ogre_media/materials/glsl120/submap.frag
[6.125s] -- Up-to-date: /home/user/cartographer_ws/install/cartographer_rviz/share/cartographer_rviz/ogre_media/materials/scripts
[6.125s] -- Up-to-date: /home/user/cartographer_ws/install/cartographer_rviz/share/cartographer_rviz/ogre_media/materials/scripts/submap.material
[6.125s] -- Up-to-date: /home/user/cartographer_ws/install/cartographer_rviz/share/ament_index/resource_index/rviz_ogre_media_exports/cartographer_rviz
[6.125s] -- Up-to-date: /home/user/cartographer_ws/install/cartographer_rviz/share/cartographer_rviz/cmake/cartographer_rvizExport.cmake
[6.125s] -- Up-to-date: /home/user/cartographer_ws/install/cartographer_rviz/share/cartographer_rviz/cmake/cartographer_rvizExport-release.cmake
[6.126s] -- Up-to-date: /home/user/cartographer_ws/install/cartographer_rviz/share/cartographer_rviz/cmake/ament_cmake_export_include_directories-extras.cmake
[6.126s] -- Up-to-date: /home/user/cartographer_ws/install/cartographer_rviz/share/cartographer_rviz/cmake/ament_cmake_export_targets-extras.cmake
[6.127s] -- Up-to-date: /home/user/cartographer_ws/install/cartographer_rviz/share/cartographer_rviz/cmake/ament_cmake_export_dependencies-extras.cmake
[6.127s] -- Up-to-date: /home/user/cartographer_ws/install/cartographer_rviz/share/cartographer_rviz/cmake/cartographer_rvizConfig.cmake
[6.128s] -- Up-to-date: /home/user/cartographer_ws/install/cartographer_rviz/share/cartographer_rviz/cmake/cartographer_rvizConfig-version.cmake
[6.128s] -- Up-to-date: /home/user/cartographer_ws/install/cartographer_rviz/share/cartographer_rviz/package.xml
[6.128s] Invoked command in '/home/user/cartographer_ws/build/cartographer_rviz' returned '0': CMAKE_PREFIX_PATH=/home/user/cartographer_ws/install/cartographer_ros:/home/user/cartographer_ws/install/cartographer_ros_msgs:/home/user/cartographer_ws/install/cartographer:/home/user/cartographer_ws/install/cartographer_rviz:/home/user/slam_ws/install/turtlebot3:/home/user/slam_ws/install/turtlebot3_simulations:/home/user/slam_ws/install/turtlebot3_bringup:/home/user/slam_ws/install/turtlebot3_node:/home/user/slam_ws/install/turtlebot3_navigation2:/home/user/slam_ws/install/turtlebot3_fake_node:/home/user/slam_ws/install/turtlebot3_msgs:/home/user/slam_ws/install/turtlebot3_gazebo:/home/user/slam_ws/install/turtlebot3_description:/home/user/slam_ws/install/turtlebot3_cartographer:/home/user/slam_ws/install/ld08_driver:/home/user/slam_ws/install/hls_lfcd_lds_driver:/home/user/slam_ws/install/dynamixel_sdk_examples:/home/user/slam_ws/install/dynamixel_sdk_custom_interfaces:/home/user/slam_ws/install/dynamixel_sdk:/home/user/slam_ws/install/cartographer_rviz:/home/user/slam_ws/install/cartographer_ros:/home/user/slam_ws/install/cartographer_ros_msgs:/home/user/slam_ws/install/cartographer:/home/user/slam_ws/install/turtlebot3_teleop:/home/user/slam_ws/install/turtlebot3_example:/opt/ros/humble LD_LIBRARY_PATH=/home/user/cartographer_ws/install/cartographer_ros_msgs/lib:/home/user/cartographer_ws/install/cartographer_rviz/lib:/home/user/cartographer_ws/install/cartographer_ros/lib:/home/user/slam_ws/install/turtlebot3_msgs/lib:/home/user/slam_ws/install/dynamixel_sdk_custom_interfaces/lib:/home/user/slam_ws/install/dynamixel_sdk/lib:/home/user/slam_ws/install/cartographer_rviz/lib:/home/user/slam_ws/install/cartographer_ros/lib:/home/user/slam_ws/install/cartographer_ros_msgs/lib:/usr/lib/x86_64-linux-gnu/gazebo-11/plugins:/opt/ros/humble/opt/rviz_ogre_vendor/lib:/opt/ros/humble/lib/x86_64-linux-gnu:/opt/ros/humble/lib /usr/bin/cmake --install /home/user/cartographer_ws/build/cartographer_rviz
