[0.024s] Invoking command in '/home/user/cartographer_ws/build/cartographer_ros': CMAKE_PREFIX_PATH=/home/user/cartographer_ws/install/cartographer_ros_msgs:/home/user/cartographer_ws/install/cartographer:/home/user/cartographer_ws/install/cartographer_rviz:/home/user/cartographer_ws/install/cartographer_ros:/home/user/slam_ws/install/turtlebot3:/home/user/slam_ws/install/turtlebot3_simulations:/home/user/slam_ws/install/turtlebot3_bringup:/home/user/slam_ws/install/turtlebot3_node:/home/user/slam_ws/install/turtlebot3_navigation2:/home/user/slam_ws/install/turtlebot3_fake_node:/home/user/slam_ws/install/turtlebot3_msgs:/home/user/slam_ws/install/turtlebot3_gazebo:/home/user/slam_ws/install/turtlebot3_description:/home/user/slam_ws/install/turtlebot3_cartographer:/home/user/slam_ws/install/ld08_driver:/home/user/slam_ws/install/hls_lfcd_lds_driver:/home/user/slam_ws/install/dynamixel_sdk_examples:/home/user/slam_ws/install/dynamixel_sdk_custom_interfaces:/home/user/slam_ws/install/dynamixel_sdk:/home/user/slam_ws/install/cartographer_rviz:/home/user/slam_ws/install/cartographer_ros:/home/user/slam_ws/install/cartographer_ros_msgs:/home/user/slam_ws/install/cartographer:/home/user/slam_ws/install/turtlebot3_teleop:/home/user/slam_ws/install/turtlebot3_example:/opt/ros/humble LD_LIBRARY_PATH=/home/user/cartographer_ws/install/cartographer_ros_msgs/lib:/home/user/cartographer_ws/install/cartographer_rviz/lib:/home/user/cartographer_ws/install/cartographer_ros/lib:/home/user/slam_ws/install/turtlebot3_msgs/lib:/home/user/slam_ws/install/dynamixel_sdk_custom_interfaces/lib:/home/user/slam_ws/install/dynamixel_sdk/lib:/home/user/slam_ws/install/cartographer_rviz/lib:/home/user/slam_ws/install/cartographer_ros/lib:/home/user/slam_ws/install/cartographer_ros_msgs/lib:/usr/lib/x86_64-linux-gnu/gazebo-11/plugins:/opt/ros/humble/opt/rviz_ogre_vendor/lib:/opt/ros/humble/lib/x86_64-linux-gnu:/opt/ros/humble/lib /usr/bin/cmake /home/user/cartographer_ws/src/cartographer_ros/cartographer_ros -DCMAKE_INSTALL_PREFIX=/home/user/cartographer_ws/install/cartographer_ros
[0.112s] -- The C compiler identification is GNU 11.4.0
[0.197s] -- The CXX compiler identification is GNU 11.4.0
[0.207s] -- Detecting C compiler ABI info
[0.309s] -- Detecting C compiler ABI info - done
[0.322s] -- Check for working C compiler: /usr/bin/cc - skipped
[0.323s] -- Detecting C compile features
[0.323s] -- Detecting C compile features - done
[0.327s] -- Detecting CXX compiler ABI info
[0.445s] -- Detecting CXX compiler ABI info - done
[0.454s] -- Check for working CXX compiler: /usr/bin/c++ - skipped
[0.455s] -- Detecting CXX compile features
[0.455s] -- Detecting CXX compile features - done
[0.462s] -- Found ament_cmake: 1.3.9 (/opt/ros/humble/share/ament_cmake/cmake)
[0.688s] -- Found Python3: /usr/bin/python3 (found version "3.10.12") found components: Interpreter 
[0.854s] -- Found builtin_interfaces: 1.2.1 (/opt/ros/humble/share/builtin_interfaces/cmake)
[0.920s] -- Found rosidl_generator_c: 3.1.5 (/opt/ros/humble/share/rosidl_generator_c/cmake)
[0.932s] -- Found rosidl_adapter: 3.1.5 (/opt/ros/humble/share/rosidl_adapter/cmake)
[0.947s] -- Found rosidl_generator_cpp: 3.1.5 (/opt/ros/humble/share/rosidl_generator_cpp/cmake)
[0.969s] -- Using all available rosidl_typesupport_c: rosidl_typesupport_fastrtps_c;rosidl_typesupport_introspection_c
[1.006s] -- Using all available rosidl_typesupport_cpp: rosidl_typesupport_fastrtps_cpp;rosidl_typesupport_introspection_cpp
[1.045s] -- Looking for pthread.h
[1.146s] -- Looking for pthread.h - found
[1.146s] -- Performing Test CMAKE_HAVE_LIBC_PTHREAD
[1.264s] -- Performing Test CMAKE_HAVE_LIBC_PTHREAD - Success
[1.265s] -- Found Threads: TRUE  
[1.277s] -- Found required Ceres dependency: Eigen version 3.4.0 in /usr/include/eigen3
[1.291s] -- Found required Ceres dependency: glog
[1.292s] -- Found required Ceres dependency: gflags
[1.293s] -- Found Ceres version: 2.0.0 installed in: /usr with components: [EigenSparse, SparseLinearAlgebraLibrary, LAPACK, SuiteSparse, CXSparse, SchurSpecializations, Multithreading]
[1.308s] -- Found cartographer_ros_msgs: 2.0.9003 (/home/user/cartographer_ws/install/cartographer_ros_msgs/share/cartographer_ros_msgs/cmake)
[1.593s] -- Checking for module 'eigen3'
[1.613s] --   Found eigen3, version 3.4.0
[1.669s] -- Found Eigen: /usr/include/eigen3 (Required is at least version "3.1") 
[1.669s] -- Eigen found (include: /usr/include/eigen3, version: 3.4.0)
[1.728s] -- Found Boost: /usr/lib/x86_64-linux-gnu/cmake/Boost-1.74.0/BoostConfig.cmake (found suitable version "1.74.0", minimum required is "1.65.0") found components: system filesystem date_time iostreams serialization 
[1.729s] -- looking for PCL_COMMON
[1.730s] -- Found PCL_COMMON: /usr/lib/x86_64-linux-gnu/libpcl_common.so  
[1.731s] -- Found PCL: pcl_common;Boost::system;Boost::filesystem;Boost::date_time;Boost::iostreams;Boost::serialization  
[1.736s] -- Found nav_msgs: 4.2.4 (/opt/ros/humble/share/nav_msgs/cmake)
[1.844s] -- Found pcl_conversions: 2.4.0 (/opt/ros/humble/share/pcl_conversions/cmake)
[1.964s] -- Found rmw_implementation_cmake: 6.1.2 (/opt/ros/humble/share/rmw_implementation_cmake/cmake)
[1.970s] -- Found rmw_fastrtps_cpp: 6.2.6 (/opt/ros/humble/share/rmw_fastrtps_cpp/cmake)
[2.134s] -- Found OpenSSL: /usr/lib/x86_64-linux-gnu/libcrypto.so (found version "3.0.2")  
[2.175s] -- Found FastRTPS: /opt/ros/humble/include  
[2.248s] -- Using RMW implementation 'rmw_fastrtps_cpp' as default
[2.821s] -- Found rosbag2_cpp: 0.15.11 (/opt/ros/humble/share/rosbag2_cpp/cmake)
[2.912s] -- Found tf2: 0.25.7 (/opt/ros/humble/share/tf2/cmake)
[2.925s] -- Found tf2_eigen: 0.25.7 (/opt/ros/humble/share/tf2_eigen/cmake)
[3.388s] -- Found urdf: 2.6.0 (/opt/ros/humble/share/urdf/cmake)
[3.417s] -- Found visualization_msgs: 4.2.4 (/opt/ros/humble/share/visualization_msgs/cmake)
[4.713s] -- Configuring done
[5.007s] -- Generating done
[5.010s] -- Build files have been written to: /home/user/cartographer_ws/build/cartographer_ros
[5.027s] Invoked command in '/home/user/cartographer_ws/build/cartographer_ros' returned '0': CMAKE_PREFIX_PATH=/home/user/cartographer_ws/install/cartographer_ros_msgs:/home/user/cartographer_ws/install/cartographer:/home/user/cartographer_ws/install/cartographer_rviz:/home/user/cartographer_ws/install/cartographer_ros:/home/user/slam_ws/install/turtlebot3:/home/user/slam_ws/install/turtlebot3_simulations:/home/user/slam_ws/install/turtlebot3_bringup:/home/user/slam_ws/install/turtlebot3_node:/home/user/slam_ws/install/turtlebot3_navigation2:/home/user/slam_ws/install/turtlebot3_fake_node:/home/user/slam_ws/install/turtlebot3_msgs:/home/user/slam_ws/install/turtlebot3_gazebo:/home/user/slam_ws/install/turtlebot3_description:/home/user/slam_ws/install/turtlebot3_cartographer:/home/user/slam_ws/install/ld08_driver:/home/user/slam_ws/install/hls_lfcd_lds_driver:/home/user/slam_ws/install/dynamixel_sdk_examples:/home/user/slam_ws/install/dynamixel_sdk_custom_interfaces:/home/user/slam_ws/install/dynamixel_sdk:/home/user/slam_ws/install/cartographer_rviz:/home/user/slam_ws/install/cartographer_ros:/home/user/slam_ws/install/cartographer_ros_msgs:/home/user/slam_ws/install/cartographer:/home/user/slam_ws/install/turtlebot3_teleop:/home/user/slam_ws/install/turtlebot3_example:/opt/ros/humble LD_LIBRARY_PATH=/home/user/cartographer_ws/install/cartographer_ros_msgs/lib:/home/user/cartographer_ws/install/cartographer_rviz/lib:/home/user/cartographer_ws/install/cartographer_ros/lib:/home/user/slam_ws/install/turtlebot3_msgs/lib:/home/user/slam_ws/install/dynamixel_sdk_custom_interfaces/lib:/home/user/slam_ws/install/dynamixel_sdk/lib:/home/user/slam_ws/install/cartographer_rviz/lib:/home/user/slam_ws/install/cartographer_ros/lib:/home/user/slam_ws/install/cartographer_ros_msgs/lib:/usr/lib/x86_64-linux-gnu/gazebo-11/plugins:/opt/ros/humble/opt/rviz_ogre_vendor/lib:/opt/ros/humble/lib/x86_64-linux-gnu:/opt/ros/humble/lib /usr/bin/cmake /home/user/cartographer_ws/src/cartographer_ros/cartographer_ros -DCMAKE_INSTALL_PREFIX=/home/user/cartographer_ws/install/cartographer_ros
[5.029s] Invoking command in '/home/user/cartographer_ws/build/cartographer_ros': CMAKE_PREFIX_PATH=/home/user/cartographer_ws/install/cartographer_ros_msgs:/home/user/cartographer_ws/install/cartographer:/home/user/cartographer_ws/install/cartographer_rviz:/home/user/cartographer_ws/install/cartographer_ros:/home/user/slam_ws/install/turtlebot3:/home/user/slam_ws/install/turtlebot3_simulations:/home/user/slam_ws/install/turtlebot3_bringup:/home/user/slam_ws/install/turtlebot3_node:/home/user/slam_ws/install/turtlebot3_navigation2:/home/user/slam_ws/install/turtlebot3_fake_node:/home/user/slam_ws/install/turtlebot3_msgs:/home/user/slam_ws/install/turtlebot3_gazebo:/home/user/slam_ws/install/turtlebot3_description:/home/user/slam_ws/install/turtlebot3_cartographer:/home/user/slam_ws/install/ld08_driver:/home/user/slam_ws/install/hls_lfcd_lds_driver:/home/user/slam_ws/install/dynamixel_sdk_examples:/home/user/slam_ws/install/dynamixel_sdk_custom_interfaces:/home/user/slam_ws/install/dynamixel_sdk:/home/user/slam_ws/install/cartographer_rviz:/home/user/slam_ws/install/cartographer_ros:/home/user/slam_ws/install/cartographer_ros_msgs:/home/user/slam_ws/install/cartographer:/home/user/slam_ws/install/turtlebot3_teleop:/home/user/slam_ws/install/turtlebot3_example:/opt/ros/humble LD_LIBRARY_PATH=/home/user/cartographer_ws/install/cartographer_ros_msgs/lib:/home/user/cartographer_ws/install/cartographer_rviz/lib:/home/user/cartographer_ws/install/cartographer_ros/lib:/home/user/slam_ws/install/turtlebot3_msgs/lib:/home/user/slam_ws/install/dynamixel_sdk_custom_interfaces/lib:/home/user/slam_ws/install/dynamixel_sdk/lib:/home/user/slam_ws/install/cartographer_rviz/lib:/home/user/slam_ws/install/cartographer_ros/lib:/home/user/slam_ws/install/cartographer_ros_msgs/lib:/usr/lib/x86_64-linux-gnu/gazebo-11/plugins:/opt/ros/humble/opt/rviz_ogre_vendor/lib:/opt/ros/humble/lib/x86_64-linux-gnu:/opt/ros/humble/lib /usr/bin/cmake --build /home/user/cartographer_ws/build/cartographer_ros -- -j8 -l8
[5.108s] [  2%] [32mBuilding CXX object CMakeFiles/cartographer_ros.dir/src/msg_conversion.cpp.o[0m
[5.112s] [  5%] [32mBuilding CXX object CMakeFiles/cartographer_ros.dir/src/assets_writer.cpp.o[0m
[5.112s] [  8%] [32mBuilding CXX object CMakeFiles/cartographer_ros.dir/src/map_builder_bridge.cpp.o[0m
[5.113s] [ 11%] [32mBuilding CXX object CMakeFiles/cartographer_ros.dir/src/node_constants.cpp.o[0m
[5.115s] [ 17%] [32mBuilding CXX object CMakeFiles/cartographer_ros.dir/src/node.cpp.o[0m
[5.115s] [ 17%] [32mBuilding CXX object CMakeFiles/cartographer_ros.dir/src/node_options.cpp.o[0m
[5.116s] [ 20%] [32mBuilding CXX object CMakeFiles/cartographer_ros.dir/src/offline_node.cpp.o[0m
[5.129s] [ 22%] [32mBuilding CXX object CMakeFiles/cartographer_ros.dir/src/playable_bag.cpp.o[0m
[6.450s] [ 25%] [32mBuilding CXX object CMakeFiles/cartographer_ros.dir/src/ros_log_sink.cpp.o[0m
[15.708s] [ 28%] [32mBuilding CXX object CMakeFiles/cartographer_ros.dir/src/ros_map.cpp.o[0m
[16.318s] [ 31%] [32mBuilding CXX object CMakeFiles/cartographer_ros.dir/src/ros_map_writing_points_processor.cpp.o[0m
[23.187s] [ 34%] [32mBuilding CXX object CMakeFiles/cartographer_ros.dir/src/sensor_bridge.cpp.o[0m
[26.814s] [ 37%] [32mBuilding CXX object CMakeFiles/cartographer_ros.dir/src/submap.cpp.o[0m
[28.390s] [ 40%] [32mBuilding CXX object CMakeFiles/cartographer_ros.dir/src/tf_bridge.cpp.o[0m
[32.163s] [ 42%] [32mBuilding CXX object CMakeFiles/cartographer_ros.dir/src/time_conversion.cpp.o[0m
[35.702s] [ 45%] [32mBuilding CXX object CMakeFiles/cartographer_ros.dir/src/trajectory_options.cpp.o[0m
[36.021s] [ 48%] [32mBuilding CXX object CMakeFiles/cartographer_ros.dir/src/urdf_reader.cpp.o[0m
[43.729s] [ 51%] [32mBuilding CXX object CMakeFiles/cartographer_ros.dir/src/metrics/family_factory.cpp.o[0m
[45.715s] [ 54%] [32mBuilding CXX object CMakeFiles/cartographer_ros.dir/src/metrics/internal/family.cpp.o[0m
[46.549s] [ 57%] [32mBuilding CXX object CMakeFiles/cartographer_ros.dir/src/metrics/internal/histogram.cpp.o[0m
[80.300s] [ 60%] [32m[1mLinking CXX static library libcartographer_ros.a[0m
[81.690s] [ 60%] Built target cartographer_ros
[81.751s] [ 62%] [32mBuilding CXX object CMakeFiles/cartographer_occupancy_grid_node.dir/src/occupancy_grid_node_main.cpp.o[0m
[81.751s] [ 65%] [32mBuilding CXX object CMakeFiles/cartographer_offline_node.dir/src/offline_node_main.cpp.o[0m
[81.755s] [ 68%] [32mBuilding CXX object CMakeFiles/cartographer_node.dir/src/node_main.cpp.o[0m
[81.756s] [ 71%] [32mBuilding CXX object CMakeFiles/cartographer_assets_writer.dir/src/assets_writer_main.cpp.o[0m
[81.757s] [ 74%] [32mBuilding CXX object CMakeFiles/cartographer_pbstream_map_publisher.dir/src/pbstream_map_publisher_main.cpp.o[0m
[81.768s] [ 77%] [32mBuilding CXX object CMakeFiles/cartographer_rosbag_validate.dir/src/rosbag_validate_main.cpp.o[0m
[81.770s] [ 80%] [32mBuilding CXX object CMakeFiles/cartographer_pbstream_to_ros_map.dir/src/pbstream_to_ros_map_main.cpp.o[0m
[98.626s] [ 82%] [32m[1mLinking CXX executable cartographer_offline_node[0m
[99.489s] [ 85%] [32m[1mLinking CXX executable cartographer_pbstream_to_ros_map[0m
[100.771s] [ 85%] Built target cartographer_pbstream_to_ros_map
[100.804s] [ 88%] [32m[1mLinking CXX executable cartographer_assets_writer[0m
[103.610s] [ 88%] Built target cartographer_assets_writer
[104.242s] [ 91%] [32m[1mLinking CXX executable cartographer_node[0m
[106.254s] [ 94%] [32m[1mLinking CXX executable cartographer_pbstream_map_publisher[0m
[107.770s] [ 97%] [32m[1mLinking CXX executable cartographer_rosbag_validate[0m
[108.368s] [ 97%] Built target cartographer_offline_node
[108.452s] [ 97%] Built target cartographer_pbstream_map_publisher
[108.818s] [ 97%] Built target cartographer_rosbag_validate
[110.816s] [ 97%] Built target cartographer_node
[111.551s] [100%] [32m[1mLinking CXX executable cartographer_occupancy_grid_node[0m
[112.893s] [100%] Built target cartographer_occupancy_grid_node
[112.909s] Invoked command in '/home/user/cartographer_ws/build/cartographer_ros' returned '0': CMAKE_PREFIX_PATH=/home/user/cartographer_ws/install/cartographer_ros_msgs:/home/user/cartographer_ws/install/cartographer:/home/user/cartographer_ws/install/cartographer_rviz:/home/user/cartographer_ws/install/cartographer_ros:/home/user/slam_ws/install/turtlebot3:/home/user/slam_ws/install/turtlebot3_simulations:/home/user/slam_ws/install/turtlebot3_bringup:/home/user/slam_ws/install/turtlebot3_node:/home/user/slam_ws/install/turtlebot3_navigation2:/home/user/slam_ws/install/turtlebot3_fake_node:/home/user/slam_ws/install/turtlebot3_msgs:/home/user/slam_ws/install/turtlebot3_gazebo:/home/user/slam_ws/install/turtlebot3_description:/home/user/slam_ws/install/turtlebot3_cartographer:/home/user/slam_ws/install/ld08_driver:/home/user/slam_ws/install/hls_lfcd_lds_driver:/home/user/slam_ws/install/dynamixel_sdk_examples:/home/user/slam_ws/install/dynamixel_sdk_custom_interfaces:/home/user/slam_ws/install/dynamixel_sdk:/home/user/slam_ws/install/cartographer_rviz:/home/user/slam_ws/install/cartographer_ros:/home/user/slam_ws/install/cartographer_ros_msgs:/home/user/slam_ws/install/cartographer:/home/user/slam_ws/install/turtlebot3_teleop:/home/user/slam_ws/install/turtlebot3_example:/opt/ros/humble LD_LIBRARY_PATH=/home/user/cartographer_ws/install/cartographer_ros_msgs/lib:/home/user/cartographer_ws/install/cartographer_rviz/lib:/home/user/cartographer_ws/install/cartographer_ros/lib:/home/user/slam_ws/install/turtlebot3_msgs/lib:/home/user/slam_ws/install/dynamixel_sdk_custom_interfaces/lib:/home/user/slam_ws/install/dynamixel_sdk/lib:/home/user/slam_ws/install/cartographer_rviz/lib:/home/user/slam_ws/install/cartographer_ros/lib:/home/user/slam_ws/install/cartographer_ros_msgs/lib:/usr/lib/x86_64-linux-gnu/gazebo-11/plugins:/opt/ros/humble/opt/rviz_ogre_vendor/lib:/opt/ros/humble/lib/x86_64-linux-gnu:/opt/ros/humble/lib /usr/bin/cmake --build /home/user/cartographer_ws/build/cartographer_ros -- -j8 -l8
[113.050s] Invoking command in '/home/user/cartographer_ws/build/cartographer_ros': CMAKE_PREFIX_PATH=/home/user/cartographer_ws/install/cartographer_ros_msgs:/home/user/cartographer_ws/install/cartographer:/home/user/cartographer_ws/install/cartographer_rviz:/home/user/cartographer_ws/install/cartographer_ros:/home/user/slam_ws/install/turtlebot3:/home/user/slam_ws/install/turtlebot3_simulations:/home/user/slam_ws/install/turtlebot3_bringup:/home/user/slam_ws/install/turtlebot3_node:/home/user/slam_ws/install/turtlebot3_navigation2:/home/user/slam_ws/install/turtlebot3_fake_node:/home/user/slam_ws/install/turtlebot3_msgs:/home/user/slam_ws/install/turtlebot3_gazebo:/home/user/slam_ws/install/turtlebot3_description:/home/user/slam_ws/install/turtlebot3_cartographer:/home/user/slam_ws/install/ld08_driver:/home/user/slam_ws/install/hls_lfcd_lds_driver:/home/user/slam_ws/install/dynamixel_sdk_examples:/home/user/slam_ws/install/dynamixel_sdk_custom_interfaces:/home/user/slam_ws/install/dynamixel_sdk:/home/user/slam_ws/install/cartographer_rviz:/home/user/slam_ws/install/cartographer_ros:/home/user/slam_ws/install/cartographer_ros_msgs:/home/user/slam_ws/install/cartographer:/home/user/slam_ws/install/turtlebot3_teleop:/home/user/slam_ws/install/turtlebot3_example:/opt/ros/humble LD_LIBRARY_PATH=/home/user/cartographer_ws/install/cartographer_ros_msgs/lib:/home/user/cartographer_ws/install/cartographer_rviz/lib:/home/user/cartographer_ws/install/cartographer_ros/lib:/home/user/slam_ws/install/turtlebot3_msgs/lib:/home/user/slam_ws/install/dynamixel_sdk_custom_interfaces/lib:/home/user/slam_ws/install/dynamixel_sdk/lib:/home/user/slam_ws/install/cartographer_rviz/lib:/home/user/slam_ws/install/cartographer_ros/lib:/home/user/slam_ws/install/cartographer_ros_msgs/lib:/usr/lib/x86_64-linux-gnu/gazebo-11/plugins:/opt/ros/humble/opt/rviz_ogre_vendor/lib:/opt/ros/humble/lib/x86_64-linux-gnu:/opt/ros/humble/lib /usr/bin/cmake --install /home/user/cartographer_ws/build/cartographer_ros
[113.060s] -- Install configuration: ""
[113.060s] -- Installing: /home/user/cartographer_ws/install/cartographer_ros/lib/libcartographer_ros.a
[113.149s] -- Installing: /home/user/cartographer_ws/install/cartographer_ros/lib/cartographer_ros/cartographer_node
[113.176s] -- Set runtime path of "/home/user/cartographer_ws/install/cartographer_ros/lib/cartographer_ros/cartographer_node" to ""
[113.176s] -- Installing: /home/user/cartographer_ws/install/cartographer_ros/lib/cartographer_ros/cartographer_occupancy_grid_node
[113.184s] -- Set runtime path of "/home/user/cartographer_ws/install/cartographer_ros/lib/cartographer_ros/cartographer_occupancy_grid_node" to ""
[113.184s] -- Installing: /home/user/cartographer_ws/install/cartographer_ros/lib/cartographer_ros/cartographer_offline_node
[113.214s] -- Set runtime path of "/home/user/cartographer_ws/install/cartographer_ros/lib/cartographer_ros/cartographer_offline_node" to ""
[113.214s] -- Installing: /home/user/cartographer_ws/install/cartographer_ros/lib/cartographer_ros/cartographer_assets_writer
[113.219s] -- Set runtime path of "/home/user/cartographer_ws/install/cartographer_ros/lib/cartographer_ros/cartographer_assets_writer" to ""
[113.219s] -- Installing: /home/user/cartographer_ws/install/cartographer_ros/lib/cartographer_ros/cartographer_pbstream_map_publisher
[113.223s] -- Set runtime path of "/home/user/cartographer_ws/install/cartographer_ros/lib/cartographer_ros/cartographer_pbstream_map_publisher" to ""
[113.223s] -- Installing: /home/user/cartographer_ws/install/cartographer_ros/lib/cartographer_ros/cartographer_pbstream_to_ros_map
[113.225s] -- Set runtime path of "/home/user/cartographer_ws/install/cartographer_ros/lib/cartographer_ros/cartographer_pbstream_to_ros_map" to ""
[113.225s] -- Installing: /home/user/cartographer_ws/install/cartographer_ros/lib/cartographer_ros/cartographer_rosbag_validate
[113.227s] -- Set runtime path of "/home/user/cartographer_ws/install/cartographer_ros/lib/cartographer_ros/cartographer_rosbag_validate" to ""
[113.227s] -- Installing: /home/user/cartographer_ws/install/cartographer_ros/include/
[113.228s] -- Installing: /home/user/cartographer_ws/install/cartographer_ros/include//cartographer_ros
[113.228s] -- Installing: /home/user/cartographer_ws/install/cartographer_ros/include//cartographer_ros/ros_log_sink.h
[113.228s] -- Installing: /home/user/cartographer_ws/install/cartographer_ros/include//cartographer_ros/sensor_bridge.h
[113.228s] -- Installing: /home/user/cartographer_ws/install/cartographer_ros/include//cartographer_ros/offline_node.h
[113.228s] -- Installing: /home/user/cartographer_ws/install/cartographer_ros/include//cartographer_ros/ros_map_writing_points_processor.h
[113.228s] -- Installing: /home/user/cartographer_ws/install/cartographer_ros/include//cartographer_ros/trajectory_options.h
[113.228s] -- Installing: /home/user/cartographer_ws/install/cartographer_ros/include//cartographer_ros/map_builder_bridge.h
[113.229s] -- Installing: /home/user/cartographer_ws/install/cartographer_ros/include//cartographer_ros/time_conversion.h
[113.229s] -- Installing: /home/user/cartographer_ws/install/cartographer_ros/include//cartographer_ros/node.h
[113.229s] -- Installing: /home/user/cartographer_ws/install/cartographer_ros/include//cartographer_ros/tf_bridge.h
[113.229s] -- Installing: /home/user/cartographer_ws/install/cartographer_ros/include//cartographer_ros/assets_writer.h
[113.229s] -- Installing: /home/user/cartographer_ws/install/cartographer_ros/include//cartographer_ros/msg_conversion.h
[113.229s] -- Installing: /home/user/cartographer_ws/install/cartographer_ros/include//cartographer_ros/urdf_reader.h
[113.229s] -- Installing: /home/user/cartographer_ws/install/cartographer_ros/include//cartographer_ros/playable_bag.h
[113.229s] -- Installing: /home/user/cartographer_ws/install/cartographer_ros/include//cartographer_ros/submap.h
[113.230s] -- Installing: /home/user/cartographer_ws/install/cartographer_ros/include//cartographer_ros/node_constants.h
[113.230s] -- Installing: /home/user/cartographer_ws/install/cartographer_ros/include//cartographer_ros/ros_map.h
[113.230s] -- Installing: /home/user/cartographer_ws/install/cartographer_ros/include//cartographer_ros/metrics
[113.230s] -- Installing: /home/user/cartographer_ws/install/cartographer_ros/include//cartographer_ros/metrics/internal
[113.230s] -- Installing: /home/user/cartographer_ws/install/cartographer_ros/include//cartographer_ros/metrics/internal/gauge.h
[113.230s] -- Installing: /home/user/cartographer_ws/install/cartographer_ros/include//cartographer_ros/metrics/internal/family.h
[113.230s] -- Installing: /home/user/cartographer_ws/install/cartographer_ros/include//cartographer_ros/metrics/internal/histogram.h
[113.230s] -- Installing: /home/user/cartographer_ws/install/cartographer_ros/include//cartographer_ros/metrics/internal/counter.h
[113.231s] -- Installing: /home/user/cartographer_ws/install/cartographer_ros/include//cartographer_ros/metrics/family_factory.h
[113.231s] -- Installing: /home/user/cartographer_ws/install/cartographer_ros/include//cartographer_ros/node_options.h
[113.231s] -- Installing: /home/user/cartographer_ws/install/cartographer_ros/share/cartographer_ros//configuration_files
[113.231s] -- Installing: /home/user/cartographer_ws/install/cartographer_ros/share/cartographer_ros//configuration_files/assets_writer_backpack_2d_ci.lua
[113.232s] -- Installing: /home/user/cartographer_ws/install/cartographer_ros/share/cartographer_ros//configuration_files/backpack_3d_localization.lua
[113.232s] -- Installing: /home/user/cartographer_ws/install/cartographer_ros/share/cartographer_ros//configuration_files/backpack_2d_localization.lua
[113.232s] -- Installing: /home/user/cartographer_ws/install/cartographer_ros/share/cartographer_ros//configuration_files/assets_writer_backpack_2d.lua
[113.232s] -- Installing: /home/user/cartographer_ws/install/cartographer_ros/share/cartographer_ros//configuration_files/taurob_tracker.lua
[113.233s] -- Installing: /home/user/cartographer_ws/install/cartographer_ros/share/cartographer_ros//configuration_files/demo_3d.rviz
[113.233s] -- Installing: /home/user/cartographer_ws/install/cartographer_ros/share/cartographer_ros//configuration_files/backpack_2d_localization_evaluation.lua
[113.233s] -- Installing: /home/user/cartographer_ws/install/cartographer_ros/share/cartographer_ros//configuration_files/revo_lds.lua
[113.233s] -- Installing: /home/user/cartographer_ws/install/cartographer_ros/share/cartographer_ros//configuration_files/backpack_3d.lua
[113.234s] -- Installing: /home/user/cartographer_ws/install/cartographer_ros/share/cartographer_ros//configuration_files/assets_writer_backpack_3d.lua
[113.234s] -- Installing: /home/user/cartographer_ws/install/cartographer_ros/share/cartographer_ros//configuration_files/mir-100-mapping.lua
[113.234s] -- Installing: /home/user/cartographer_ws/install/cartographer_ros/share/cartographer_ros//configuration_files/assets_writer_ros_map.lua
[113.234s] -- Installing: /home/user/cartographer_ws/install/cartographer_ros/share/cartographer_ros//configuration_files/turtlebot3.lua
[113.234s] -- Installing: /home/user/cartographer_ws/install/cartographer_ros/share/cartographer_ros//configuration_files/demo_2d.rviz
[113.234s] -- Installing: /home/user/cartographer_ws/install/cartographer_ros/share/cartographer_ros//configuration_files/backpack_2d.lua
[113.234s] -- Installing: /home/user/cartographer_ws/install/cartographer_ros/share/cartographer_ros//configuration_files/visualize_pbstream.lua
[113.235s] -- Installing: /home/user/cartographer_ws/install/cartographer_ros/share/cartographer_ros//configuration_files/backpack_2d_server.lua
[113.235s] -- Installing: /home/user/cartographer_ws/install/cartographer_ros/share/cartographer_ros//configuration_files/pr2.lua
[113.235s] -- Installing: /home/user/cartographer_ws/install/cartographer_ros/share/cartographer_ros//configuration_files/transform.lua
[113.235s] -- Installing: /home/user/cartographer_ws/install/cartographer_ros/share/cartographer_ros//urdf
[113.235s] -- Installing: /home/user/cartographer_ws/install/cartographer_ros/share/cartographer_ros//urdf/backpack_2d.urdf
[113.236s] -- Installing: /home/user/cartographer_ws/install/cartographer_ros/share/cartographer_ros//urdf/backpack_3d.urdf
[113.236s] -- Installing: /home/user/cartographer_ws/install/cartographer_ros/share/cartographer_ros//urdf/mir-100.urdf
[113.236s] -- Installing: /home/user/cartographer_ws/install/cartographer_ros/share/cartographer_ros//launch
[113.236s] -- Installing: /home/user/cartographer_ws/install/cartographer_ros/share/cartographer_ros//launch/taurob_tracker.launch.py
[113.236s] -- Installing: /home/user/cartographer_ws/install/cartographer_ros/share/cartographer_ros//launch/cartographer_rviz.launch.py
[113.236s] -- Installing: /home/user/cartographer_ws/install/cartographer_ros/share/cartographer_ros//launch/grpc_demo_backpack_2d.launch
[113.236s] -- Installing: /home/user/cartographer_ws/install/cartographer_ros/share/cartographer_ros//launch/offline_node.launch.py
[113.237s] -- Installing: /home/user/cartographer_ws/install/cartographer_ros/share/cartographer_ros//launch/assets_writer_backpack_2d.launch.py
[113.237s] -- Installing: /home/user/cartographer_ws/install/cartographer_ros/share/cartographer_ros//launch/demo_backpack_3d_localization.launch.py
[113.237s] -- Installing: /home/user/cartographer_ws/install/cartographer_ros/share/cartographer_ros//launch/turtlebot3_cartographer.launch.py
[113.237s] -- Installing: /home/user/cartographer_ws/install/cartographer_ros/share/cartographer_ros//launch/assets_writer_ros_map.launch.py
[113.237s] -- Installing: /home/user/cartographer_ws/install/cartographer_ros/share/cartographer_ros//launch/backpack_3d.launch.py
[113.237s] -- Installing: /home/user/cartographer_ws/install/cartographer_ros/share/cartographer_ros//launch/assets_writer_backpack_3d.launch.py
[113.237s] -- Installing: /home/user/cartographer_ws/install/cartographer_ros/share/cartographer_ros//launch/demo_revo_lds.launch.py
[113.237s] -- Installing: /home/user/cartographer_ws/install/cartographer_ros/share/cartographer_ros//launch/offline_backpack_2d.launch.py
[113.238s] -- Installing: /home/user/cartographer_ws/install/cartographer_ros/share/cartographer_ros//launch/demo_pr2.launch
[113.238s] -- Installing: /home/user/cartographer_ws/install/cartographer_ros/share/cartographer_ros//launch/offline_backpack_3d.launch.py
[113.238s] -- Installing: /home/user/cartographer_ws/install/cartographer_ros/share/cartographer_ros//launch/demo_taurob_tracker.launch.py
[113.238s] -- Installing: /home/user/cartographer_ws/install/cartographer_ros/share/cartographer_ros//launch/demo_backpack_2d_localization.launch.py
[113.238s] -- Installing: /home/user/cartographer_ws/install/cartographer_ros/share/cartographer_ros//launch/grpc_demo_backpack_2d_localization.launch
[113.238s] -- Installing: /home/user/cartographer_ws/install/cartographer_ros/share/cartographer_ros//launch/offline_mir_100_rviz.launch.py
[113.238s] -- Installing: /home/user/cartographer_ws/install/cartographer_ros/share/cartographer_ros//launch/visualize_pbstream.launch.py
[113.238s] -- Installing: /home/user/cartographer_ws/install/cartographer_ros/share/cartographer_ros//launch/demo_backpack_3d.launch.py
[113.238s] -- Installing: /home/user/cartographer_ws/install/cartographer_ros/share/cartographer_ros//launch/demo_backpack_2d.launch.py
[113.238s] -- Installing: /home/user/cartographer_ws/install/cartographer_ros/share/cartographer_ros//launch/backpack_2d.launch.py
[113.238s] -- Installing: /home/user/cartographer_ws/install/cartographer_ros/share/cartographer_ros/environment/library_path.sh
[113.239s] -- Installing: /home/user/cartographer_ws/install/cartographer_ros/share/cartographer_ros/environment/library_path.dsv
[113.239s] -- Installing: /home/user/cartographer_ws/install/cartographer_ros/share/ament_index/resource_index/package_run_dependencies/cartographer_ros
[113.239s] -- Installing: /home/user/cartographer_ws/install/cartographer_ros/share/ament_index/resource_index/parent_prefix_path/cartographer_ros
[113.239s] -- Installing: /home/user/cartographer_ws/install/cartographer_ros/share/cartographer_ros/environment/ament_prefix_path.sh
[113.239s] -- Installing: /home/user/cartographer_ws/install/cartographer_ros/share/cartographer_ros/environment/ament_prefix_path.dsv
[113.239s] -- Installing: /home/user/cartographer_ws/install/cartographer_ros/share/cartographer_ros/environment/path.sh
[113.240s] -- Installing: /home/user/cartographer_ws/install/cartographer_ros/share/cartographer_ros/environment/path.dsv
[113.240s] -- Installing: /home/user/cartographer_ws/install/cartographer_ros/share/cartographer_ros/local_setup.bash
[113.240s] -- Installing: /home/user/cartographer_ws/install/cartographer_ros/share/cartographer_ros/local_setup.sh
[113.240s] -- Installing: /home/user/cartographer_ws/install/cartographer_ros/share/cartographer_ros/local_setup.zsh
[113.240s] -- Installing: /home/user/cartographer_ws/install/cartographer_ros/share/cartographer_ros/local_setup.dsv
[113.240s] -- Installing: /home/user/cartographer_ws/install/cartographer_ros/share/cartographer_ros/package.dsv
[113.240s] -- Installing: /home/user/cartographer_ws/install/cartographer_ros/share/ament_index/resource_index/packages/cartographer_ros
[113.241s] -- Installing: /home/user/cartographer_ws/install/cartographer_ros/share/cartographer_ros/cmake/ament_cmake_export_include_directories-extras.cmake
[113.241s] -- Installing: /home/user/cartographer_ws/install/cartographer_ros/share/cartographer_ros/cmake/ament_cmake_export_libraries-extras.cmake
[113.241s] -- Installing: /home/user/cartographer_ws/install/cartographer_ros/share/cartographer_ros/cmake/ament_cmake_export_dependencies-extras.cmake
[113.241s] -- Installing: /home/user/cartographer_ws/install/cartographer_ros/share/cartographer_ros/cmake/cartographer_rosConfig.cmake
[113.241s] -- Installing: /home/user/cartographer_ws/install/cartographer_ros/share/cartographer_ros/cmake/cartographer_rosConfig-version.cmake
[113.241s] -- Installing: /home/user/cartographer_ws/install/cartographer_ros/share/cartographer_ros/package.xml
[113.243s] Invoked command in '/home/user/cartographer_ws/build/cartographer_ros' returned '0': CMAKE_PREFIX_PATH=/home/user/cartographer_ws/install/cartographer_ros_msgs:/home/user/cartographer_ws/install/cartographer:/home/user/cartographer_ws/install/cartographer_rviz:/home/user/cartographer_ws/install/cartographer_ros:/home/user/slam_ws/install/turtlebot3:/home/user/slam_ws/install/turtlebot3_simulations:/home/user/slam_ws/install/turtlebot3_bringup:/home/user/slam_ws/install/turtlebot3_node:/home/user/slam_ws/install/turtlebot3_navigation2:/home/user/slam_ws/install/turtlebot3_fake_node:/home/user/slam_ws/install/turtlebot3_msgs:/home/user/slam_ws/install/turtlebot3_gazebo:/home/user/slam_ws/install/turtlebot3_description:/home/user/slam_ws/install/turtlebot3_cartographer:/home/user/slam_ws/install/ld08_driver:/home/user/slam_ws/install/hls_lfcd_lds_driver:/home/user/slam_ws/install/dynamixel_sdk_examples:/home/user/slam_ws/install/dynamixel_sdk_custom_interfaces:/home/user/slam_ws/install/dynamixel_sdk:/home/user/slam_ws/install/cartographer_rviz:/home/user/slam_ws/install/cartographer_ros:/home/user/slam_ws/install/cartographer_ros_msgs:/home/user/slam_ws/install/cartographer:/home/user/slam_ws/install/turtlebot3_teleop:/home/user/slam_ws/install/turtlebot3_example:/opt/ros/humble LD_LIBRARY_PATH=/home/user/cartographer_ws/install/cartographer_ros_msgs/lib:/home/user/cartographer_ws/install/cartographer_rviz/lib:/home/user/cartographer_ws/install/cartographer_ros/lib:/home/user/slam_ws/install/turtlebot3_msgs/lib:/home/user/slam_ws/install/dynamixel_sdk_custom_interfaces/lib:/home/user/slam_ws/install/dynamixel_sdk/lib:/home/user/slam_ws/install/cartographer_rviz/lib:/home/user/slam_ws/install/cartographer_ros/lib:/home/user/slam_ws/install/cartographer_ros_msgs/lib:/usr/lib/x86_64-linux-gnu/gazebo-11/plugins:/opt/ros/humble/opt/rviz_ogre_vendor/lib:/opt/ros/humble/lib/x86_64-linux-gnu:/opt/ros/humble/lib /usr/bin/cmake --install /home/user/cartographer_ws/build/cartographer_ros
