[0.184s] DEBUG:colcon:Command line arguments: ['/usr/bin/colcon', 'build', '--packages-select', 'cartographer_rviz']
[0.184s] DEBUG:colcon:Parsed command line arguments: Namespace(log_base=None, log_level=None, verb_name='build', build_base='build', install_base='install', merge_install=False, symlink_install=False, test_result_base=None, continue_on_error=False, executor='parallel', parallel_workers=8, event_handlers=None, ignore_user_meta=False, metas=['./colcon.meta'], base_paths=['.'], packages_ignore=None, packages_ignore_regex=None, paths=None, packages_up_to=None, packages_up_to_regex=None, packages_above=None, packages_above_and_dependencies=None, packages_above_depth=None, packages_select_by_dep=None, packages_skip_by_dep=None, packages_skip_up_to=None, packages_select_build_failed=False, packages_skip_build_finished=False, packages_select_test_failures=False, packages_skip_test_passed=False, packages_select=['cartographer_rviz'], packages_skip=None, packages_select_regex=None, packages_skip_regex=None, packages_start=None, packages_end=None, allow_overriding=[], cmake_args=None, cmake_target=None, cmake_target_skip_unavailable=False, cmake_clean_cache=False, cmake_clean_first=False, cmake_force_configure=False, ament_cmake_args=None, catkin_cmake_args=None, catkin_skip_building_tests=False, verb_parser=<colcon_defaults.argument_parser.defaults.DefaultArgumentsDecorator object at 0x788b2ebf48b0>, verb_extension=<colcon_core.verb.build.BuildVerb object at 0x788b2ecf54b0>, main=<bound method BuildVerb.main of <colcon_core.verb.build.BuildVerb object at 0x788b2ecf54b0>>)
[0.455s] Level 1:colcon.colcon_core.package_discovery:discover_packages(colcon_meta) check parameters
[0.455s] Level 1:colcon.colcon_core.package_discovery:discover_packages(recursive) check parameters
[0.455s] Level 1:colcon.colcon_core.package_discovery:discover_packages(ignore) check parameters
[0.455s] Level 1:colcon.colcon_core.package_discovery:discover_packages(path) check parameters
[0.455s] Level 1:colcon.colcon_core.package_discovery:discover_packages(colcon_meta) discover
[0.455s] Level 1:colcon.colcon_core.package_discovery:discover_packages(recursive) discover
[0.455s] INFO:colcon.colcon_core.package_discovery:Crawling recursively for packages in '/home/user/cartographer_ws'
[0.455s] Level 1:colcon.colcon_core.package_identification:_identify(.) by extensions ['ignore', 'ignore_ament_install']
[0.456s] Level 1:colcon.colcon_core.package_identification:_identify(.) by extension 'ignore'
[0.456s] Level 1:colcon.colcon_core.package_identification:_identify(.) by extension 'ignore_ament_install'
[0.456s] Level 1:colcon.colcon_core.package_identification:_identify(.) by extensions ['colcon_pkg']
[0.456s] Level 1:colcon.colcon_core.package_identification:_identify(.) by extension 'colcon_pkg'
[0.456s] Level 1:colcon.colcon_core.package_identification:_identify(.) by extensions ['colcon_meta']
[0.456s] Level 1:colcon.colcon_core.package_identification:_identify(.) by extension 'colcon_meta'
[0.456s] Level 1:colcon.colcon_core.package_identification:_identify(.) by extensions ['ros']
[0.456s] Level 1:colcon.colcon_core.package_identification:_identify(.) by extension 'ros'
[0.475s] Level 1:colcon.colcon_core.package_identification:_identify(.) by extensions ['cmake', 'python']
[0.475s] Level 1:colcon.colcon_core.package_identification:_identify(.) by extension 'cmake'
[0.476s] Level 1:colcon.colcon_core.package_identification:_identify(.) by extension 'python'
[0.476s] Level 1:colcon.colcon_core.package_identification:_identify(.) by extensions ['python_setup_py']
[0.476s] Level 1:colcon.colcon_core.package_identification:_identify(.) by extension 'python_setup_py'
[0.476s] Level 1:colcon.colcon_core.package_identification:_identify(build) by extensions ['ignore', 'ignore_ament_install']
[0.476s] Level 1:colcon.colcon_core.package_identification:_identify(build) by extension 'ignore'
[0.476s] Level 1:colcon.colcon_core.package_identification:_identify(build) ignored
[0.477s] Level 1:colcon.colcon_core.package_identification:_identify(install) by extensions ['ignore', 'ignore_ament_install']
[0.477s] Level 1:colcon.colcon_core.package_identification:_identify(install) by extension 'ignore'
[0.477s] Level 1:colcon.colcon_core.package_identification:_identify(install) ignored
[0.477s] Level 1:colcon.colcon_core.package_identification:_identify(log) by extensions ['ignore', 'ignore_ament_install']
[0.477s] Level 1:colcon.colcon_core.package_identification:_identify(log) by extension 'ignore'
[0.477s] Level 1:colcon.colcon_core.package_identification:_identify(log) ignored
[0.477s] Level 1:colcon.colcon_core.package_identification:_identify(src) by extensions ['ignore', 'ignore_ament_install']
[0.478s] Level 1:colcon.colcon_core.package_identification:_identify(src) by extension 'ignore'
[0.478s] Level 1:colcon.colcon_core.package_identification:_identify(src) by extension 'ignore_ament_install'
[0.478s] Level 1:colcon.colcon_core.package_identification:_identify(src) by extensions ['colcon_pkg']
[0.478s] Level 1:colcon.colcon_core.package_identification:_identify(src) by extension 'colcon_pkg'
[0.478s] Level 1:colcon.colcon_core.package_identification:_identify(src) by extensions ['colcon_meta']
[0.478s] Level 1:colcon.colcon_core.package_identification:_identify(src) by extension 'colcon_meta'
[0.478s] Level 1:colcon.colcon_core.package_identification:_identify(src) by extensions ['ros']
[0.478s] Level 1:colcon.colcon_core.package_identification:_identify(src) by extension 'ros'
[0.478s] Level 1:colcon.colcon_core.package_identification:_identify(src) by extensions ['cmake', 'python']
[0.478s] Level 1:colcon.colcon_core.package_identification:_identify(src) by extension 'cmake'
[0.478s] Level 1:colcon.colcon_core.package_identification:_identify(src) by extension 'python'
[0.478s] Level 1:colcon.colcon_core.package_identification:_identify(src) by extensions ['python_setup_py']
[0.478s] Level 1:colcon.colcon_core.package_identification:_identify(src) by extension 'python_setup_py'
[0.479s] Level 1:colcon.colcon_core.package_identification:_identify(src/cartographer) by extensions ['ignore', 'ignore_ament_install']
[0.479s] Level 1:colcon.colcon_core.package_identification:_identify(src/cartographer) by extension 'ignore'
[0.479s] Level 1:colcon.colcon_core.package_identification:_identify(src/cartographer) by extension 'ignore_ament_install'
[0.479s] Level 1:colcon.colcon_core.package_identification:_identify(src/cartographer) by extensions ['colcon_pkg']
[0.479s] Level 1:colcon.colcon_core.package_identification:_identify(src/cartographer) by extension 'colcon_pkg'
[0.479s] Level 1:colcon.colcon_core.package_identification:_identify(src/cartographer) by extensions ['colcon_meta']
[0.479s] Level 1:colcon.colcon_core.package_identification:_identify(src/cartographer) by extension 'colcon_meta'
[0.479s] Level 1:colcon.colcon_core.package_identification:_identify(src/cartographer) by extensions ['ros']
[0.479s] Level 1:colcon.colcon_core.package_identification:_identify(src/cartographer) by extension 'ros'
[0.484s] DEBUG:colcon.colcon_core.package_identification:Package 'src/cartographer' with type 'ros.cmake' and name 'cartographer'
[0.484s] Level 1:colcon.colcon_core.package_identification:_identify(src/cartographer_ros) by extensions ['ignore', 'ignore_ament_install']
[0.484s] Level 1:colcon.colcon_core.package_identification:_identify(src/cartographer_ros) by extension 'ignore'
[0.484s] Level 1:colcon.colcon_core.package_identification:_identify(src/cartographer_ros) by extension 'ignore_ament_install'
[0.484s] Level 1:colcon.colcon_core.package_identification:_identify(src/cartographer_ros) by extensions ['colcon_pkg']
[0.485s] Level 1:colcon.colcon_core.package_identification:_identify(src/cartographer_ros) by extension 'colcon_pkg'
[0.485s] Level 1:colcon.colcon_core.package_identification:_identify(src/cartographer_ros) by extensions ['colcon_meta']
[0.485s] Level 1:colcon.colcon_core.package_identification:_identify(src/cartographer_ros) by extension 'colcon_meta'
[0.485s] Level 1:colcon.colcon_core.package_identification:_identify(src/cartographer_ros) by extensions ['ros']
[0.485s] Level 1:colcon.colcon_core.package_identification:_identify(src/cartographer_ros) by extension 'ros'
[0.485s] Level 1:colcon.colcon_core.package_identification:_identify(src/cartographer_ros) by extensions ['cmake', 'python']
[0.485s] Level 1:colcon.colcon_core.package_identification:_identify(src/cartographer_ros) by extension 'cmake'
[0.485s] Level 1:colcon.colcon_core.package_identification:_identify(src/cartographer_ros) by extension 'python'
[0.485s] Level 1:colcon.colcon_core.package_identification:_identify(src/cartographer_ros) by extensions ['python_setup_py']
[0.485s] Level 1:colcon.colcon_core.package_identification:_identify(src/cartographer_ros) by extension 'python_setup_py'
[0.485s] Level 1:colcon.colcon_core.package_identification:_identify(src/cartographer_ros/cartographer_ros) by extensions ['ignore', 'ignore_ament_install']
[0.485s] Level 1:colcon.colcon_core.package_identification:_identify(src/cartographer_ros/cartographer_ros) by extension 'ignore'
[0.486s] Level 1:colcon.colcon_core.package_identification:_identify(src/cartographer_ros/cartographer_ros) by extension 'ignore_ament_install'
[0.486s] Level 1:colcon.colcon_core.package_identification:_identify(src/cartographer_ros/cartographer_ros) by extensions ['colcon_pkg']
[0.486s] Level 1:colcon.colcon_core.package_identification:_identify(src/cartographer_ros/cartographer_ros) by extension 'colcon_pkg'
[0.486s] Level 1:colcon.colcon_core.package_identification:_identify(src/cartographer_ros/cartographer_ros) by extensions ['colcon_meta']
[0.486s] Level 1:colcon.colcon_core.package_identification:_identify(src/cartographer_ros/cartographer_ros) by extension 'colcon_meta'
[0.486s] Level 1:colcon.colcon_core.package_identification:_identify(src/cartographer_ros/cartographer_ros) by extensions ['ros']
[0.486s] Level 1:colcon.colcon_core.package_identification:_identify(src/cartographer_ros/cartographer_ros) by extension 'ros'
[0.489s] DEBUG:colcon.colcon_core.package_identification:Package 'src/cartographer_ros/cartographer_ros' with type 'ros.ament_cmake' and name 'cartographer_ros'
[0.490s] Level 1:colcon.colcon_core.package_identification:_identify(src/cartographer_ros/cartographer_ros_msgs) by extensions ['ignore', 'ignore_ament_install']
[0.490s] Level 1:colcon.colcon_core.package_identification:_identify(src/cartographer_ros/cartographer_ros_msgs) by extension 'ignore'
[0.491s] Level 1:colcon.colcon_core.package_identification:_identify(src/cartographer_ros/cartographer_ros_msgs) by extension 'ignore_ament_install'
[0.491s] Level 1:colcon.colcon_core.package_identification:_identify(src/cartographer_ros/cartographer_ros_msgs) by extensions ['colcon_pkg']
[0.491s] Level 1:colcon.colcon_core.package_identification:_identify(src/cartographer_ros/cartographer_ros_msgs) by extension 'colcon_pkg'
[0.491s] Level 1:colcon.colcon_core.package_identification:_identify(src/cartographer_ros/cartographer_ros_msgs) by extensions ['colcon_meta']
[0.491s] Level 1:colcon.colcon_core.package_identification:_identify(src/cartographer_ros/cartographer_ros_msgs) by extension 'colcon_meta'
[0.491s] Level 1:colcon.colcon_core.package_identification:_identify(src/cartographer_ros/cartographer_ros_msgs) by extensions ['ros']
[0.491s] Level 1:colcon.colcon_core.package_identification:_identify(src/cartographer_ros/cartographer_ros_msgs) by extension 'ros'
[0.493s] DEBUG:colcon.colcon_core.package_identification:Package 'src/cartographer_ros/cartographer_ros_msgs' with type 'ros.ament_cmake' and name 'cartographer_ros_msgs'
[0.493s] Level 1:colcon.colcon_core.package_identification:_identify(src/cartographer_ros/cartographer_rviz) by extensions ['ignore', 'ignore_ament_install']
[0.494s] Level 1:colcon.colcon_core.package_identification:_identify(src/cartographer_ros/cartographer_rviz) by extension 'ignore'
[0.494s] Level 1:colcon.colcon_core.package_identification:_identify(src/cartographer_ros/cartographer_rviz) by extension 'ignore_ament_install'
[0.494s] Level 1:colcon.colcon_core.package_identification:_identify(src/cartographer_ros/cartographer_rviz) by extensions ['colcon_pkg']
[0.494s] Level 1:colcon.colcon_core.package_identification:_identify(src/cartographer_ros/cartographer_rviz) by extension 'colcon_pkg'
[0.494s] Level 1:colcon.colcon_core.package_identification:_identify(src/cartographer_ros/cartographer_rviz) by extensions ['colcon_meta']
[0.494s] Level 1:colcon.colcon_core.package_identification:_identify(src/cartographer_ros/cartographer_rviz) by extension 'colcon_meta'
[0.494s] Level 1:colcon.colcon_core.package_identification:_identify(src/cartographer_ros/cartographer_rviz) by extensions ['ros']
[0.494s] Level 1:colcon.colcon_core.package_identification:_identify(src/cartographer_ros/cartographer_rviz) by extension 'ros'
[0.496s] DEBUG:colcon.colcon_core.package_identification:Package 'src/cartographer_ros/cartographer_rviz' with type 'ros.ament_cmake' and name 'cartographer_rviz'
[0.496s] Level 1:colcon.colcon_core.package_identification:_identify(src/cartographer_ros/docs) by extensions ['ignore', 'ignore_ament_install']
[0.496s] Level 1:colcon.colcon_core.package_identification:_identify(src/cartographer_ros/docs) by extension 'ignore'
[0.496s] Level 1:colcon.colcon_core.package_identification:_identify(src/cartographer_ros/docs) ignored
[0.496s] Level 1:colcon.colcon_core.package_identification:_identify(src/cartographer_ros/scripts) by extensions ['ignore', 'ignore_ament_install']
[0.496s] Level 1:colcon.colcon_core.package_identification:_identify(src/cartographer_ros/scripts) by extension 'ignore'
[0.497s] Level 1:colcon.colcon_core.package_identification:_identify(src/cartographer_ros/scripts) by extension 'ignore_ament_install'
[0.497s] Level 1:colcon.colcon_core.package_identification:_identify(src/cartographer_ros/scripts) by extensions ['colcon_pkg']
[0.497s] Level 1:colcon.colcon_core.package_identification:_identify(src/cartographer_ros/scripts) by extension 'colcon_pkg'
[0.497s] Level 1:colcon.colcon_core.package_identification:_identify(src/cartographer_ros/scripts) by extensions ['colcon_meta']
[0.497s] Level 1:colcon.colcon_core.package_identification:_identify(src/cartographer_ros/scripts) by extension 'colcon_meta'
[0.497s] Level 1:colcon.colcon_core.package_identification:_identify(src/cartographer_ros/scripts) by extensions ['ros']
[0.497s] Level 1:colcon.colcon_core.package_identification:_identify(src/cartographer_ros/scripts) by extension 'ros'
[0.497s] Level 1:colcon.colcon_core.package_identification:_identify(src/cartographer_ros/scripts) by extensions ['cmake', 'python']
[0.497s] Level 1:colcon.colcon_core.package_identification:_identify(src/cartographer_ros/scripts) by extension 'cmake'
[0.497s] Level 1:colcon.colcon_core.package_identification:_identify(src/cartographer_ros/scripts) by extension 'python'
[0.497s] Level 1:colcon.colcon_core.package_identification:_identify(src/cartographer_ros/scripts) by extensions ['python_setup_py']
[0.497s] Level 1:colcon.colcon_core.package_identification:_identify(src/cartographer_ros/scripts) by extension 'python_setup_py'
[0.497s] Level 1:colcon.colcon_core.package_discovery:discover_packages(recursive) using defaults
[0.497s] Level 1:colcon.colcon_core.package_discovery:discover_packages(ignore) discover
[0.497s] Level 1:colcon.colcon_core.package_discovery:discover_packages(ignore) using defaults
[0.497s] Level 1:colcon.colcon_core.package_discovery:discover_packages(path) discover
[0.497s] Level 1:colcon.colcon_core.package_discovery:discover_packages(path) using defaults
[0.545s] INFO:colcon.colcon_core.package_selection:Skipping not selected package 'cartographer' in 'src/cartographer'
[0.546s] INFO:colcon.colcon_core.package_selection:Skipping not selected package 'cartographer_ros_msgs' in 'src/cartographer_ros/cartographer_ros_msgs'
[0.546s] INFO:colcon.colcon_core.package_selection:Skipping not selected package 'cartographer_ros' in 'src/cartographer_ros/cartographer_ros'
[0.546s] Level 1:colcon.colcon_core.package_discovery:discover_packages(prefix_path) check parameters
[0.546s] Level 1:colcon.colcon_core.package_discovery:discover_packages(prefix_path) discover
[0.550s] DEBUG:colcon.colcon_installed_package_information.package_discovery:Found 4 installed packages in /home/user/cartographer_ws/install
[0.551s] DEBUG:colcon.colcon_installed_package_information.package_discovery:Found 21 installed packages in /home/user/slam_ws/install
[0.553s] DEBUG:colcon.colcon_installed_package_information.package_discovery:Found 0 installed packages in /home/user/ros2_ws/install
[0.555s] DEBUG:colcon.colcon_installed_package_information.package_discovery:Found 335 installed packages in /opt/ros/humble
[0.560s] Level 1:colcon.colcon_core.package_discovery:discover_packages(prefix_path) using defaults
[0.632s] Level 5:colcon.colcon_core.verb:set package 'cartographer_rviz' build argument 'cmake_args' from command line to 'None'
[0.632s] Level 5:colcon.colcon_core.verb:set package 'cartographer_rviz' build argument 'cmake_target' from command line to 'None'
[0.633s] Level 5:colcon.colcon_core.verb:set package 'cartographer_rviz' build argument 'cmake_target_skip_unavailable' from command line to 'False'
[0.633s] Level 5:colcon.colcon_core.verb:set package 'cartographer_rviz' build argument 'cmake_clean_cache' from command line to 'False'
[0.633s] Level 5:colcon.colcon_core.verb:set package 'cartographer_rviz' build argument 'cmake_clean_first' from command line to 'False'
[0.633s] Level 5:colcon.colcon_core.verb:set package 'cartographer_rviz' build argument 'cmake_force_configure' from command line to 'False'
[0.633s] Level 5:colcon.colcon_core.verb:set package 'cartographer_rviz' build argument 'ament_cmake_args' from command line to 'None'
[0.633s] Level 5:colcon.colcon_core.verb:set package 'cartographer_rviz' build argument 'catkin_cmake_args' from command line to 'None'
[0.633s] Level 5:colcon.colcon_core.verb:set package 'cartographer_rviz' build argument 'catkin_skip_building_tests' from command line to 'False'
[0.633s] DEBUG:colcon.colcon_core.verb:Building package 'cartographer_rviz' with the following arguments: {'ament_cmake_args': None, 'build_base': '/home/user/cartographer_ws/build/cartographer_rviz', 'catkin_cmake_args': None, 'catkin_skip_building_tests': False, 'cmake_args': None, 'cmake_clean_cache': False, 'cmake_clean_first': False, 'cmake_force_configure': False, 'cmake_target': None, 'cmake_target_skip_unavailable': False, 'install_base': '/home/user/cartographer_ws/install/cartographer_rviz', 'merge_install': False, 'path': '/home/user/cartographer_ws/src/cartographer_ros/cartographer_rviz', 'symlink_install': False, 'test_result_base': None}
[0.633s] INFO:colcon.colcon_core.executor:Executing jobs using 'parallel' executor
[0.634s] DEBUG:colcon.colcon_parallel_executor.executor.parallel:run_until_complete
[0.635s] INFO:colcon.colcon_ros.task.ament_cmake.build:Building ROS package in '/home/user/cartographer_ws/src/cartographer_ros/cartographer_rviz' with build type 'ament_cmake'
[0.635s] INFO:colcon.colcon_cmake.task.cmake.build:Building CMake package in '/home/user/cartographer_ws/src/cartographer_ros/cartographer_rviz'
[0.638s] INFO:colcon.colcon_core.plugin_system:Skipping extension 'colcon_core.shell.bat': Not used on non-Windows systems
[0.638s] INFO:colcon.colcon_core.shell:Skip shell extension 'powershell' for command environment: Not usable outside of PowerShell
[0.638s] DEBUG:colcon.colcon_core.shell:Skip shell extension 'dsv' for command environment
[0.673s] DEBUG:colcon.colcon_core.event_handler.log_command:Invoking command in '/home/user/cartographer_ws/build/cartographer_rviz': CMAKE_PREFIX_PATH=/home/user/cartographer_ws/install/cartographer_ros:/home/user/cartographer_ws/install/cartographer_ros_msgs:/home/user/cartographer_ws/install/cartographer:/home/user/cartographer_ws/install/cartographer_rviz:/home/user/slam_ws/install/turtlebot3:/home/user/slam_ws/install/turtlebot3_simulations:/home/user/slam_ws/install/turtlebot3_bringup:/home/user/slam_ws/install/turtlebot3_node:/home/user/slam_ws/install/turtlebot3_navigation2:/home/user/slam_ws/install/turtlebot3_fake_node:/home/user/slam_ws/install/turtlebot3_msgs:/home/user/slam_ws/install/turtlebot3_gazebo:/home/user/slam_ws/install/turtlebot3_description:/home/user/slam_ws/install/turtlebot3_cartographer:/home/user/slam_ws/install/ld08_driver:/home/user/slam_ws/install/hls_lfcd_lds_driver:/home/user/slam_ws/install/dynamixel_sdk_examples:/home/user/slam_ws/install/dynamixel_sdk_custom_interfaces:/home/user/slam_ws/install/dynamixel_sdk:/home/user/slam_ws/install/cartographer_rviz:/home/user/slam_ws/install/cartographer_ros:/home/user/slam_ws/install/cartographer_ros_msgs:/home/user/slam_ws/install/cartographer:/home/user/slam_ws/install/turtlebot3_teleop:/home/user/slam_ws/install/turtlebot3_example:/opt/ros/humble LD_LIBRARY_PATH=/home/user/cartographer_ws/install/cartographer_ros_msgs/lib:/home/user/cartographer_ws/install/cartographer_rviz/lib:/home/user/cartographer_ws/install/cartographer_ros/lib:/home/user/slam_ws/install/turtlebot3_msgs/lib:/home/user/slam_ws/install/dynamixel_sdk_custom_interfaces/lib:/home/user/slam_ws/install/dynamixel_sdk/lib:/home/user/slam_ws/install/cartographer_rviz/lib:/home/user/slam_ws/install/cartographer_ros/lib:/home/user/slam_ws/install/cartographer_ros_msgs/lib:/usr/lib/x86_64-linux-gnu/gazebo-11/plugins:/opt/ros/humble/opt/rviz_ogre_vendor/lib:/opt/ros/humble/lib/x86_64-linux-gnu:/opt/ros/humble/lib /usr/bin/cmake --build /home/user/cartographer_ws/build/cartographer_rviz -- -j8 -l8
[0.948s] DEBUG:colcon.colcon_core.event_handler.log_command:Invoked command in '/home/user/cartographer_ws/build/cartographer_rviz' returned '0': CMAKE_PREFIX_PATH=/home/user/cartographer_ws/install/cartographer_ros:/home/user/cartographer_ws/install/cartographer_ros_msgs:/home/user/cartographer_ws/install/cartographer:/home/user/cartographer_ws/install/cartographer_rviz:/home/user/slam_ws/install/turtlebot3:/home/user/slam_ws/install/turtlebot3_simulations:/home/user/slam_ws/install/turtlebot3_bringup:/home/user/slam_ws/install/turtlebot3_node:/home/user/slam_ws/install/turtlebot3_navigation2:/home/user/slam_ws/install/turtlebot3_fake_node:/home/user/slam_ws/install/turtlebot3_msgs:/home/user/slam_ws/install/turtlebot3_gazebo:/home/user/slam_ws/install/turtlebot3_description:/home/user/slam_ws/install/turtlebot3_cartographer:/home/user/slam_ws/install/ld08_driver:/home/user/slam_ws/install/hls_lfcd_lds_driver:/home/user/slam_ws/install/dynamixel_sdk_examples:/home/user/slam_ws/install/dynamixel_sdk_custom_interfaces:/home/user/slam_ws/install/dynamixel_sdk:/home/user/slam_ws/install/cartographer_rviz:/home/user/slam_ws/install/cartographer_ros:/home/user/slam_ws/install/cartographer_ros_msgs:/home/user/slam_ws/install/cartographer:/home/user/slam_ws/install/turtlebot3_teleop:/home/user/slam_ws/install/turtlebot3_example:/opt/ros/humble LD_LIBRARY_PATH=/home/user/cartographer_ws/install/cartographer_ros_msgs/lib:/home/user/cartographer_ws/install/cartographer_rviz/lib:/home/user/cartographer_ws/install/cartographer_ros/lib:/home/user/slam_ws/install/turtlebot3_msgs/lib:/home/user/slam_ws/install/dynamixel_sdk_custom_interfaces/lib:/home/user/slam_ws/install/dynamixel_sdk/lib:/home/user/slam_ws/install/cartographer_rviz/lib:/home/user/slam_ws/install/cartographer_ros/lib:/home/user/slam_ws/install/cartographer_ros_msgs/lib:/usr/lib/x86_64-linux-gnu/gazebo-11/plugins:/opt/ros/humble/opt/rviz_ogre_vendor/lib:/opt/ros/humble/lib/x86_64-linux-gnu:/opt/ros/humble/lib /usr/bin/cmake --build /home/user/cartographer_ws/build/cartographer_rviz -- -j8 -l8
[1.052s] DEBUG:colcon.colcon_core.event_handler.log_command:Invoking command in '/home/user/cartographer_ws/build/cartographer_rviz': CMAKE_PREFIX_PATH=/home/user/cartographer_ws/install/cartographer_ros:/home/user/cartographer_ws/install/cartographer_ros_msgs:/home/user/cartographer_ws/install/cartographer:/home/user/cartographer_ws/install/cartographer_rviz:/home/user/slam_ws/install/turtlebot3:/home/user/slam_ws/install/turtlebot3_simulations:/home/user/slam_ws/install/turtlebot3_bringup:/home/user/slam_ws/install/turtlebot3_node:/home/user/slam_ws/install/turtlebot3_navigation2:/home/user/slam_ws/install/turtlebot3_fake_node:/home/user/slam_ws/install/turtlebot3_msgs:/home/user/slam_ws/install/turtlebot3_gazebo:/home/user/slam_ws/install/turtlebot3_description:/home/user/slam_ws/install/turtlebot3_cartographer:/home/user/slam_ws/install/ld08_driver:/home/user/slam_ws/install/hls_lfcd_lds_driver:/home/user/slam_ws/install/dynamixel_sdk_examples:/home/user/slam_ws/install/dynamixel_sdk_custom_interfaces:/home/user/slam_ws/install/dynamixel_sdk:/home/user/slam_ws/install/cartographer_rviz:/home/user/slam_ws/install/cartographer_ros:/home/user/slam_ws/install/cartographer_ros_msgs:/home/user/slam_ws/install/cartographer:/home/user/slam_ws/install/turtlebot3_teleop:/home/user/slam_ws/install/turtlebot3_example:/opt/ros/humble LD_LIBRARY_PATH=/home/user/cartographer_ws/install/cartographer_ros_msgs/lib:/home/user/cartographer_ws/install/cartographer_rviz/lib:/home/user/cartographer_ws/install/cartographer_ros/lib:/home/user/slam_ws/install/turtlebot3_msgs/lib:/home/user/slam_ws/install/dynamixel_sdk_custom_interfaces/lib:/home/user/slam_ws/install/dynamixel_sdk/lib:/home/user/slam_ws/install/cartographer_rviz/lib:/home/user/slam_ws/install/cartographer_ros/lib:/home/user/slam_ws/install/cartographer_ros_msgs/lib:/usr/lib/x86_64-linux-gnu/gazebo-11/plugins:/opt/ros/humble/opt/rviz_ogre_vendor/lib:/opt/ros/humble/lib/x86_64-linux-gnu:/opt/ros/humble/lib /usr/bin/cmake --install /home/user/cartographer_ws/build/cartographer_rviz
[1.077s] Level 1:colcon.colcon_core.environment:create_environment_scripts_only(cartographer_rviz)
[1.079s] DEBUG:colcon.colcon_core.event_handler.log_command:Invoked command in '/home/user/cartographer_ws/build/cartographer_rviz' returned '0': CMAKE_PREFIX_PATH=/home/user/cartographer_ws/install/cartographer_ros:/home/user/cartographer_ws/install/cartographer_ros_msgs:/home/user/cartographer_ws/install/cartographer:/home/user/cartographer_ws/install/cartographer_rviz:/home/user/slam_ws/install/turtlebot3:/home/user/slam_ws/install/turtlebot3_simulations:/home/user/slam_ws/install/turtlebot3_bringup:/home/user/slam_ws/install/turtlebot3_node:/home/user/slam_ws/install/turtlebot3_navigation2:/home/user/slam_ws/install/turtlebot3_fake_node:/home/user/slam_ws/install/turtlebot3_msgs:/home/user/slam_ws/install/turtlebot3_gazebo:/home/user/slam_ws/install/turtlebot3_description:/home/user/slam_ws/install/turtlebot3_cartographer:/home/user/slam_ws/install/ld08_driver:/home/user/slam_ws/install/hls_lfcd_lds_driver:/home/user/slam_ws/install/dynamixel_sdk_examples:/home/user/slam_ws/install/dynamixel_sdk_custom_interfaces:/home/user/slam_ws/install/dynamixel_sdk:/home/user/slam_ws/install/cartographer_rviz:/home/user/slam_ws/install/cartographer_ros:/home/user/slam_ws/install/cartographer_ros_msgs:/home/user/slam_ws/install/cartographer:/home/user/slam_ws/install/turtlebot3_teleop:/home/user/slam_ws/install/turtlebot3_example:/opt/ros/humble LD_LIBRARY_PATH=/home/user/cartographer_ws/install/cartographer_ros_msgs/lib:/home/user/cartographer_ws/install/cartographer_rviz/lib:/home/user/cartographer_ws/install/cartographer_ros/lib:/home/user/slam_ws/install/turtlebot3_msgs/lib:/home/user/slam_ws/install/dynamixel_sdk_custom_interfaces/lib:/home/user/slam_ws/install/dynamixel_sdk/lib:/home/user/slam_ws/install/cartographer_rviz/lib:/home/user/slam_ws/install/cartographer_ros/lib:/home/user/slam_ws/install/cartographer_ros_msgs/lib:/usr/lib/x86_64-linux-gnu/gazebo-11/plugins:/opt/ros/humble/opt/rviz_ogre_vendor/lib:/opt/ros/humble/lib/x86_64-linux-gnu:/opt/ros/humble/lib /usr/bin/cmake --install /home/user/cartographer_ws/build/cartographer_rviz
[1.082s] Level 1:colcon.colcon_core.environment:checking '/home/user/cartographer_ws/install/cartographer_rviz' for CMake module files
[1.082s] Level 1:colcon.colcon_core.environment:checking '/home/user/cartographer_ws/install/cartographer_rviz' for CMake config files
[1.083s] Level 1:colcon.colcon_core.shell:create_environment_hook('cartographer_rviz', 'cmake_prefix_path')
[1.083s] INFO:colcon.colcon_core.shell:Creating environment hook '/home/user/cartographer_ws/install/cartographer_rviz/share/cartographer_rviz/hook/cmake_prefix_path.ps1'
[1.084s] INFO:colcon.colcon_core.shell:Creating environment descriptor '/home/user/cartographer_ws/install/cartographer_rviz/share/cartographer_rviz/hook/cmake_prefix_path.dsv'
[1.084s] INFO:colcon.colcon_core.shell:Creating environment hook '/home/user/cartographer_ws/install/cartographer_rviz/share/cartographer_rviz/hook/cmake_prefix_path.sh'
[1.086s] Level 1:colcon.colcon_core.environment:checking '/home/user/cartographer_ws/install/cartographer_rviz/lib'
[1.086s] Level 1:colcon.colcon_core.shell:create_environment_hook('cartographer_rviz', 'ld_library_path_lib')
[1.086s] INFO:colcon.colcon_core.shell:Creating environment hook '/home/user/cartographer_ws/install/cartographer_rviz/share/cartographer_rviz/hook/ld_library_path_lib.ps1'
[1.087s] INFO:colcon.colcon_core.shell:Creating environment descriptor '/home/user/cartographer_ws/install/cartographer_rviz/share/cartographer_rviz/hook/ld_library_path_lib.dsv'
[1.087s] INFO:colcon.colcon_core.shell:Creating environment hook '/home/user/cartographer_ws/install/cartographer_rviz/share/cartographer_rviz/hook/ld_library_path_lib.sh'
[1.088s] Level 1:colcon.colcon_core.environment:checking '/home/user/cartographer_ws/install/cartographer_rviz/bin'
[1.088s] Level 1:colcon.colcon_core.environment:checking '/home/user/cartographer_ws/install/cartographer_rviz/lib/pkgconfig/cartographer_rviz.pc'
[1.089s] Level 1:colcon.colcon_core.environment:checking '/home/user/cartographer_ws/install/cartographer_rviz/lib/python3.10/site-packages'
[1.090s] Level 1:colcon.colcon_core.environment:checking '/home/user/cartographer_ws/install/cartographer_rviz/bin'
[1.091s] INFO:colcon.colcon_core.shell:Creating package script '/home/user/cartographer_ws/install/cartographer_rviz/share/cartographer_rviz/package.ps1'
[1.093s] INFO:colcon.colcon_core.shell:Creating package descriptor '/home/user/cartographer_ws/install/cartographer_rviz/share/cartographer_rviz/package.dsv'
[1.094s] INFO:colcon.colcon_core.shell:Creating package script '/home/user/cartographer_ws/install/cartographer_rviz/share/cartographer_rviz/package.sh'
[1.095s] INFO:colcon.colcon_core.shell:Creating package script '/home/user/cartographer_ws/install/cartographer_rviz/share/cartographer_rviz/package.bash'
[1.096s] INFO:colcon.colcon_core.shell:Creating package script '/home/user/cartographer_ws/install/cartographer_rviz/share/cartographer_rviz/package.zsh'
[1.097s] Level 1:colcon.colcon_core.environment:create_file_with_runtime_dependencies(/home/user/cartographer_ws/install/cartographer_rviz/share/colcon-core/packages/cartographer_rviz)
[1.178s] Level 1:colcon.colcon_core.environment:create_environment_scripts_only(cartographer_rviz)
[1.179s] Level 1:colcon.colcon_core.environment:checking '/home/user/cartographer_ws/install/cartographer_rviz' for CMake module files
[1.179s] Level 1:colcon.colcon_core.environment:checking '/home/user/cartographer_ws/install/cartographer_rviz' for CMake config files
[1.180s] Level 1:colcon.colcon_core.shell:create_environment_hook('cartographer_rviz', 'cmake_prefix_path')
[1.180s] INFO:colcon.colcon_core.shell:Creating environment hook '/home/user/cartographer_ws/install/cartographer_rviz/share/cartographer_rviz/hook/cmake_prefix_path.ps1'
[1.181s] INFO:colcon.colcon_core.shell:Creating environment descriptor '/home/user/cartographer_ws/install/cartographer_rviz/share/cartographer_rviz/hook/cmake_prefix_path.dsv'
[1.181s] INFO:colcon.colcon_core.shell:Creating environment hook '/home/user/cartographer_ws/install/cartographer_rviz/share/cartographer_rviz/hook/cmake_prefix_path.sh'
[1.182s] Level 1:colcon.colcon_core.environment:checking '/home/user/cartographer_ws/install/cartographer_rviz/lib'
[1.182s] Level 1:colcon.colcon_core.shell:create_environment_hook('cartographer_rviz', 'ld_library_path_lib')
[1.183s] INFO:colcon.colcon_core.shell:Creating environment hook '/home/user/cartographer_ws/install/cartographer_rviz/share/cartographer_rviz/hook/ld_library_path_lib.ps1'
[1.183s] INFO:colcon.colcon_core.shell:Creating environment descriptor '/home/user/cartographer_ws/install/cartographer_rviz/share/cartographer_rviz/hook/ld_library_path_lib.dsv'
[1.184s] INFO:colcon.colcon_core.shell:Creating environment hook '/home/user/cartographer_ws/install/cartographer_rviz/share/cartographer_rviz/hook/ld_library_path_lib.sh'
[1.184s] Level 1:colcon.colcon_core.environment:checking '/home/user/cartographer_ws/install/cartographer_rviz/bin'
[1.184s] Level 1:colcon.colcon_core.environment:checking '/home/user/cartographer_ws/install/cartographer_rviz/lib/pkgconfig/cartographer_rviz.pc'
[1.185s] Level 1:colcon.colcon_core.environment:checking '/home/user/cartographer_ws/install/cartographer_rviz/lib/python3.10/site-packages'
[1.185s] Level 1:colcon.colcon_core.environment:checking '/home/user/cartographer_ws/install/cartographer_rviz/bin'
[1.185s] INFO:colcon.colcon_core.shell:Creating package script '/home/user/cartographer_ws/install/cartographer_rviz/share/cartographer_rviz/package.ps1'
[1.186s] INFO:colcon.colcon_core.shell:Creating package descriptor '/home/user/cartographer_ws/install/cartographer_rviz/share/cartographer_rviz/package.dsv'
[1.188s] INFO:colcon.colcon_core.shell:Creating package script '/home/user/cartographer_ws/install/cartographer_rviz/share/cartographer_rviz/package.sh'
[1.190s] INFO:colcon.colcon_core.shell:Creating package script '/home/user/cartographer_ws/install/cartographer_rviz/share/cartographer_rviz/package.bash'
[1.191s] INFO:colcon.colcon_core.shell:Creating package script '/home/user/cartographer_ws/install/cartographer_rviz/share/cartographer_rviz/package.zsh'
[1.192s] Level 1:colcon.colcon_core.environment:create_file_with_runtime_dependencies(/home/user/cartographer_ws/install/cartographer_rviz/share/colcon-core/packages/cartographer_rviz)
[1.193s] DEBUG:colcon.colcon_parallel_executor.executor.parallel:closing loop
[1.194s] DEBUG:colcon.colcon_parallel_executor.executor.parallel:loop closed
[1.194s] DEBUG:colcon.colcon_parallel_executor.executor.parallel:run_until_complete finished with '0'
[1.194s] DEBUG:colcon.colcon_core.event_reactor:joining thread
[1.205s] INFO:colcon.colcon_core.plugin_system:Skipping extension 'colcon_notification.desktop_notification.terminal_notifier': Not used on non-Darwin systems
[1.205s] INFO:colcon.colcon_core.plugin_system:Skipping extension 'colcon_notification.desktop_notification.win32': Not used on non-Windows systems
[1.205s] INFO:colcon.colcon_notification.desktop_notification:Sending desktop notification using 'notify2'
[1.224s] DEBUG:colcon.colcon_core.event_reactor:joined thread
[1.224s] INFO:colcon.colcon_core.shell:Creating prefix script '/home/user/cartographer_ws/install/local_setup.ps1'
[1.225s] INFO:colcon.colcon_core.shell:Creating prefix util module '/home/user/cartographer_ws/install/_local_setup_util_ps1.py'
[1.229s] INFO:colcon.colcon_core.shell:Creating prefix chain script '/home/user/cartographer_ws/install/setup.ps1'
[1.234s] INFO:colcon.colcon_core.shell:Creating prefix script '/home/user/cartographer_ws/install/local_setup.sh'
[1.235s] INFO:colcon.colcon_core.shell:Creating prefix util module '/home/user/cartographer_ws/install/_local_setup_util_sh.py'
[1.236s] INFO:colcon.colcon_core.shell:Creating prefix chain script '/home/user/cartographer_ws/install/setup.sh'
[1.241s] INFO:colcon.colcon_core.shell:Creating prefix script '/home/user/cartographer_ws/install/local_setup.bash'
[1.242s] INFO:colcon.colcon_core.shell:Creating prefix chain script '/home/user/cartographer_ws/install/setup.bash'
[1.246s] INFO:colcon.colcon_core.shell:Creating prefix script '/home/user/cartographer_ws/install/local_setup.zsh'
[1.247s] INFO:colcon.colcon_core.shell:Creating prefix chain script '/home/user/cartographer_ws/install/setup.zsh'
