[0.028s] Invoking command in '/home/user/cartographer_ws/build/cartographer_rviz': CMAKE_PREFIX_PATH=/home/user/cartographer_ws/install/cartographer_ros:/home/user/cartographer_ws/install/cartographer_ros_msgs:/home/user/cartographer_ws/install/cartographer:/home/user/simple_cartographer_ws/install/cartographer_rviz:/home/user/simple_cartographer_ws/install/cartographer_ros:/home/user/simple_cartographer_ws/install/cartographer_ros_msgs:/home/user/simple_cartographer_ws/install/cartographer:/home/user/cartographer_ws/install/cartographer_rviz:/opt/ros/humble LD_LIBRARY_PATH=/home/user/cartographer_ws/install/cartographer_ros_msgs/lib:/home/user/simple_cartographer_ws/install/cartographer_rviz/lib:/home/user/simple_cartographer_ws/install/cartographer_ros/lib:/home/user/simple_cartographer_ws/install/cartographer_ros_msgs/lib:/home/user/cartographer_ws/install/cartographer_rviz/lib:/home/user/cartographer_ws/install/cartographer_ros/lib:/usr/lib/x86_64-linux-gnu/gazebo-11/plugins:/opt/ros/humble/opt/rviz_ogre_vendor/lib:/opt/ros/humble/lib/x86_64-linux-gnu:/opt/ros/humble/lib PATH=/home/user/cartographer_ws/install/cartographer/bin:/home/user/simple_cartographer_ws/install/cartographer/bin:/opt/ros/humble/bin:/home/user/.local/bin:/usr/local/sbin:/usr/local/bin:/usr/sbin:/usr/bin:/sbin:/bin:/usr/games:/usr/local/games:/snap/bin:/snap/bin PKG_CONFIG_PATH=/home/user/cartographer_ws/install/cartographer/lib/x86_64-linux-gnu/pkgconfig:/home/user/cartographer_ws/install/cartographer/lib/pkgconfig:/home/user/simple_cartographer_ws/install/cartographer/lib/x86_64-linux-gnu/pkgconfig:/home/user/simple_cartographer_ws/install/cartographer/lib/pkgconfig /usr/bin/cmake --build /home/user/cartographer_ws/build/cartographer_rviz -- -j8 -l8
[0.134s] [ 16%] [34m[1mAutomatic MOC for target cartographer_rviz[0m
[0.140s] [ 16%] Built target cartographer_rviz_detect_changes
[0.189s] [ 16%] Built target cartographer_rviz_autogen
[0.272s] [100%] Built target cartographer_rviz
[0.292s] Invoked command in '/home/user/cartographer_ws/build/cartographer_rviz' returned '0': CMAKE_PREFIX_PATH=/home/user/cartographer_ws/install/cartographer_ros:/home/user/cartographer_ws/install/cartographer_ros_msgs:/home/user/cartographer_ws/install/cartographer:/home/user/simple_cartographer_ws/install/cartographer_rviz:/home/user/simple_cartographer_ws/install/cartographer_ros:/home/user/simple_cartographer_ws/install/cartographer_ros_msgs:/home/user/simple_cartographer_ws/install/cartographer:/home/user/cartographer_ws/install/cartographer_rviz:/opt/ros/humble LD_LIBRARY_PATH=/home/user/cartographer_ws/install/cartographer_ros_msgs/lib:/home/user/simple_cartographer_ws/install/cartographer_rviz/lib:/home/user/simple_cartographer_ws/install/cartographer_ros/lib:/home/user/simple_cartographer_ws/install/cartographer_ros_msgs/lib:/home/user/cartographer_ws/install/cartographer_rviz/lib:/home/user/cartographer_ws/install/cartographer_ros/lib:/usr/lib/x86_64-linux-gnu/gazebo-11/plugins:/opt/ros/humble/opt/rviz_ogre_vendor/lib:/opt/ros/humble/lib/x86_64-linux-gnu:/opt/ros/humble/lib PATH=/home/user/cartographer_ws/install/cartographer/bin:/home/user/simple_cartographer_ws/install/cartographer/bin:/opt/ros/humble/bin:/home/user/.local/bin:/usr/local/sbin:/usr/local/bin:/usr/sbin:/usr/bin:/sbin:/bin:/usr/games:/usr/local/games:/snap/bin:/snap/bin PKG_CONFIG_PATH=/home/user/cartographer_ws/install/cartographer/lib/x86_64-linux-gnu/pkgconfig:/home/user/cartographer_ws/install/cartographer/lib/pkgconfig:/home/user/simple_cartographer_ws/install/cartographer/lib/x86_64-linux-gnu/pkgconfig:/home/user/simple_cartographer_ws/install/cartographer/lib/pkgconfig /usr/bin/cmake --build /home/user/cartographer_ws/build/cartographer_rviz -- -j8 -l8
[0.375s] Invoking command in '/home/user/cartographer_ws/build/cartographer_rviz': CMAKE_PREFIX_PATH=/home/user/cartographer_ws/install/cartographer_ros:/home/user/cartographer_ws/install/cartographer_ros_msgs:/home/user/cartographer_ws/install/cartographer:/home/user/simple_cartographer_ws/install/cartographer_rviz:/home/user/simple_cartographer_ws/install/cartographer_ros:/home/user/simple_cartographer_ws/install/cartographer_ros_msgs:/home/user/simple_cartographer_ws/install/cartographer:/home/user/cartographer_ws/install/cartographer_rviz:/opt/ros/humble LD_LIBRARY_PATH=/home/user/cartographer_ws/install/cartographer_ros_msgs/lib:/home/user/simple_cartographer_ws/install/cartographer_rviz/lib:/home/user/simple_cartographer_ws/install/cartographer_ros/lib:/home/user/simple_cartographer_ws/install/cartographer_ros_msgs/lib:/home/user/cartographer_ws/install/cartographer_rviz/lib:/home/user/cartographer_ws/install/cartographer_ros/lib:/usr/lib/x86_64-linux-gnu/gazebo-11/plugins:/opt/ros/humble/opt/rviz_ogre_vendor/lib:/opt/ros/humble/lib/x86_64-linux-gnu:/opt/ros/humble/lib PATH=/home/user/cartographer_ws/install/cartographer/bin:/home/user/simple_cartographer_ws/install/cartographer/bin:/opt/ros/humble/bin:/home/user/.local/bin:/usr/local/sbin:/usr/local/bin:/usr/sbin:/usr/bin:/sbin:/bin:/usr/games:/usr/local/games:/snap/bin:/snap/bin PKG_CONFIG_PATH=/home/user/cartographer_ws/install/cartographer/lib/x86_64-linux-gnu/pkgconfig:/home/user/cartographer_ws/install/cartographer/lib/pkgconfig:/home/user/simple_cartographer_ws/install/cartographer/lib/x86_64-linux-gnu/pkgconfig:/home/user/simple_cartographer_ws/install/cartographer/lib/pkgconfig /usr/bin/cmake --install /home/user/cartographer_ws/build/cartographer_rviz
[0.392s] -- Install configuration: "Release"
[0.394s] -- Execute custom install script
[0.394s] -- Up-to-date symlink: /home/user/cartographer_ws/install/cartographer_rviz/share/cartographer_rviz//rviz_plugin_description.xml
[0.395s] -- Up-to-date symlink: /home/user/cartographer_ws/install/cartographer_rviz/include//cartographer_rviz/drawable_submap.h
[0.396s] -- Up-to-date symlink: /home/user/cartographer_ws/install/cartographer_rviz/include//cartographer_rviz/ogre_slice.h
[0.396s] -- Up-to-date symlink: /home/user/cartographer_ws/install/cartographer_rviz/include//cartographer_rviz/submaps_display.h
[0.397s] -- Up-to-date symlink: /home/user/cartographer_ws/install/cartographer_rviz/share/cartographer_rviz/environment/library_path.sh
[0.397s] -- Up-to-date symlink: /home/user/cartographer_ws/install/cartographer_rviz/share/cartographer_rviz/environment/library_path.dsv
[0.398s] -- Up-to-date symlink: /home/user/cartographer_ws/install/cartographer_rviz/share/ament_index/resource_index/package_run_dependencies/cartographer_rviz
[0.398s] -- Up-to-date symlink: /home/user/cartographer_ws/install/cartographer_rviz/share/ament_index/resource_index/parent_prefix_path/cartographer_rviz
[0.398s] -- Up-to-date symlink: /home/user/cartographer_ws/install/cartographer_rviz/share/cartographer_rviz/environment/ament_prefix_path.sh
[0.399s] -- Up-to-date symlink: /home/user/cartographer_ws/install/cartographer_rviz/share/cartographer_rviz/environment/ament_prefix_path.dsv
[0.399s] -- Up-to-date symlink: /home/user/cartographer_ws/install/cartographer_rviz/share/cartographer_rviz/environment/path.sh
[0.399s] -- Up-to-date symlink: /home/user/cartographer_ws/install/cartographer_rviz/share/cartographer_rviz/environment/path.dsv
[0.400s] -- Up-to-date symlink: /home/user/cartographer_ws/install/cartographer_rviz/share/cartographer_rviz/local_setup.bash
[0.400s] -- Up-to-date symlink: /home/user/cartographer_ws/install/cartographer_rviz/share/cartographer_rviz/local_setup.sh
[0.401s] -- Up-to-date symlink: /home/user/cartographer_ws/install/cartographer_rviz/share/cartographer_rviz/local_setup.zsh
[0.401s] -- Up-to-date symlink: /home/user/cartographer_ws/install/cartographer_rviz/share/cartographer_rviz/local_setup.dsv
[0.401s] -- Symlinking: /home/user/cartographer_ws/install/cartographer_rviz/share/cartographer_rviz/package.dsv
[0.417s] -- Up-to-date symlink: /home/user/cartographer_ws/install/cartographer_rviz/share/ament_index/resource_index/packages/cartographer_rviz
[0.418s] -- Up-to-date symlink: /home/user/cartographer_ws/install/cartographer_rviz/share/ament_index/resource_index/rviz_common__pluginlib__plugin/cartographer_rviz
[0.418s] -- Up-to-date symlink: /home/user/cartographer_ws/install/cartographer_rviz/share/ament_index/resource_index/rviz_ogre_media_exports/cartographer_rviz
[0.419s] -- Up-to-date symlink: /home/user/cartographer_ws/install/cartographer_rviz/share/cartographer_rviz/cmake/ament_cmake_export_include_directories-extras.cmake
[0.419s] -- Up-to-date symlink: /home/user/cartographer_ws/install/cartographer_rviz/share/cartographer_rviz/cmake/ament_cmake_export_targets-extras.cmake
[0.420s] -- Up-to-date symlink: /home/user/cartographer_ws/install/cartographer_rviz/share/cartographer_rviz/cmake/ament_cmake_export_dependencies-extras.cmake
[0.420s] -- Up-to-date symlink: /home/user/cartographer_ws/install/cartographer_rviz/share/cartographer_rviz/cmake/cartographer_rvizConfig.cmake
[0.420s] -- Up-to-date symlink: /home/user/cartographer_ws/install/cartographer_rviz/share/cartographer_rviz/cmake/cartographer_rvizConfig-version.cmake
[0.421s] -- Up-to-date symlink: /home/user/cartographer_ws/install/cartographer_rviz/share/cartographer_rviz/package.xml
[0.421s] -- Up-to-date: /home/user/cartographer_ws/install/cartographer_rviz/lib/libcartographer_rviz.so
[0.422s] -- Up-to-date: /home/user/cartographer_ws/install/cartographer_rviz/share/cartographer_rviz/ogre_media/materials/glsl120
[0.422s] -- Up-to-date: /home/user/cartographer_ws/install/cartographer_rviz/share/cartographer_rviz/ogre_media/materials/glsl120/glsl120.program
[0.423s] -- Up-to-date: /home/user/cartographer_ws/install/cartographer_rviz/share/cartographer_rviz/ogre_media/materials/glsl120/submap.vert
[0.423s] -- Up-to-date: /home/user/cartographer_ws/install/cartographer_rviz/share/cartographer_rviz/ogre_media/materials/glsl120/submap.frag
[0.423s] -- Up-to-date: /home/user/cartographer_ws/install/cartographer_rviz/share/cartographer_rviz/ogre_media/materials/scripts
[0.423s] -- Up-to-date: /home/user/cartographer_ws/install/cartographer_rviz/share/cartographer_rviz/ogre_media/materials/scripts/submap.material
[0.423s] -- Up-to-date: /home/user/cartographer_ws/install/cartographer_rviz/share/cartographer_rviz/cmake/cartographer_rvizExport.cmake
[0.424s] -- Up-to-date: /home/user/cartographer_ws/install/cartographer_rviz/share/cartographer_rviz/cmake/cartographer_rvizExport-release.cmake
[0.428s] Invoked command in '/home/user/cartographer_ws/build/cartographer_rviz' returned '0': CMAKE_PREFIX_PATH=/home/user/cartographer_ws/install/cartographer_ros:/home/user/cartographer_ws/install/cartographer_ros_msgs:/home/user/cartographer_ws/install/cartographer:/home/user/simple_cartographer_ws/install/cartographer_rviz:/home/user/simple_cartographer_ws/install/cartographer_ros:/home/user/simple_cartographer_ws/install/cartographer_ros_msgs:/home/user/simple_cartographer_ws/install/cartographer:/home/user/cartographer_ws/install/cartographer_rviz:/opt/ros/humble LD_LIBRARY_PATH=/home/user/cartographer_ws/install/cartographer_ros_msgs/lib:/home/user/simple_cartographer_ws/install/cartographer_rviz/lib:/home/user/simple_cartographer_ws/install/cartographer_ros/lib:/home/user/simple_cartographer_ws/install/cartographer_ros_msgs/lib:/home/user/cartographer_ws/install/cartographer_rviz/lib:/home/user/cartographer_ws/install/cartographer_ros/lib:/usr/lib/x86_64-linux-gnu/gazebo-11/plugins:/opt/ros/humble/opt/rviz_ogre_vendor/lib:/opt/ros/humble/lib/x86_64-linux-gnu:/opt/ros/humble/lib PATH=/home/user/cartographer_ws/install/cartographer/bin:/home/user/simple_cartographer_ws/install/cartographer/bin:/opt/ros/humble/bin:/home/user/.local/bin:/usr/local/sbin:/usr/local/bin:/usr/sbin:/usr/bin:/sbin:/bin:/usr/games:/usr/local/games:/snap/bin:/snap/bin PKG_CONFIG_PATH=/home/user/cartographer_ws/install/cartographer/lib/x86_64-linux-gnu/pkgconfig:/home/user/cartographer_ws/install/cartographer/lib/pkgconfig:/home/user/simple_cartographer_ws/install/cartographer/lib/x86_64-linux-gnu/pkgconfig:/home/user/simple_cartographer_ws/install/cartographer/lib/pkgconfig /usr/bin/cmake --install /home/user/cartographer_ws/build/cartographer_rviz
