-- Found ament_cmake: 1.3.9 (/opt/ros/humble/share/ament_cmake/cmake)
-- Override CMake install command with custom implementation using symlinks instead of copying resources
-- Found builtin_interfaces: 1.2.1 (/opt/ros/humble/share/builtin_interfaces/cmake)
-- Found rosidl_generator_c: 3.1.5 (/opt/ros/humble/share/rosidl_generator_c/cmake)
-- Found rosidl_adapter: 3.1.5 (/opt/ros/humble/share/rosidl_adapter/cmake)
-- Found rosidl_generator_cpp: 3.1.5 (/opt/ros/humble/share/rosidl_generator_cpp/cmake)
-- Using all available rosidl_typesupport_c: rosidl_typesupport_fastrtps_c;rosidl_typesupport_introspection_c
-- Using all available rosidl_typesupport_cpp: rosidl_typesupport_fastrtps_cpp;rosidl_typesupport_introspection_cpp
-- Found required Ceres dependency: Eigen version 3.4.0 in /usr/include/eigen3
-- Found required Ceres dependency: glog
-- Found required Ceres dependency: gflags
-- Found Ceres version: 2.0.0 installed in: /usr with components: [EigenSparse, SparseLinearAlgebraLibrary, LAPACK, SuiteSparse, CXSparse, SchurSpecializations, Multithreading]
-- Found cartographer_ros_msgs: 2.0.9003 (/home/user/cartographer_ws/install/cartographer_ros_msgs/share/cartographer_ros_msgs/cmake)
-- Eigen found (include: /usr/include/eigen3, version: 3.4.0)
-- looking for PCL_COMMON
-- Found nav_msgs: 4.2.4 (/opt/ros/humble/share/nav_msgs/cmake)
-- Found pcl_conversions: 2.4.0 (/opt/ros/humble/share/pcl_conversions/cmake)
-- Found rmw_implementation_cmake: 6.1.2 (/opt/ros/humble/share/rmw_implementation_cmake/cmake)
-- Found rmw_fastrtps_cpp: 6.2.6 (/opt/ros/humble/share/rmw_fastrtps_cpp/cmake)
-- Using RMW implementation 'rmw_fastrtps_cpp' as default
-- Found rosbag2_cpp: 0.15.11 (/opt/ros/humble/share/rosbag2_cpp/cmake)
-- Found tf2: 0.25.7 (/opt/ros/humble/share/tf2/cmake)
-- Found tf2_eigen: 0.25.7 (/opt/ros/humble/share/tf2_eigen/cmake)
-- Found urdf: 2.6.0 (/opt/ros/humble/share/urdf/cmake)
-- Found visualization_msgs: 4.2.4 (/opt/ros/humble/share/visualization_msgs/cmake)
-- Configuring done
-- Generating done
-- Build files have been written to: /home/user/cartographer_ws/build/cartographer_ros
[35m[1mConsolidate compiler generated dependencies of target cartographer_ros[0m
[ 60%] Built target cartographer_ros
[35m[1mConsolidate compiler generated dependencies of target cartographer_rosbag_validate[0m
[35m[1mConsolidate compiler generated dependencies of target cartographer_offline_node[0m
[35m[1mConsolidate compiler generated dependencies of target cartographer_assets_writer[0m
[35m[1mConsolidate compiler generated dependencies of target cartographer_pbstream_to_ros_map[0m
[35m[1mConsolidate compiler generated dependencies of target cartographer_occupancy_grid_node[0m
[35m[1mConsolidate compiler generated dependencies of target cartographer_pbstream_map_publisher[0m
[35m[1mConsolidate compiler generated dependencies of target cartographer_node[0m
[ 62%] [32m[1mLinking CXX executable cartographer_offline_node[0m
[ 65%] [32m[1mLinking CXX executable cartographer_rosbag_validate[0m
[ 68%] [32m[1mLinking CXX executable cartographer_assets_writer[0m
[ 71%] [32m[1mLinking CXX executable cartographer_occupancy_grid_node[0m
[ 74%] [32m[1mLinking CXX executable cartographer_pbstream_map_publisher[0m
[ 77%] [32m[1mLinking CXX executable cartographer_node[0m
[ 80%] [32m[1mLinking CXX executable cartographer_pbstream_to_ros_map[0m
[ 82%] Built target cartographer_pbstream_to_ros_map
[ 85%] Built target cartographer_rosbag_validate
[ 88%] Built target cartographer_pbstream_map_publisher
[ 91%] Built target cartographer_assets_writer
[ 94%] Built target cartographer_occupancy_grid_node
[ 97%] Built target cartographer_node
[100%] Built target cartographer_offline_node
-- Install configuration: ""
-- Execute custom install script
-- Symlinking: /home/user/cartographer_ws/install/cartographer_ros/lib/libcartographer_ros.a
-- Symlinking: /home/user/cartographer_ws/install/cartographer_ros/lib/cartographer_ros/cartographer_node
-- Symlinking: /home/user/cartographer_ws/install/cartographer_ros/lib/cartographer_ros/cartographer_occupancy_grid_node
-- Symlinking: /home/user/cartographer_ws/install/cartographer_ros/lib/cartographer_ros/cartographer_offline_node
-- Symlinking: /home/user/cartographer_ws/install/cartographer_ros/lib/cartographer_ros/cartographer_assets_writer
-- Symlinking: /home/user/cartographer_ws/install/cartographer_ros/lib/cartographer_ros/cartographer_pbstream_map_publisher
-- Symlinking: /home/user/cartographer_ws/install/cartographer_ros/lib/cartographer_ros/cartographer_pbstream_to_ros_map
-- Symlinking: /home/user/cartographer_ws/install/cartographer_ros/lib/cartographer_ros/cartographer_rosbag_validate
-- Symlinking: /home/user/cartographer_ws/install/cartographer_ros/include//cartographer_ros/assets_writer.h
-- Symlinking: /home/user/cartographer_ws/install/cartographer_ros/include//cartographer_ros/map_builder_bridge.h
-- Symlinking: /home/user/cartographer_ws/install/cartographer_ros/include//cartographer_ros/metrics/family_factory.h
-- Symlinking: /home/user/cartographer_ws/install/cartographer_ros/include//cartographer_ros/metrics/internal/counter.h
-- Symlinking: /home/user/cartographer_ws/install/cartographer_ros/include//cartographer_ros/metrics/internal/family.h
-- Symlinking: /home/user/cartographer_ws/install/cartographer_ros/include//cartographer_ros/metrics/internal/gauge.h
-- Symlinking: /home/user/cartographer_ws/install/cartographer_ros/include//cartographer_ros/metrics/internal/histogram.h
-- Symlinking: /home/user/cartographer_ws/install/cartographer_ros/include//cartographer_ros/msg_conversion.h
-- Symlinking: /home/user/cartographer_ws/install/cartographer_ros/include//cartographer_ros/node.h
-- Symlinking: /home/user/cartographer_ws/install/cartographer_ros/include//cartographer_ros/node_constants.h
-- Symlinking: /home/user/cartographer_ws/install/cartographer_ros/include//cartographer_ros/node_options.h
-- Symlinking: /home/user/cartographer_ws/install/cartographer_ros/include//cartographer_ros/offline_node.h
-- Symlinking: /home/user/cartographer_ws/install/cartographer_ros/include//cartographer_ros/playable_bag.h
-- Symlinking: /home/user/cartographer_ws/install/cartographer_ros/include//cartographer_ros/ros_log_sink.h
-- Symlinking: /home/user/cartographer_ws/install/cartographer_ros/include//cartographer_ros/ros_map.h
-- Symlinking: /home/user/cartographer_ws/install/cartographer_ros/include//cartographer_ros/ros_map_writing_points_processor.h
-- Symlinking: /home/user/cartographer_ws/install/cartographer_ros/include//cartographer_ros/sensor_bridge.h
-- Symlinking: /home/user/cartographer_ws/install/cartographer_ros/include//cartographer_ros/submap.h
-- Symlinking: /home/user/cartographer_ws/install/cartographer_ros/include//cartographer_ros/tf_bridge.h
-- Symlinking: /home/user/cartographer_ws/install/cartographer_ros/include//cartographer_ros/time_conversion.h
-- Symlinking: /home/user/cartographer_ws/install/cartographer_ros/include//cartographer_ros/trajectory_options.h
-- Symlinking: /home/user/cartographer_ws/install/cartographer_ros/include//cartographer_ros/urdf_reader.h
-- Symlinking: /home/user/cartographer_ws/install/cartographer_ros/share/cartographer_ros//configuration_files/assets_writer_backpack_2d.lua
-- Symlinking: /home/user/cartographer_ws/install/cartographer_ros/share/cartographer_ros//configuration_files/assets_writer_backpack_2d_ci.lua
-- Symlinking: /home/user/cartographer_ws/install/cartographer_ros/share/cartographer_ros//configuration_files/assets_writer_backpack_3d.lua
-- Symlinking: /home/user/cartographer_ws/install/cartographer_ros/share/cartographer_ros//configuration_files/assets_writer_ros_map.lua
-- Symlinking: /home/user/cartographer_ws/install/cartographer_ros/share/cartographer_ros//configuration_files/backpack_2d.lua
-- Symlinking: /home/user/cartographer_ws/install/cartographer_ros/share/cartographer_ros//configuration_files/backpack_2d_localization.lua
-- Symlinking: /home/user/cartographer_ws/install/cartographer_ros/share/cartographer_ros//configuration_files/backpack_2d_localization_evaluation.lua
-- Symlinking: /home/user/cartographer_ws/install/cartographer_ros/share/cartographer_ros//configuration_files/backpack_2d_server.lua
-- Symlinking: /home/user/cartographer_ws/install/cartographer_ros/share/cartographer_ros//configuration_files/backpack_3d.lua
-- Symlinking: /home/user/cartographer_ws/install/cartographer_ros/share/cartographer_ros//configuration_files/backpack_3d_localization.lua
-- Symlinking: /home/user/cartographer_ws/install/cartographer_ros/share/cartographer_ros//configuration_files/demo_2d.rviz
-- Symlinking: /home/user/cartographer_ws/install/cartographer_ros/share/cartographer_ros//configuration_files/demo_3d.rviz
-- Symlinking: /home/user/cartographer_ws/install/cartographer_ros/share/cartographer_ros//configuration_files/mir-100-mapping.lua
-- Symlinking: /home/user/cartographer_ws/install/cartographer_ros/share/cartographer_ros//configuration_files/pr2.lua
-- Symlinking: /home/user/cartographer_ws/install/cartographer_ros/share/cartographer_ros//configuration_files/revo_lds.lua
-- Symlinking: /home/user/cartographer_ws/install/cartographer_ros/share/cartographer_ros//configuration_files/taurob_tracker.lua
-- Symlinking: /home/user/cartographer_ws/install/cartographer_ros/share/cartographer_ros//configuration_files/transform.lua
-- Symlinking: /home/user/cartographer_ws/install/cartographer_ros/share/cartographer_ros//configuration_files/turtlebot3.lua
-- Symlinking: /home/user/cartographer_ws/install/cartographer_ros/share/cartographer_ros//configuration_files/visualize_pbstream.lua
-- Symlinking: /home/user/cartographer_ws/install/cartographer_ros/share/cartographer_ros//urdf/backpack_2d.urdf
-- Symlinking: /home/user/cartographer_ws/install/cartographer_ros/share/cartographer_ros//urdf/backpack_3d.urdf
-- Symlinking: /home/user/cartographer_ws/install/cartographer_ros/share/cartographer_ros//urdf/mir-100.urdf
-- Symlinking: /home/user/cartographer_ws/install/cartographer_ros/share/cartographer_ros//launch/assets_writer_backpack_2d.launch.py
-- Symlinking: /home/user/cartographer_ws/install/cartographer_ros/share/cartographer_ros//launch/assets_writer_backpack_3d.launch.py
-- Symlinking: /home/user/cartographer_ws/install/cartographer_ros/share/cartographer_ros//launch/assets_writer_ros_map.launch.py
-- Symlinking: /home/user/cartographer_ws/install/cartographer_ros/share/cartographer_ros//launch/backpack_2d.launch.py
-- Symlinking: /home/user/cartographer_ws/install/cartographer_ros/share/cartographer_ros//launch/backpack_3d.launch.py
-- Symlinking: /home/user/cartographer_ws/install/cartographer_ros/share/cartographer_ros//launch/cartographer_rviz.launch.py
-- Symlinking: /home/user/cartographer_ws/install/cartographer_ros/share/cartographer_ros//launch/demo_backpack_2d.launch.py
-- Symlinking: /home/user/cartographer_ws/install/cartographer_ros/share/cartographer_ros//launch/demo_backpack_2d_localization.launch.py
-- Symlinking: /home/user/cartographer_ws/install/cartographer_ros/share/cartographer_ros//launch/demo_backpack_3d.launch.py
-- Symlinking: /home/user/cartographer_ws/install/cartographer_ros/share/cartographer_ros//launch/demo_backpack_3d_localization.launch.py
-- Symlinking: /home/user/cartographer_ws/install/cartographer_ros/share/cartographer_ros//launch/demo_pr2.launch
-- Symlinking: /home/user/cartographer_ws/install/cartographer_ros/share/cartographer_ros//launch/demo_revo_lds.launch.py
-- Symlinking: /home/user/cartographer_ws/install/cartographer_ros/share/cartographer_ros//launch/demo_taurob_tracker.launch.py
-- Symlinking: /home/user/cartographer_ws/install/cartographer_ros/share/cartographer_ros//launch/grpc_demo_backpack_2d.launch
-- Symlinking: /home/user/cartographer_ws/install/cartographer_ros/share/cartographer_ros//launch/grpc_demo_backpack_2d_localization.launch
-- Symlinking: /home/user/cartographer_ws/install/cartographer_ros/share/cartographer_ros//launch/offline_backpack_2d.launch.py
-- Symlinking: /home/user/cartographer_ws/install/cartographer_ros/share/cartographer_ros//launch/offline_backpack_3d.launch.py
-- Symlinking: /home/user/cartographer_ws/install/cartographer_ros/share/cartographer_ros//launch/offline_mir_100_rviz.launch.py
-- Symlinking: /home/user/cartographer_ws/install/cartographer_ros/share/cartographer_ros//launch/offline_node.launch.py
-- Symlinking: /home/user/cartographer_ws/install/cartographer_ros/share/cartographer_ros//launch/taurob_tracker.launch.py
-- Symlinking: /home/user/cartographer_ws/install/cartographer_ros/share/cartographer_ros//launch/turtlebot3_cartographer.launch.py
-- Symlinking: /home/user/cartographer_ws/install/cartographer_ros/share/cartographer_ros//launch/visualize_pbstream.launch.py
-- Symlinking: /home/user/cartographer_ws/install/cartographer_ros/share/cartographer_ros/environment/library_path.sh
-- Symlinking: /home/user/cartographer_ws/install/cartographer_ros/share/cartographer_ros/environment/library_path.dsv
-- Symlinking: /home/user/cartographer_ws/install/cartographer_ros/share/ament_index/resource_index/package_run_dependencies/cartographer_ros
-- Symlinking: /home/user/cartographer_ws/install/cartographer_ros/share/ament_index/resource_index/parent_prefix_path/cartographer_ros
-- Symlinking: /home/user/cartographer_ws/install/cartographer_ros/share/cartographer_ros/environment/ament_prefix_path.sh
-- Symlinking: /home/user/cartographer_ws/install/cartographer_ros/share/cartographer_ros/environment/ament_prefix_path.dsv
-- Symlinking: /home/user/cartographer_ws/install/cartographer_ros/share/cartographer_ros/environment/path.sh
-- Symlinking: /home/user/cartographer_ws/install/cartographer_ros/share/cartographer_ros/environment/path.dsv
-- Symlinking: /home/user/cartographer_ws/install/cartographer_ros/share/cartographer_ros/local_setup.bash
-- Symlinking: /home/user/cartographer_ws/install/cartographer_ros/share/cartographer_ros/local_setup.sh
-- Symlinking: /home/user/cartographer_ws/install/cartographer_ros/share/cartographer_ros/local_setup.zsh
-- Symlinking: /home/user/cartographer_ws/install/cartographer_ros/share/cartographer_ros/local_setup.dsv
-- Symlinking: /home/user/cartographer_ws/install/cartographer_ros/share/cartographer_ros/package.dsv
-- Symlinking: /home/user/cartographer_ws/install/cartographer_ros/share/ament_index/resource_index/packages/cartographer_ros
-- Symlinking: /home/user/cartographer_ws/install/cartographer_ros/share/cartographer_ros/cmake/ament_cmake_export_include_directories-extras.cmake
-- Symlinking: /home/user/cartographer_ws/install/cartographer_ros/share/cartographer_ros/cmake/ament_cmake_export_libraries-extras.cmake
-- Symlinking: /home/user/cartographer_ws/install/cartographer_ros/share/cartographer_ros/cmake/ament_cmake_export_dependencies-extras.cmake
-- Symlinking: /home/user/cartographer_ws/install/cartographer_ros/share/cartographer_ros/cmake/cartographer_rosConfig.cmake
-- Symlinking: /home/user/cartographer_ws/install/cartographer_ros/share/cartographer_ros/cmake/cartographer_rosConfig-version.cmake
-- Symlinking: /home/user/cartographer_ws/install/cartographer_ros/share/cartographer_ros/package.xml
